#
# There is insufficient memory for the Java Runtime Environment to continue.
# Native memory allocation (malloc) failed to allocate 175408 bytes for Chunk::new
# Possible reasons:
#   The system is out of physical RAM or swap space
#   In 32 bit mode, the process size limit was hit
# Possible solutions:
#   Reduce memory load on the system
#   Increase physical memory or swap space
#   Check if swap backing store is full
#   Use 64 bit Java on a 64 bit OS
#   Decrease Java heap size (-Xmx/-Xms)
#   Decrease number of Java threads
#   Decrease Java thread stack sizes (-Xss)
#   Set larger code cache with -XX:ReservedCodeCacheSize=
# This output file may be truncated or incomplete.
#
#  Out of Memory Error (allocation.cpp:390), pid=3904, tid=0x000000000000030c
#
# JRE version: Java(TM) SE Runtime Environment (8.0_101-b13) (build 1.8.0_101-b13)
# Java VM: Java HotSpot(TM) 64-Bit Server VM (25.101-b13 mixed mode windows-amd64 compressed oops)
# Failed to write core dump. Minidumps are not enabled by default on client versions of Windows
#

---------------  T H R E A D  ---------------

Current thread (0x0000000002ada000):  JavaThread "C2 CompilerThread0" daemon [_thread_in_native, id=780, stack(0x0000000016b20000,0x0000000016c20000)]

Stack: [0x0000000016b20000,0x0000000016c20000]
[error occurred during error reporting (printing stack bounds), id 0xc0000005]

Native frames: (J=compiled Java code, j=interpreted, Vv=VM code, C=native code)


Current CompileTask:
C2:   2967  922       4       com.android.dx.ssa.back.LivenessAnalyzer::handleTailRecursion (94 bytes)


---------------  P R O C E S S  ---------------

Java Threads: ( => current thread )
  0x0000000016796800 JavaThread "pool-2-thread-4" [_thread_in_Java, id=9272, stack(0x0000000017420000,0x0000000017520000)]
  0x0000000016795800 JavaThread "pool-2-thread-3" [_thread_in_vm, id=4852, stack(0x0000000017320000,0x0000000017420000)]
  0x0000000016795000 JavaThread "pool-2-thread-2" [_thread_in_Java, id=1448, stack(0x0000000017220000,0x0000000017320000)]
  0x00000000166e3800 JavaThread "pool-3-thread-1" [_thread_blocked, id=9144, stack(0x0000000017120000,0x0000000017220000)]
  0x00000000166e2800 JavaThread "pool-2-thread-1" [_thread_in_Java, id=6356, stack(0x0000000017020000,0x0000000017120000)]
  0x0000000016592800 JavaThread "Service Thread" daemon [_thread_blocked, id=4704, stack(0x0000000016e20000,0x0000000016f20000)]
  0x000000001520c800 JavaThread "C1 CompilerThread2" daemon [_thread_in_native, id=7752, stack(0x0000000016d20000,0x0000000016e20000)]
  0x0000000002add000 JavaThread "C2 CompilerThread1" daemon [_thread_in_native, id=10228, stack(0x0000000016c20000,0x0000000016d20000)]
=>0x0000000002ada000 JavaThread "C2 CompilerThread0" daemon [_thread_in_native, id=780, stack(0x0000000016b20000,0x0000000016c20000)]
  0x0000000016562800 JavaThread "Attach Listener" daemon [_thread_blocked, id=2948, stack(0x0000000016a20000,0x0000000016b20000)]
  0x00000000151c2800 JavaThread "Signal Dispatcher" daemon [_thread_blocked, id=5400, stack(0x0000000016920000,0x0000000016a20000)]
  0x0000000002ad4800 JavaThread "Finalizer" daemon [_thread_blocked, id=2712, stack(0x0000000016420000,0x0000000016520000)]
  0x0000000002acf800 JavaThread "Reference Handler" daemon [_thread_blocked, id=9464, stack(0x0000000016320000,0x0000000016420000)]
  0x00000000029e3000 JavaThread "main" [_thread_blocked, id=10940, stack(0x00000000028e0000,0x00000000029e0000)]

Other Threads:
  0x0000000015178800 VMThread [stack: 0x0000000016220000,0x0000000016320000] [id=10512]
  0x00000000165ef000 WatcherThread [stack: 0x0000000016f20000,0x0000000017020000] [id=10248]

VM state:not at safepoint (normal execution)

VM Mutex/Monitor currently owned by a thread: None

Heap:
 PSYoungGen      total 38400K, used 23315K [0x00000000eab00000, 0x00000000ed580000, 0x0000000100000000)
  eden space 33280K, 70% used [0x00000000eab00000,0x00000000ec1c4e40,0x00000000ecb80000)
  from space 5120K, 0% used [0x00000000ed080000,0x00000000ed080000,0x00000000ed580000)
  to   space 5120K, 0% used [0x00000000ecb80000,0x00000000ecb80000,0x00000000ed080000)
 ParOldGen       total 87552K, used 0K [0x00000000c0000000, 0x00000000c5580000, 0x00000000eab00000)
  object space 87552K, 0% used [0x00000000c0000000,0x00000000c0000000,0x00000000c5580000)
 Metaspace       used 5938K, capacity 6838K, committed 7040K, reserved 1056768K
  class space    used 608K, capacity 622K, committed 640K, reserved 1048576K

Card table byte_map: [0x0000000011ea0000,0x00000000120b0000] byte_map_base: 0x00000000118a0000

Marking Bits: (ParMarkBitMap*) 0x00000000732ba6d0
 Begin Bits: [0x0000000012610000, 0x0000000013610000)
 End Bits:   [0x0000000013610000, 0x0000000014610000)

Polling page: 0x00000000005f0000

CodeCache: size=245760Kb used=3998Kb max_used=3998Kb free=241761Kb
 bounds [0x0000000002ae0000, 0x0000000002ed0000, 0x0000000011ae0000]
 total_blobs=1228 nmethods=957 adapters=184
 compilation: enabled

Compilation events (10 events):
Event: 2.961 Thread 0x0000000002add000 nmethod 928 0x0000000002eb48d0 code [0x0000000002eb4a20, 0x0000000002eb4b38]
Event: 2.961 Thread 0x0000000002add000  929  s    4       java.util.Vector::removeElementAt (115 bytes)
Event: 2.962 Thread 0x000000001520c800 nmethod 968 0x0000000002ec3590 code [0x0000000002ec3780, 0x0000000002ec4408]
Event: 2.962 Thread 0x000000001520c800  970       3       com.android.dx.cf.code.BasicBlocker::visitThrowing (59 bytes)
Event: 2.962 Thread 0x000000001520c800 nmethod 970 0x0000000002ec21d0 code [0x0000000002ec23c0, 0x0000000002ec2e58]
Event: 2.962 Thread 0x000000001520c800  973       3       com.android.dx.cf.code.ByteCatchList::toRopCatchList (57 bytes)
Event: 2.963 Thread 0x0000000002add000 nmethod 929 0x0000000002ebe8d0 code [0x0000000002ebea20, 0x0000000002ebecd8]
Event: 2.963 Thread 0x0000000002add000  966       4       com.android.dx.rop.code.RegisterSpec$ForComparison::hashCode (16 bytes)
Event: 2.963 Thread 0x000000001520c800 nmethod 973 0x0000000002ec5c50 code [0x0000000002ec5ea0, 0x0000000002ec6f28]
Event: 2.963 Thread 0x000000001520c800  962       3       com.android.dx.ssa.SCCP::setLatticeValueTo (67 bytes)

GC Heap History (0 events):
No events

Deoptimization events (4 events):
Event: 2.695 Thread 0x00000000166e2800 Uncommon trap: reason=unstable_if action=reinterpret pc=0x0000000002d11b24 method=java.util.HashMap.getNode(ILjava/lang/Object;)Ljava/util/HashMap$Node; @ 129
Event: 2.859 Thread 0x0000000016795000 Uncommon trap: reason=unstable_if action=reinterpret pc=0x0000000002e08e04 method=java.util.HashMap.getNode(ILjava/lang/Object;)Ljava/util/HashMap$Node; @ 62
Event: 2.881 Thread 0x0000000016795800 Uncommon trap: reason=unstable_if action=reinterpret pc=0x0000000002e4c2c4 method=com.android.dx.rop.code.RegisterSpec.equals(ILcom/android/dx/rop/type/TypeBearer;Lcom/android/dx/rop/code/LocalItem;)Z @ 16
Event: 2.958 Thread 0x0000000016796800 Uncommon trap: reason=unstable_if action=reinterpret pc=0x0000000002dbd130 method=java.util.HashMap.getNode(ILjava/lang/Object;)Ljava/util/HashMap$Node; @ 62

Internal exceptions (2 events):
Event: 0.052 Thread 0x00000000029e3000 Exception <a 'java/lang/NoSuchMethodError': Method sun.misc.Unsafe.defineClass(Ljava/lang/String;[BII)Ljava/lang/Class; name or signature does not match> (0x00000000eab07cc0) thrown at [C:\re\workspace\8-2-build-windows-amd64-cygwin\jdk8u101\7261\hotspot\sþüü“ª?
Event: 0.052 Thread 0x00000000029e3000 Exception <a 'java/lang/NoSuchMethodError': Method sun.misc.Unsafe.prefetchRead(Ljava/lang/Object;J)V name or signature does not match> (0x00000000eab07fa8) thrown at [C:\re\workspace\8-2-build-windows-amd64-cygwin\jdk8u101\7261\hotspot\src\share\vm\prims\

Events (10 events):
Event: 2.880 loading class java/util/HashMap$Values
Event: 2.880 loading class java/util/HashMap$Values done
Event: 2.880 loading class java/util/HashMap$ValueIterator
Event: 2.881 loading class java/util/HashMap$ValueIterator done
Event: 2.881 Thread 0x0000000016795800 Uncommon trap: trap_request=0xffffff65 fr.pc=0x0000000002e4c2c4
Event: 2.881 Thread 0x0000000016795800 DEOPT PACKING pc=0x0000000002e4c2c4 sp=0x000000001741ea40
Event: 2.881 Thread 0x0000000016795800 DEOPT UNPACKING pc=0x0000000002b2582a sp=0x000000001741e9c8 mode 2
Event: 2.958 Thread 0x0000000016796800 Uncommon trap: trap_request=0xffffff65 fr.pc=0x0000000002dbd130
Event: 2.958 Thread 0x0000000016796800 DEOPT PACKING pc=0x0000000002dbd130 sp=0x000000001751ea90
Event: 2.958 Thread 0x0000000016796800 DEOPT UNPACKING pc=0x0000000002b2582a sp=0x000000001751e9c0 mode 2


Dynamic libraries:
0x00007ff675020000 - 0x00007ff675057000 	C:\Program Files\Java\jdk1.8.0_101\bin\java.exe
0x00007ff95bd60000 - 0x00007ff95bf21000 	C:\WINDOWS\SYSTEM32\ntdll.dll
0x00007ff95b720000 - 0x00007ff95b7cd000 	C:\WINDOWS\system32\KERNEL32.DLL
0x00007ff958e30000 - 0x00007ff959018000 	C:\WINDOWS\system32\KERNELBASE.dll
0x00007ff959c70000 - 0x00007ff959d17000 	C:\WINDOWS\system32\ADVAPI32.dll
0x00007ff95bca0000 - 0x00007ff95bd3d000 	C:\WINDOWS\system32\msvcrt.dll
0x00007ff9592c0000 - 0x00007ff95931b000 	C:\WINDOWS\system32\sechost.dll
0x00007ff959990000 - 0x00007ff959aac000 	C:\WINDOWS\system32\RPCRT4.dll
0x00007ff959160000 - 0x00007ff9592b6000 	C:\WINDOWS\system32\USER32.dll
0x00007ff95b590000 - 0x00007ff95b716000 	C:\WINDOWS\system32\GDI32.dll
0x00007ff950530000 - 0x00007ff9507a4000 	C:\WINDOWS\WinSxS\amd64_microsoft.windows.common-controls_6595b64144ccf1df_6.0.10586.494_none_a2d8b04ea53e3145\COMCTL32.dll
0x00007ff95b810000 - 0x00007ff95ba8d000 	C:\WINDOWS\system32\combase.dll
0x00007ff959020000 - 0x00007ff95908a000 	C:\WINDOWS\system32\bcryptPrimitives.dll
0x00007ff95b7d0000 - 0x00007ff95b80b000 	C:\WINDOWS\system32\IMM32.DLL
0x00007ff958270000 - 0x00007ff9582a2000 	C:\windows\system32\nvinitx.dll
0x00007ff958260000 - 0x00007ff95826a000 	C:\WINDOWS\SYSTEM32\VERSION.dll
0x00000000725e0000 - 0x00000000726b2000 	C:\Program Files\Java\jdk1.8.0_101\jre\bin\msvcr100.dll
0x0000000072aa0000 - 0x000000007333a000 	C:\Program Files\Java\jdk1.8.0_101\jre\bin\server\jvm.dll
0x00007ff959390000 - 0x00007ff959398000 	C:\WINDOWS\system32\PSAPI.DLL
0x00007ff94b090000 - 0x00007ff94b099000 	C:\WINDOWS\SYSTEM32\WSOCK32.dll
0x00007ff959d20000 - 0x00007ff959d8b000 	C:\WINDOWS\system32\WS2_32.dll
0x00007ff956580000 - 0x00007ff9565a3000 	C:\WINDOWS\SYSTEM32\WINMM.dll
0x00007ff956550000 - 0x00007ff95657c000 	C:\WINDOWS\SYSTEM32\WINMMBASE.dll
0x00007ff959110000 - 0x00007ff959153000 	C:\WINDOWS\system32\cfgmgr32.dll
0x0000000073480000 - 0x000000007348f000 	C:\Program Files\Java\jdk1.8.0_101\jre\bin\verify.dll
0x0000000072a70000 - 0x0000000072a99000 	C:\Program Files\Java\jdk1.8.0_101\jre\bin\java.dll
0x0000000072a50000 - 0x0000000072a66000 	C:\Program Files\Java\jdk1.8.0_101\jre\bin\zip.dll
0x00007ff959d90000 - 0x00007ff95b2ec000 	C:\WINDOWS\system32\SHELL32.dll
0x00007ff958410000 - 0x00007ff958a55000 	C:\WINDOWS\system32\windows.storage.dll
0x00007ff95ba90000 - 0x00007ff95bae2000 	C:\WINDOWS\system32\shlwapi.dll
0x00007ff9583b0000 - 0x00007ff9583bf000 	C:\WINDOWS\system32\kernel.appcore.dll
0x00007ff958d70000 - 0x00007ff958e25000 	C:\WINDOWS\system32\shcore.dll
0x00007ff9583c0000 - 0x00007ff95840b000 	C:\WINDOWS\system32\powrprof.dll
0x00007ff958380000 - 0x00007ff958394000 	C:\WINDOWS\system32\profapi.dll

VM Arguments:
jvm_args: -Djava.awt.headless=true -Xmx1024M -Dfile.encoding=GBK -Duser.country=CN -Duser.language=zh -Duser.variant 
java_command: com.android.dx.command.Main --dex --force-jumbo --num-threads=4 --multi-dex --output C:\Android\Android\Project\mobilesafe\app\build\intermediates\transforms\dex\debug\folders\1000\10\com.android.support-support-fragment-24.2.0_cc0a4f9416b91dbdc17988195800d355525b54e4 C:\Android\Android\Project\mobilesafe\app\build\intermediates\exploded-aar\com.android.support\support-fragment\24.2.0\jars\classes.jar
java_class_path (initial): C:\Android\Android\sdk\build-tools\24.0.1\lib\dx.jar
Launcher Type: SUN_STANDARD

Environment Variables:
JAVA_HOME=C:\Program Files\Java\jdk1.8.0_101
CLASSPATH=.;C:\Program Files\Java\jdk1.8.0_101\lib\dt.jar;C:\Program Files\Java\jdk1.8.0_101\lib\tools.jar
PATH=C:\ProgramData\Oracle\Java\javapath;C:\Program Files (x86)\Intel\iCLS Client\;C:\Program Files\Intel\iCLS Client\;C:\windows\system32;C:\windows;C:\windows\System32\Wbem;C:\windows\System32\WindowsPowerShell\v1.0\;C:\Program Files\Intel\Intel(R) Management Engine Components\DAL;C:\Program Files\Intel\Intel(R) Management Engine Components\IPT;C:\Program Files (x86)\Intel\Intel(R) Management Engine Components\DAL;C:\Program Files (x86)\Intel\Intel(R) Management Engine Components\IPT;C:\Program Files (x86)\Lenovo\Lenovo Home\;C:\Program Files (x86)\NVIDIA Corporation\PhysX\Common;C:\WINDOWS\system32;C:\WINDOWS;C:\WINDOWS\System32\Wbem;C:\WINDOWS\System32\WindowsPowerShell\v1.0\;C:\Program Files\Java\jdk1.8.0_101\bin;C:\Program Files\Java\jdk1.8.0_101\jre\bin;C:\Android\MySQL Server 5.5\bin;C:\Android\Android\sdk\tools;C:\Android\Android\sdk\platform-tools
USERNAME=Abner
OS=Windows_NT
PROCESSOR_IDENTIFIER=Intel64 Family 6 Model 60 Stepping 3, GenuineIntel



---------------  S Y S T E M  ---------------

OS: Windows 10.0 , 64 bit Build 10586 (10.0.10586.0)

CPU:total 4 (2 cores per cpu, 2 threads per core) family 6 model 60 stepping 3, cmov, cx8, fxsr, mmx, sse, sse2, sse3, ssse3, sse4.1, sse4.2, popcnt, avx, avx2, aes, clmul, erms, lzcnt, ht, tsc, tscinvbit, bmi1, bmi2

Memory: 4k page, physical 8298776k(1482160k free), swap 9347352k(5556k free)

vm_info: Java HotSpot(TM) 64-Bit Server VM (25.101-b13) for windows-amd64 JRE (1.8.0_101-b13), built on Jun 22 2016 01:21:29 by "java_re" with MS VC++ 10.0 (VS2010)

time: Tue Aug 23 17:38:41 2016
elapsed time: 2 seconds (0d 0h 0m 2s)

