#
# There is insufficient memory for the Java Runtime Environment to continue.
# Native memory allocation (malloc) failed to allocate 196176 bytes for Chunk::new
# Possible reasons:
#   The system is out of physical RAM or swap space
#   In 32 bit mode, the process size limit was hit
# Possible solutions:
#   Reduce memory load on the system
#   Increase physical memory or swap space
#   Check if swap backing store is full
#   Use 64 bit Java on a 64 bit OS
#   Decrease Java heap size (-Xmx/-Xms)
#   Decrease number of Java threads
#   Decrease Java thread stack sizes (-Xss)
#   Set larger code cache with -XX:ReservedCodeCacheSize=
# This output file may be truncated or incomplete.
#
#  Out of Memory Error (allocation.cpp:390), pid=10368, tid=0x0000000000002748
#
# JRE version: Java(TM) SE Runtime Environment (8.0_101-b13) (build 1.8.0_101-b13)
# Java VM: Java HotSpot(TM) 64-Bit Server VM (25.101-b13 mixed mode windows-amd64 compressed oops)
# Failed to write core dump. Minidumps are not enabled by default on client versions of Windows
#

---------------  T H R E A D  ---------------

Current thread (0x000000001591b000):  JavaThread "C2 CompilerThread0" daemon [_thread_in_native, id=10056, stack(0x0000000016e10000,0x0000000016f10000)]

Stack: [0x0000000016e10000,0x0000000016f10000]
[error occurred during error reporting (printing stack bounds), id 0xc0000005]

Native frames: (J=compiled Java code, j=interpreted, Vv=VM code, C=native code)


Current CompileTask:
C2:   2096 1264       4       com.android.dx.dex.code.OutputFinisher::addConstants (93 bytes)


---------------  P R O C E S S  ---------------

Java Threads: ( => current thread )
  0x0000000016f80800 JavaThread "Service Thread" daemon [_thread_blocked, id=4244, stack(0x0000000017510000,0x0000000017610000)]
  0x0000000016f71000 JavaThread "C1 CompilerThread2" daemon [_thread_blocked, id=10800, stack(0x0000000017410000,0x0000000017510000)]
  0x0000000016f5b800 JavaThread "C2 CompilerThread1" daemon [_thread_blocked, id=9036, stack(0x0000000017310000,0x0000000017410000)]
=>0x000000001591b000 JavaThread "C2 CompilerThread0" daemon [_thread_in_native, id=10056, stack(0x0000000016e10000,0x0000000016f10000)]
  0x0000000015919000 JavaThread "Attach Listener" daemon [_thread_blocked, id=10504, stack(0x0000000016d10000,0x0000000016e10000)]
  0x0000000015918800 JavaThread "Signal Dispatcher" daemon [_thread_blocked, id=5376, stack(0x0000000016c10000,0x0000000016d10000)]
  0x00000000158aa800 JavaThread "Finalizer" daemon [_thread_blocked, id=2288, stack(0x0000000016b10000,0x0000000016c10000)]
  0x00000000031df800 JavaThread "Reference Handler" daemon [_thread_blocked, id=10516, stack(0x0000000016a10000,0x0000000016b10000)]
  0x00000000030f2800 JavaThread "main" [_thread_in_Java, id=7532, stack(0x0000000002ff0000,0x00000000030f0000)]

Other Threads:
  0x0000000015888800 VMThread [stack: 0x0000000016910000,0x0000000016a10000] [id=9792]
  0x0000000016f7b800 WatcherThread [stack: 0x0000000017610000,0x0000000017710000] [id=4952]

VM state:not at safepoint (normal execution)

VM Mutex/Monitor currently owned by a thread: None

Heap:
 PSYoungGen      total 38400K, used 31353K [0x00000000eab00000, 0x00000000ed580000, 0x0000000100000000)
  eden space 33280K, 94% used [0x00000000eab00000,0x00000000ec99e4c8,0x00000000ecb80000)
  from space 5120K, 0% used [0x00000000ed080000,0x00000000ed080000,0x00000000ed580000)
  to   space 5120K, 0% used [0x00000000ecb80000,0x00000000ecb80000,0x00000000ed080000)
 ParOldGen       total 87552K, used 0K [0x00000000c0000000, 0x00000000c5580000, 0x00000000eab00000)
  object space 87552K, 0% used [0x00000000c0000000,0x00000000c0000000,0x00000000c5580000)
 Metaspace       used 6188K, capacity 7064K, committed 7424K, reserved 1056768K
  class space    used 616K, capacity 656K, committed 768K, reserved 1048576K

Card table byte_map: [0x00000000125b0000,0x00000000127c0000] byte_map_base: 0x0000000011fb0000

Marking Bits: (ParMarkBitMap*) 0x000000005238a6d0
 Begin Bits: [0x0000000012d20000, 0x0000000013d20000)
 End Bits:   [0x0000000013d20000, 0x0000000014d20000)

Polling page: 0x0000000001040000

CodeCache: size=245760Kb used=5065Kb max_used=5078Kb free=240694Kb
 bounds [0x00000000031f0000, 0x00000000036f0000, 0x00000000121f0000]
 total_blobs=1585 nmethods=1314 adapters=184
 compilation: enabled

Compilation events (10 events):
Event: 1.998 Thread 0x0000000016f71000 1315       3       com.android.dx.dex.file.CodeItem::itemType (4 bytes)
Event: 1.998 Thread 0x0000000016f71000 nmethod 1315 0x00000000036e5dd0 code [0x00000000036e5f20, 0x00000000036e6070]
Event: 1.998 Thread 0x0000000016f71000 1316       3       com.android.dx.dex.file.MixedItemSection$1::compare (13 bytes)
Event: 1.998 Thread 0x0000000016f71000 nmethod 1316 0x00000000036e5390 code [0x00000000036e5540, 0x00000000036e5b88]
Event: 1.998 Thread 0x0000000016f71000 1317       3       com.android.dx.dex.file.AnnotationSetItem::itemType (4 bytes)
Event: 1.999 Thread 0x0000000016f71000 nmethod 1317 0x00000000036e5050 code [0x00000000036e51a0, 0x00000000036e52f0]
Event: 1.999 Thread 0x0000000016f71000 1318       3       java.util.TimSort::sort (229 bytes)
Event: 1.999 Thread 0x0000000016f71000 nmethod 1318 0x00000000036e4250 code [0x00000000036e4440, 0x00000000036e4b38]
Event: 2.001 Thread 0x0000000016f5b800 1319       4       java.lang.String::indexOf (166 bytes)
Event: 2.008 Thread 0x0000000016f5b800 nmethod 1319 0x00000000036e3790 code [0x00000000036e38e0, 0x00000000036e3e78]

GC Heap History (0 events):
No events

Deoptimization events (10 events):
Event: 1.829 Thread 0x00000000030f2800 Uncommon trap: reason=class_check action=maybe_recompile pc=0x0000000003609148 method=java.util.Arrays.hashCode([Ljava/lang/Object;)I @ 43
Event: 1.829 Thread 0x00000000030f2800 Uncommon trap: reason=class_check action=maybe_recompile pc=0x0000000003609148 method=java.util.Arrays.hashCode([Ljava/lang/Object;)I @ 43
Event: 1.829 Thread 0x00000000030f2800 Uncommon trap: reason=class_check action=maybe_recompile pc=0x0000000003612aa8 method=java.util.Arrays.hashCode([Ljava/lang/Object;)I @ 43
Event: 1.881 Thread 0x00000000030f2800 Uncommon trap: reason=bimorphic action=maybe_recompile pc=0x000000000353db20 method=java.util.HashMap.getNode(ILjava/lang/Object;)Ljava/util/HashMap$Node; @ 126
Event: 1.883 Thread 0x00000000030f2800 Uncommon trap: reason=class_check action=maybe_recompile pc=0x00000000036a0f24 method=java.util.HashMap.putVal(ILjava/lang/Object;Ljava/lang/Object;ZZ)Ljava/lang/Object; @ 203
Event: 1.890 Thread 0x00000000030f2800 Uncommon trap: reason=unstable_if action=reinterpret pc=0x00000000036a0f34 method=java.util.HashMap.putVal(ILjava/lang/Object;Ljava/lang/Object;ZZ)Ljava/lang/Object; @ 94
Event: 1.890 Thread 0x00000000030f2800 Uncommon trap: reason=unstable_if action=reinterpret pc=0x000000000369e2fc method=java.util.HashMap.putVal(ILjava/lang/Object;Ljava/lang/Object;ZZ)Ljava/lang/Object; @ 94
Event: 1.912 Thread 0x00000000030f2800 Uncommon trap: reason=bimorphic action=maybe_recompile pc=0x000000000353db20 method=java.util.HashMap.getNode(ILjava/lang/Object;)Ljava/util/HashMap$Node; @ 126
Event: 1.912 Thread 0x00000000030f2800 Uncommon trap: reason=bimorphic action=maybe_recompile pc=0x000000000353db20 method=java.util.HashMap.getNode(ILjava/lang/Object;)Ljava/util/HashMap$Node; @ 126
Event: 1.912 Thread 0x00000000030f2800 Uncommon trap: reason=bimorphic action=maybe_recompile pc=0x000000000353db20 method=java.util.HashMap.getNode(ILjava/lang/Object;)Ljava/util/HashMap$Node; @ 126

Internal exceptions (2 events):
Event: 0.060 Thread 0x00000000030f2800 Exception <a 'java/lang/NoSuchMethodError': Method sun.misc.Unsafe.defineClass(Ljava/lang/String;[BII)Ljava/lang/Class; name or signature does not match> (0x00000000eab07cc0) thrown at [C:\re\workspace\8-2-build-windows-amd64-cygwin\jdk8u101\7261\hotspot\s*ƒÊœ®?
Event: 0.060 Thread 0x00000000030f2800 Exception <a 'java/lang/NoSuchMethodError': Method sun.misc.Unsafe.prefetchRead(Ljava/lang/Object;J)V name or signature does not match> (0x00000000eab07fa8) thrown at [C:\re\workspace\8-2-build-windows-amd64-cygwin\jdk8u101\7261\hotspot\src\share\vm\prims\

Events (10 events):
Event: 2.000 loading class com/android/dx/dex/code/DalvInsnList
Event: 2.000 loading class com/android/dx/dex/code/DalvInsnList done
Event: 2.001 loading class com/android/dx/dex/code/PositionList
Event: 2.001 loading class com/android/dx/dex/code/PositionList done
Event: 2.009 loading class com/android/dx/dex/code/PositionList$Entry
Event: 2.009 loading class com/android/dx/dex/code/PositionList$Entry done
Event: 2.009 loading class com/android/dx/dex/code/LocalList
Event: 2.009 loading class com/android/dx/dex/code/LocalList done
Event: 2.010 loading class com/android/dx/dex/code/LocalList$MakeState
Event: 2.010 loading class com/android/dx/dex/code/LocalList$MakeState done


Dynamic libraries:
0x00007ff629580000 - 0x00007ff6295b7000 	C:\Program Files\Java\jdk1.8.0_101\bin\java.exe
0x00007fff41cf0000 - 0x00007fff41eb1000 	C:\WINDOWS\SYSTEM32\ntdll.dll
0x00007fff3f520000 - 0x00007fff3f5cd000 	C:\WINDOWS\system32\KERNEL32.DLL
0x00007fff3e450000 - 0x00007fff3e638000 	C:\WINDOWS\system32\KERNELBASE.dll
0x00007fff3f1c0000 - 0x00007fff3f267000 	C:\WINDOWS\system32\ADVAPI32.dll
0x00007fff40310000 - 0x00007fff403ad000 	C:\WINDOWS\system32\msvcrt.dll
0x00007fff3fd30000 - 0x00007fff3fd8b000 	C:\WINDOWS\system32\sechost.dll
0x00007fff401e0000 - 0x00007fff402fc000 	C:\WINDOWS\system32\RPCRT4.dll
0x00007fff3fe00000 - 0x00007fff3ff56000 	C:\WINDOWS\system32\USER32.dll
0x00007fff41b60000 - 0x00007fff41ce6000 	C:\WINDOWS\system32\GDI32.dll
0x00007fff36580000 - 0x00007fff367f4000 	C:\WINDOWS\WinSxS\amd64_microsoft.windows.common-controls_6595b64144ccf1df_6.0.10586.589_none_a2ddb3caa539acce\COMCTL32.dll
0x00007fff3ff60000 - 0x00007fff401dd000 	C:\WINDOWS\system32\combase.dll
0x00007fff3ed20000 - 0x00007fff3ed8a000 	C:\WINDOWS\system32\bcryptPrimitives.dll
0x00007fff3f2d0000 - 0x00007fff3f30b000 	C:\WINDOWS\system32\IMM32.DLL
0x00007fff3e200000 - 0x00007fff3e232000 	C:\windows\system32\nvinitx.dll
0x00007fff3e1f0000 - 0x00007fff3e1fa000 	C:\WINDOWS\SYSTEM32\VERSION.dll
0x0000000052410000 - 0x00000000524e2000 	C:\Program Files\Java\jdk1.8.0_101\jre\bin\msvcr100.dll
0x0000000051b70000 - 0x000000005240a000 	C:\Program Files\Java\jdk1.8.0_101\jre\bin\server\jvm.dll
0x00007fff3fbb0000 - 0x00007fff3fbb8000 	C:\WINDOWS\system32\PSAPI.DLL
0x00007fff30580000 - 0x00007fff30589000 	C:\WINDOWS\SYSTEM32\WSOCK32.dll
0x00007fff3fd90000 - 0x00007fff3fdfb000 	C:\WINDOWS\system32\WS2_32.dll
0x00007fff3ca40000 - 0x00007fff3ca63000 	C:\WINDOWS\SYSTEM32\WINMM.dll
0x0000000001010000 - 0x000000000103c000 	C:\WINDOWS\SYSTEM32\WINMMBASE.dll
0x00007fff3f0a0000 - 0x00007fff3f0e3000 	C:\WINDOWS\system32\cfgmgr32.dll
0x0000000051b60000 - 0x0000000051b6f000 	C:\Program Files\Java\jdk1.8.0_101\jre\bin\verify.dll
0x0000000051b30000 - 0x0000000051b59000 	C:\Program Files\Java\jdk1.8.0_101\jre\bin\java.dll
0x0000000051b10000 - 0x0000000051b26000 	C:\Program Files\Java\jdk1.8.0_101\jre\bin\zip.dll
0x00007fff404f0000 - 0x00007fff41a4c000 	C:\WINDOWS\system32\SHELL32.dll
0x00007fff3e640000 - 0x00007fff3ec85000 	C:\WINDOWS\system32\windows.storage.dll
0x00007fff3f4c0000 - 0x00007fff3f512000 	C:\WINDOWS\system32\shlwapi.dll
0x00007fff3e360000 - 0x00007fff3e36f000 	C:\WINDOWS\system32\kernel.appcore.dll
0x00007fff3efe0000 - 0x00007fff3f095000 	C:\WINDOWS\system32\shcore.dll
0x00007fff3e310000 - 0x00007fff3e35b000 	C:\WINDOWS\system32\powrprof.dll
0x00007fff3e370000 - 0x00007fff3e384000 	C:\WINDOWS\system32\profapi.dll

VM Arguments:
jvm_args: -Djava.awt.headless=true -Xmx1024M -Dfile.encoding=GBK -Duser.country=CN -Duser.language=zh -Duser.variant 
java_command: com.android.dx.command.Main --dex --force-jumbo --num-threads=4 --output C:\Android\Android\Project\mobilesafe\app\build\intermediates\pre-dexed\debug\internal_impl-24.2.0_7935305643571846cc8418b2b38d21bc6fb651b0.jar C:\Android\Android\Project\mobilesafe\app\build\intermediates\exploded-aar\com.android.support\support-media-compat\24.2.0\jars\libs\internal_impl-24.2.0.jar
java_class_path (initial): C:\Android\Android\androidSDK\sdk\build-tools\24.0.1\lib\dx.jar
Launcher Type: SUN_STANDARD

Environment Variables:
JAVA_HOME=C:\Program Files\Java\jdk1.8.0_101
CLASSPATH=.;C:\Program Files\Java\jdk1.8.0_101\lib\dt.jar;C:\Program Files\Java\jdk1.8.0_101\lib\tools.jar
PATH=C:\ProgramData\Oracle\Java\javapath;C:\Program Files (x86)\Intel\iCLS Client\;C:\Program Files\Intel\iCLS Client\;C:\windows\system32;C:\windows;C:\windows\System32\Wbem;C:\windows\System32\WindowsPowerShell\v1.0\;C:\Program Files\Intel\Intel(R) Management Engine Components\DAL;C:\Program Files\Intel\Intel(R) Management Engine Components\IPT;C:\Program Files (x86)\Intel\Intel(R) Management Engine Components\DAL;C:\Program Files (x86)\Intel\Intel(R) Management Engine Components\IPT;C:\Program Files (x86)\NVIDIA Corporation\PhysX\Common;C:\WINDOWS\system32;C:\WINDOWS;C:\WINDOWS\System32\Wbem;C:\WINDOWS\System32\WindowsPowerShell\v1.0\;C:\Program Files\Java\jdk1.8.0_101\bin;C:\Program Files\Java\jdk1.8.0_101\jre\bin;C:\Android\MySQL Server 5.5\bin;C:\Android\Android\sdk\tools;C:\Android\Android\sdk\platform-tools;C:\Android\TortoiseSVN\bin
USERNAME=Abner
OS=Windows_NT
PROCESSOR_IDENTIFIER=Intel64 Family 6 Model 60 Stepping 3, GenuineIntel



---------------  S Y S T E M  ---------------

OS: Windows 10.0 , 64 bit Build 10586 (10.0.10586.589)

CPU:total 4 (2 cores per cpu, 2 threads per core) family 6 model 60 stepping 3, cmov, cx8, fxsr, mmx, sse, sse2, sse3, ssse3, sse4.1, sse4.2, popcnt, avx, avx2, aes, clmul, erms, lzcnt, ht, tsc, tscinvbit, bmi1, bmi2

Memory: 4k page, physical 8298776k(623656k free), swap 9347352k(5140k free)

vm_info: Java HotSpot(TM) 64-Bit Server VM (25.101-b13) for windows-amd64 JRE (1.8.0_101-b13), built on Jun 22 2016 01:21:29 by "java_re" with MS VC++ 10.0 (VS2010)

time: Wed Sep 21 21:33:20 2016
elapsed time: 2 seconds (0d 0h 0m 2s)

