#
# There is insufficient memory for the Java Runtime Environment to continue.
# Native memory allocation (malloc) failed to allocate 766896 bytes for Chunk::new
# Possible reasons:
#   The system is out of physical RAM or swap space
#   In 32 bit mode, the process size limit was hit
# Possible solutions:
#   Reduce memory load on the system
#   Increase physical memory or swap space
#   Check if swap backing store is full
#   Use 64 bit Java on a 64 bit OS
#   Decrease Java heap size (-Xmx/-Xms)
#   Decrease number of Java threads
#   Decrease Java thread stack sizes (-Xss)
#   Set larger code cache with -XX:ReservedCodeCacheSize=
# This output file may be truncated or incomplete.
#
#  Out of Memory Error (allocation.cpp:390), pid=6116, tid=0x000000000000152c
#
# JRE version: Java(TM) SE Runtime Environment (8.0_101-b13) (build 1.8.0_101-b13)
# Java VM: Java HotSpot(TM) 64-Bit Server VM (25.101-b13 mixed mode windows-amd64 compressed oops)
# Failed to write core dump. Minidumps are not enabled by default on client versions of Windows
#

---------------  T H R E A D  ---------------

Current thread (0x000000001532c000):  JavaThread "C2 CompilerThread0" daemon [_thread_in_native, id=5420, stack(0x0000000016890000,0x0000000016990000)]

Stack: [0x0000000016890000,0x0000000016990000]
[error occurred during error reporting (printing stack bounds), id 0xc0000005]

Native frames: (J=compiled Java code, j=interpreted, Vv=VM code, C=native code)


Current CompileTask:
C2:   1612 1448   !   4       com.android.dx.cf.code.BytecodeArray::parseInstruction (2764 bytes)


---------------  P R O C E S S  ---------------

Java Threads: ( => current thread )
  0x0000000016c9f800 JavaThread "pool-2-thread-4" [_thread_blocked, id=8740, stack(0x0000000017590000,0x0000000017690000)]
  0x0000000016c9e800 JavaThread "pool-2-thread-3" [_thread_blocked, id=1832, stack(0x0000000017490000,0x0000000017590000)]
  0x0000000016c7a800 JavaThread "pool-2-thread-2" [_thread_blocked, id=3196, stack(0x0000000017390000,0x0000000017490000)]
  0x0000000016c75000 JavaThread "pool-3-thread-1" [_thread_blocked, id=4524, stack(0x0000000017290000,0x0000000017390000)]
  0x0000000016c33800 JavaThread "pool-2-thread-1" [_thread_blocked, id=7740, stack(0x0000000017190000,0x0000000017290000)]
  0x0000000016a00800 JavaThread "Service Thread" daemon [_thread_blocked, id=10304, stack(0x0000000016f90000,0x0000000017090000)]
  0x00000000169e1800 JavaThread "C1 CompilerThread2" daemon [_thread_blocked, id=1576, stack(0x0000000016e90000,0x0000000016f90000)]
  0x0000000016991000 JavaThread "C2 CompilerThread1" daemon [_thread_blocked, id=2812, stack(0x0000000016d90000,0x0000000016e90000)]
=>0x000000001532c000 JavaThread "C2 CompilerThread0" daemon [_thread_in_native, id=5420, stack(0x0000000016890000,0x0000000016990000)]
  0x000000001532a000 JavaThread "Attach Listener" daemon [_thread_blocked, id=120, stack(0x0000000016790000,0x0000000016890000)]
  0x0000000015329800 JavaThread "Signal Dispatcher" daemon [_thread_blocked, id=10996, stack(0x0000000016690000,0x0000000016790000)]
  0x00000000152ba800 JavaThread "Finalizer" daemon [_thread_blocked, id=9620, stack(0x0000000016520000,0x0000000016620000)]
  0x0000000015299000 JavaThread "Reference Handler" daemon [_thread_blocked, id=880, stack(0x0000000016420000,0x0000000016520000)]
  0x0000000002ae3000 JavaThread "main" [_thread_in_Java, id=5700, stack(0x00000000029e0000,0x0000000002ae0000)]

Other Threads:
  0x0000000015297800 VMThread [stack: 0x0000000016320000,0x0000000016420000] [id=9048]
  0x00000000169f4000 WatcherThread [stack: 0x0000000017090000,0x0000000017190000] [id=6964]

VM state:not at safepoint (normal execution)

VM Mutex/Monitor currently owned by a thread: None

Heap:
 PSYoungGen      total 38400K, used 26304K [0x00000000eab00000, 0x00000000ef600000, 0x0000000100000000)
  eden space 33280K, 63% used [0x00000000eab00000,0x00000000ebfb3848,0x00000000ecb80000)
  from space 5120K, 99% used [0x00000000ecb80000,0x00000000ed07cad8,0x00000000ed080000)
  to   space 5120K, 0% used [0x00000000ef100000,0x00000000ef100000,0x00000000ef600000)
 ParOldGen       total 87552K, used 1613K [0x00000000c0000000, 0x00000000c5580000, 0x00000000eab00000)
  object space 87552K, 1% used [0x00000000c0000000,0x00000000c01934d8,0x00000000c5580000)
 Metaspace       used 6211K, capacity 7030K, committed 7296K, reserved 1056768K
  class space    used 606K, capacity 622K, committed 640K, reserved 1048576K

Card table byte_map: [0x0000000011fa0000,0x00000000121b0000] byte_map_base: 0x00000000119a0000

Marking Bits: (ParMarkBitMap*) 0x00000000732ba6d0
 Begin Bits: [0x0000000012710000, 0x0000000013710000)
 End Bits:   [0x0000000013710000, 0x0000000014710000)

Polling page: 0x0000000000f40000

CodeCache: size=245760Kb used=5991Kb max_used=6004Kb free=239768Kb
 bounds [0x0000000002be0000, 0x00000000031d0000, 0x0000000011be0000]
 total_blobs=1734 nmethods=1463 adapters=184
 compilation: enabled

Compilation events (10 events):
Event: 1.499 Thread 0x000000001532c000 1425       4       com.android.dx.ssa.SsaRenamer$BlockRenamer::processResultReg (56 bytes)
Event: 1.511 Thread 0x000000001532c000 nmethod 1425 0x00000000031b1490 code [0x00000000031b1620, 0x00000000031b1e28]
Event: 1.511 Thread 0x000000001532c000 1427       4       com.android.dx.ssa.MoveParamCombiner$1::visitNonMoveInsn (213 bytes)
Event: 1.514 Thread 0x000000001532c000 nmethod 1427 0x00000000031b6750 code [0x00000000031b68a0, 0x00000000031b6a38]
Event: 1.514 Thread 0x000000001532c000 1428       4       com.android.dx.ssa.LiteralOpUpgrader$1::visitNonMoveInsn (203 bytes)
Event: 1.526 Thread 0x000000001532c000 nmethod 1428 0x00000000031b8690 code [0x00000000031b8960, 0x00000000031b9288]
Event: 1.526 Thread 0x000000001532c000 1448   !   4       com.android.dx.cf.code.BytecodeArray::parseInstruction (2764 bytes)
Event: 1.551 Thread 0x0000000016991000 nmethod 1372 0x00000000031bd5d0 code [0x00000000031bdac0, 0x00000000031c07b0]
Event: 1.552 Thread 0x0000000016991000 1426       4       com.android.dx.ssa.SsaBasicBlock::exitBlockFixup (58 bytes)
Event: 1.562 Thread 0x0000000016991000 nmethod 1426 0x00000000031b78d0 code [0x00000000031b7a40, 0x00000000031b80b8]

GC Heap History (2 events):
Event: 1.109 GC heap before
{Heap before GC invocations=1 (full 0):
 PSYoungGen      total 38400K, used 33280K [0x00000000eab00000, 0x00000000ed580000, 0x0000000100000000)
  eden space 33280K, 100% used [0x00000000eab00000,0x00000000ecb80000,0x00000000ecb80000)
  from space 5120K, 0% used [0x00000000ed080000,0x00000000ed080000,0x00000000ed580000)
  to   space 5120K, 0% used [0x00000000ecb80000,0x00000000ecb80000,0x00000000ed080000)
 ParOldGen       total 87552K, used 0K [0x00000000c0000000, 0x00000000c5580000, 0x00000000eab00000)
  object space 87552K, 0% used [0x00000000c0000000,0x00000000c0000000,0x00000000c5580000)
 Metaspace       used 6092K, capacity 6966K, committed 7040K, reserved 1056768K
  class space    used 606K, capacity 622K, committed 640K, reserved 1048576K
Event: 1.213 GC heap after
Heap after GC invocations=1 (full 0):
 PSYoungGen      total 38400K, used 5106K [0x00000000eab00000, 0x00000000ef600000, 0x0000000100000000)
  eden space 33280K, 0% used [0x00000000eab00000,0x00000000eab00000,0x00000000ecb80000)
  from space 5120K, 99% used [0x00000000ecb80000,0x00000000ed07cad8,0x00000000ed080000)
  to   space 5120K, 0% used [0x00000000ef100000,0x00000000ef100000,0x00000000ef600000)
 ParOldGen       total 87552K, used 1613K [0x00000000c0000000, 0x00000000c5580000, 0x00000000eab00000)
  object space 87552K, 1% used [0x00000000c0000000,0x00000000c01934d8,0x00000000c5580000)
 Metaspace       used 6092K, capacity 6966K, committed 7040K, reserved 1056768K
  class space    used 606K, capacity 622K, committed 640K, reserved 1048576K
}

Deoptimization events (10 events):
Event: 1.024 Thread 0x0000000002ae3000 Uncommon trap: reason=class_check action=maybe_recompile pc=0x0000000002e458b0 method=com.android.dx.ssa.NormalSsaInsn.accept(Lcom/android/dx/ssa/SsaInsn$Visitor;)V @ 9
Event: 1.024 Thread 0x0000000002ae3000 Uncommon trap: reason=class_check action=maybe_recompile pc=0x0000000002e458b0 method=com.android.dx.ssa.NormalSsaInsn.accept(Lcom/android/dx/ssa/SsaInsn$Visitor;)V @ 9
Event: 1.024 Thread 0x0000000002ae3000 Uncommon trap: reason=class_check action=maybe_recompile pc=0x0000000002e458b0 method=com.android.dx.ssa.NormalSsaInsn.accept(Lcom/android/dx/ssa/SsaInsn$Visitor;)V @ 9
Event: 1.036 Thread 0x0000000016c9f800 Uncommon trap: reason=class_check action=maybe_recompile pc=0x00000000030678ac method=com.android.dx.ssa.NormalSsaInsn.accept(Lcom/android/dx/ssa/SsaInsn$Visitor;)V @ 9
Event: 1.036 Thread 0x0000000016c9f800 Uncommon trap: reason=class_check action=maybe_recompile pc=0x0000000002e6e270 method=com.android.dx.ssa.NormalSsaInsn.accept(Lcom/android/dx/ssa/SsaInsn$Visitor;)V @ 9
Event: 1.296 Thread 0x0000000016c33800 Uncommon trap: reason=unstable_if action=reinterpret pc=0x0000000002f1d9ac method=com.android.dx.rop.code.RegisterSpecSet.put(Lcom/android/dx/rop/code/RegisterSpec;)V @ 77
Event: 1.299 Thread 0x0000000016c33800 Uncommon trap: reason=unstable_if action=reinterpret pc=0x0000000002f39360 method=com.android.dx.rop.code.RegisterSpecSet.put(Lcom/android/dx/rop/code/RegisterSpec;)V @ 77
Event: 1.444 Thread 0x0000000016c7a800 Uncommon trap: reason=unstable_if action=reinterpret pc=0x0000000002eed8bc method=com.android.dx.rop.code.RegisterSpec.equals(ILcom/android/dx/rop/type/TypeBearer;Lcom/android/dx/rop/code/LocalItem;)Z @ 42
Event: 1.445 Thread 0x0000000016c7a800 Uncommon trap: reason=unstable_if action=reinterpret pc=0x0000000002f9fa44 method=com.android.dx.ssa.SsaRenamer$BlockRenamer.addMapping(ILcom/android/dx/rop/code/RegisterSpec;)V @ 120
Event: 1.450 Thread 0x0000000016c33800 Uncommon trap: reason=bimorphic action=maybe_recompile pc=0x0000000003065d84 method=java.util.HashMap.putVal(ILjava/lang/Object;Ljava/lang/Object;ZZ)Ljava/lang/Object; @ 91

Internal exceptions (2 events):
Event: 0.047 Thread 0x0000000002ae3000 Exception <a 'java/lang/NoSuchMethodError': Method sun.misc.Unsafe.defineClass(Ljava/lang/String;[BII)Ljava/lang/Class; name or signature does not match> (0x00000000eab07cc0) thrown at [C:\re\workspace\8-2-build-windows-amd64-cygwin\jdk8u101\7261\hotspot\së39§˜T¨?
Event: 0.048 Thread 0x0000000002ae3000 Exception <a 'java/lang/NoSuchMethodError': Method sun.misc.Unsafe.prefetchRead(Ljava/lang/Object;J)V name or signature does not match> (0x00000000eab07fa8) thrown at [C:\re\workspace\8-2-build-windows-amd64-cygwin\jdk8u101\7261\hotspot\src\share\vm\prims\

Events (10 events):
Event: 1.329 Thread 0x0000000016c33800 DEOPT UNPACKING pc=0x0000000002c2787f sp=0x000000001728e828 mode 0
Event: 1.444 Thread 0x0000000016c7a800 Uncommon trap: trap_request=0xffffff65 fr.pc=0x0000000002eed8bc
Event: 1.444 Thread 0x0000000016c7a800 DEOPT PACKING pc=0x0000000002eed8bc sp=0x000000001748e7a0
Event: 1.444 Thread 0x0000000016c7a800 DEOPT UNPACKING pc=0x0000000002c2582a sp=0x000000001748e728 mode 2
Event: 1.445 Thread 0x0000000016c7a800 Uncommon trap: trap_request=0xffffff65 fr.pc=0x0000000002f9fa44
Event: 1.445 Thread 0x0000000016c7a800 DEOPT PACKING pc=0x0000000002f9fa44 sp=0x000000001748e5a0
Event: 1.445 Thread 0x0000000016c7a800 DEOPT UNPACKING pc=0x0000000002c2582a sp=0x000000001748e530 mode 2
Event: 1.450 Thread 0x0000000016c33800 Uncommon trap: trap_request=0xffffffc6 fr.pc=0x0000000003065d84
Event: 1.450 Thread 0x0000000016c33800 DEOPT PACKING pc=0x0000000003065d84 sp=0x000000001728ea50
Event: 1.450 Thread 0x0000000016c33800 DEOPT UNPACKING pc=0x0000000002c2582a sp=0x000000001728e9d8 mode 2


Dynamic libraries:
0x00007ff675020000 - 0x00007ff675057000 	C:\Program Files\Java\jdk1.8.0_101\bin\java.exe
0x00007ff95bd60000 - 0x00007ff95bf21000 	C:\WINDOWS\SYSTEM32\ntdll.dll
0x00007ff95b720000 - 0x00007ff95b7cd000 	C:\WINDOWS\system32\KERNEL32.DLL
0x00007ff958e30000 - 0x00007ff959018000 	C:\WINDOWS\system32\KERNELBASE.dll
0x00007ff959c70000 - 0x00007ff959d17000 	C:\WINDOWS\system32\ADVAPI32.dll
0x00007ff95bca0000 - 0x00007ff95bd3d000 	C:\WINDOWS\system32\msvcrt.dll
0x00007ff9592c0000 - 0x00007ff95931b000 	C:\WINDOWS\system32\sechost.dll
0x00007ff959990000 - 0x00007ff959aac000 	C:\WINDOWS\system32\RPCRT4.dll
0x00007ff959160000 - 0x00007ff9592b6000 	C:\WINDOWS\system32\USER32.dll
0x00007ff95b590000 - 0x00007ff95b716000 	C:\WINDOWS\system32\GDI32.dll
0x00007ff950530000 - 0x00007ff9507a4000 	C:\WINDOWS\WinSxS\amd64_microsoft.windows.common-controls_6595b64144ccf1df_6.0.10586.494_none_a2d8b04ea53e3145\COMCTL32.dll
0x00007ff95b810000 - 0x00007ff95ba8d000 	C:\WINDOWS\system32\combase.dll
0x00007ff959020000 - 0x00007ff95908a000 	C:\WINDOWS\system32\bcryptPrimitives.dll
0x00007ff95b7d0000 - 0x00007ff95b80b000 	C:\WINDOWS\system32\IMM32.DLL
0x00007ff958270000 - 0x00007ff9582a2000 	C:\windows\system32\nvinitx.dll
0x00007ff958260000 - 0x00007ff95826a000 	C:\WINDOWS\SYSTEM32\VERSION.dll
0x00000000725e0000 - 0x00000000726b2000 	C:\Program Files\Java\jdk1.8.0_101\jre\bin\msvcr100.dll
0x0000000072aa0000 - 0x000000007333a000 	C:\Program Files\Java\jdk1.8.0_101\jre\bin\server\jvm.dll
0x00007ff959390000 - 0x00007ff959398000 	C:\WINDOWS\system32\PSAPI.DLL
0x00007ff94b090000 - 0x00007ff94b099000 	C:\WINDOWS\SYSTEM32\WSOCK32.dll
0x00007ff959d20000 - 0x00007ff959d8b000 	C:\WINDOWS\system32\WS2_32.dll
0x00007ff956580000 - 0x00007ff9565a3000 	C:\WINDOWS\SYSTEM32\WINMM.dll
0x00007ff956550000 - 0x00007ff95657c000 	C:\WINDOWS\SYSTEM32\WINMMBASE.dll
0x00007ff959110000 - 0x00007ff959153000 	C:\WINDOWS\system32\cfgmgr32.dll
0x0000000073480000 - 0x000000007348f000 	C:\Program Files\Java\jdk1.8.0_101\jre\bin\verify.dll
0x0000000072a70000 - 0x0000000072a99000 	C:\Program Files\Java\jdk1.8.0_101\jre\bin\java.dll
0x0000000072a50000 - 0x0000000072a66000 	C:\Program Files\Java\jdk1.8.0_101\jre\bin\zip.dll
0x00007ff959d90000 - 0x00007ff95b2ec000 	C:\WINDOWS\system32\SHELL32.dll
0x00007ff958410000 - 0x00007ff958a55000 	C:\WINDOWS\system32\windows.storage.dll
0x00007ff95ba90000 - 0x00007ff95bae2000 	C:\WINDOWS\system32\shlwapi.dll
0x00007ff9583b0000 - 0x00007ff9583bf000 	C:\WINDOWS\system32\kernel.appcore.dll
0x00007ff958d70000 - 0x00007ff958e25000 	C:\WINDOWS\system32\shcore.dll
0x00007ff9583c0000 - 0x00007ff95840b000 	C:\WINDOWS\system32\powrprof.dll
0x00007ff958380000 - 0x00007ff958394000 	C:\WINDOWS\system32\profapi.dll

VM Arguments:
jvm_args: -Djava.awt.headless=true -Xmx1024M -Dfile.encoding=GBK -Duser.country=CN -Duser.language=zh -Duser.variant 
java_command: com.android.dx.command.Main --dex --force-jumbo --num-threads=4 --multi-dex --output C:\Android\Android\Project\mobilesafe\app\build\intermediates\transforms\dex\debug\folders\1000\10\com.android.support-support-media-compat-24.2.0_99d6ed9887da7115813682fae64eacf5198726a6 C:\Android\Android\Project\mobilesafe\app\build\intermediates\exploded-aar\com.android.support\support-media-compat\24.2.0\jars\classes.jar
java_class_path (initial): C:\Android\Android\sdk\build-tools\24.0.1\lib\dx.jar
Launcher Type: SUN_STANDARD

Environment Variables:
JAVA_HOME=C:\Program Files\Java\jdk1.8.0_101
CLASSPATH=.;C:\Program Files\Java\jdk1.8.0_101\lib\dt.jar;C:\Program Files\Java\jdk1.8.0_101\lib\tools.jar
PATH=C:\ProgramData\Oracle\Java\javapath;C:\Program Files (x86)\Intel\iCLS Client\;C:\Program Files\Intel\iCLS Client\;C:\windows\system32;C:\windows;C:\windows\System32\Wbem;C:\windows\System32\WindowsPowerShell\v1.0\;C:\Program Files\Intel\Intel(R) Management Engine Components\DAL;C:\Program Files\Intel\Intel(R) Management Engine Components\IPT;C:\Program Files (x86)\Intel\Intel(R) Management Engine Components\DAL;C:\Program Files (x86)\Intel\Intel(R) Management Engine Components\IPT;C:\Program Files (x86)\Lenovo\Lenovo Home\;C:\Program Files (x86)\NVIDIA Corporation\PhysX\Common;C:\WINDOWS\system32;C:\WINDOWS;C:\WINDOWS\System32\Wbem;C:\WINDOWS\System32\WindowsPowerShell\v1.0\;C:\Program Files\Java\jdk1.8.0_101\bin;C:\Program Files\Java\jdk1.8.0_101\jre\bin;C:\Android\MySQL Server 5.5\bin;C:\Android\Android\sdk\tools;C:\Android\Android\sdk\platform-tools
USERNAME=Abner
OS=Windows_NT
PROCESSOR_IDENTIFIER=Intel64 Family 6 Model 60 Stepping 3, GenuineIntel



---------------  S Y S T E M  ---------------

OS: Windows 10.0 , 64 bit Build 10586 (10.0.10586.0)

CPU:total 4 (2 cores per cpu, 2 threads per core) family 6 model 60 stepping 3, cmov, cx8, fxsr, mmx, sse, sse2, sse3, ssse3, sse4.1, sse4.2, popcnt, avx, avx2, aes, clmul, erms, lzcnt, ht, tsc, tscinvbit, bmi1, bmi2

Memory: 4k page, physical 8298776k(1546480k free), swap 9347352k(5140k free)

vm_info: Java HotSpot(TM) 64-Bit Server VM (25.101-b13) for windows-amd64 JRE (1.8.0_101-b13), built on Jun 22 2016 01:21:29 by "java_re" with MS VC++ 10.0 (VS2010)

time: Tue Aug 23 17:39:02 2016
elapsed time: 1 seconds (0d 0h 0m 1s)

