#
# There is insufficient memory for the Java Runtime Environment to continue.
# Native memory allocation (malloc) failed to allocate 272336 bytes for Chunk::new
# Possible reasons:
#   The system is out of physical RAM or swap space
#   In 32 bit mode, the process size limit was hit
# Possible solutions:
#   Reduce memory load on the system
#   Increase physical memory or swap space
#   Check if swap backing store is full
#   Use 64 bit Java on a 64 bit OS
#   Decrease Java heap size (-Xmx/-Xms)
#   Decrease number of Java threads
#   Decrease Java thread stack sizes (-Xss)
#   Set larger code cache with -XX:ReservedCodeCacheSize=
# This output file may be truncated or incomplete.
#
#  Out of Memory Error (allocation.cpp:390), pid=2848, tid=0x00000000000005f8
#
# JRE version: Java(TM) SE Runtime Environment (8.0_101-b13) (build 1.8.0_101-b13)
# Java VM: Java HotSpot(TM) 64-Bit Server VM (25.101-b13 mixed mode windows-amd64 compressed oops)
# Failed to write core dump. Minidumps are not enabled by default on client versions of Windows
#

---------------  T H R E A D  ---------------

Current thread (0x0000000015d8b000):  JavaThread "C2 CompilerThread0" daemon [_thread_in_native, id=1528, stack(0x0000000017290000,0x0000000017390000)]

Stack: [0x0000000017290000,0x0000000017390000]
[error occurred during error reporting (printing stack bounds), id 0xc0000005]

Native frames: (J=compiled Java code, j=interpreted, Vv=VM code, C=native code)


Current CompileTask:
C2:   2506 1278   !   4       com.android.dx.cf.code.BytecodeArray::parseInstruction (2764 bytes)


---------------  P R O C E S S  ---------------

Java Threads: ( => current thread )
  0x0000000017610800 JavaThread "pool-1-thread-4" [_thread_in_Java, id=4280, stack(0x0000000017f90000,0x0000000018090000)]
  0x000000001760f800 JavaThread "pool-1-thread-3" [_thread_in_Java, id=9588, stack(0x0000000017e90000,0x0000000017f90000)]
  0x000000001760c800 JavaThread "pool-1-thread-2" [_thread_in_Java, id=2344, stack(0x0000000017d90000,0x0000000017e90000)]
  0x0000000017563800 JavaThread "pool-2-thread-1" [_thread_blocked, id=10852, stack(0x0000000017c90000,0x0000000017d90000)]
  0x0000000017562800 JavaThread "pool-1-thread-1" [_thread_in_Java, id=2876, stack(0x0000000017b90000,0x0000000017c90000)]
  0x00000000173f2800 JavaThread "Service Thread" daemon [_thread_blocked, id=5544, stack(0x0000000017990000,0x0000000017a90000)]
  0x00000000173ec800 JavaThread "C1 CompilerThread2" daemon [_thread_blocked, id=9396, stack(0x0000000017890000,0x0000000017990000)]
  0x00000000173e6800 JavaThread "C2 CompilerThread1" daemon [_thread_blocked, id=232, stack(0x0000000017790000,0x0000000017890000)]
=>0x0000000015d8b000 JavaThread "C2 CompilerThread0" daemon [_thread_in_native, id=1528, stack(0x0000000017290000,0x0000000017390000)]
  0x0000000015d3c800 JavaThread "Attach Listener" daemon [_thread_blocked, id=9424, stack(0x0000000017190000,0x0000000017290000)]
  0x0000000015d3b800 JavaThread "Signal Dispatcher" daemon [_thread_blocked, id=7844, stack(0x0000000017090000,0x0000000017190000)]
  0x0000000015d1a800 JavaThread "Finalizer" daemon [_thread_blocked, id=10524, stack(0x0000000016f90000,0x0000000017090000)]
  0x0000000015cf9000 JavaThread "Reference Handler" daemon [_thread_blocked, id=1700, stack(0x0000000016e90000,0x0000000016f90000)]
  0x0000000003563000 JavaThread "main" [_thread_in_Java, id=5956, stack(0x0000000003460000,0x0000000003560000)]

Other Threads:
  0x0000000015cf7800 VMThread [stack: 0x0000000016d90000,0x0000000016e90000] [id=11044]
  0x0000000017442800 WatcherThread [stack: 0x0000000017a90000,0x0000000017b90000] [id=11124]

VM state:not at safepoint (normal execution)

VM Mutex/Monitor currently owned by a thread: None

Heap:
 PSYoungGen      total 38400K, used 20742K [0x00000000eab00000, 0x00000000ef600000, 0x0000000100000000)
  eden space 33280K, 47% used [0x00000000eab00000,0x00000000eba474d8,0x00000000ecb80000)
  from space 5120K, 99% used [0x00000000ecb80000,0x00000000ed07a3a8,0x00000000ed080000)
  to   space 5120K, 0% used [0x00000000ef100000,0x00000000ef100000,0x00000000ef600000)
 ParOldGen       total 87552K, used 2594K [0x00000000c0000000, 0x00000000c5580000, 0x00000000eab00000)
  object space 87552K, 2% used [0x00000000c0000000,0x00000000c0288bc8,0x00000000c5580000)
 Metaspace       used 6139K, capacity 7030K, committed 7296K, reserved 1056768K
  class space    used 608K, capacity 622K, committed 640K, reserved 1048576K

Card table byte_map: [0x0000000012a20000,0x0000000012c30000] byte_map_base: 0x0000000012420000

Marking Bits: (ParMarkBitMap*) 0x00000000732ba6d0
 Begin Bits: [0x0000000013190000, 0x0000000014190000)
 End Bits:   [0x0000000014190000, 0x0000000015190000)

Polling page: 0x0000000001770000

CodeCache: size=245760Kb used=5323Kb max_used=5336Kb free=240436Kb
 bounds [0x0000000003660000, 0x0000000003ba0000, 0x0000000012660000]
 total_blobs=1583 nmethods=1312 adapters=184
 compilation: enabled

Compilation events (10 events):
Event: 2.358 Thread 0x00000000173e6800 1242       4       com.android.dx.rop.code.PlainInsn::withNewRegisters (18 bytes)
Event: 2.360 Thread 0x00000000173e6800 nmethod 1242 0x0000000003b845d0 code [0x0000000003b84720, 0x0000000003b848d8]
Event: 2.360 Thread 0x00000000173e6800 1252       4       com.android.dx.ssa.SsaRenamer$BlockRenamer::processResultReg (56 bytes)
Event: 2.376 Thread 0x00000000173e6800 nmethod 1252 0x0000000003b92950 code [0x0000000003b92ae0, 0x0000000003b93308]
Event: 2.376 Thread 0x00000000173e6800 1244       4       com.android.dx.rop.code.BasicBlockList$RegCountVisitor::visitPlainInsn (6 bytes)
Event: 2.381 Thread 0x00000000173e6800 nmethod 1244 0x0000000003b91fd0 code [0x0000000003b92140, 0x0000000003b923f8]
Event: 2.381 Thread 0x00000000173e6800 1266       4       com.android.dx.rop.code.BasicBlockList::set (12 bytes)
Event: 2.392 Thread 0x00000000173e6800 nmethod 1266 0x0000000003b8e6d0 code [0x0000000003b8e840, 0x0000000003b8ee48]
Event: 2.392 Thread 0x00000000173e6800 1250       4       com.android.dx.ssa.SsaRenamer$BlockRenamer::visitNonMoveInsn (14 bytes)
Event: 2.407 Thread 0x00000000173e6800 nmethod 1250 0x0000000003b8d210 code [0x0000000003b8d3a0, 0x0000000003b8dbd0]

GC Heap History (2 events):
Event: 1.983 GC heap before
{Heap before GC invocations=1 (full 0):
 PSYoungGen      total 38400K, used 33280K [0x00000000eab00000, 0x00000000ed580000, 0x0000000100000000)
  eden space 33280K, 100% used [0x00000000eab00000,0x00000000ecb80000,0x00000000ecb80000)
  from space 5120K, 0% used [0x00000000ed080000,0x00000000ed080000,0x00000000ed580000)
  to   space 5120K, 0% used [0x00000000ecb80000,0x00000000ecb80000,0x00000000ed080000)
 ParOldGen       total 87552K, used 0K [0x00000000c0000000, 0x00000000c5580000, 0x00000000eab00000)
  object space 87552K, 0% used [0x00000000c0000000,0x00000000c0000000,0x00000000c5580000)
 Metaspace       used 6087K, capacity 6966K, committed 7040K, reserved 1056768K
  class space    used 608K, capacity 622K, committed 640K, reserved 1048576K
Event: 2.154 GC heap after
Heap after GC invocations=1 (full 0):
 PSYoungGen      total 38400K, used 5096K [0x00000000eab00000, 0x00000000ef600000, 0x0000000100000000)
  eden space 33280K, 0% used [0x00000000eab00000,0x00000000eab00000,0x00000000ecb80000)
  from space 5120K, 99% used [0x00000000ecb80000,0x00000000ed07a3a8,0x00000000ed080000)
  to   space 5120K, 0% used [0x00000000ef100000,0x00000000ef100000,0x00000000ef600000)
 ParOldGen       total 87552K, used 2594K [0x00000000c0000000, 0x00000000c5580000, 0x00000000eab00000)
  object space 87552K, 2% used [0x00000000c0000000,0x00000000c0288bc8,0x00000000c5580000)
 Metaspace       used 6087K, capacity 6966K, committed 7040K, reserved 1056768K
  class space    used 608K, capacity 622K, committed 640K, reserved 1048576K
}

Deoptimization events (10 events):
Event: 1.318 Thread 0x0000000017562800 Uncommon trap: reason=unstable_if action=reinterpret pc=0x000000000390b2d0 method=java.util.HashMap.getNode(ILjava/lang/Object;)Ljava/util/HashMap$Node; @ 129
Event: 1.430 Thread 0x0000000017610800 Uncommon trap: reason=unstable_if action=reinterpret pc=0x000000000398d9e8 method=com.android.dx.rop.code.RegisterSpec.equals(ILcom/android/dx/rop/type/TypeBearer;Lcom/android/dx/rop/code/LocalItem;)Z @ 16
Event: 1.719 Thread 0x0000000003563000 Uncommon trap: reason=unloaded action=reinterpret pc=0x00000000038e5f28 method=com.android.dx.cf.cst.ConstantPoolParser.parse0(ILjava/util/BitSet;)Lcom/android/dx/rop/cst/Constant; @ 176
Event: 1.739 Thread 0x000000001760f800 Uncommon trap: reason=class_check action=maybe_recompile pc=0x00000000039791f8 method=com.android.dx.ssa.NormalSsaInsn.accept(Lcom/android/dx/ssa/SsaInsn$Visitor;)V @ 9
Event: 1.739 Thread 0x000000001760f800 Uncommon trap: reason=class_check action=maybe_recompile pc=0x00000000039791f8 method=com.android.dx.ssa.NormalSsaInsn.accept(Lcom/android/dx/ssa/SsaInsn$Visitor;)V @ 9
Event: 1.739 Thread 0x000000001760f800 Uncommon trap: reason=class_check action=maybe_recompile pc=0x00000000039791f8 method=com.android.dx.ssa.NormalSsaInsn.accept(Lcom/android/dx/ssa/SsaInsn$Visitor;)V @ 9
Event: 1.739 Thread 0x000000001760f800 Uncommon trap: reason=class_check action=maybe_recompile pc=0x00000000039791f8 method=com.android.dx.ssa.NormalSsaInsn.accept(Lcom/android/dx/ssa/SsaInsn$Visitor;)V @ 9
Event: 2.174 Thread 0x0000000003563000 Uncommon trap: reason=unstable_if action=reinterpret pc=0x00000000039a516c method=com.android.dx.rop.code.RegisterSpecSet.put(Lcom/android/dx/rop/code/RegisterSpec;)V @ 77
Event: 2.175 Thread 0x0000000003563000 Uncommon trap: reason=unstable_if action=reinterpret pc=0x00000000039ac46c method=com.android.dx.rop.code.RegisterSpecSet.put(Lcom/android/dx/rop/code/RegisterSpec;)V @ 77
Event: 2.334 Thread 0x000000001760c800 Uncommon trap: reason=unstable_if action=reinterpret pc=0x000000000398331c method=com.android.dx.rop.cst.Constant.compareTo(Lcom/android/dx/rop/cst/Constant;)I @ 12

Internal exceptions (2 events):
Event: 0.039 Thread 0x0000000003563000 Exception <a 'java/lang/NoSuchMethodError': Method sun.misc.Unsafe.defineClass(Ljava/lang/String;[BII)Ljava/lang/Class; name or signature does not match> (0x00000000eab07cc0) thrown at [C:\re\workspace\8-2-build-windows-amd64-cygwin\jdk8u101\7261\hotspot\sè™mW!§?
Event: 0.039 Thread 0x0000000003563000 Exception <a 'java/lang/NoSuchMethodError': Method sun.misc.Unsafe.prefetchRead(Ljava/lang/Object;J)V name or signature does not match> (0x00000000eab07fa8) thrown at [C:\re\workspace\8-2-build-windows-amd64-cygwin\jdk8u101\7261\hotspot\src\share\vm\prims\

Events (10 events):
Event: 2.175 Thread 0x0000000003563000 DEOPT PACKING pc=0x00000000039a516c sp=0x000000000355e260
Event: 2.175 Thread 0x0000000003563000 DEOPT UNPACKING pc=0x00000000036a582a sp=0x000000000355e1e8 mode 2
Event: 2.175 Thread 0x0000000003563000 Uncommon trap: trap_request=0xffffff65 fr.pc=0x00000000039ac46c
Event: 2.175 Thread 0x0000000003563000 DEOPT PACKING pc=0x00000000039ac46c sp=0x000000000355e250
Event: 2.175 Thread 0x0000000003563000 DEOPT UNPACKING pc=0x00000000036a582a sp=0x000000000355e170 mode 2
Event: 2.332 Thread 0x000000001760c800 DEOPT PACKING pc=0x00000000039e154d sp=0x0000000017e8eae0
Event: 2.332 Thread 0x000000001760c800 DEOPT UNPACKING pc=0x00000000036a787f sp=0x0000000017e8e850 mode 0
Event: 2.333 Thread 0x000000001760c800 Uncommon trap: trap_request=0xffffff65 fr.pc=0x000000000398331c
Event: 2.334 Thread 0x000000001760c800 DEOPT PACKING pc=0x000000000398331c sp=0x0000000017e8e9c0
Event: 2.334 Thread 0x000000001760c800 DEOPT UNPACKING pc=0x00000000036a582a sp=0x0000000017e8e960 mode 2


Dynamic libraries:
0x00007ff675020000 - 0x00007ff675057000 	C:\Program Files\Java\jdk1.8.0_101\bin\java.exe
0x00007ff95bd60000 - 0x00007ff95bf21000 	C:\WINDOWS\SYSTEM32\ntdll.dll
0x00007ff95b720000 - 0x00007ff95b7cd000 	C:\WINDOWS\system32\KERNEL32.DLL
0x00007ff958e30000 - 0x00007ff959018000 	C:\WINDOWS\system32\KERNELBASE.dll
0x00007ff959c70000 - 0x00007ff959d17000 	C:\WINDOWS\system32\ADVAPI32.dll
0x00007ff95bca0000 - 0x00007ff95bd3d000 	C:\WINDOWS\system32\msvcrt.dll
0x00007ff9592c0000 - 0x00007ff95931b000 	C:\WINDOWS\system32\sechost.dll
0x00007ff959990000 - 0x00007ff959aac000 	C:\WINDOWS\system32\RPCRT4.dll
0x00007ff959160000 - 0x00007ff9592b6000 	C:\WINDOWS\system32\USER32.dll
0x00007ff95b590000 - 0x00007ff95b716000 	C:\WINDOWS\system32\GDI32.dll
0x00007ff950530000 - 0x00007ff9507a4000 	C:\WINDOWS\WinSxS\amd64_microsoft.windows.common-controls_6595b64144ccf1df_6.0.10586.494_none_a2d8b04ea53e3145\COMCTL32.dll
0x00007ff95b810000 - 0x00007ff95ba8d000 	C:\WINDOWS\system32\combase.dll
0x00007ff959020000 - 0x00007ff95908a000 	C:\WINDOWS\system32\bcryptPrimitives.dll
0x00007ff95b7d0000 - 0x00007ff95b80b000 	C:\WINDOWS\system32\IMM32.DLL
0x00007ff958270000 - 0x00007ff9582a2000 	C:\windows\system32\nvinitx.dll
0x00007ff958260000 - 0x00007ff95826a000 	C:\WINDOWS\SYSTEM32\VERSION.dll
0x00000000725e0000 - 0x00000000726b2000 	C:\Program Files\Java\jdk1.8.0_101\jre\bin\msvcr100.dll
0x0000000072aa0000 - 0x000000007333a000 	C:\Program Files\Java\jdk1.8.0_101\jre\bin\server\jvm.dll
0x00007ff959390000 - 0x00007ff959398000 	C:\WINDOWS\system32\PSAPI.DLL
0x00007ff94b090000 - 0x00007ff94b099000 	C:\WINDOWS\SYSTEM32\WSOCK32.dll
0x00007ff959d20000 - 0x00007ff959d8b000 	C:\WINDOWS\system32\WS2_32.dll
0x00007ff956580000 - 0x00007ff9565a3000 	C:\WINDOWS\SYSTEM32\WINMM.dll
0x00007ff956550000 - 0x00007ff95657c000 	C:\WINDOWS\SYSTEM32\WINMMBASE.dll
0x00007ff959110000 - 0x00007ff959153000 	C:\WINDOWS\system32\cfgmgr32.dll
0x0000000073480000 - 0x000000007348f000 	C:\Program Files\Java\jdk1.8.0_101\jre\bin\verify.dll
0x0000000072a70000 - 0x0000000072a99000 	C:\Program Files\Java\jdk1.8.0_101\jre\bin\java.dll
0x0000000072a50000 - 0x0000000072a66000 	C:\Program Files\Java\jdk1.8.0_101\jre\bin\zip.dll
0x00007ff959d90000 - 0x00007ff95b2ec000 	C:\WINDOWS\system32\SHELL32.dll
0x00007ff958410000 - 0x00007ff958a55000 	C:\WINDOWS\system32\windows.storage.dll
0x00007ff95ba90000 - 0x00007ff95bae2000 	C:\WINDOWS\system32\shlwapi.dll
0x00007ff9583b0000 - 0x00007ff9583bf000 	C:\WINDOWS\system32\kernel.appcore.dll
0x00007ff958d70000 - 0x00007ff958e25000 	C:\WINDOWS\system32\shcore.dll
0x00007ff9583c0000 - 0x00007ff95840b000 	C:\WINDOWS\system32\powrprof.dll
0x00007ff958380000 - 0x00007ff958394000 	C:\WINDOWS\system32\profapi.dll

VM Arguments:
jvm_args: -Djava.awt.headless=true -Xmx1024M -Dfile.encoding=GBK -Duser.country=CN -Duser.language=zh -Duser.variant 
java_command: com.android.dx.command.Main --dex --num-threads=4 --output C:\Android\Android\Project\mobilesafe\app\build\intermediates\pre-dexed\debug\com.android.support-support-fragment-24.2.0_cc0a4f9416b91dbdc17988195800d355525b54e4.jar C:\Android\Android\Project\mobilesafe\app\build\intermediates\exploded-aar\com.android.support\support-fragment\24.2.0\jars\classes.jar
java_class_path (initial): C:\Android\Android\sdk\build-tools\24.0.1\lib\dx.jar
Launcher Type: SUN_STANDARD

Environment Variables:
JAVA_HOME=C:\Program Files\Java\jdk1.8.0_101
CLASSPATH=.;C:\Program Files\Java\jdk1.8.0_101\lib\dt.jar;C:\Program Files\Java\jdk1.8.0_101\lib\tools.jar
PATH=C:\ProgramData\Oracle\Java\javapath;C:\Program Files (x86)\Intel\iCLS Client\;C:\Program Files\Intel\iCLS Client\;C:\windows\system32;C:\windows;C:\windows\System32\Wbem;C:\windows\System32\WindowsPowerShell\v1.0\;C:\Program Files\Intel\Intel(R) Management Engine Components\DAL;C:\Program Files\Intel\Intel(R) Management Engine Components\IPT;C:\Program Files (x86)\Intel\Intel(R) Management Engine Components\DAL;C:\Program Files (x86)\Intel\Intel(R) Management Engine Components\IPT;C:\Program Files (x86)\Lenovo\Lenovo Home\;C:\Program Files (x86)\NVIDIA Corporation\PhysX\Common;C:\WINDOWS\system32;C:\WINDOWS;C:\WINDOWS\System32\Wbem;C:\WINDOWS\System32\WindowsPowerShell\v1.0\;C:\Program Files\Java\jdk1.8.0_101\bin;C:\Program Files\Java\jdk1.8.0_101\jre\bin;C:\Android\MySQL Server 5.5\bin;C:\Android\Android\sdk\tools;C:\Android\Android\sdk\platform-tools
USERNAME=Abner
OS=Windows_NT
PROCESSOR_IDENTIFIER=Intel64 Family 6 Model 60 Stepping 3, GenuineIntel



---------------  S Y S T E M  ---------------

OS: Windows 10.0 , 64 bit Build 10586 (10.0.10586.0)

CPU:total 4 (2 cores per cpu, 2 threads per core) family 6 model 60 stepping 3, cmov, cx8, fxsr, mmx, sse, sse2, sse3, ssse3, sse4.1, sse4.2, popcnt, avx, avx2, aes, clmul, erms, lzcnt, ht, tsc, tscinvbit, bmi1, bmi2

Memory: 4k page, physical 8298776k(1462672k free), swap 9347352k(5292k free)

vm_info: Java HotSpot(TM) 64-Bit Server VM (25.101-b13) for windows-amd64 JRE (1.8.0_101-b13), built on Jun 22 2016 01:21:29 by "java_re" with MS VC++ 10.0 (VS2010)

time: Tue Aug 23 17:38:02 2016
elapsed time: 2 seconds (0d 0h 0m 2s)

