#
# There is insufficient memory for the Java Runtime Environment to continue.
# Native memory allocation (malloc) failed to allocate 359056 bytes for Chunk::new
# Possible reasons:
#   The system is out of physical RAM or swap space
#   In 32 bit mode, the process size limit was hit
# Possible solutions:
#   Reduce memory load on the system
#   Increase physical memory or swap space
#   Check if swap backing store is full
#   Use 64 bit Java on a 64 bit OS
#   Decrease Java heap size (-Xmx/-Xms)
#   Decrease number of Java threads
#   Decrease Java thread stack sizes (-Xss)
#   Set larger code cache with -XX:ReservedCodeCacheSize=
# This output file may be truncated or incomplete.
#
#  Out of Memory Error (allocation.cpp:390), pid=788, tid=0x0000000000002514
#
# JRE version: Java(TM) SE Runtime Environment (8.0_101-b13) (build 1.8.0_101-b13)
# Java VM: Java HotSpot(TM) 64-Bit Server VM (25.101-b13 mixed mode windows-amd64 compressed oops)
# Failed to write core dump. Minidumps are not enabled by default on client versions of Windows
#

---------------  T H R E A D  ---------------

Current thread (0x00000000157ec000):  JavaThread "C2 CompilerThread0" daemon [_thread_in_native, id=9492, stack(0x0000000016d50000,0x0000000016e50000)]

Stack: [0x0000000016d50000,0x0000000016e50000]
[error occurred during error reporting (printing stack bounds), id 0xc0000005]

Native frames: (J=compiled Java code, j=interpreted, Vv=VM code, C=native code)


Current CompileTask:
C2:   2697 1518       4       com.android.dx.ssa.DeadCodeRemover::isCircularNoSideEffect (140 bytes)


---------------  P R O C E S S  ---------------

Java Threads: ( => current thread )
  0x00000000170c4000 JavaThread "pool-1-thread-4" [_thread_in_vm, id=9972, stack(0x0000000017a50000,0x0000000017b50000)]
  0x00000000170c3800 JavaThread "pool-1-thread-3" [_thread_blocked, id=1432, stack(0x0000000017950000,0x0000000017a50000)]
  0x00000000170c2800 JavaThread "pool-1-thread-2" [_thread_blocked, id=11128, stack(0x0000000017850000,0x0000000017950000)]
  0x00000000170c0000 JavaThread "pool-2-thread-1" [_thread_blocked, id=4748, stack(0x0000000017750000,0x0000000017850000)]
  0x00000000170bf000 JavaThread "pool-1-thread-1" [_thread_in_Java, id=816, stack(0x0000000017650000,0x0000000017750000)]
  0x0000000016ebb000 JavaThread "Service Thread" daemon [_thread_blocked, id=2744, stack(0x0000000017450000,0x0000000017550000)]
  0x0000000016eb6800 JavaThread "C1 CompilerThread2" daemon [_thread_in_native, id=6964, stack(0x0000000017350000,0x0000000017450000)]
  0x0000000016e9f800 JavaThread "C2 CompilerThread1" daemon [_thread_in_native, id=10868, stack(0x0000000017250000,0x0000000017350000)]
=>0x00000000157ec000 JavaThread "C2 CompilerThread0" daemon [_thread_in_native, id=9492, stack(0x0000000016d50000,0x0000000016e50000)]
  0x00000000157ea000 JavaThread "Attach Listener" daemon [_thread_blocked, id=10628, stack(0x0000000016c50000,0x0000000016d50000)]
  0x00000000157e9800 JavaThread "Signal Dispatcher" daemon [_thread_blocked, id=4216, stack(0x0000000016b50000,0x0000000016c50000)]
  0x00000000030ba000 JavaThread "Finalizer" daemon [_thread_blocked, id=4256, stack(0x00000000169f0000,0x0000000016af0000)]
  0x00000000030af800 JavaThread "Reference Handler" daemon [_thread_blocked, id=8924, stack(0x00000000168f0000,0x00000000169f0000)]
  0x0000000002fc3000 JavaThread "main" [_thread_in_Java, id=5840, stack(0x0000000002ec0000,0x0000000002fc0000)]

Other Threads:
  0x0000000015758000 VMThread [stack: 0x00000000167f0000,0x00000000168f0000] [id=4488]
  0x0000000016f1d000 WatcherThread [stack: 0x0000000017550000,0x0000000017650000] [id=9352]

VM state:not at safepoint (normal execution)

VM Mutex/Monitor currently owned by a thread: None

Heap:
 PSYoungGen      total 38400K, used 36038K [0x00000000eab00000, 0x00000000ed580000, 0x0000000100000000)
  eden space 33280K, 92% used [0x00000000eab00000,0x00000000ec931b30,0x00000000ecb80000)
  from space 5120K, 99% used [0x00000000ecb80000,0x00000000ed07fdb0,0x00000000ed080000)
  to   space 5120K, 0% used [0x00000000ed080000,0x00000000ed080000,0x00000000ed580000)
 ParOldGen       total 87552K, used 1116K [0x00000000c0000000, 0x00000000c5580000, 0x00000000eab00000)
  object space 87552K, 1% used [0x00000000c0000000,0x00000000c0117070,0x00000000c5580000)
 Metaspace       used 6255K, capacity 7094K, committed 7296K, reserved 1056768K
  class space    used 607K, capacity 622K, committed 640K, reserved 1048576K

Card table byte_map: [0x0000000012480000,0x0000000012690000] byte_map_base: 0x0000000011e80000

Marking Bits: (ParMarkBitMap*) 0x00000000732ba6d0
 Begin Bits: [0x0000000012bf0000, 0x0000000013bf0000)
 End Bits:   [0x0000000013bf0000, 0x0000000014bf0000)

Polling page: 0x0000000002ab0000

CodeCache: size=245760Kb used=6334Kb max_used=6334Kb free=239425Kb
 bounds [0x00000000030c0000, 0x0000000003700000, 0x00000000120c0000]
 total_blobs=1795 nmethods=1524 adapters=184
 compilation: enabled

Compilation events (10 events):
Event: 2.686 Thread 0x0000000016eb6800 1534       3       com.android.dx.dex.code.RopTranslator::calculateParamsAreInOrder (37 bytes)
Event: 2.686 Thread 0x0000000016eb6800 nmethod 1534 0x00000000036ea390 code [0x00000000036ea540, 0x00000000036eadd8]
Event: 2.687 Thread 0x0000000016eb6800 1535       1       com.android.dx.dex.code.RopTranslator::access$100 (5 bytes)
Event: 2.687 Thread 0x0000000016eb6800 nmethod 1535 0x00000000036ac110 code [0x00000000036ac260, 0x00000000036ac350]
Event: 2.687 Thread 0x0000000016eb6800 1536       3       com.android.dx.dex.code.OutputCollector::getFinisher (26 bytes)
Event: 2.687 Thread 0x0000000016eb6800 nmethod 1536 0x00000000036e9e50 code [0x00000000036e9fe0, 0x00000000036ea278]
Event: 2.691 Thread 0x0000000016eb6800 1538       3       com.android.dx.dex.code.DalvCode::<init> (68 bytes)
Event: 2.691 Thread 0x0000000016eb6800 nmethod 1538 0x00000000036f2310 code [0x00000000036f24a0, 0x00000000036f28b8]
Event: 2.693 Thread 0x0000000016eb6800 1539       3       com.android.dx.ssa.back.FirstFitLocalCombiningAllocator::getLocalItemForReg (97 bytes)
Event: 2.694 Thread 0x0000000016eb6800 nmethod 1539 0x00000000036f2a50 code [0x00000000036f2ca0, 0x00000000036f3c18]

GC Heap History (2 events):
Event: 1.983 GC heap before
{Heap before GC invocations=1 (full 0):
 PSYoungGen      total 38400K, used 33280K [0x00000000eab00000, 0x00000000ed580000, 0x0000000100000000)
  eden space 33280K, 100% used [0x00000000eab00000,0x00000000ecb80000,0x00000000ecb80000)
  from space 5120K, 0% used [0x00000000ed080000,0x00000000ed080000,0x00000000ed580000)
  to   space 5120K, 0% used [0x00000000ecb80000,0x00000000ecb80000,0x00000000ed080000)
 ParOldGen       total 87552K, used 0K [0x00000000c0000000, 0x00000000c5580000, 0x00000000eab00000)
  object space 87552K, 0% used [0x00000000c0000000,0x00000000c0000000,0x00000000c5580000)
 Metaspace       used 6083K, capacity 6966K, committed 7040K, reserved 1056768K
  class space    used 607K, capacity 622K, committed 640K, reserved 1048576K
Event: 1.992 GC heap after
Heap after GC invocations=1 (full 0):
 PSYoungGen      total 38400K, used 5119K [0x00000000eab00000, 0x00000000ed580000, 0x0000000100000000)
  eden space 33280K, 0% used [0x00000000eab00000,0x00000000eab00000,0x00000000ecb80000)
  from space 5120K, 99% used [0x00000000ecb80000,0x00000000ed07fdb0,0x00000000ed080000)
  to   space 5120K, 0% used [0x00000000ed080000,0x00000000ed080000,0x00000000ed580000)
 ParOldGen       total 87552K, used 1116K [0x00000000c0000000, 0x00000000c5580000, 0x00000000eab00000)
  object space 87552K, 1% used [0x00000000c0000000,0x00000000c0117070,0x00000000c5580000)
 Metaspace       used 6083K, capacity 6966K, committed 7040K, reserved 1056768K
  class space    used 607K, capacity 622K, committed 640K, reserved 1048576K
}

Deoptimization events (10 events):
Event: 1.384 Thread 0x00000000170c4000 Uncommon trap: reason=unstable_if action=reinterpret pc=0x0000000003448d6c method=com.android.dx.rop.code.RegisterSpecSet.put(Lcom/android/dx/rop/code/RegisterSpec;)V @ 77
Event: 1.384 Thread 0x00000000170c4000 Uncommon trap: reason=unstable_if action=reinterpret pc=0x00000000033a929c method=com.android.dx.rop.code.LocalItem.hashCode()I @ 25
Event: 1.780 Thread 0x00000000170c3800 Uncommon trap: reason=unstable_if action=reinterpret pc=0x00000000033a7fc4 method=com.android.dx.rop.code.RegisterSpec.equals(ILcom/android/dx/rop/type/TypeBearer;Lcom/android/dx/rop/code/LocalItem;)Z @ 42
Event: 1.799 Thread 0x00000000170c3800 Uncommon trap: reason=bimorphic action=maybe_recompile pc=0x00000000034e99fc method=java.util.HashMap.putVal(ILjava/lang/Object;Ljava/lang/Object;ZZ)Ljava/lang/Object; @ 91
Event: 1.799 Thread 0x00000000170c3800 Uncommon trap: reason=bimorphic action=maybe_recompile pc=0x0000000003315ca4 method=java.util.HashMap.getNode(ILjava/lang/Object;)Ljava/util/HashMap$Node; @ 126
Event: 2.109 Thread 0x00000000170c3800 Uncommon trap: reason=unstable_if action=reinterpret pc=0x0000000003613ddc method=com.android.dx.ssa.SCCP.simulateBranch(Lcom/android/dx/ssa/SsaInsn;)V @ 107
Event: 2.123 Thread 0x00000000170c3800 Uncommon trap: reason=bimorphic action=maybe_recompile pc=0x00000000034e99fc method=java.util.HashMap.putVal(ILjava/lang/Object;Ljava/lang/Object;ZZ)Ljava/lang/Object; @ 91
Event: 2.244 Thread 0x0000000002fc3000 Uncommon trap: reason=unstable_if action=reinterpret pc=0x00000000032e8850 method=java.lang.String.<init>([CII)V @ 18
Event: 2.341 Thread 0x00000000170c4000 Uncommon trap: reason=bimorphic action=maybe_recompile pc=0x00000000034e99fc method=java.util.HashMap.putVal(ILjava/lang/Object;Ljava/lang/Object;ZZ)Ljava/lang/Object; @ 91
Event: 2.341 Thread 0x00000000170c4000 Uncommon trap: reason=unstable_if action=reinterpret pc=0x000000000334b21c method=com.android.dx.rop.cst.Constant.compareTo(Lcom/android/dx/rop/cst/Constant;)I @ 12

Internal exceptions (3 events):
Event: 0.157 Thread 0x0000000002fc3000 Exception <a 'java/lang/NoSuchMethodError': Method sun.misc.Unsafe.defineClass(Ljava/lang/String;[BII)Ljava/lang/Class; name or signature does not match> (0x00000000eab07cc0) thrown at [C:\re\workspace\8-2-build-windows-amd64-cygwin\jdk8u101\7261\hotspot\s.2p›ƒ?
Event: 0.157 Thread 0x0000000002fc3000 Exception <a 'java/lang/NoSuchMethodError': Method sun.misc.Unsafe.prefetchRead(Ljava/lang/Object;J)V name or signature does not match> (0x00000000eab07fa8) thrown at [C:\re\workspace\8-2-build-windows-amd64-cygwin\jdk8u101\7261\hotspot\src\share\vm\prims\~ŒπèÕåÙ?
Event: 1.284 Thread 0x00000000170bf000 Implicit null exception at 0x000000000344abe2 to 0x000000000344acda

Events (10 events):
Event: 2.243 loading class com/android/dx/cf/attrib/AttExceptions done
Event: 2.244 Thread 0x0000000002fc3000 Uncommon trap: trap_request=0xffffff65 fr.pc=0x00000000032e8850
Event: 2.244 Thread 0x0000000002fc3000 DEOPT PACKING pc=0x00000000032e8850 sp=0x0000000002fbe6d0
Event: 2.244 Thread 0x0000000002fc3000 DEOPT UNPACKING pc=0x000000000310582a sp=0x0000000002fbe600 mode 2
Event: 2.341 Thread 0x00000000170c4000 Uncommon trap: trap_request=0xffffffc6 fr.pc=0x00000000034e99fc
Event: 2.341 Thread 0x00000000170c4000 DEOPT PACKING pc=0x00000000034e99fc sp=0x0000000017b4e730
Event: 2.341 Thread 0x00000000170c4000 DEOPT UNPACKING pc=0x000000000310582a sp=0x0000000017b4e6b8 mode 2
Event: 2.341 Thread 0x00000000170c4000 Uncommon trap: trap_request=0xffffff65 fr.pc=0x000000000334b21c
Event: 2.341 Thread 0x00000000170c4000 DEOPT PACKING pc=0x000000000334b21c sp=0x0000000017b4e450
Event: 2.341 Thread 0x00000000170c4000 DEOPT UNPACKING pc=0x000000000310582a sp=0x0000000017b4e3f0 mode 2


Dynamic libraries:
0x00007ff675020000 - 0x00007ff675057000 	C:\Program Files\Java\jdk1.8.0_101\bin\java.exe
0x00007ff95bd60000 - 0x00007ff95bf21000 	C:\WINDOWS\SYSTEM32\ntdll.dll
0x00007ff95b720000 - 0x00007ff95b7cd000 	C:\WINDOWS\system32\KERNEL32.DLL
0x00007ff958e30000 - 0x00007ff959018000 	C:\WINDOWS\system32\KERNELBASE.dll
0x00007ff959c70000 - 0x00007ff959d17000 	C:\WINDOWS\system32\ADVAPI32.dll
0x00007ff95bca0000 - 0x00007ff95bd3d000 	C:\WINDOWS\system32\msvcrt.dll
0x00007ff9592c0000 - 0x00007ff95931b000 	C:\WINDOWS\system32\sechost.dll
0x00007ff959990000 - 0x00007ff959aac000 	C:\WINDOWS\system32\RPCRT4.dll
0x00007ff959160000 - 0x00007ff9592b6000 	C:\WINDOWS\system32\USER32.dll
0x00007ff95b590000 - 0x00007ff95b716000 	C:\WINDOWS\system32\GDI32.dll
0x00007ff950530000 - 0x00007ff9507a4000 	C:\WINDOWS\WinSxS\amd64_microsoft.windows.common-controls_6595b64144ccf1df_6.0.10586.494_none_a2d8b04ea53e3145\COMCTL32.dll
0x00007ff95b810000 - 0x00007ff95ba8d000 	C:\WINDOWS\system32\combase.dll
0x00007ff959020000 - 0x00007ff95908a000 	C:\WINDOWS\system32\bcryptPrimitives.dll
0x00007ff95b7d0000 - 0x00007ff95b80b000 	C:\WINDOWS\system32\IMM32.DLL
0x00007ff958270000 - 0x00007ff9582a2000 	C:\windows\system32\nvinitx.dll
0x00007ff958260000 - 0x00007ff95826a000 	C:\WINDOWS\SYSTEM32\VERSION.dll
0x00000000725e0000 - 0x00000000726b2000 	C:\Program Files\Java\jdk1.8.0_101\jre\bin\msvcr100.dll
0x0000000072aa0000 - 0x000000007333a000 	C:\Program Files\Java\jdk1.8.0_101\jre\bin\server\jvm.dll
0x00007ff959390000 - 0x00007ff959398000 	C:\WINDOWS\system32\PSAPI.DLL
0x00007ff94b090000 - 0x00007ff94b099000 	C:\WINDOWS\SYSTEM32\WSOCK32.dll
0x00007ff959d20000 - 0x00007ff959d8b000 	C:\WINDOWS\system32\WS2_32.dll
0x00007ff956580000 - 0x00007ff9565a3000 	C:\WINDOWS\SYSTEM32\WINMM.dll
0x00007ff956550000 - 0x00007ff95657c000 	C:\WINDOWS\SYSTEM32\WINMMBASE.dll
0x00007ff959110000 - 0x00007ff959153000 	C:\WINDOWS\system32\cfgmgr32.dll
0x0000000073480000 - 0x000000007348f000 	C:\Program Files\Java\jdk1.8.0_101\jre\bin\verify.dll
0x0000000072a70000 - 0x0000000072a99000 	C:\Program Files\Java\jdk1.8.0_101\jre\bin\java.dll
0x0000000072a50000 - 0x0000000072a66000 	C:\Program Files\Java\jdk1.8.0_101\jre\bin\zip.dll
0x00007ff959d90000 - 0x00007ff95b2ec000 	C:\WINDOWS\system32\SHELL32.dll
0x00007ff958410000 - 0x00007ff958a55000 	C:\WINDOWS\system32\windows.storage.dll
0x00007ff95ba90000 - 0x00007ff95bae2000 	C:\WINDOWS\system32\shlwapi.dll
0x00007ff9583b0000 - 0x00007ff9583bf000 	C:\WINDOWS\system32\kernel.appcore.dll
0x00007ff958d70000 - 0x00007ff958e25000 	C:\WINDOWS\system32\shcore.dll
0x00007ff9583c0000 - 0x00007ff95840b000 	C:\WINDOWS\system32\powrprof.dll
0x00007ff958380000 - 0x00007ff958394000 	C:\WINDOWS\system32\profapi.dll

VM Arguments:
jvm_args: -Djava.awt.headless=true -Xmx1024M -Dfile.encoding=GBK -Duser.country=CN -Duser.language=zh -Duser.variant 
java_command: com.android.dx.command.Main --dex --num-threads=4 --output C:\Android\Android\Project\mobilesafe\app\build\intermediates\pre-dexed\debug\com.android.support-appcompat-v7-24.2.0_2790ae73e9297a51cd3bf7da9576d9f667d02ca2.jar C:\Android\Android\Project\mobilesafe\app\build\intermediates\exploded-aar\com.android.support\appcompat-v7\24.2.0\jars\classes.jar
java_class_path (initial): C:\Android\Android\sdk\build-tools\24.0.1\lib\dx.jar
Launcher Type: SUN_STANDARD

Environment Variables:
JAVA_HOME=C:\Program Files\Java\jdk1.8.0_101
CLASSPATH=.;C:\Program Files\Java\jdk1.8.0_101\lib\dt.jar;C:\Program Files\Java\jdk1.8.0_101\lib\tools.jar
PATH=C:\ProgramData\Oracle\Java\javapath;C:\Program Files (x86)\Intel\iCLS Client\;C:\Program Files\Intel\iCLS Client\;C:\windows\system32;C:\windows;C:\windows\System32\Wbem;C:\windows\System32\WindowsPowerShell\v1.0\;C:\Program Files\Intel\Intel(R) Management Engine Components\DAL;C:\Program Files\Intel\Intel(R) Management Engine Components\IPT;C:\Program Files (x86)\Intel\Intel(R) Management Engine Components\DAL;C:\Program Files (x86)\Intel\Intel(R) Management Engine Components\IPT;C:\Program Files (x86)\Lenovo\Lenovo Home\;C:\Program Files (x86)\NVIDIA Corporation\PhysX\Common;C:\WINDOWS\system32;C:\WINDOWS;C:\WINDOWS\System32\Wbem;C:\WINDOWS\System32\WindowsPowerShell\v1.0\;C:\Program Files\Java\jdk1.8.0_101\bin;C:\Program Files\Java\jdk1.8.0_101\jre\bin;C:\Android\MySQL Server 5.5\bin;C:\Android\Android\sdk\tools;C:\Android\Android\sdk\platform-tools
USERNAME=Abner
OS=Windows_NT
PROCESSOR_IDENTIFIER=Intel64 Family 6 Model 60 Stepping 3, GenuineIntel



---------------  S Y S T E M  ---------------

OS: Windows 10.0 , 64 bit Build 10586 (10.0.10586.0)

CPU:total 4 (2 cores per cpu, 2 threads per core) family 6 model 60 stepping 3, cmov, cx8, fxsr, mmx, sse, sse2, sse3, ssse3, sse4.1, sse4.2, popcnt, avx, avx2, aes, clmul, erms, lzcnt, ht, tsc, tscinvbit, bmi1, bmi2

Memory: 4k page, physical 8298776k(1462672k free), swap 9347352k(5292k free)

vm_info: Java HotSpot(TM) 64-Bit Server VM (25.101-b13) for windows-amd64 JRE (1.8.0_101-b13), built on Jun 22 2016 01:21:29 by "java_re" with MS VC++ 10.0 (VS2010)

time: Tue Aug 23 17:38:02 2016
elapsed time: 2 seconds (0d 0h 0m 2s)

