#
# There is insufficient memory for the Java Runtime Environment to continue.
# Native memory allocation (malloc) failed to allocate 32744 bytes for ChunkPool::allocate
# Possible reasons:
#   The system is out of physical RAM or swap space
#   In 32 bit mode, the process size limit was hit
# Possible solutions:
#   Reduce memory load on the system
#   Increase physical memory or swap space
#   Check if swap backing store is full
#   Use 64 bit Java on a 64 bit OS
#   Decrease Java heap size (-Xmx/-Xms)
#   Decrease number of Java threads
#   Decrease Java thread stack sizes (-Xss)
#   Set larger code cache with -XX:ReservedCodeCacheSize=
# This output file may be truncated or incomplete.
#
#  Out of Memory Error (allocation.cpp:273), pid=10524, tid=0x000000000000290c
#
# JRE version: Java(TM) SE Runtime Environment (8.0_101-b13) (build 1.8.0_101-b13)
# Java VM: Java HotSpot(TM) 64-Bit Server VM (25.101-b13 mixed mode windows-amd64 compressed oops)
# Failed to write core dump. Minidumps are not enabled by default on client versions of Windows
#

---------------  T H R E A D  ---------------

Current thread (0x000000000281e000):  JavaThread "C2 CompilerThread1" daemon [_thread_in_native, id=10508, stack(0x0000000016960000,0x0000000016a60000)]

Stack: [0x0000000016960000,0x0000000016a60000]
[error occurred during error reporting (printing stack bounds), id 0xc0000005]

Native frames: (J=compiled Java code, j=interpreted, Vv=VM code, C=native code)


Current CompileTask:
C2:   1098  390   !   4       com.android.dx.util.FixedSizeList::get0 (47 bytes)


---------------  P R O C E S S  ---------------

Java Threads: ( => current thread )
  0x000000001640c800 JavaThread "pool-1-thread-4" [_thread_blocked, id=3776, stack(0x0000000017160000,0x0000000017260000)]
  0x000000001640b800 JavaThread "pool-1-thread-3" [_thread_blocked, id=9388, stack(0x0000000017060000,0x0000000017160000)]
  0x0000000016405000 JavaThread "pool-1-thread-2" [_thread_blocked_trans, id=5164, stack(0x0000000016f60000,0x0000000017060000)]
  0x0000000016402800 JavaThread "pool-2-thread-1" [_thread_blocked, id=9564, stack(0x0000000016e60000,0x0000000016f60000)]
  0x00000000163fe000 JavaThread "pool-1-thread-1" [_thread_blocked, id=10776, stack(0x0000000016d60000,0x0000000016e60000)]
  0x00000000162c0000 JavaThread "Service Thread" daemon [_thread_blocked, id=7120, stack(0x0000000016b60000,0x0000000016c60000)]
  0x00000000162bd000 JavaThread "C1 CompilerThread2" daemon [_thread_in_native, id=8976, stack(0x0000000016a60000,0x0000000016b60000)]
=>0x000000000281e000 JavaThread "C2 CompilerThread1" daemon [_thread_in_native, id=10508, stack(0x0000000016960000,0x0000000016a60000)]
  0x000000000281a800 JavaThread "C2 CompilerThread0" daemon [_thread_blocked, id=9940, stack(0x0000000016860000,0x0000000016960000)]
  0x0000000014f02000 JavaThread "Attach Listener" daemon [_thread_blocked, id=1244, stack(0x0000000016760000,0x0000000016860000)]
  0x00000000162a3800 JavaThread "Signal Dispatcher" daemon [_thread_blocked, id=5100, stack(0x0000000016660000,0x0000000016760000)]
  0x0000000002814800 JavaThread "Finalizer" daemon [_thread_blocked, id=11052, stack(0x0000000016160000,0x0000000016260000)]
  0x000000000280f800 JavaThread "Reference Handler" daemon [_thread_blocked, id=7192, stack(0x0000000016060000,0x0000000016160000)]
  0x0000000002721000 JavaThread "main" [_thread_in_Java, id=3320, stack(0x0000000002230000,0x0000000002330000)]

Other Threads:
  0x0000000014eb8000 VMThread [stack: 0x0000000015f60000,0x0000000016060000] [id=10372]
  0x000000001630d800 WatcherThread [stack: 0x0000000016c60000,0x0000000016d60000] [id=9124]

VM state:not at safepoint (normal execution)

VM Mutex/Monitor currently owned by a thread: None

Heap:
 PSYoungGen      total 38400K, used 12918K [0x00000000eab00000, 0x00000000ed580000, 0x0000000100000000)
  eden space 33280K, 38% used [0x00000000eab00000,0x00000000eb79d938,0x00000000ecb80000)
  from space 5120K, 0% used [0x00000000ed080000,0x00000000ed080000,0x00000000ed580000)
  to   space 5120K, 0% used [0x00000000ecb80000,0x00000000ecb80000,0x00000000ed080000)
 ParOldGen       total 87552K, used 0K [0x00000000c0000000, 0x00000000c5580000, 0x00000000eab00000)
  object space 87552K, 0% used [0x00000000c0000000,0x00000000c0000000,0x00000000c5580000)
 Metaspace       used 5296K, capacity 6448K, committed 6528K, reserved 1056768K
  class space    used 576K, capacity 616K, committed 640K, reserved 1048576K

Card table byte_map: [0x0000000011be0000,0x0000000011df0000] byte_map_base: 0x00000000115e0000

Marking Bits: (ParMarkBitMap*) 0x00000000732ba6d0
 Begin Bits: [0x0000000012350000, 0x0000000013350000)
 End Bits:   [0x0000000013350000, 0x0000000014350000)

Polling page: 0x00000000007c0000

CodeCache: size=245760Kb used=1969Kb max_used=1980Kb free=243790Kb
 bounds [0x0000000002820000, 0x0000000002a90000, 0x0000000011820000]
 total_blobs=638 nmethods=375 adapters=176
 compilation: enabled

Compilation events (10 events):
Event: 1.038 Thread 0x000000000281e000  372       4       com.android.dx.rop.cst.CstType::compareTo0 (25 bytes)
Event: 1.038 Thread 0x000000000281a800  373       4       com.android.dx.util.MutabilityControl::throwIfImmutable (18 bytes)
Event: 1.038 Thread 0x000000000281a800 nmethod 373 0x0000000002a06490 code [0x0000000002a065c0, 0x0000000002a06638]
Event: 1.038 Thread 0x000000000281a800  374   !   4       com.android.dx.rop.cst.StdConstantPool::get (24 bytes)
Event: 1.038 Thread 0x00000000162bd000  375       3       com.android.dx.cf.code.ByteOps::opInfo (6 bytes)
Event: 1.038 Thread 0x00000000162bd000 nmethod 375 0x0000000002a07ad0 code [0x0000000002a07c20, 0x0000000002a07d70]
Event: 1.038 Thread 0x00000000162bd000  376   !   3       com.android.dx.cf.code.BytecodeArray::parseInstruction (2764 bytes)
Event: 1.039 Thread 0x000000000281e000 nmethod 372 0x0000000002a07610 code [0x0000000002a07760, 0x0000000002a07958]
Event: 1.039 Thread 0x000000000281a800 nmethod 374 0x0000000002a0dd10 code [0x0000000002a0de40, 0x0000000002a0def8]
Event: 1.097 Thread 0x000000000281e000  390   !   4       com.android.dx.util.FixedSizeList::get0 (47 bytes)

GC Heap History (0 events):
No events

Deoptimization events (10 events):
Event: 0.596 Thread 0x0000000016405000 Uncommon trap: reason=unstable_if action=reinterpret pc=0x00000000029cd080 method=com.android.dx.rop.cst.CstMemberRef.compareTo0(Lcom/android/dx/rop/cst/Constant;)I @ 18
Event: 0.596 Thread 0x0000000016405000 Uncommon trap: reason=unstable_if action=reinterpret pc=0x00000000029d10f8 method=com.android.dx.rop.cst.CstMemberRef.compareTo0(Lcom/android/dx/rop/cst/Constant;)I @ 18
Event: 0.926 Thread 0x000000001640b800 Uncommon trap: reason=speculate_class_check action=maybe_recompile pc=0x00000000029db8f0 method=com.android.dx.rop.cst.Constant.compareTo(Lcom/android/dx/rop/cst/Constant;)I @ 29
Event: 0.926 Thread 0x000000001640b800 Uncommon trap: reason=speculate_class_check action=maybe_recompile pc=0x00000000029db8f0 method=com.android.dx.rop.cst.Constant.compareTo(Lcom/android/dx/rop/cst/Constant;)I @ 29
Event: 0.926 Thread 0x000000001640b800 Uncommon trap: reason=speculate_class_check action=maybe_recompile pc=0x00000000029db8f0 method=com.android.dx.rop.cst.Constant.compareTo(Lcom/android/dx/rop/cst/Constant;)I @ 29
Event: 0.926 Thread 0x000000001640b800 Uncommon trap: reason=speculate_class_check action=maybe_recompile pc=0x00000000029db8f0 method=com.android.dx.rop.cst.Constant.compareTo(Lcom/android/dx/rop/cst/Constant;)I @ 29
Event: 1.037 Thread 0x000000001640b800 Uncommon trap: reason=class_check action=maybe_recompile pc=0x0000000002a051b4 method=com.android.dx.rop.cst.CstMemberRef.compareTo0(Lcom/android/dx/rop/cst/Constant;)I @ 1
Event: 1.037 Thread 0x0000000002721000 Uncommon trap: reason=class_check action=maybe_recompile pc=0x0000000002a051b4 method=com.android.dx.rop.cst.CstMemberRef.compareTo0(Lcom/android/dx/rop/cst/Constant;)I @ 1
Event: 1.037 Thread 0x0000000002721000 Uncommon trap: reason=class_check action=maybe_recompile pc=0x0000000002a051b4 method=com.android.dx.rop.cst.CstMemberRef.compareTo0(Lcom/android/dx/rop/cst/Constant;)I @ 1
Event: 1.037 Thread 0x000000001640b800 Uncommon trap: reason=class_check action=maybe_recompile pc=0x0000000002a051b4 method=com.android.dx.rop.cst.CstMemberRef.compareTo0(Lcom/android/dx/rop/cst/Constant;)I @ 1

Internal exceptions (2 events):
Event: 0.064 Thread 0x0000000002721000 Exception <a 'java/lang/NoSuchMethodError': Method sun.misc.Unsafe.defineClass(Ljava/lang/String;[BII)Ljava/lang/Class; name or signature does not match> (0x00000000eab07cc0) thrown at [C:\re\workspace\8-2-build-windows-amd64-cygwin\jdk8u101\7261\hotspot\sä-)¡.J°?
Event: 0.064 Thread 0x0000000002721000 Exception <a 'java/lang/NoSuchMethodError': Method sun.misc.Unsafe.prefetchRead(Ljava/lang/Object;J)V name or signature does not match> (0x00000000eab07fa8) thrown at [C:\re\workspace\8-2-build-windows-amd64-cygwin\jdk8u101\7261\hotspot\src\share\vm\prims\

Events (10 events):
Event: 1.037 Thread 0x0000000002721000 DEOPT PACKING pc=0x0000000002a051b4 sp=0x000000000232de30
Event: 1.037 Thread 0x0000000002721000 DEOPT UNPACKING pc=0x000000000286582a sp=0x000000000232ddb8 mode 2
Event: 1.037 Thread 0x0000000002721000 Uncommon trap: trap_request=0xffffffde fr.pc=0x0000000002a051b4
Event: 1.037 Thread 0x0000000002721000 DEOPT PACKING pc=0x0000000002a051b4 sp=0x000000000232de10
Event: 1.037 Thread 0x0000000002721000 DEOPT UNPACKING pc=0x000000000286582a sp=0x000000000232dd98 mode 2
Event: 1.037 Thread 0x000000001640b800 Uncommon trap: trap_request=0xffffffde fr.pc=0x0000000002a051b4
Event: 1.037 Thread 0x000000001640b800 DEOPT PACKING pc=0x0000000002a051b4 sp=0x000000001715ef60
Event: 1.037 Thread 0x000000001640b800 DEOPT UNPACKING pc=0x000000000286582a sp=0x000000001715eee8 mode 2
Event: 1.037 loading class com/android/dx/cf/code/BytecodeArray$ConstantParserVisitor
Event: 1.037 loading class com/android/dx/cf/code/BytecodeArray$ConstantParserVisitor done


Dynamic libraries:
0x00007ff675020000 - 0x00007ff675057000 	C:\Program Files\Java\jdk1.8.0_101\bin\java.exe
0x00007ff95bd60000 - 0x00007ff95bf21000 	C:\WINDOWS\SYSTEM32\ntdll.dll
0x00007ff95b720000 - 0x00007ff95b7cd000 	C:\WINDOWS\system32\KERNEL32.DLL
0x00007ff958e30000 - 0x00007ff959018000 	C:\WINDOWS\system32\KERNELBASE.dll
0x00007ff959c70000 - 0x00007ff959d17000 	C:\WINDOWS\system32\ADVAPI32.dll
0x00007ff95bca0000 - 0x00007ff95bd3d000 	C:\WINDOWS\system32\msvcrt.dll
0x00007ff9592c0000 - 0x00007ff95931b000 	C:\WINDOWS\system32\sechost.dll
0x00007ff959990000 - 0x00007ff959aac000 	C:\WINDOWS\system32\RPCRT4.dll
0x00007ff959160000 - 0x00007ff9592b6000 	C:\WINDOWS\system32\USER32.dll
0x00007ff95b590000 - 0x00007ff95b716000 	C:\WINDOWS\system32\GDI32.dll
0x00007ff950530000 - 0x00007ff9507a4000 	C:\WINDOWS\WinSxS\amd64_microsoft.windows.common-controls_6595b64144ccf1df_6.0.10586.494_none_a2d8b04ea53e3145\COMCTL32.dll
0x00007ff95b810000 - 0x00007ff95ba8d000 	C:\WINDOWS\system32\combase.dll
0x00007ff959020000 - 0x00007ff95908a000 	C:\WINDOWS\system32\bcryptPrimitives.dll
0x00007ff95b7d0000 - 0x00007ff95b80b000 	C:\WINDOWS\system32\IMM32.DLL
0x00007ff958270000 - 0x00007ff9582a2000 	C:\windows\system32\nvinitx.dll
0x00007ff958260000 - 0x00007ff95826a000 	C:\WINDOWS\SYSTEM32\VERSION.dll
0x00000000725e0000 - 0x00000000726b2000 	C:\Program Files\Java\jdk1.8.0_101\jre\bin\msvcr100.dll
0x0000000072aa0000 - 0x000000007333a000 	C:\Program Files\Java\jdk1.8.0_101\jre\bin\server\jvm.dll
0x00007ff959390000 - 0x00007ff959398000 	C:\WINDOWS\system32\PSAPI.DLL
0x00007ff94b090000 - 0x00007ff94b099000 	C:\WINDOWS\SYSTEM32\WSOCK32.dll
0x00007ff959d20000 - 0x00007ff959d8b000 	C:\WINDOWS\system32\WS2_32.dll
0x00007ff956580000 - 0x00007ff9565a3000 	C:\WINDOWS\SYSTEM32\WINMM.dll
0x00007ff956550000 - 0x00007ff95657c000 	C:\WINDOWS\SYSTEM32\WINMMBASE.dll
0x00007ff959110000 - 0x00007ff959153000 	C:\WINDOWS\system32\cfgmgr32.dll
0x0000000073480000 - 0x000000007348f000 	C:\Program Files\Java\jdk1.8.0_101\jre\bin\verify.dll
0x0000000072a70000 - 0x0000000072a99000 	C:\Program Files\Java\jdk1.8.0_101\jre\bin\java.dll
0x0000000072a50000 - 0x0000000072a66000 	C:\Program Files\Java\jdk1.8.0_101\jre\bin\zip.dll
0x00007ff959d90000 - 0x00007ff95b2ec000 	C:\WINDOWS\system32\SHELL32.dll
0x00007ff958410000 - 0x00007ff958a55000 	C:\WINDOWS\system32\windows.storage.dll
0x00007ff95ba90000 - 0x00007ff95bae2000 	C:\WINDOWS\system32\shlwapi.dll
0x00007ff9583b0000 - 0x00007ff9583bf000 	C:\WINDOWS\system32\kernel.appcore.dll
0x00007ff958d70000 - 0x00007ff958e25000 	C:\WINDOWS\system32\shcore.dll
0x00007ff9583c0000 - 0x00007ff95840b000 	C:\WINDOWS\system32\powrprof.dll
0x00007ff958380000 - 0x00007ff958394000 	C:\WINDOWS\system32\profapi.dll

VM Arguments:
jvm_args: -Djava.awt.headless=true -Xmx1024M -Dfile.encoding=GBK -Duser.country=CN -Duser.language=zh -Duser.variant 
java_command: com.android.dx.command.Main --dex --num-threads=4 --output C:\Android\Android\Project\mobilesafe\app\build\intermediates\pre-dexed\debug\debug_1adba705a40ef8ac22bffa745896ab7b6a0197dd.jar C:\Android\Android\Project\mobilesafe\app\build\intermediates\classes\debug
java_class_path (initial): C:\Android\Android\sdk\build-tools\24.0.1\lib\dx.jar
Launcher Type: SUN_STANDARD

Environment Variables:
JAVA_HOME=C:\Program Files\Java\jdk1.8.0_101
CLASSPATH=.;C:\Program Files\Java\jdk1.8.0_101\lib\dt.jar;C:\Program Files\Java\jdk1.8.0_101\lib\tools.jar
PATH=C:\ProgramData\Oracle\Java\javapath;C:\Program Files (x86)\Intel\iCLS Client\;C:\Program Files\Intel\iCLS Client\;C:\windows\system32;C:\windows;C:\windows\System32\Wbem;C:\windows\System32\WindowsPowerShell\v1.0\;C:\Program Files\Intel\Intel(R) Management Engine Components\DAL;C:\Program Files\Intel\Intel(R) Management Engine Components\IPT;C:\Program Files (x86)\Intel\Intel(R) Management Engine Components\DAL;C:\Program Files (x86)\Intel\Intel(R) Management Engine Components\IPT;C:\Program Files (x86)\Lenovo\Lenovo Home\;C:\Program Files (x86)\NVIDIA Corporation\PhysX\Common;C:\WINDOWS\system32;C:\WINDOWS;C:\WINDOWS\System32\Wbem;C:\WINDOWS\System32\WindowsPowerShell\v1.0\;C:\Program Files\Java\jdk1.8.0_101\bin;C:\Program Files\Java\jdk1.8.0_101\jre\bin;C:\Android\MySQL Server 5.5\bin;C:\Android\Android\sdk\tools;C:\Android\Android\sdk\platform-tools
USERNAME=Abner
OS=Windows_NT
PROCESSOR_IDENTIFIER=Intel64 Family 6 Model 60 Stepping 3, GenuineIntel



---------------  S Y S T E M  ---------------

OS: Windows 10.0 , 64 bit Build 10586 (10.0.10586.0)

CPU:total 4 (2 cores per cpu, 2 threads per core) family 6 model 60 stepping 3, cmov, cx8, fxsr, mmx, sse, sse2, sse3, ssse3, sse4.1, sse4.2, popcnt, avx, avx2, aes, clmul, erms, lzcnt, ht, tsc, tscinvbit, bmi1, bmi2

Memory: 4k page, physical 8298776k(1530876k free), swap 9347352k(2172k free)

vm_info: Java HotSpot(TM) 64-Bit Server VM (25.101-b13) for windows-amd64 JRE (1.8.0_101-b13), built on Jun 22 2016 01:21:29 by "java_re" with MS VC++ 10.0 (VS2010)

time: Tue Aug 23 17:40:08 2016
elapsed time: 1 seconds (0d 0h 0m 1s)

