#
# There is insufficient memory for the Java Runtime Environment to continue.
# Native memory allocation (malloc) failed to allocate 1048576 bytes for AllocateHeap
# Possible reasons:
#   The system is out of physical RAM or swap space
#   In 32 bit mode, the process size limit was hit
# Possible solutions:
#   Reduce memory load on the system
#   Increase physical memory or swap space
#   Check if swap backing store is full
#   Use 64 bit Java on a 64 bit OS
#   Decrease Java heap size (-Xmx/-Xms)
#   Decrease number of Java threads
#   Decrease Java thread stack sizes (-Xss)
#   Set larger code cache with -XX:ReservedCodeCacheSize=
# This output file may be truncated or incomplete.
#
#  Out of Memory Error (memory/allocation.inline.hpp:61), pid=1380, tid=0x0000000000001180
#
# JRE version:  (8.0_101-b13) (build )
# Java VM: Java HotSpot(TM) 64-Bit Server VM (25.101-b13 mixed mode windows-amd64 compressed oops)
# Failed to write core dump. Minidumps are not enabled by default on client versions of Windows
#

---------------  T H R E A D  ---------------

Current thread (0x0000000003383000):  JavaThread "Unknown thread" [_thread_in_vm, id=4480, stack(0x0000000002d50000,0x0000000002e50000)]

Stack: [0x0000000002d50000,0x0000000002e50000]
[error occurred during error reporting (printing stack bounds), id 0xc0000005]

Native frames: (J=compiled Java code, j=interpreted, Vv=VM code, C=native code)


---------------  P R O C E S S  ---------------

Java Threads: ( => current thread )

Other Threads:

=>0x0000000003383000 (exited) JavaThread "Unknown thread" [_thread_in_vm, id=4480, stack(0x0000000002d50000,0x0000000002e50000)]

VM state:not at safepoint (normal execution)

VM Mutex/Monitor currently owned by a thread: None

Heap:
 PSYoungGen      total 38400K, used 665K [0x00000000eab00000, 0x00000000ed580000, 0x0000000100000000)
  eden space 33280K, 2% used [0x00000000eab00000,0x00000000eaba6670,0x00000000ecb80000)
  from space 5120K, 0% used [0x00000000ed080000,0x00000000ed080000,0x00000000ed580000)
  to   space 5120K, 0% used [0x00000000ecb80000,0x00000000ecb80000,0x00000000ed080000)
 ParOldGen       total 87552K, used 0K [0x00000000c0000000, 0x00000000c5580000, 0x00000000eab00000)
  object space 87552K, 0% used [0x00000000c0000000,0x00000000c0000000,0x00000000c5580000)
 Metaspace       used 769K, capacity 4480K, committed 4480K, reserved 1056768K
  class space    used 75K, capacity 384K, committed 384K, reserved 1048576K

Card table byte_map: [0x0000000012840000,0x0000000012a50000] byte_map_base: 0x0000000012240000

Marking Bits: (ParMarkBitMap*) 0x000000006bc3a6d0
 Begin Bits: [0x0000000012fb0000, 0x0000000013fb0000)
 End Bits:   [0x0000000013fb0000, 0x0000000014fb0000)

Polling page: 0x00000000015b0000

CodeCache: size=245760Kb used=328Kb max_used=328Kb free=245431Kb
 bounds [0x0000000003480000, 0x00000000036f0000, 0x0000000012480000]
 total_blobs=58 nmethods=0 adapters=38
 compilation: enabled

Compilation events (0 events):
No events

GC Heap History (0 events):
No events

Deoptimization events (0 events):
No events

Internal exceptions (0 events):
No events

Events (10 events):
Event: 0.921 loading class java/lang/Short
Event: 0.921 loading class java/lang/Short done
Event: 0.921 loading class java/lang/Integer
Event: 0.951 loading class java/lang/Integer done
Event: 0.951 loading class java/lang/Long
Event: 0.952 loading class java/lang/Long done
Event: 0.955 loading class java/lang/NullPointerException
Event: 0.955 loading class java/lang/NullPointerException done
Event: 0.955 loading class java/lang/ArithmeticException
Event: 0.955 loading class java/lang/ArithmeticException done


Dynamic libraries:
0x00007ff728c90000 - 0x00007ff728cc7000 	C:\Program Files\Java\jdk1.8.0_101\bin\java.exe
0x00007fff6d1b0000 - 0x00007fff6d371000 	C:\WINDOWS\SYSTEM32\ntdll.dll
0x00007fff6cc70000 - 0x00007fff6cd1d000 	C:\WINDOWS\system32\KERNEL32.DLL
0x00007fff6a1f0000 - 0x00007fff6a3d8000 	C:\WINDOWS\system32\KERNELBASE.dll
0x00007fff6a680000 - 0x00007fff6a727000 	C:\WINDOWS\system32\ADVAPI32.dll
0x00007fff6cf80000 - 0x00007fff6d01d000 	C:\WINDOWS\system32\msvcrt.dll
0x00007fff6a610000 - 0x00007fff6a66b000 	C:\WINDOWS\system32\sechost.dll
0x00007fff6cdf0000 - 0x00007fff6cf0c000 	C:\WINDOWS\system32\RPCRT4.dll
0x00007fff6c9d0000 - 0x00007fff6cb26000 	C:\WINDOWS\system32\USER32.dll
0x00007fff6d020000 - 0x00007fff6d1a6000 	C:\WINDOWS\system32\GDI32.dll
0x00007fff61ca0000 - 0x00007fff61f14000 	C:\WINDOWS\WinSxS\amd64_microsoft.windows.common-controls_6595b64144ccf1df_6.0.10586.494_none_a2d8b04ea53e3145\COMCTL32.dll
0x00007fff6c5a0000 - 0x00007fff6c81d000 	C:\WINDOWS\system32\combase.dll
0x00007fff69860000 - 0x00007fff698ca000 	C:\WINDOWS\system32\bcryptPrimitives.dll
0x00007fff6cc30000 - 0x00007fff6cc6b000 	C:\WINDOWS\system32\IMM32.DLL
0x00007fff696c0000 - 0x00007fff696f2000 	C:\windows\system32\nvinitx.dll
0x00007fff696b0000 - 0x00007fff696ba000 	C:\WINDOWS\SYSTEM32\VERSION.dll
0x000000006ac30000 - 0x000000006ad02000 	C:\Program Files\Java\jdk1.8.0_101\jre\bin\msvcr100.dll
0x000000006b420000 - 0x000000006bcba000 	C:\Program Files\Java\jdk1.8.0_101\jre\bin\server\jvm.dll
0x00007fff6adc0000 - 0x00007fff6adc8000 	C:\WINDOWS\system32\PSAPI.DLL
0x00007fff5c520000 - 0x00007fff5c529000 	C:\WINDOWS\SYSTEM32\WSOCK32.dll
0x00007fff6cbc0000 - 0x00007fff6cc2b000 	C:\WINDOWS\system32\WS2_32.dll
0x00007fff67eb0000 - 0x00007fff67ed3000 	C:\WINDOWS\SYSTEM32\WINMM.dll
0x00007fff67e50000 - 0x00007fff67e7c000 	C:\WINDOWS\SYSTEM32\WINMMBASE.dll
0x00007fff69980000 - 0x00007fff699c3000 	C:\WINDOWS\system32\cfgmgr32.dll
0x000000006b410000 - 0x000000006b41f000 	C:\Program Files\Java\jdk1.8.0_101\jre\bin\verify.dll
0x000000006b3e0000 - 0x000000006b409000 	C:\Program Files\Java\jdk1.8.0_101\jre\bin\java.dll
0x000000006b3c0000 - 0x000000006b3d6000 	C:\Program Files\Java\jdk1.8.0_101\jre\bin\zip.dll

VM Arguments:
jvm_args: -Djava.awt.headless=true -Xmx1024M -Dfile.encoding=GBK -Duser.country=CN -Duser.language=zh -Duser.variant 
java_command: com.android.dx.command.Main --dex --force-jumbo --num-threads=4 --multi-dex --output C:\Android\Android\Project\mobilesafe\app\build\intermediates\transforms\dex\debug\folders\1000\5\slice_5 C:\Android\Android\Project\mobilesafe\app\build\intermediates\transforms\instantRunSlicer\debug\folders\1\5\slice_5
java_class_path (initial): C:\Android\Android\sdk\build-tools\24.0.1\lib\dx.jar
Launcher Type: SUN_STANDARD

Environment Variables:
JAVA_HOME=C:\Program Files\Java\jdk1.8.0_101
CLASSPATH=.;C:\Program Files\Java\jdk1.8.0_101\lib\dt.jar;C:\Program Files\Java\jdk1.8.0_101\lib\tools.jar
PATH=C:\ProgramData\Oracle\Java\javapath;C:\Program Files (x86)\Intel\iCLS Client\;C:\Program Files\Intel\iCLS Client\;C:\windows\system32;C:\windows;C:\windows\System32\Wbem;C:\windows\System32\WindowsPowerShell\v1.0\;C:\Program Files\Intel\Intel(R) Management Engine Components\DAL;C:\Program Files\Intel\Intel(R) Management Engine Components\IPT;C:\Program Files (x86)\Intel\Intel(R) Management Engine Components\DAL;C:\Program Files (x86)\Intel\Intel(R) Management Engine Components\IPT;C:\Program Files (x86)\Lenovo\Lenovo Home\;C:\Program Files (x86)\NVIDIA Corporation\PhysX\Common;C:\WINDOWS\system32;C:\WINDOWS;C:\WINDOWS\System32\Wbem;C:\WINDOWS\System32\WindowsPowerShell\v1.0\;C:\Program Files\Java\jdk1.8.0_101\bin;C:\Program Files\Java\jdk1.8.0_101\jre\bin;C:\Android\MySQL Server 5.5\bin;C:\Android\Android\sdk\tools;C:\Android\Android\sdk\platform-tools;C:\Android\TortoiseSVN\bin
USERNAME=Abner
OS=Windows_NT
PROCESSOR_IDENTIFIER=Intel64 Family 6 Model 60 Stepping 3, GenuineIntel



---------------  S Y S T E M  ---------------

OS: Windows 10.0 , 64 bit Build 10586 (10.0.10586.0)

CPU:total 4 (2 cores per cpu, 2 threads per core) family 6 model 60 stepping 3, cmov, cx8, fxsr, mmx, sse, sse2, sse3, ssse3, sse4.1, sse4.2, popcnt, avx, avx2, aes, clmul, erms, lzcnt, ht, tsc, tscinvbit, bmi1, bmi2

Memory: 4k page, physical 8298776k(2122252k free), swap 9346972k(4180k free)

vm_info: Java HotSpot(TM) 64-Bit Server VM (25.101-b13) for windows-amd64 JRE (1.8.0_101-b13), built on Jun 22 2016 01:21:29 by "java_re" with MS VC++ 10.0 (VS2010)

time: Tue Aug 23 21:35:41 2016
elapsed time: 1 seconds (0d 0h 0m 1s)

