#
# A fatal error has been detected by the Java Runtime Environment:
#
#  EXCEPTION_ACCESS_VIOLATION (0xc0000005) at pc=0x0000000051d83987, pid=11028, tid=0x00000000000015e4
#
# JRE version: Java(TM) SE Runtime Environment (8.0_101-b13) (build 1.8.0_101-b13)
# Java VM: Java HotSpot(TM) 64-Bit Server VM (25.101-b13 mixed mode windows-amd64 compressed oops)
# Problematic frame:
# V  [jvm.dll+0x213987]
#
# Failed to write core dump. Minidumps are not enabled by default on client versions of Windows
#
# If you would like to submit a bug report, please visit:
#   http://bugreport.java.com/bugreport/crash.jsp
#

---------------  T H R E A D  ---------------

Current thread (0x00000000167be000):  JavaThread "pool-1-thread-1" [_thread_in_vm, id=5604, stack(0x0000000017050000,0x0000000017150000)]

siginfo: ExceptionCode=0xc0000005, writing address 0x0000000017145e20

Registers:
RAX=0x0000000017145e20, RBX=0x0000000000000007, RCX=0x0000000000006000, RDX=0x0000000000000016
RSP=0x000000001714be20, RBP=0x0000000000000000, RSI=0x000000001714be20, RDI=0x0000000000000007
R8 =0x0000000000000016, R9 =0x00000000167c10c0, R10=0x00000000148046c0, R11=0x000000001705a160
R12=0x00000000167c10c0, R13=0x00000000167be000, R14=0x000000001714bee8, R15=0x00000000148046c0
RIP=0x0000000051d83987, EFLAGS=0x0000000000010202

Top of Stack: (sp=0x000000001714be20)
0x000000001714be20:   0000000000000000 0000000000000020
0x000000001714be30:   00000000167be000 00000000167c10c0
0x000000001714be40:   00000000ffffffff 0000000051d848b7
0x000000001714be50:   000000001714bf50 00000000148046c0
0x000000001714be60:   00000000167be000 0000000051c304e3
0x000000001714be70:   000000001714beb0 00000000167be000
0x000000001714be80:   000000001714bf40 00000000167be000
0x000000001714be90:   00000000148046c0 00000000167be000
0x000000001714bea0:   0000000002ad3200 00000000167be000
0x000000001714beb0:   00000000148046c0 00000000167be000
0x000000001714bec0:   00000000148046c0 00000000167be000
0x000000001714bed0:   0000000000000001 00000000148046c0
0x000000001714bee0:   00000000167be000 0000000016614838
0x000000001714bef0:   00000000167be000 0000000051c319cd
0x000000001714bf00:   000000001714c280 0000000100002368
0x000000001714bf10:   000000010000f688 0000000051da60c6 

Instructions: (pc=0x0000000051d83987)
0x0000000051d83967:   48 89 6c 24 30 33 ed 66 90 e8 cb 37 08 00 ff c3
0x0000000051d83977:   48 63 c8 48 8b c6 48 0f af cf 48 ff c7 48 2b c1
0x0000000051d83987:   89 28 48 63 c3 48 3b 05 3d 0d 59 00 7e db 48 8b
0x0000000051d83997:   6c 24 30 48 8b 5c 24 38 48 8b 74 24 40 48 83 c4 


Register to memory mapping:

RAX=0x0000000017145e20 is pointing into the stack for thread: 0x00000000167be000
RBX=0x0000000000000007 is an unknown value
RCX=0x0000000000006000 is an unknown value
RDX=0x0000000000000016 is an unknown value
RSP=0x000000001714be20 is pointing into the stack for thread: 0x00000000167be000
RBP=0x0000000000000000 is an unknown value
RSI=0x000000001714be20 is pointing into the stack for thread: 0x00000000167be000
RDI=0x0000000000000007 is an unknown value
R8 =0x0000000000000016 is an unknown value
R9 =0x00000000167c10c0 is an unknown value
R10={method} {0x00000000148046c8} 'loadClass' '(Ljava/lang/String;)Ljava/lang/Class;' in 'java/lang/ClassLoader'
R11=0x000000001705a160 is pointing into the stack for thread: 0x00000000167be000
R12=0x00000000167c10c0 is an unknown value
R13=0x00000000167be000 is a thread
R14=0x000000001714bee8 is pointing into the stack for thread: 0x00000000167be000
R15={method} {0x00000000148046c8} 'loadClass' '(Ljava/lang/String;)Ljava/lang/Class;' in 'java/lang/ClassLoader'


Stack: [0x0000000017050000,0x0000000017150000],  sp=0x000000001714be20,  free space=1007k
Native frames: (J=compiled Java code, j=interpreted, Vv=VM code, C=native code)

Java frames: (J=compiled Java code, j=interpreted, Vv=VM code)
j  java.lang.ClassLoader.defineClass1(Ljava/lang/String;[BIILjava/security/ProtectionDomain;Ljava/lang/String;)Ljava/lang/Class;+0
j  java.lang.ClassLoader.defineClass(Ljava/lang/String;[BIILjava/security/ProtectionDomain;)Ljava/lang/Class;+27
j  java.security.SecureClassLoader.defineClass(Ljava/lang/String;[BIILjava/security/CodeSource;)Ljava/lang/Class;+12
j  java.net.URLClassLoader.defineClass(Ljava/lang/String;Lsun/misc/Resource;)Ljava/lang/Class;+138
j  java.net.URLClassLoader.access$100(Ljava/net/URLClassLoader;Ljava/lang/String;Lsun/misc/Resource;)Ljava/lang/Class;+3
j  java.net.URLClassLoader$1.run()Ljava/lang/Class;+43
j  java.net.URLClassLoader$1.run()Ljava/lang/Object;+1
v  ~StubRoutines::call_stub
j  java.security.AccessController.doPrivileged(Ljava/security/PrivilegedExceptionAction;Ljava/security/AccessControlContext;)Ljava/lang/Object;+0
j  java.net.URLClassLoader.findClass(Ljava/lang/String;)Ljava/lang/Class;+13
J 164 C1 java.lang.ClassLoader.loadClass(Ljava/lang/String;Z)Ljava/lang/Class; (122 bytes) @ 0x0000000002c23d6c [0x0000000002c23400+0x96c]
j  sun.misc.Launcher$AppClassLoader.loadClass(Ljava/lang/String;Z)Ljava/lang/Class;+81
j  java.lang.ClassLoader.loadClass(Ljava/lang/String;)Ljava/lang/Class;+3
v  ~StubRoutines::call_stub
j  com.android.dx.dex.cf.CfTranslator.processFields(Lcom/android/dx/cf/direct/DirectClassFile;Lcom/android/dx/dex/file/ClassDefItem;Lcom/android/dx/dex/file/DexFile;)V+84
j  com.android.dx.dex.cf.CfTranslator.translate0(Lcom/android/dx/cf/direct/DirectClassFile;[BLcom/android/dx/dex/cf/CfOptions;Lcom/android/dx/dex/DexOptions;Lcom/android/dx/dex/file/DexFile;)Lcom/android/dx/dex/file/ClassDefItem;+110
j  com.android.dx.dex.cf.CfTranslator.translate(Lcom/android/dx/cf/direct/DirectClassFile;[BLcom/android/dx/dex/cf/CfOptions;Lcom/android/dx/dex/DexOptions;Lcom/android/dx/dex/file/DexFile;)Lcom/android/dx/dex/file/ClassDefItem;+6
j  com.android.dx.command.dexer.Main.translateClass([BLcom/android/dx/cf/direct/DirectClassFile;)Lcom/android/dx/dex/file/ClassDefItem;+17
j  com.android.dx.command.dexer.Main.access$2700([BLcom/android/dx/cf/direct/DirectClassFile;)Lcom/android/dx/dex/file/ClassDefItem;+2
j  com.android.dx.command.dexer.Main$ClassTranslatorTask.call()Lcom/android/dx/dex/file/ClassDefItem;+8
j  com.android.dx.command.dexer.Main$ClassTranslatorTask.call()Ljava/lang/Object;+1
j  java.util.concurrent.FutureTask.run()V+42
j  java.util.concurrent.ThreadPoolExecutor.runWorker(Ljava/util/concurrent/ThreadPoolExecutor$Worker;)V+95
j  java.util.concurrent.ThreadPoolExecutor$Worker.run()V+5
j  java.lang.Thread.run()V+11
v  ~StubRoutines::call_stub

---------------  P R O C E S S  ---------------

Java Threads: ( => current thread )
  0x00000000167e8000 JavaThread "pool-1-thread-4" [_thread_blocked, id=11232, stack(0x0000000017450000,0x0000000017550000)]
  0x00000000167e4000 JavaThread "pool-1-thread-3" [_thread_blocked, id=10892, stack(0x0000000017350000,0x0000000017450000)]
  0x00000000167e3800 JavaThread "pool-1-thread-2" [_thread_blocked, id=8100, stack(0x0000000017250000,0x0000000017350000)]
  0x00000000167db000 JavaThread "pool-2-thread-1" [_thread_blocked, id=10792, stack(0x0000000017150000,0x0000000017250000)]
=>0x00000000167be000 JavaThread "pool-1-thread-1" [_thread_in_vm, id=5604, stack(0x0000000017050000,0x0000000017150000)]
  0x00000000165b3000 JavaThread "Service Thread" daemon [_thread_blocked, id=1344, stack(0x0000000016e50000,0x0000000016f50000)]
  0x00000000165ad000 JavaThread "C1 CompilerThread2" daemon [_thread_blocked, id=11116, stack(0x0000000016d50000,0x0000000016e50000)]
  0x00000000151e9800 JavaThread "C2 CompilerThread1" daemon [_thread_blocked, id=9784, stack(0x0000000016c50000,0x0000000016d50000)]
  0x0000000016593800 JavaThread "C2 CompilerThread0" daemon [_thread_blocked, id=8708, stack(0x0000000016b50000,0x0000000016c50000)]
  0x00000000151a3000 JavaThread "Attach Listener" daemon [_thread_blocked, id=10080, stack(0x0000000016a50000,0x0000000016b50000)]
  0x00000000151a2000 JavaThread "Signal Dispatcher" daemon [_thread_blocked, id=7928, stack(0x0000000016950000,0x0000000016a50000)]
  0x000000001517a800 JavaThread "Finalizer" daemon [_thread_blocked, id=5380, stack(0x00000000163f0000,0x00000000164f0000)]
  0x0000000002aaf000 JavaThread "Reference Handler" daemon [_thread_blocked, id=8684, stack(0x00000000162f0000,0x00000000163f0000)]
  0x00000000029c2800 JavaThread "main" [_thread_blocked, id=4340, stack(0x00000000028c0000,0x00000000029c0000)]

Other Threads:
  0x0000000015158000 VMThread [stack: 0x00000000161f0000,0x00000000162f0000] [id=8364]
  0x0000000016613800 WatcherThread [stack: 0x0000000016f50000,0x0000000017050000] [id=7704]

VM state:not at safepoint (normal execution)

VM Mutex/Monitor currently owned by a thread: None

Heap:
 PSYoungGen      total 38400K, used 10651K [0x00000000eab00000, 0x00000000ed580000, 0x0000000100000000)
  eden space 33280K, 32% used [0x00000000eab00000,0x00000000eb566ce8,0x00000000ecb80000)
  from space 5120K, 0% used [0x00000000ed080000,0x00000000ed080000,0x00000000ed580000)
  to   space 5120K, 0% used [0x00000000ecb80000,0x00000000ecb80000,0x00000000ed080000)
 ParOldGen       total 87552K, used 0K [0x00000000c0000000, 0x00000000c5580000, 0x00000000eab00000)
  object space 87552K, 0% used [0x00000000c0000000,0x00000000c0000000,0x00000000c5580000)
 Metaspace       used 4264K, capacity 5296K, committed 5376K, reserved 1056768K
  class space    used 477K, capacity 488K, committed 512K, reserved 1048576K

Card table byte_map: [0x0000000011e80000,0x0000000012090000] byte_map_base: 0x0000000011880000

Marking Bits: (ParMarkBitMap*) 0x000000005238a6d0
 Begin Bits: [0x00000000125f0000, 0x00000000135f0000)
 End Bits:   [0x00000000135f0000, 0x00000000145f0000)

Polling page: 0x0000000000cb0000

CodeCache: size=245760Kb used=1721Kb max_used=1722Kb free=244038Kb
 bounds [0x0000000002ac0000, 0x0000000002d30000, 0x0000000011ac0000]
 total_blobs=539 nmethods=278 adapters=174
 compilation: enabled

Compilation events (10 events):
Event: 1.998 Thread 0x00000000165ad000 nmethod 261 0x0000000002c65250 code [0x0000000002c653c0, 0x0000000002c65588]
Event: 1.999 Thread 0x0000000016593800  262       4       java.lang.String::startsWith (7 bytes)
Event: 2.000 Thread 0x00000000151e9800 nmethod 260 0x0000000002c64d90 code [0x0000000002c64ee0, 0x0000000002c65118]
Event: 2.002 Thread 0x0000000016593800 nmethod 262 0x0000000002c64950 code [0x0000000002c64aa0, 0x0000000002c64c18]
Event: 2.003 Thread 0x00000000165ad000  263       3       java.util.jar.Attributes::getValue (9 bytes)
Event: 2.003 Thread 0x00000000165ad000 nmethod 263 0x0000000002c64090 code [0x0000000002c64200, 0x0000000002c64568]
Event: 2.008 Thread 0x00000000165ad000  264       3       java.io.FilterInputStream::<init> (10 bytes)
Event: 2.009 Thread 0x00000000165ad000 nmethod 264 0x0000000002c69ad0 code [0x0000000002c69c40, 0x0000000002c69e90]
Event: 2.013 Thread 0x00000000165ad000  265       3       java.lang.ref.SoftReference::get (29 bytes)
Event: 2.013 Thread 0x00000000165ad000 nmethod 265 0x0000000002c69710 code [0x0000000002c69860, 0x0000000002c69a50]

GC Heap History (0 events):
No events

Deoptimization events (0 events):
No events

Internal exceptions (2 events):
Event: 0.157 Thread 0x00000000029c2800 Exception <a 'java/lang/NoSuchMethodError': Method sun.misc.Unsafe.defineClass(Ljava/lang/String;[BII)Ljava/lang/Class; name or signature does not match> (0x00000000eab07cc0) thrown at [C:\re\workspace\8-2-build-windows-amd64-cygwin\jdk8u101\7261\hotspot\s<ØçÇÛ'Ä?
Event: 0.157 Thread 0x00000000029c2800 Exception <a 'java/lang/NoSuchMethodError': Method sun.misc.Unsafe.prefetchRead(Ljava/lang/Object;J)V name or signature does not match> (0x00000000eab07fa8) thrown at [C:\re\workspace\8-2-build-windows-amd64-cygwin\jdk8u101\7261\hotspot\src\share\vm\prims\

Events (10 events):
Event: 2.013 loading class java/util/TreeMap$Values
Event: 2.013 loading class java/util/TreeMap$Values done
Event: 2.013 loading class java/util/TreeMap$ValueIterator
Event: 2.013 loading class java/util/TreeMap$PrivateEntryIterator
Event: 2.013 loading class java/util/TreeMap$PrivateEntryIterator done
Event: 2.013 loading class java/util/TreeMap$ValueIterator done
Event: 2.013 loading class com/android/dx/dex/file/AnnotationItem
Event: 2.013 loading class com/android/dx/dex/file/AnnotationItem done
Event: 2.077 loading class com/android/dx/dex/file/EncodedField
Event: 2.077 loading class com/android/dx/dex/file/EncodedField done


Dynamic libraries:
0x00007ff629580000 - 0x00007ff6295b7000 	C:\Program Files\Java\jdk1.8.0_101\bin\java.exe
0x00007fff41cf0000 - 0x00007fff41eb1000 	C:\WINDOWS\SYSTEM32\ntdll.dll
0x00007fff3f520000 - 0x00007fff3f5cd000 	C:\WINDOWS\system32\KERNEL32.DLL
0x00007fff3e450000 - 0x00007fff3e638000 	C:\WINDOWS\system32\KERNELBASE.dll
0x00007fff3f1c0000 - 0x00007fff3f267000 	C:\WINDOWS\system32\ADVAPI32.dll
0x00007fff40310000 - 0x00007fff403ad000 	C:\WINDOWS\system32\msvcrt.dll
0x00007fff3fd30000 - 0x00007fff3fd8b000 	C:\WINDOWS\system32\sechost.dll
0x00007fff401e0000 - 0x00007fff402fc000 	C:\WINDOWS\system32\RPCRT4.dll
0x00007fff3fe00000 - 0x00007fff3ff56000 	C:\WINDOWS\system32\USER32.dll
0x00007fff41b60000 - 0x00007fff41ce6000 	C:\WINDOWS\system32\GDI32.dll
0x00007fff36580000 - 0x00007fff367f4000 	C:\WINDOWS\WinSxS\amd64_microsoft.windows.common-controls_6595b64144ccf1df_6.0.10586.589_none_a2ddb3caa539acce\COMCTL32.dll
0x00007fff3ff60000 - 0x00007fff401dd000 	C:\WINDOWS\system32\combase.dll
0x00007fff3ed20000 - 0x00007fff3ed8a000 	C:\WINDOWS\system32\bcryptPrimitives.dll
0x00007fff3f2d0000 - 0x00007fff3f30b000 	C:\WINDOWS\system32\IMM32.DLL
0x00007fff3e200000 - 0x00007fff3e232000 	C:\windows\system32\nvinitx.dll
0x00007fff3e1f0000 - 0x00007fff3e1fa000 	C:\WINDOWS\SYSTEM32\VERSION.dll
0x0000000052410000 - 0x00000000524e2000 	C:\Program Files\Java\jdk1.8.0_101\jre\bin\msvcr100.dll
0x0000000051b70000 - 0x000000005240a000 	C:\Program Files\Java\jdk1.8.0_101\jre\bin\server\jvm.dll
0x00007fff3fbb0000 - 0x00007fff3fbb8000 	C:\WINDOWS\system32\PSAPI.DLL
0x00007fff30580000 - 0x00007fff30589000 	C:\WINDOWS\SYSTEM32\WSOCK32.dll
0x00007fff3fd90000 - 0x00007fff3fdfb000 	C:\WINDOWS\system32\WS2_32.dll
0x00007fff3ca40000 - 0x00007fff3ca63000 	C:\WINDOWS\SYSTEM32\WINMM.dll
0x00007fff3c990000 - 0x00007fff3c9bc000 	C:\WINDOWS\SYSTEM32\WINMMBASE.dll
0x00007fff3f0a0000 - 0x00007fff3f0e3000 	C:\WINDOWS\system32\cfgmgr32.dll
0x0000000051b60000 - 0x0000000051b6f000 	C:\Program Files\Java\jdk1.8.0_101\jre\bin\verify.dll
0x0000000051b30000 - 0x0000000051b59000 	C:\Program Files\Java\jdk1.8.0_101\jre\bin\java.dll
0x0000000051b10000 - 0x0000000051b26000 	C:\Program Files\Java\jdk1.8.0_101\jre\bin\zip.dll
0x00007fff404f0000 - 0x00007fff41a4c000 	C:\WINDOWS\system32\SHELL32.dll
0x00007fff3e640000 - 0x00007fff3ec85000 	C:\WINDOWS\system32\windows.storage.dll
0x00007fff3f4c0000 - 0x00007fff3f512000 	C:\WINDOWS\system32\shlwapi.dll
0x00007fff3e360000 - 0x00007fff3e36f000 	C:\WINDOWS\system32\kernel.appcore.dll
0x00007fff3efe0000 - 0x00007fff3f095000 	C:\WINDOWS\system32\shcore.dll
0x00007fff3e310000 - 0x00007fff3e35b000 	C:\WINDOWS\system32\powrprof.dll
0x00007fff3e370000 - 0x00007fff3e384000 	C:\WINDOWS\system32\profapi.dll
0x00007fff30680000 - 0x00007fff3080c000 	C:\WINDOWS\SYSTEM32\dbghelp.dll

VM Arguments:
jvm_args: -Djava.awt.headless=true -Xmx1024M -Dfile.encoding=GBK -Duser.country=CN -Duser.language=zh -Duser.variant 
java_command: com.android.dx.command.Main --dex --force-jumbo --num-threads=4 --output C:\Android\Android\Project\mobilesafe\app\build\intermediates\pre-dexed\debug\com.android.support-support-media-compat-24.2.0_99d6ed9887da7115813682fae64eacf5198726a6.jar C:\Android\Android\Project\mobilesafe\app\build\intermediates\exploded-aar\com.android.support\support-media-compat\24.2.0\jars\classes.jar
java_class_path (initial): C:\Android\Android\androidSDK\sdk\build-tools\24.0.1\lib\dx.jar
Launcher Type: SUN_STANDARD

Environment Variables:
JAVA_HOME=C:\Program Files\Java\jdk1.8.0_101
CLASSPATH=.;C:\Program Files\Java\jdk1.8.0_101\lib\dt.jar;C:\Program Files\Java\jdk1.8.0_101\lib\tools.jar
PATH=C:\ProgramData\Oracle\Java\javapath;C:\Program Files (x86)\Intel\iCLS Client\;C:\Program Files\Intel\iCLS Client\;C:\windows\system32;C:\windows;C:\windows\System32\Wbem;C:\windows\System32\WindowsPowerShell\v1.0\;C:\Program Files\Intel\Intel(R) Management Engine Components\DAL;C:\Program Files\Intel\Intel(R) Management Engine Components\IPT;C:\Program Files (x86)\Intel\Intel(R) Management Engine Components\DAL;C:\Program Files (x86)\Intel\Intel(R) Management Engine Components\IPT;C:\Program Files (x86)\NVIDIA Corporation\PhysX\Common;C:\WINDOWS\system32;C:\WINDOWS;C:\WINDOWS\System32\Wbem;C:\WINDOWS\System32\WindowsPowerShell\v1.0\;C:\Program Files\Java\jdk1.8.0_101\bin;C:\Program Files\Java\jdk1.8.0_101\jre\bin;C:\Android\MySQL Server 5.5\bin;C:\Android\Android\sdk\tools;C:\Android\Android\sdk\platform-tools;C:\Android\TortoiseSVN\bin
USERNAME=Abner
OS=Windows_NT
PROCESSOR_IDENTIFIER=Intel64 Family 6 Model 60 Stepping 3, GenuineIntel



---------------  S Y S T E M  ---------------

OS: Windows 10.0 , 64 bit Build 10586 (10.0.10586.589)

CPU:total 4 (2 cores per cpu, 2 threads per core) family 6 model 60 stepping 3, cmov, cx8, fxsr, mmx, sse, sse2, sse3, ssse3, sse4.1, sse4.2, popcnt, avx, avx2, aes, clmul, erms, lzcnt, ht, tsc, tscinvbit, bmi1, bmi2

Memory: 4k page, physical 8298776k(777136k free), swap 9347352k(470128k free)

vm_info: Java HotSpot(TM) 64-Bit Server VM (25.101-b13) for windows-amd64 JRE (1.8.0_101-b13), built on Jun 22 2016 01:21:29 by "java_re" with MS VC++ 10.0 (VS2010)

time: Wed Sep 21 21:33:20 2016
elapsed time: 2 seconds (0d 0h 0m 2s)

