#
# There is insufficient memory for the Java Runtime Environment to continue.
# Native memory allocation (malloc) failed to allocate 788416 bytes for Chunk::new
# Possible reasons:
#   The system is out of physical RAM or swap space
#   In 32 bit mode, the process size limit was hit
# Possible solutions:
#   Reduce memory load on the system
#   Increase physical memory or swap space
#   Check if swap backing store is full
#   Use 64 bit Java on a 64 bit OS
#   Decrease Java heap size (-Xmx/-Xms)
#   Decrease number of Java threads
#   Decrease Java thread stack sizes (-Xss)
#   Set larger code cache with -XX:ReservedCodeCacheSize=
# This output file may be truncated or incomplete.
#
#  Out of Memory Error (allocation.cpp:390), pid=4968, tid=0x00000000000018f0
#
# JRE version: Java(TM) SE Runtime Environment (8.0_101-b13) (build 1.8.0_101-b13)
# Java VM: Java HotSpot(TM) 64-Bit Server VM (25.101-b13 mixed mode windows-amd64 compressed oops)
# Failed to write core dump. Minidumps are not enabled by default on client versions of Windows
#

---------------  T H R E A D  ---------------

Current thread (0x00000000158bd000):  JavaThread "C2 CompilerThread1" daemon [_thread_in_native, id=6384, stack(0x00000000172f0000,0x00000000173f0000)]

Stack: [0x00000000172f0000,0x00000000173f0000]
[error occurred during error reporting (printing stack bounds), id 0xc0000005]

Native frames: (J=compiled Java code, j=interpreted, Vv=VM code, C=native code)


Current CompileTask:
C2:   4288 1625   !   4       com.android.dx.cf.code.BytecodeArray::parseInstruction (2764 bytes)


---------------  P R O C E S S  ---------------

Java Threads: ( => current thread )
  0x0000000016edd800 JavaThread "pool-1-thread-4" [_thread_in_Java, id=10640, stack(0x0000000017af0000,0x0000000017bf0000)]
  0x0000000016ed8800 JavaThread "pool-1-thread-3" [_thread_in_Java, id=9464, stack(0x00000000179f0000,0x0000000017af0000)]
  0x0000000016ed2800 JavaThread "pool-1-thread-2" [_thread_in_Java, id=2712, stack(0x00000000178f0000,0x00000000179f0000)]
  0x0000000016e77000 JavaThread "pool-2-thread-1" [_thread_blocked, id=11012, stack(0x00000000177f0000,0x00000000178f0000)]
  0x0000000016e76800 JavaThread "pool-1-thread-1" [_thread_in_Java, id=10912, stack(0x00000000176f0000,0x00000000177f0000)]
  0x0000000016c53800 JavaThread "Service Thread" daemon [_thread_blocked, id=2532, stack(0x00000000174f0000,0x00000000175f0000)]
  0x00000000158fd800 JavaThread "C1 CompilerThread2" daemon [_thread_blocked, id=10804, stack(0x00000000173f0000,0x00000000174f0000)]
=>0x00000000158bd000 JavaThread "C2 CompilerThread1" daemon [_thread_in_native, id=6384, stack(0x00000000172f0000,0x00000000173f0000)]
  0x00000000031cc000 JavaThread "C2 CompilerThread0" daemon [_thread_in_native, id=9236, stack(0x00000000171f0000,0x00000000172f0000)]
  0x0000000016c32800 JavaThread "Attach Listener" daemon [_thread_blocked, id=2324, stack(0x00000000170f0000,0x00000000171f0000)]
  0x00000000158b2800 JavaThread "Signal Dispatcher" daemon [_thread_blocked, id=10512, stack(0x0000000016ff0000,0x00000000170f0000)]
  0x000000001588a000 JavaThread "Finalizer" daemon [_thread_blocked, id=6568, stack(0x0000000016af0000,0x0000000016bf0000)]
  0x0000000015869000 JavaThread "Reference Handler" daemon [_thread_blocked, id=9856, stack(0x00000000169f0000,0x0000000016af0000)]
  0x00000000030d3000 JavaThread "main" [_thread_in_Java, id=10580, stack(0x0000000002bc0000,0x0000000002cc0000)]

Other Threads:
  0x0000000015867800 VMThread [stack: 0x00000000168f0000,0x00000000169f0000] [id=9072]
  0x0000000016c66800 WatcherThread [stack: 0x00000000175f0000,0x00000000176f0000] [id=8232]

VM state:not at safepoint (normal execution)

VM Mutex/Monitor currently owned by a thread: None

Heap:
 PSYoungGen      total 38400K, used 29048K [0x00000000eab00000, 0x00000000ed580000, 0x0000000100000000)
  eden space 33280K, 71% used [0x00000000eab00000,0x00000000ec25ec30,0x00000000ecb80000)
  from space 5120K, 99% used [0x00000000ed080000,0x00000000ed57f6f8,0x00000000ed580000)
  to   space 5120K, 0% used [0x00000000ecb80000,0x00000000ecb80000,0x00000000ed080000)
 ParOldGen       total 87552K, used 7001K [0x00000000c0000000, 0x00000000c5580000, 0x00000000eab00000)
  object space 87552K, 7% used [0x00000000c0000000,0x00000000c06d67b0,0x00000000c5580000)
 Metaspace       used 6407K, capacity 7128K, committed 7424K, reserved 1056768K
  class space    used 628K, capacity 656K, committed 768K, reserved 1048576K

Card table byte_map: [0x0000000012590000,0x00000000127a0000] byte_map_base: 0x0000000011f90000

Marking Bits: (ParMarkBitMap*) 0x00000000732ba6d0
 Begin Bits: [0x0000000012d00000, 0x0000000013d00000)
 End Bits:   [0x0000000013d00000, 0x0000000014d00000)

Polling page: 0x0000000001370000

CodeCache: size=245760Kb used=6955Kb max_used=6955Kb free=238804Kb
 bounds [0x00000000031d0000, 0x00000000038b0000, 0x00000000121d0000]
 total_blobs=1894 nmethods=1623 adapters=184
 compilation: enabled

Compilation events (10 events):
Event: 4.137 Thread 0x00000000158fd800 1636       2       java.lang.String::lastIndexOf (151 bytes)
Event: 4.137 Thread 0x00000000158fd800 nmethod 1636 0x000000000389e090 code [0x000000000389e220, 0x000000000389e5d0]
Event: 4.138 Thread 0x00000000158fd800 1638       2       java.util.HashMap$TreeNode::find (172 bytes)
Event: 4.139 Thread 0x00000000158fd800 nmethod 1638 0x000000000389ea50 code [0x000000000389ec00, 0x000000000389f038]
Event: 4.139 Thread 0x00000000158fd800 1637       2       java.util.HashMap::comparableClassFor (105 bytes)
Event: 4.140 Thread 0x00000000158fd800 nmethod 1637 0x000000000389f310 code [0x000000000389f4c0, 0x000000000389f928]
Event: 4.141 Thread 0x00000000158fd800 1639       2       com.android.dx.dex.file.ClassDefItem::addDirectMethod (9 bytes)
Event: 4.142 Thread 0x00000000158fd800 nmethod 1639 0x000000000389fc50 code [0x000000000389fde0, 0x00000000038a0118]
Event: 4.142 Thread 0x00000000158fd800 1640       2       com.android.dx.dex.file.ClassDataItem::addDirectMethod (24 bytes)
Event: 4.143 Thread 0x00000000158fd800 nmethod 1640 0x00000000038a03d0 code [0x00000000038a0560, 0x00000000038a08b8]

GC Heap History (4 events):
Event: 1.817 GC heap before
{Heap before GC invocations=1 (full 0):
 PSYoungGen      total 38400K, used 33280K [0x00000000eab00000, 0x00000000ed580000, 0x0000000100000000)
  eden space 33280K, 100% used [0x00000000eab00000,0x00000000ecb80000,0x00000000ecb80000)
  from space 5120K, 0% used [0x00000000ed080000,0x00000000ed080000,0x00000000ed580000)
  to   space 5120K, 0% used [0x00000000ecb80000,0x00000000ecb80000,0x00000000ed080000)
 ParOldGen       total 87552K, used 0K [0x00000000c0000000, 0x00000000c5580000, 0x00000000eab00000)
  object space 87552K, 0% used [0x00000000c0000000,0x00000000c0000000,0x00000000c5580000)
 Metaspace       used 6097K, capacity 6966K, committed 7040K, reserved 1056768K
  class space    used 608K, capacity 622K, committed 640K, reserved 1048576K
Event: 2.099 GC heap after
Heap after GC invocations=1 (full 0):
 PSYoungGen      total 38400K, used 5097K [0x00000000eab00000, 0x00000000ed580000, 0x0000000100000000)
  eden space 33280K, 0% used [0x00000000eab00000,0x00000000eab00000,0x00000000ecb80000)
  from space 5120K, 99% used [0x00000000ecb80000,0x00000000ed07a6d0,0x00000000ed080000)
  to   space 5120K, 0% used [0x00000000ed080000,0x00000000ed080000,0x00000000ed580000)
 ParOldGen       total 87552K, used 1762K [0x00000000c0000000, 0x00000000c5580000, 0x00000000eab00000)
  object space 87552K, 2% used [0x00000000c0000000,0x00000000c01b8a20,0x00000000c5580000)
 Metaspace       used 6097K, capacity 6966K, committed 7040K, reserved 1056768K
  class space    used 608K, capacity 622K, committed 640K, reserved 1048576K
}
Event: 3.922 GC heap before
{Heap before GC invocations=2 (full 0):
 PSYoungGen      total 38400K, used 38377K [0x00000000eab00000, 0x00000000ed580000, 0x0000000100000000)
  eden space 33280K, 100% used [0x00000000eab00000,0x00000000ecb80000,0x00000000ecb80000)
  from space 5120K, 99% used [0x00000000ecb80000,0x00000000ed07a6d0,0x00000000ed080000)
  to   space 5120K, 0% used [0x00000000ed080000,0x00000000ed080000,0x00000000ed580000)
 ParOldGen       total 87552K, used 1762K [0x00000000c0000000, 0x00000000c5580000, 0x00000000eab00000)
  object space 87552K, 2% used [0x00000000c0000000,0x00000000c01b8a20,0x00000000c5580000)
 Metaspace       used 6391K, capacity 7128K, committed 7424K, reserved 1056768K
  class space    used 628K, capacity 656K, committed 768K, reserved 1048576K
Event: 3.986 GC heap after
Heap after GC invocations=2 (full 0):
 PSYoungGen      total 38400K, used 5117K [0x00000000eab00000, 0x00000000ed580000, 0x0000000100000000)
  eden space 33280K, 0% used [0x00000000eab00000,0x00000000eab00000,0x00000000ecb80000)
  from space 5120K, 99% used [0x00000000ed080000,0x00000000ed57f6f8,0x00000000ed580000)
  to   space 5120K, 0% used [0x00000000ecb80000,0x00000000ecb80000,0x00000000ed080000)
 ParOldGen       total 87552K, used 7001K [0x00000000c0000000, 0x00000000c5580000, 0x00000000eab00000)
  object space 87552K, 7% used [0x00000000c0000000,0x00000000c06d67b0,0x00000000c5580000)
 Metaspace       used 6391K, capacity 7128K, committed 7424K, reserved 1056768K
  class space    used 628K, capacity 656K, committed 768K, reserved 1048576K
}

Deoptimization events (10 events):
Event: 3.420 Thread 0x0000000016ed8800 Uncommon trap: reason=class_check action=maybe_recompile pc=0x00000000037c3f00 method=com.android.dx.cf.code.BytecodeArray.parseInstruction(ILcom/android/dx/cf/code/BytecodeArray$Visitor;)I @ 987
Event: 3.421 Thread 0x0000000016ed8800 Uncommon trap: reason=class_check action=maybe_recompile pc=0x00000000037c3f00 method=com.android.dx.cf.code.BytecodeArray.parseInstruction(ILcom/android/dx/cf/code/BytecodeArray$Visitor;)I @ 987
Event: 3.431 Thread 0x0000000016ed8800 Uncommon trap: reason=class_check action=maybe_recompile pc=0x00000000037c3f00 method=com.android.dx.cf.code.BytecodeArray.parseInstruction(ILcom/android/dx/cf/code/BytecodeArray$Visitor;)I @ 987
Event: 3.431 Thread 0x0000000016ed8800 Uncommon trap: reason=class_check action=maybe_recompile pc=0x00000000037c3f00 method=com.android.dx.cf.code.BytecodeArray.parseInstruction(ILcom/android/dx/cf/code/BytecodeArray$Visitor;)I @ 987
Event: 3.497 Thread 0x0000000016e76800 Uncommon trap: reason=unstable_if action=reinterpret pc=0x00000000037bbcc8 method=java.util.HashMap.resize()[Ljava/util/HashMap$Node; @ 206
Event: 3.559 Thread 0x0000000016edd800 Uncommon trap: reason=unstable_if action=reinterpret pc=0x00000000034ba3d0 method=com.android.dx.rop.code.LocalItem.hashCode()I @ 25
Event: 3.816 Thread 0x00000000030d3000 Uncommon trap: reason=unstable_if action=reinterpret pc=0x00000000036b076c method=com.android.dx.ssa.SCCP.simulateStmt(Lcom/android/dx/ssa/SsaInsn;)V @ 59
Event: 4.057 Thread 0x0000000016ed2800 Uncommon trap: reason=unstable_if action=reinterpret pc=0x00000000037bb2ec method=com.android.dx.ssa.InterferenceRegisterMapper.interferes(III)Z @ 69
Event: 4.103 Thread 0x00000000030d3000 Uncommon trap: reason=bimorphic action=maybe_recompile pc=0x000000000388c898 method=com.android.dx.cf.code.BytecodeArray.parseInstruction(ILcom/android/dx/cf/code/BytecodeArray$Visitor;)I @ 1357
Event: 4.104 Thread 0x00000000030d3000 Uncommon trap: reason=bimorphic action=maybe_recompile pc=0x000000000388c898 method=com.android.dx.cf.code.BytecodeArray.parseInstruction(ILcom/android/dx/cf/code/BytecodeArray$Visitor;)I @ 1357

Internal exceptions (6 events):
Event: 0.097 Thread 0x00000000030d3000 Exception <a 'java/lang/NoSuchMethodError': Method sun.misc.Unsafe.defineClass(Ljava/lang/String;[BII)Ljava/lang/Class; name or signature does not match> (0x00000000eab07cc0) thrown at [C:\re\workspace\8-2-build-windows-amd64-cygwin\jdk8u101\7261\hotspot\s!<hŒ¡â¸?
Event: 0.097 Thread 0x00000000030d3000 Exception <a 'java/lang/NoSuchMethodError': Method sun.misc.Unsafe.prefetchRead(Ljava/lang/Object;J)V name or signature does not match> (0x00000000eab07fa8) thrown at [C:\re\workspace\8-2-build-windows-amd64-cygwin\jdk8u101\7261\hotspot\src\share\vm\prims\ûC
¥åù@
Event: 2.747 Thread 0x0000000016ed8800 Implicit null exception at 0x00000000034c12f3 to 0x00000000034c2b89
Event: 2.802 Thread 0x0000000016ed8800 Exception <a 'java/lang/ArrayIndexOutOfBoundsException': 18> (0x00000000eb592de8) thrown at [C:\re\workspace\8-2-build-windows-amd64-cygwin\jdk8u101\7261\hotspot\src\share\vm\interpreter\interpreterRuntime.cpp, line 366]
Event: 2.803 Thread 0x0000000016ed8800 Exception <a 'java/lang/ArrayIndexOutOfBoundsException'> (0x00000000eb594968) thrown at [C:\re\workspace\8-2-build-windows-amd64-cygwin\jdk8u101\7261\hotspot\src\share\vm\runtime\sharedRuntime.cpp, line 605]
Event: 2.805 Thread 0x0000000016ed8800 Exception <a 'java/lang/ArrayIndexOutOfBoundsException'> (0x00000000eb595c50) thrown at [C:\re\workspace\8-2-build-windows-amd64-cygwin\jdk8u101\7261\hotspot\src\share\vm\runtime\sharedRuntime.cpp, line 605]

Events (10 events):
Event: 3.986 Executing VM operation: ParallelGCFailedAllocation done
Event: 4.057 Thread 0x0000000016ed2800 Uncommon trap: trap_request=0xffffff65 fr.pc=0x00000000037bb2ec
Event: 4.057 Thread 0x0000000016ed2800 DEOPT PACKING pc=0x00000000037bb2ec sp=0x00000000179eea80
Event: 4.057 Thread 0x0000000016ed2800 DEOPT UNPACKING pc=0x000000000321582a sp=0x00000000179eea10 mode 2
Event: 4.103 Thread 0x00000000030d3000 Uncommon trap: trap_request=0xffffffc6 fr.pc=0x000000000388c898
Event: 4.103 Thread 0x00000000030d3000 DEOPT PACKING pc=0x000000000388c898 sp=0x0000000002cbe160
Event: 4.103 Thread 0x00000000030d3000 DEOPT UNPACKING pc=0x000000000321582a sp=0x0000000002cbe0f0 mode 2
Event: 4.104 Thread 0x00000000030d3000 Uncommon trap: trap_request=0xffffffc6 fr.pc=0x000000000388c898
Event: 4.104 Thread 0x00000000030d3000 DEOPT PACKING pc=0x000000000388c898 sp=0x0000000002cbdfc0
Event: 4.104 Thread 0x00000000030d3000 DEOPT UNPACKING pc=0x000000000321582a sp=0x0000000002cbdf50 mode 2


Dynamic libraries:
0x00007ff675020000 - 0x00007ff675057000 	C:\Program Files\Java\jdk1.8.0_101\bin\java.exe
0x00007ff95bd60000 - 0x00007ff95bf21000 	C:\WINDOWS\SYSTEM32\ntdll.dll
0x00007ff95b720000 - 0x00007ff95b7cd000 	C:\WINDOWS\system32\KERNEL32.DLL
0x00007ff958e30000 - 0x00007ff959018000 	C:\WINDOWS\system32\KERNELBASE.dll
0x00007ff959c70000 - 0x00007ff959d17000 	C:\WINDOWS\system32\ADVAPI32.dll
0x00007ff95bca0000 - 0x00007ff95bd3d000 	C:\WINDOWS\system32\msvcrt.dll
0x00007ff9592c0000 - 0x00007ff95931b000 	C:\WINDOWS\system32\sechost.dll
0x00007ff959990000 - 0x00007ff959aac000 	C:\WINDOWS\system32\RPCRT4.dll
0x00007ff959160000 - 0x00007ff9592b6000 	C:\WINDOWS\system32\USER32.dll
0x00007ff95b590000 - 0x00007ff95b716000 	C:\WINDOWS\system32\GDI32.dll
0x00007ff950530000 - 0x00007ff9507a4000 	C:\WINDOWS\WinSxS\amd64_microsoft.windows.common-controls_6595b64144ccf1df_6.0.10586.494_none_a2d8b04ea53e3145\COMCTL32.dll
0x00007ff95b810000 - 0x00007ff95ba8d000 	C:\WINDOWS\system32\combase.dll
0x00007ff959020000 - 0x00007ff95908a000 	C:\WINDOWS\system32\bcryptPrimitives.dll
0x00007ff95b7d0000 - 0x00007ff95b80b000 	C:\WINDOWS\system32\IMM32.DLL
0x00007ff958270000 - 0x00007ff9582a2000 	C:\windows\system32\nvinitx.dll
0x00007ff958260000 - 0x00007ff95826a000 	C:\WINDOWS\SYSTEM32\VERSION.dll
0x00000000725e0000 - 0x00000000726b2000 	C:\Program Files\Java\jdk1.8.0_101\jre\bin\msvcr100.dll
0x0000000072aa0000 - 0x000000007333a000 	C:\Program Files\Java\jdk1.8.0_101\jre\bin\server\jvm.dll
0x00007ff959390000 - 0x00007ff959398000 	C:\WINDOWS\system32\PSAPI.DLL
0x00007ff94b090000 - 0x00007ff94b099000 	C:\WINDOWS\SYSTEM32\WSOCK32.dll
0x00007ff959d20000 - 0x00007ff959d8b000 	C:\WINDOWS\system32\WS2_32.dll
0x00007ff956580000 - 0x00007ff9565a3000 	C:\WINDOWS\SYSTEM32\WINMM.dll
0x00007ff956550000 - 0x00007ff95657c000 	C:\WINDOWS\SYSTEM32\WINMMBASE.dll
0x00007ff959110000 - 0x00007ff959153000 	C:\WINDOWS\system32\cfgmgr32.dll
0x0000000073480000 - 0x000000007348f000 	C:\Program Files\Java\jdk1.8.0_101\jre\bin\verify.dll
0x0000000072a70000 - 0x0000000072a99000 	C:\Program Files\Java\jdk1.8.0_101\jre\bin\java.dll
0x0000000072a50000 - 0x0000000072a66000 	C:\Program Files\Java\jdk1.8.0_101\jre\bin\zip.dll
0x00007ff959d90000 - 0x00007ff95b2ec000 	C:\WINDOWS\system32\SHELL32.dll
0x00007ff958410000 - 0x00007ff958a55000 	C:\WINDOWS\system32\windows.storage.dll
0x00007ff95ba90000 - 0x00007ff95bae2000 	C:\WINDOWS\system32\shlwapi.dll
0x00007ff9583b0000 - 0x00007ff9583bf000 	C:\WINDOWS\system32\kernel.appcore.dll
0x00007ff958d70000 - 0x00007ff958e25000 	C:\WINDOWS\system32\shcore.dll
0x00007ff9583c0000 - 0x00007ff95840b000 	C:\WINDOWS\system32\powrprof.dll
0x00007ff958380000 - 0x00007ff958394000 	C:\WINDOWS\system32\profapi.dll

VM Arguments:
jvm_args: -Djava.awt.headless=true -Xmx1024M -Dfile.encoding=GBK -Duser.country=CN -Duser.language=zh -Duser.variant 
java_command: com.android.dx.command.Main --dex --num-threads=4 --output C:\Android\Android\Project\mobilesafe\app\build\intermediates\pre-dexed\debug\com.android.support-support-core-ui-24.2.0_358fc522b91eb7662876f373c57fe860aa662ce2.jar C:\Android\Android\Project\mobilesafe\app\build\intermediates\exploded-aar\com.android.support\support-core-ui\24.2.0\jars\classes.jar
java_class_path (initial): C:\Android\Android\sdk\build-tools\24.0.1\lib\dx.jar
Launcher Type: SUN_STANDARD

Environment Variables:
JAVA_HOME=C:\Program Files\Java\jdk1.8.0_101
CLASSPATH=.;C:\Program Files\Java\jdk1.8.0_101\lib\dt.jar;C:\Program Files\Java\jdk1.8.0_101\lib\tools.jar
PATH=C:\ProgramData\Oracle\Java\javapath;C:\Program Files (x86)\Intel\iCLS Client\;C:\Program Files\Intel\iCLS Client\;C:\windows\system32;C:\windows;C:\windows\System32\Wbem;C:\windows\System32\WindowsPowerShell\v1.0\;C:\Program Files\Intel\Intel(R) Management Engine Components\DAL;C:\Program Files\Intel\Intel(R) Management Engine Components\IPT;C:\Program Files (x86)\Intel\Intel(R) Management Engine Components\DAL;C:\Program Files (x86)\Intel\Intel(R) Management Engine Components\IPT;C:\Program Files (x86)\Lenovo\Lenovo Home\;C:\Program Files (x86)\NVIDIA Corporation\PhysX\Common;C:\WINDOWS\system32;C:\WINDOWS;C:\WINDOWS\System32\Wbem;C:\WINDOWS\System32\WindowsPowerShell\v1.0\;C:\Program Files\Java\jdk1.8.0_101\bin;C:\Program Files\Java\jdk1.8.0_101\jre\bin;C:\Android\MySQL Server 5.5\bin;C:\Android\Android\sdk\tools;C:\Android\Android\sdk\platform-tools
USERNAME=Abner
OS=Windows_NT
PROCESSOR_IDENTIFIER=Intel64 Family 6 Model 60 Stepping 3, GenuineIntel



---------------  S Y S T E M  ---------------

OS: Windows 10.0 , 64 bit Build 10586 (10.0.10586.0)

CPU:total 4 (2 cores per cpu, 2 threads per core) family 6 model 60 stepping 3, cmov, cx8, fxsr, mmx, sse, sse2, sse3, ssse3, sse4.1, sse4.2, popcnt, avx, avx2, aes, clmul, erms, lzcnt, ht, tsc, tscinvbit, bmi1, bmi2

Memory: 4k page, physical 8298776k(1410692k free), swap 9347352k(5712k free)

vm_info: Java HotSpot(TM) 64-Bit Server VM (25.101-b13) for windows-amd64 JRE (1.8.0_101-b13), built on Jun 22 2016 01:21:29 by "java_re" with MS VC++ 10.0 (VS2010)

time: Tue Aug 23 17:38:08 2016
elapsed time: 4 seconds (0d 0h 0m 4s)

