#
# There is insufficient memory for the Java Runtime Environment to continue.
# Native memory allocation (malloc) failed to allocate 340096 bytes for Chunk::new
# Possible reasons:
#   The system is out of physical RAM or swap space
#   In 32 bit mode, the process size limit was hit
# Possible solutions:
#   Reduce memory load on the system
#   Increase physical memory or swap space
#   Check if swap backing store is full
#   Use 64 bit Java on a 64 bit OS
#   Decrease Java heap size (-Xmx/-Xms)
#   Decrease number of Java threads
#   Decrease Java thread stack sizes (-Xss)
#   Set larger code cache with -XX:ReservedCodeCacheSize=
# This output file may be truncated or incomplete.
#
#  Out of Memory Error (allocation.cpp:390), pid=9132, tid=0x0000000000001a1c
#
# JRE version: Java(TM) SE Runtime Environment (8.0_101-b13) (build 1.8.0_101-b13)
# Java VM: Java HotSpot(TM) 64-Bit Server VM (25.101-b13 mixed mode windows-amd64 compressed oops)
# Failed to write core dump. Minidumps are not enabled by default on client versions of Windows
#

---------------  T H R E A D  ---------------

Current thread (0x000000001681b800):  JavaThread "C2 CompilerThread1" daemon [_thread_in_native, id=6684, stack(0x0000000016bd0000,0x0000000016cd0000)]

Stack: [0x0000000016bd0000,0x0000000016cd0000]
[error occurred during error reporting (printing stack bounds), id 0xc0000005]

Native frames: (J=compiled Java code, j=interpreted, Vv=VM code, C=native code)


Current CompileTask:
C2:  14605 2410       4       java.util.TreeMap$Entry::hashCode (42 bytes)


---------------  P R O C E S S  ---------------

Java Threads: ( => current thread )
  0x000000001682d000 JavaThread "Service Thread" daemon [_thread_blocked, id=2420, stack(0x0000000016dd0000,0x0000000016ed0000)]
  0x0000000016826800 JavaThread "C1 CompilerThread2" daemon [_thread_blocked, id=8304, stack(0x0000000016cd0000,0x0000000016dd0000)]
=>0x000000001681b800 JavaThread "C2 CompilerThread1" daemon [_thread_in_native, id=6684, stack(0x0000000016bd0000,0x0000000016cd0000)]
  0x00000000151cb000 JavaThread "C2 CompilerThread0" daemon [_thread_blocked, id=2972, stack(0x00000000166d0000,0x00000000167d0000)]
  0x00000000151c9000 JavaThread "Attach Listener" daemon [_thread_blocked, id=8720, stack(0x00000000165d0000,0x00000000166d0000)]
  0x00000000151c8800 JavaThread "Signal Dispatcher" daemon [_thread_blocked, id=8256, stack(0x00000000164d0000,0x00000000165d0000)]
  0x000000001515a800 JavaThread "Finalizer" daemon [_thread_blocked, id=7420, stack(0x00000000163d0000,0x00000000164d0000)]
  0x0000000002a8f800 JavaThread "Reference Handler" daemon [_thread_blocked, id=400, stack(0x00000000162d0000,0x00000000163d0000)]
  0x00000000029a2800 JavaThread "main" [_thread_in_Java, id=8296, stack(0x00000000027a0000,0x00000000028a0000)]

Other Threads:
  0x0000000015138800 VMThread [stack: 0x00000000161d0000,0x00000000162d0000] [id=228]
  0x0000000016846800 WatcherThread [stack: 0x0000000016ed0000,0x0000000016fd0000] [id=3192]

VM state:not at safepoint (normal execution)

VM Mutex/Monitor currently owned by a thread: None

Heap:
 PSYoungGen      total 138240K, used 25120K [0x00000000eab00000, 0x00000000fe300000, 0x0000000100000000)
  eden space 133120K, 15% used [0x00000000eab00000,0x00000000ebe897d0,0x00000000f2d00000)
  from space 5120K, 99% used [0x00000000f2d00000,0x00000000f31fe8f8,0x00000000f3200000)
  to   space 26624K, 0% used [0x00000000fc900000,0x00000000fc900000,0x00000000fe300000)
 ParOldGen       total 87552K, used 45011K [0x00000000c0000000, 0x00000000c5580000, 0x00000000eab00000)
  object space 87552K, 51% used [0x00000000c0000000,0x00000000c2bf4e28,0x00000000c5580000)
 Metaspace       used 6685K, capacity 7320K, committed 7680K, reserved 1056768K
  class space    used 635K, capacity 656K, committed 768K, reserved 1048576K

Card table byte_map: [0x0000000011e60000,0x0000000012070000] byte_map_base: 0x0000000011860000

Marking Bits: (ParMarkBitMap*) 0x000000005238a6d0
 Begin Bits: [0x00000000125d0000, 0x00000000135d0000)
 End Bits:   [0x00000000135d0000, 0x00000000145d0000)

Polling page: 0x0000000002300000

CodeCache: size=245760Kb used=11686Kb max_used=11688Kb free=234073Kb
 bounds [0x0000000002aa0000, 0x0000000003620000, 0x0000000011aa0000]
 total_blobs=2572 nmethods=2300 adapters=184
 compilation: enabled

Compilation events (10 events):
Event: 14.579 Thread 0x0000000016826800 nmethod 2425 0x0000000003604e50 code [0x0000000003604fc0, 0x0000000003605258]
Event: 14.579 Thread 0x00000000151cb000 2426  s    4       com.android.dx.dex.file.TypeIdsSection::intern (60 bytes)
Event: 14.588 Thread 0x00000000151cb000 nmethod 2426 0x000000000360efd0 code [0x000000000360f160, 0x000000000360f9a8]
Event: 14.589 Thread 0x0000000016826800 2427       3       com.android.dx.dex.file.ProtoIdItem::shortFormCharFor (20 bytes)
Event: 14.589 Thread 0x0000000016826800 nmethod 2427 0x000000000360e850 code [0x000000000360e9e0, 0x000000000360ede8]
Event: 14.589 Thread 0x00000000151cb000 2428       4       java.lang.StringBuilder::append (8 bytes)
Event: 14.594 Thread 0x00000000151cb000 nmethod 2428 0x00000000036135d0 code [0x0000000003613720, 0x0000000003613a58]
Event: 14.596 Thread 0x0000000016826800 2429       3       com.android.dx.dex.file.MethodIdItem::addContents (23 bytes)
Event: 14.596 Thread 0x0000000016826800 nmethod 2429 0x0000000003612350 code [0x0000000003612520, 0x0000000003613178]
Event: 14.597 Thread 0x0000000016826800 2430       3       com.android.dx.dex.file.StringIdItem::<init> (29 bytes)

GC Heap History (10 events):
Event: 2.735 GC heap before
{Heap before GC invocations=1 (full 0):
 PSYoungGen      total 38400K, used 33280K [0x00000000eab00000, 0x00000000ed580000, 0x0000000100000000)
  eden space 33280K, 100% used [0x00000000eab00000,0x00000000ecb80000,0x00000000ecb80000)
  from space 5120K, 0% used [0x00000000ed080000,0x00000000ed080000,0x00000000ed580000)
  to   space 5120K, 0% used [0x00000000ecb80000,0x00000000ecb80000,0x00000000ed080000)
 ParOldGen       total 87552K, used 0K [0x00000000c0000000, 0x00000000c5580000, 0x00000000eab00000)
  object space 87552K, 0% used [0x00000000c0000000,0x00000000c0000000,0x00000000c5580000)
 Metaspace       used 6031K, capacity 6902K, committed 7040K, reserved 1056768K
  class space    used 607K, capacity 622K, committed 640K, reserved 1048576K
Event: 2.870 GC heap after
Heap after GC invocations=1 (full 0):
 PSYoungGen      total 38400K, used 5115K [0x00000000eab00000, 0x00000000ef600000, 0x0000000100000000)
  eden space 33280K, 0% used [0x00000000eab00000,0x00000000eab00000,0x00000000ecb80000)
  from space 5120K, 99% used [0x00000000ecb80000,0x00000000ed07eea8,0x00000000ed080000)
  to   space 5120K, 0% used [0x00000000ef100000,0x00000000ef100000,0x00000000ef600000)
 ParOldGen       total 87552K, used 1295K [0x00000000c0000000, 0x00000000c5580000, 0x00000000eab00000)
  object space 87552K, 1% used [0x00000000c0000000,0x00000000c0143ec0,0x00000000c5580000)
 Metaspace       used 6031K, capacity 6902K, committed 7040K, reserved 1056768K
  class space    used 607K, capacity 622K, committed 640K, reserved 1048576K
}
Event: 4.803 GC heap before
{Heap before GC invocations=2 (full 0):
 PSYoungGen      total 38400K, used 38395K [0x00000000eab00000, 0x00000000ef600000, 0x0000000100000000)
  eden space 33280K, 100% used [0x00000000eab00000,0x00000000ecb80000,0x00000000ecb80000)
  from space 5120K, 99% used [0x00000000ecb80000,0x00000000ed07eea8,0x00000000ed080000)
  to   space 5120K, 0% used [0x00000000ef100000,0x00000000ef100000,0x00000000ef600000)
 ParOldGen       total 87552K, used 1295K [0x00000000c0000000, 0x00000000c5580000, 0x00000000eab00000)
  object space 87552K, 1% used [0x00000000c0000000,0x00000000c0143ec0,0x00000000c5580000)
 Metaspace       used 6250K, capacity 7094K, committed 7296K, reserved 1056768K
  class space    used 608K, capacity 622K, committed 640K, reserved 1048576K
Event: 5.133 GC heap after
Heap after GC invocations=2 (full 0):
 PSYoungGen      total 71680K, used 5104K [0x00000000eab00000, 0x00000000ef600000, 0x0000000100000000)
  eden space 66560K, 0% used [0x00000000eab00000,0x00000000eab00000,0x00000000eec00000)
  from space 5120K, 99% used [0x00000000ef100000,0x00000000ef5fc0a0,0x00000000ef600000)
  to   space 5120K, 0% used [0x00000000eec00000,0x00000000eec00000,0x00000000ef100000)
 ParOldGen       total 87552K, used 5516K [0x00000000c0000000, 0x00000000c5580000, 0x00000000eab00000)
  object space 87552K, 6% used [0x00000000c0000000,0x00000000c0563178,0x00000000c5580000)
 Metaspace       used 6250K, capacity 7094K, committed 7296K, reserved 1056768K
  class space    used 608K, capacity 622K, committed 640K, reserved 1048576K
}
Event: 7.630 GC heap before
{Heap before GC invocations=3 (full 0):
 PSYoungGen      total 71680K, used 71664K [0x00000000eab00000, 0x00000000ef600000, 0x0000000100000000)
  eden space 66560K, 100% used [0x00000000eab00000,0x00000000eec00000,0x00000000eec00000)
  from space 5120K, 99% used [0x00000000ef100000,0x00000000ef5fc0a0,0x00000000ef600000)
  to   space 5120K, 0% used [0x00000000eec00000,0x00000000eec00000,0x00000000ef100000)
 ParOldGen       total 87552K, used 5516K [0x00000000c0000000, 0x00000000c5580000, 0x00000000eab00000)
  object space 87552K, 6% used [0x00000000c0000000,0x00000000c0563178,0x00000000c5580000)
 Metaspace       used 6342K, capacity 7158K, committed 7296K, reserved 1056768K
  class space    used 608K, capacity 622K, committed 640K, reserved 1048576K
Event: 7.757 GC heap after
Heap after GC invocations=3 (full 0):
 PSYoungGen      total 71680K, used 5088K [0x00000000eab00000, 0x00000000f3700000, 0x0000000100000000)
  eden space 66560K, 0% used [0x00000000eab00000,0x00000000eab00000,0x00000000eec00000)
  from space 5120K, 99% used [0x00000000eec00000,0x00000000ef0f83c0,0x00000000ef100000)
  to   space 5120K, 0% used [0x00000000f3200000,0x00000000f3200000,0x00000000f3700000)
 ParOldGen       total 87552K, used 15599K [0x00000000c0000000, 0x00000000c5580000, 0x00000000eab00000)
  object space 87552K, 17% used [0x00000000c0000000,0x00000000c0f3bcb8,0x00000000c5580000)
 Metaspace       used 6342K, capacity 7158K, committed 7296K, reserved 1056768K
  class space    used 608K, capacity 622K, committed 640K, reserved 1048576K
}
Event: 9.547 GC heap before
{Heap before GC invocations=4 (full 0):
 PSYoungGen      total 71680K, used 71648K [0x00000000eab00000, 0x00000000f3700000, 0x0000000100000000)
  eden space 66560K, 100% used [0x00000000eab00000,0x00000000eec00000,0x00000000eec00000)
  from space 5120K, 99% used [0x00000000eec00000,0x00000000ef0f83c0,0x00000000ef100000)
  to   space 5120K, 0% used [0x00000000f3200000,0x00000000f3200000,0x00000000f3700000)
 ParOldGen       total 87552K, used 15599K [0x00000000c0000000, 0x00000000c5580000, 0x00000000eab00000)
  object space 87552K, 17% used [0x00000000c0000000,0x00000000c0f3bcb8,0x00000000c5580000)
 Metaspace       used 6469K, capacity 7192K, committed 7424K, reserved 1056768K
  class space    used 628K, capacity 656K, committed 768K, reserved 1048576K
Event: 9.916 GC heap after
Heap after GC invocations=4 (full 0):
 PSYoungGen      total 138240K, used 5107K [0x00000000eab00000, 0x00000000f3700000, 0x0000000100000000)
  eden space 133120K, 0% used [0x00000000eab00000,0x00000000eab00000,0x00000000f2d00000)
  from space 5120K, 99% used [0x00000000f3200000,0x00000000f36fcfb8,0x00000000f3700000)
  to   space 5120K, 0% used [0x00000000f2d00000,0x00000000f2d00000,0x00000000f3200000)
 ParOldGen       total 87552K, used 25196K [0x00000000c0000000, 0x00000000c5580000, 0x00000000eab00000)
  object space 87552K, 28% used [0x00000000c0000000,0x00000000c189b118,0x00000000c5580000)
 Metaspace       used 6469K, capacity 7192K, committed 7424K, reserved 1056768K
  class space    used 628K, capacity 656K, committed 768K, reserved 1048576K
}
Event: 13.641 GC heap before
{Heap before GC invocations=5 (full 0):
 PSYoungGen      total 138240K, used 138227K [0x00000000eab00000, 0x00000000f3700000, 0x0000000100000000)
  eden space 133120K, 100% used [0x00000000eab00000,0x00000000f2d00000,0x00000000f2d00000)
  from space 5120K, 99% used [0x00000000f3200000,0x00000000f36fcfb8,0x00000000f3700000)
  to   space 5120K, 0% used [0x00000000f2d00000,0x00000000f2d00000,0x00000000f3200000)
 ParOldGen       total 87552K, used 25196K [0x00000000c0000000, 0x00000000c5580000, 0x00000000eab00000)
  object space 87552K, 28% used [0x00000000c0000000,0x00000000c189b118,0x00000000c5580000)
 Metaspace       used 6584K, capacity 7256K, committed 7424K, reserved 1056768K
  class space    used 629K, capacity 656K, committed 768K, reserved 1048576K
Event: 13.817 GC heap after
Heap after GC invocations=5 (full 0):
 PSYoungGen      total 138240K, used 5114K [0x00000000eab00000, 0x00000000fe300000, 0x0000000100000000)
  eden space 133120K, 0% used [0x00000000eab00000,0x00000000eab00000,0x00000000f2d00000)
  from space 5120K, 99% used [0x00000000f2d00000,0x00000000f31fe8f8,0x00000000f3200000)
  to   space 26624K, 0% used [0x00000000fc900000,0x00000000fc900000,0x00000000fe300000)
 ParOldGen       total 87552K, used 45011K [0x00000000c0000000, 0x00000000c5580000, 0x00000000eab00000)
  object space 87552K, 51% used [0x00000000c0000000,0x00000000c2bf4e28,0x00000000c5580000)
 Metaspace       used 6584K, capacity 7256K, committed 7424K, reserved 1056768K
  class space    used 629K, capacity 656K, committed 768K, reserved 1048576K
}

Deoptimization events (10 events):
Event: 12.618 Thread 0x0000000016a6e000 Uncommon trap: reason=class_check action=maybe_recompile pc=0x000000000330a02c method=com.android.dx.ssa.back.FirstFitLocalCombiningAllocator.findNextUnreservedRopReg(IILcom/android/dx/ssa/back/FirstFitLocalCombiningAllocator$Alignment;)I @ 60
Event: 13.093 Thread 0x0000000016a6f800 Uncommon trap: reason=unstable_if action=reinterpret pc=0x00000000032277c4 method=com.android.dx.rop.cst.CstNat.equals(Ljava/lang/Object;)Z @ 25
Event: 13.143 Thread 0x0000000016a69000 Uncommon trap: reason=unstable_if action=reinterpret pc=0x000000000346cfa0 method=com.android.dx.ssa.SCCP.replaceBranches()V @ 14
Event: 13.179 Thread 0x0000000016a69000 Uncommon trap: reason=unstable_if action=reinterpret pc=0x0000000003474aa0 method=com.android.dx.cf.code.ByteCatchList.listFor(I)Lcom/android/dx/cf/code/ByteCatchList; @ 47
Event: 13.257 Thread 0x0000000016a6e000 Uncommon trap: reason=bimorphic action=maybe_recompile pc=0x00000000033143ac method=com.android.dx.cf.code.BytecodeArray.parseInstruction(ILcom/android/dx/cf/code/BytecodeArray$Visitor;)I @ 1287
Event: 13.257 Thread 0x0000000016a6e000 Uncommon trap: reason=bimorphic action=maybe_recompile pc=0x00000000033143ac method=com.android.dx.cf.code.BytecodeArray.parseInstruction(ILcom/android/dx/cf/code/BytecodeArray$Visitor;)I @ 1287
Event: 13.918 Thread 0x00000000029a2800 Uncommon trap: reason=class_check action=maybe_recompile pc=0x0000000002f2c188 method=java.util.Arrays.hashCode([Ljava/lang/Object;)I @ 43
Event: 13.918 Thread 0x00000000029a2800 Uncommon trap: reason=class_check action=maybe_recompile pc=0x0000000002f2c188 method=java.util.Arrays.hashCode([Ljava/lang/Object;)I @ 43
Event: 13.918 Thread 0x00000000029a2800 Uncommon trap: reason=class_check action=maybe_recompile pc=0x0000000002f2c188 method=java.util.Arrays.hashCode([Ljava/lang/Object;)I @ 43
Event: 13.918 Thread 0x00000000029a2800 Uncommon trap: reason=class_check action=maybe_recompile pc=0x0000000002f2c188 method=java.util.Arrays.hashCode([Ljava/lang/Object;)I @ 43

Internal exceptions (5 events):
Event: 1.006 Thread 0x00000000029a2800 Exception <a 'java/lang/NoSuchMethodError': Method sun.misc.Unsafe.defineClass(Ljava/lang/String;[BII)Ljava/lang/Class; name or signature does not match> (0x00000000eab07cc0) thrown at [C:\re\workspace\8-2-build-windows-amd64-cygwin\jdk8u101\7261\hotspot\sø≈ÓKè?
Event: 1.006 Thread 0x00000000029a2800 Exception <a 'java/lang/NoSuchMethodError': Method sun.misc.Unsafe.prefetchRead(Ljava/lang/Object;J)V name or signature does not match> (0x00000000eab07fa8) thrown at [C:\re\workspace\8-2-build-windows-amd64-cygwin\jdk8u101\7261\hotspot\src\share\vm\prims\126Uv"@
Event: 9.231 Thread 0x0000000016a6e000 Exception <a 'java/lang/ArrayIndexOutOfBoundsException': 18> (0x00000000eddb26f0) thrown at [C:\re\workspace\8-2-build-windows-amd64-cygwin\jdk8u101\7261\hotspot\src\share\vm\interpreter\interpreterRuntime.cpp, line 366]
Event: 9.232 Thread 0x0000000016a6e000 Exception <a 'java/lang/ArrayIndexOutOfBoundsException'> (0x00000000eddb4270) thrown at [C:\re\workspace\8-2-build-windows-amd64-cygwin\jdk8u101\7261\hotspot\src\share\vm\runtime\sharedRuntime.cpp, line 605]
Event: 9.233 Thread 0x0000000016a6e000 Exception <a 'java/lang/ArrayIndexOutOfBoundsException'> (0x00000000eddb5558) thrown at [C:\re\workspace\8-2-build-windows-amd64-cygwin\jdk8u101\7261\hotspot\src\share\vm\runtime\sharedRuntime.cpp, line 605]

Events (10 events):
Event: 13.918 Thread 0x00000000029a2800 DEOPT PACKING pc=0x0000000002f2c188 sp=0x000000000289ec10
Event: 13.918 Thread 0x00000000029a2800 DEOPT UNPACKING pc=0x0000000002ae582a sp=0x000000000289eb40 mode 2
Event: 13.920 loading class com/android/dx/rop/cst/Zeroes
Event: 13.920 loading class com/android/dx/rop/cst/Zeroes done
Event: 13.941 loading class com/android/dx/dex/file/CatchStructs
Event: 13.941 loading class com/android/dx/dex/file/CatchStructs done
Event: 14.143 Thread 0x00000000029a2800 DEOPT PACKING pc=0x00000000035ec521 sp=0x000000000289ecf0
Event: 14.143 Thread 0x00000000029a2800 DEOPT UNPACKING pc=0x0000000002ae787f sp=0x000000000289ea80 mode 0
Event: 14.568 loading class com/android/dx/dex/file/ProtoIdItem
Event: 14.568 loading class com/android/dx/dex/file/ProtoIdItem done


Dynamic libraries:
0x00007ff629580000 - 0x00007ff6295b7000 	C:\Program Files\Java\jdk1.8.0_101\bin\java.exe
0x00007fff41cf0000 - 0x00007fff41eb1000 	C:\WINDOWS\SYSTEM32\ntdll.dll
0x00007fff3f520000 - 0x00007fff3f5cd000 	C:\WINDOWS\system32\KERNEL32.DLL
0x00007fff3e450000 - 0x00007fff3e638000 	C:\WINDOWS\system32\KERNELBASE.dll
0x00007fff3f1c0000 - 0x00007fff3f267000 	C:\WINDOWS\system32\ADVAPI32.dll
0x00007fff40310000 - 0x00007fff403ad000 	C:\WINDOWS\system32\msvcrt.dll
0x00007fff3fd30000 - 0x00007fff3fd8b000 	C:\WINDOWS\system32\sechost.dll
0x00007fff401e0000 - 0x00007fff402fc000 	C:\WINDOWS\system32\RPCRT4.dll
0x00007fff3fe00000 - 0x00007fff3ff56000 	C:\WINDOWS\system32\USER32.dll
0x00007fff41b60000 - 0x00007fff41ce6000 	C:\WINDOWS\system32\GDI32.dll
0x00007fff36580000 - 0x00007fff367f4000 	C:\WINDOWS\WinSxS\amd64_microsoft.windows.common-controls_6595b64144ccf1df_6.0.10586.589_none_a2ddb3caa539acce\COMCTL32.dll
0x00007fff3ff60000 - 0x00007fff401dd000 	C:\WINDOWS\system32\combase.dll
0x00007fff3ed20000 - 0x00007fff3ed8a000 	C:\WINDOWS\system32\bcryptPrimitives.dll
0x00007fff3f2d0000 - 0x00007fff3f30b000 	C:\WINDOWS\system32\IMM32.DLL
0x00007fff3e200000 - 0x00007fff3e232000 	C:\windows\system32\nvinitx.dll
0x00007fff3e1f0000 - 0x00007fff3e1fa000 	C:\WINDOWS\SYSTEM32\VERSION.dll
0x0000000052410000 - 0x00000000524e2000 	C:\Program Files\Java\jdk1.8.0_101\jre\bin\msvcr100.dll
0x0000000051b70000 - 0x000000005240a000 	C:\Program Files\Java\jdk1.8.0_101\jre\bin\server\jvm.dll
0x00007fff3fbb0000 - 0x00007fff3fbb8000 	C:\WINDOWS\system32\PSAPI.DLL
0x00007fff30580000 - 0x00007fff30589000 	C:\WINDOWS\SYSTEM32\WSOCK32.dll
0x00007fff3fd90000 - 0x00007fff3fdfb000 	C:\WINDOWS\system32\WS2_32.dll
0x00007fff3ca40000 - 0x00007fff3ca63000 	C:\WINDOWS\SYSTEM32\WINMM.dll
0x00007fff3c990000 - 0x00007fff3c9bc000 	C:\WINDOWS\SYSTEM32\WINMMBASE.dll
0x00007fff3f0a0000 - 0x00007fff3f0e3000 	C:\WINDOWS\system32\cfgmgr32.dll
0x0000000051b60000 - 0x0000000051b6f000 	C:\Program Files\Java\jdk1.8.0_101\jre\bin\verify.dll
0x0000000051b30000 - 0x0000000051b59000 	C:\Program Files\Java\jdk1.8.0_101\jre\bin\java.dll
0x0000000051b10000 - 0x0000000051b26000 	C:\Program Files\Java\jdk1.8.0_101\jre\bin\zip.dll
0x00007fff404f0000 - 0x00007fff41a4c000 	C:\WINDOWS\system32\SHELL32.dll
0x00007fff3e640000 - 0x00007fff3ec85000 	C:\WINDOWS\system32\windows.storage.dll
0x00007fff3f4c0000 - 0x00007fff3f512000 	C:\WINDOWS\system32\shlwapi.dll
0x00007fff3e360000 - 0x00007fff3e36f000 	C:\WINDOWS\system32\kernel.appcore.dll
0x00007fff3efe0000 - 0x00007fff3f095000 	C:\WINDOWS\system32\shcore.dll
0x00007fff3e310000 - 0x00007fff3e35b000 	C:\WINDOWS\system32\powrprof.dll
0x00007fff3e370000 - 0x00007fff3e384000 	C:\WINDOWS\system32\profapi.dll

VM Arguments:
jvm_args: -Djava.awt.headless=true -Xmx1024M -Dfile.encoding=GBK -Duser.country=CN -Duser.language=zh -Duser.variant 
java_command: com.android.dx.command.Main --dex --force-jumbo --num-threads=4 --output C:\Android\Android\Project\mobilesafe\app\build\intermediates\pre-dexed\debug\com.android.support-appcompat-v7-24.2.0_2790ae73e9297a51cd3bf7da9576d9f667d02ca2.jar C:\Android\Android\Project\mobilesafe\app\build\intermediates\exploded-aar\com.android.support\appcompat-v7\24.2.0\jars\classes.jar
java_class_path (initial): C:\Android\Android\androidSDK\sdk\build-tools\24.0.1\lib\dx.jar
Launcher Type: SUN_STANDARD

Environment Variables:
JAVA_HOME=C:\Program Files\Java\jdk1.8.0_101
CLASSPATH=.;C:\Program Files\Java\jdk1.8.0_101\lib\dt.jar;C:\Program Files\Java\jdk1.8.0_101\lib\tools.jar
PATH=C:\ProgramData\Oracle\Java\javapath;C:\Program Files (x86)\Intel\iCLS Client\;C:\Program Files\Intel\iCLS Client\;C:\windows\system32;C:\windows;C:\windows\System32\Wbem;C:\windows\System32\WindowsPowerShell\v1.0\;C:\Program Files\Intel\Intel(R) Management Engine Components\DAL;C:\Program Files\Intel\Intel(R) Management Engine Components\IPT;C:\Program Files (x86)\Intel\Intel(R) Management Engine Components\DAL;C:\Program Files (x86)\Intel\Intel(R) Management Engine Components\IPT;C:\Program Files (x86)\NVIDIA Corporation\PhysX\Common;C:\WINDOWS\system32;C:\WINDOWS;C:\WINDOWS\System32\Wbem;C:\WINDOWS\System32\WindowsPowerShell\v1.0\;C:\Program Files\Java\jdk1.8.0_101\bin;C:\Program Files\Java\jdk1.8.0_101\jre\bin;C:\Android\MySQL Server 5.5\bin;C:\Android\Android\sdk\tools;C:\Android\Android\sdk\platform-tools;C:\Android\TortoiseSVN\bin
USERNAME=Abner
OS=Windows_NT
PROCESSOR_IDENTIFIER=Intel64 Family 6 Model 60 Stepping 3, GenuineIntel



---------------  S Y S T E M  ---------------

OS: Windows 10.0 , 64 bit Build 10586 (10.0.10586.589)

CPU:total 4 (2 cores per cpu, 2 threads per core) family 6 model 60 stepping 3, cmov, cx8, fxsr, mmx, sse, sse2, sse3, ssse3, sse4.1, sse4.2, popcnt, avx, avx2, aes, clmul, erms, lzcnt, ht, tsc, tscinvbit, bmi1, bmi2

Memory: 4k page, physical 8298776k(1083140k free), swap 9347352k(4288k free)

vm_info: Java HotSpot(TM) 64-Bit Server VM (25.101-b13) for windows-amd64 JRE (1.8.0_101-b13), built on Jun 22 2016 01:21:29 by "java_re" with MS VC++ 10.0 (VS2010)

time: Wed Sep 21 19:06:19 2016
elapsed time: 14 seconds (0d 0h 0m 14s)

