#
# There is insufficient memory for the Java Runtime Environment to continue.
# Native memory allocation (malloc) failed to allocate 411840 bytes for Chunk::new
# Possible reasons:
#   The system is out of physical RAM or swap space
#   In 32 bit mode, the process size limit was hit
# Possible solutions:
#   Reduce memory load on the system
#   Increase physical memory or swap space
#   Check if swap backing store is full
#   Use 64 bit Java on a 64 bit OS
#   Decrease Java heap size (-Xmx/-Xms)
#   Decrease number of Java threads
#   Decrease Java thread stack sizes (-Xss)
#   Set larger code cache with -XX:ReservedCodeCacheSize=
# This output file may be truncated or incomplete.
#
#  Out of Memory Error (allocation.cpp:390), pid=8360, tid=0x0000000000002a78
#
# JRE version: Java(TM) SE Runtime Environment (8.0_101-b13) (build 1.8.0_101-b13)
# Java VM: Java HotSpot(TM) 64-Bit Server VM (25.101-b13 mixed mode windows-amd64 compressed oops)
# Failed to write core dump. Minidumps are not enabled by default on client versions of Windows
#

---------------  T H R E A D  ---------------

Current thread (0x0000000014ef9800):  JavaThread "C2 CompilerThread1" daemon [_thread_in_native, id=10872, stack(0x0000000016970000,0x0000000016a70000)]

Stack: [0x0000000016970000,0x0000000016a70000]
[error occurred during error reporting (printing stack bounds), id 0xc0000005]

Native frames: (J=compiled Java code, j=interpreted, Vv=VM code, C=native code)


Current CompileTask:
C2:   5256 2122       4       com.android.dx.dex.code.LocalList$MakeState::snapshot (110 bytes)


---------------  P R O C E S S  ---------------

Java Threads: ( => current thread )
  0x000000001630b000 JavaThread "Service Thread" daemon [_thread_blocked, id=1888, stack(0x0000000016b70000,0x0000000016c70000)]
  0x00000000162cd000 JavaThread "C1 CompilerThread2" daemon [_thread_blocked, id=10964, stack(0x0000000016a70000,0x0000000016b70000)]
=>0x0000000014ef9800 JavaThread "C2 CompilerThread1" daemon [_thread_in_native, id=10872, stack(0x0000000016970000,0x0000000016a70000)]
  0x00000000027ca000 JavaThread "C2 CompilerThread0" daemon [_thread_in_native, id=9912, stack(0x0000000016870000,0x0000000016970000)]
  0x0000000014eb1000 JavaThread "Attach Listener" daemon [_thread_blocked, id=7576, stack(0x0000000016770000,0x0000000016870000)]
  0x0000000014ebc000 JavaThread "Signal Dispatcher" daemon [_thread_blocked, id=5308, stack(0x0000000016670000,0x0000000016770000)]
  0x0000000014e8a000 JavaThread "Finalizer" daemon [_thread_blocked, id=6436, stack(0x0000000016110000,0x0000000016210000)]
  0x0000000014e69000 JavaThread "Reference Handler" daemon [_thread_blocked, id=1280, stack(0x0000000016010000,0x0000000016110000)]
  0x00000000026d2800 JavaThread "main" [_thread_in_Java, id=3660, stack(0x00000000025d0000,0x00000000026d0000)]

Other Threads:
  0x0000000014e67800 VMThread [stack: 0x0000000015f10000,0x0000000016010000] [id=5964]
  0x0000000016344000 WatcherThread [stack: 0x0000000016c70000,0x0000000016d70000] [id=9692]

VM state:not at safepoint (normal execution)

VM Mutex/Monitor currently owned by a thread: None

Heap:
 PSYoungGen      total 71680K, used 39467K [0x00000000eab00000, 0x00000000f3700000, 0x0000000100000000)
  eden space 66560K, 51% used [0x00000000eab00000,0x00000000ecc8df28,0x00000000eec00000)
  from space 5120K, 99% used [0x00000000eec00000,0x00000000ef0fcd68,0x00000000ef100000)
  to   space 5120K, 0% used [0x00000000f3200000,0x00000000f3200000,0x00000000f3700000)
 ParOldGen       total 87552K, used 15935K [0x00000000c0000000, 0x00000000c5580000, 0x00000000eab00000)
  object space 87552K, 18% used [0x00000000c0000000,0x00000000c0f8fc78,0x00000000c5580000)
 Metaspace       used 6741K, capacity 7416K, committed 7680K, reserved 1056768K
  class space    used 647K, capacity 688K, committed 768K, reserved 1048576K

Card table byte_map: [0x0000000011b90000,0x0000000011da0000] byte_map_base: 0x0000000011590000

Marking Bits: (ParMarkBitMap*) 0x000000005567a6d0
 Begin Bits: [0x0000000012300000, 0x0000000013300000)
 End Bits:   [0x0000000013300000, 0x0000000014300000)

Polling page: 0x00000000020d0000

CodeCache: size=245760Kb used=8219Kb max_used=8231Kb free=237540Kb
 bounds [0x00000000027d0000, 0x0000000002ff0000, 0x00000000117d0000]
 total_blobs=2339 nmethods=2067 adapters=184
 compilation: enabled

Compilation events (10 events):
Event: 5.140 Thread 0x0000000014ef9800 nmethod 2116% 0x0000000002fd9e10 code [0x0000000002fd9fc0, 0x0000000002fda778]
Event: 5.141 Thread 0x0000000014ef9800 2117       4       com.android.dx.dex.code.OutputFinisher::massageInstructions (89 bytes)
Event: 5.152 Thread 0x0000000014ef9800 nmethod 2117 0x0000000002fdbd50 code [0x0000000002fdbf00, 0x0000000002fdc6e8]
Event: 5.153 Thread 0x0000000014ef9800 2118       4       com.android.dx.util.FixedSizeList::equals (41 bytes)
Event: 5.161 Thread 0x00000000162cd000 2121       3       com.android.dx.dex.code.form.Form21h::isCompatible (121 bytes)
Event: 5.162 Thread 0x00000000162cd000 nmethod 2121 0x0000000002fde850 code [0x0000000002fdeaa0, 0x0000000002fdfe38]
Event: 5.162 Thread 0x0000000014ef9800 nmethod 2118 0x0000000002fe2410 code [0x0000000002fe25a0, 0x0000000002fe2eb8]
Event: 5.162 Thread 0x0000000014ef9800 2120       4       com.android.dx.dex.code.DalvInsnList::makeImmutable (51 bytes)
Event: 5.169 Thread 0x0000000014ef9800 nmethod 2120 0x0000000002fdb590 code [0x0000000002fdb6e0, 0x0000000002fdbab8]
Event: 5.169 Thread 0x0000000014ef9800 2122       4       com.android.dx.dex.code.LocalList$MakeState::snapshot (110 bytes)

GC Heap History (6 events):
Event: 1.073 GC heap before
{Heap before GC invocations=1 (full 0):
 PSYoungGen      total 38400K, used 33280K [0x00000000eab00000, 0x00000000ed580000, 0x0000000100000000)
  eden space 33280K, 100% used [0x00000000eab00000,0x00000000ecb80000,0x00000000ecb80000)
  from space 5120K, 0% used [0x00000000ed080000,0x00000000ed080000,0x00000000ed580000)
  to   space 5120K, 0% used [0x00000000ecb80000,0x00000000ecb80000,0x00000000ed080000)
 ParOldGen       total 87552K, used 0K [0x00000000c0000000, 0x00000000c5580000, 0x00000000eab00000)
  object space 87552K, 0% used [0x00000000c0000000,0x00000000c0000000,0x00000000c5580000)
 Metaspace       used 6079K, capacity 6966K, committed 7040K, reserved 1056768K
  class space    used 609K, capacity 622K, committed 640K, reserved 1048576K
Event: 1.087 GC heap after
Heap after GC invocations=1 (full 0):
 PSYoungGen      total 38400K, used 5101K [0x00000000eab00000, 0x00000000ef600000, 0x0000000100000000)
  eden space 33280K, 0% used [0x00000000eab00000,0x00000000eab00000,0x00000000ecb80000)
  from space 5120K, 99% used [0x00000000ecb80000,0x00000000ed07b4f8,0x00000000ed080000)
  to   space 5120K, 0% used [0x00000000ef100000,0x00000000ef100000,0x00000000ef600000)
 ParOldGen       total 87552K, used 2346K [0x00000000c0000000, 0x00000000c5580000, 0x00000000eab00000)
  object space 87552K, 2% used [0x00000000c0000000,0x00000000c024ab10,0x00000000c5580000)
 Metaspace       used 6079K, capacity 6966K, committed 7040K, reserved 1056768K
  class space    used 609K, capacity 622K, committed 640K, reserved 1048576K
}
Event: 1.491 GC heap before
{Heap before GC invocations=2 (full 0):
 PSYoungGen      total 38400K, used 38381K [0x00000000eab00000, 0x00000000ef600000, 0x0000000100000000)
  eden space 33280K, 100% used [0x00000000eab00000,0x00000000ecb80000,0x00000000ecb80000)
  from space 5120K, 99% used [0x00000000ecb80000,0x00000000ed07b4f8,0x00000000ed080000)
  to   space 5120K, 0% used [0x00000000ef100000,0x00000000ef100000,0x00000000ef600000)
 ParOldGen       total 87552K, used 2346K [0x00000000c0000000, 0x00000000c5580000, 0x00000000eab00000)
  object space 87552K, 2% used [0x00000000c0000000,0x00000000c024ab10,0x00000000c5580000)
 Metaspace       used 6346K, capacity 7128K, committed 7424K, reserved 1056768K
  class space    used 628K, capacity 656K, committed 768K, reserved 1048576K
Event: 1.507 GC heap after
Heap after GC invocations=2 (full 0):
 PSYoungGen      total 71680K, used 5103K [0x00000000eab00000, 0x00000000ef600000, 0x0000000100000000)
  eden space 66560K, 0% used [0x00000000eab00000,0x00000000eab00000,0x00000000eec00000)
  from space 5120K, 99% used [0x00000000ef100000,0x00000000ef5fbdb0,0x00000000ef600000)
  to   space 5120K, 0% used [0x00000000eec00000,0x00000000eec00000,0x00000000ef100000)
 ParOldGen       total 87552K, used 7366K [0x00000000c0000000, 0x00000000c5580000, 0x00000000eab00000)
  object space 87552K, 8% used [0x00000000c0000000,0x00000000c0731bb0,0x00000000c5580000)
 Metaspace       used 6346K, capacity 7128K, committed 7424K, reserved 1056768K
  class space    used 628K, capacity 656K, committed 768K, reserved 1048576K
}
Event: 2.240 GC heap before
{Heap before GC invocations=3 (full 0):
 PSYoungGen      total 71680K, used 71663K [0x00000000eab00000, 0x00000000ef600000, 0x0000000100000000)
  eden space 66560K, 100% used [0x00000000eab00000,0x00000000eec00000,0x00000000eec00000)
  from space 5120K, 99% used [0x00000000ef100000,0x00000000ef5fbdb0,0x00000000ef600000)
  to   space 5120K, 0% used [0x00000000eec00000,0x00000000eec00000,0x00000000ef100000)
 ParOldGen       total 87552K, used 7366K [0x00000000c0000000, 0x00000000c5580000, 0x00000000eab00000)
  object space 87552K, 8% used [0x00000000c0000000,0x00000000c0731bb0,0x00000000c5580000)
 Metaspace       used 6407K, capacity 7192K, committed 7424K, reserved 1056768K
  class space    used 628K, capacity 656K, committed 768K, reserved 1048576K
Event: 2.261 GC heap after
Heap after GC invocations=3 (full 0):
 PSYoungGen      total 71680K, used 5107K [0x00000000eab00000, 0x00000000f3700000, 0x0000000100000000)
  eden space 66560K, 0% used [0x00000000eab00000,0x00000000eab00000,0x00000000eec00000)
  from space 5120K, 99% used [0x00000000eec00000,0x00000000ef0fcd68,0x00000000ef100000)
  to   space 5120K, 0% used [0x00000000f3200000,0x00000000f3200000,0x00000000f3700000)
 ParOldGen       total 87552K, used 15935K [0x00000000c0000000, 0x00000000c5580000, 0x00000000eab00000)
  object space 87552K, 18% used [0x00000000c0000000,0x00000000c0f8fc78,0x00000000c5580000)
 Metaspace       used 6407K, capacity 7192K, committed 7424K, reserved 1056768K
  class space    used 628K, capacity 656K, committed 768K, reserved 1048576K
}

Deoptimization events (10 events):
Event: 3.328 Thread 0x00000000026d2800 Uncommon trap: reason=class_check action=maybe_recompile pc=0x0000000002c02b48 method=java.util.Arrays.hashCode([Ljava/lang/Object;)I @ 43
Event: 3.328 Thread 0x00000000026d2800 Uncommon trap: reason=class_check action=maybe_recompile pc=0x0000000002c02b48 method=java.util.Arrays.hashCode([Ljava/lang/Object;)I @ 43
Event: 3.329 Thread 0x00000000026d2800 Uncommon trap: reason=class_check action=maybe_recompile pc=0x0000000002c02b48 method=java.util.Arrays.hashCode([Ljava/lang/Object;)I @ 43
Event: 3.329 Thread 0x00000000026d2800 Uncommon trap: reason=class_check action=maybe_recompile pc=0x0000000002c02b48 method=java.util.Arrays.hashCode([Ljava/lang/Object;)I @ 43
Event: 3.338 Thread 0x00000000026d2800 Uncommon trap: reason=bimorphic action=maybe_recompile pc=0x0000000002c33a50 method=java.util.HashMap.putVal(ILjava/lang/Object;Ljava/lang/Object;ZZ)Ljava/lang/Object; @ 203
Event: 4.533 Thread 0x00000000026d2800 Uncommon trap: reason=unstable_if action=reinterpret pc=0x0000000002eecb70 method=java.util.TreeMap.put(Ljava/lang/Object;Ljava/lang/Object;)Ljava/lang/Object; @ 163
Event: 4.538 Thread 0x00000000026d2800 Uncommon trap: reason=unstable_if action=reinterpret pc=0x0000000002f47700 method=com.android.dx.dex.code.OutputFinisher.findOpcodeForInsn(Lcom/android/dx/dex/code/DalvInsn;Lcom/android/dx/dex/code/Dop;)Lcom/android/dx/dex/code/Dop; @ 1
Event: 4.559 Thread 0x00000000026d2800 Uncommon trap: reason=unstable_if action=reinterpret pc=0x0000000002f5b84c method=com.android.dx.rop.code.RegisterSpec.matchesVariable(Lcom/android/dx/rop/code/RegisterSpec;)Z @ 59
Event: 5.119 Thread 0x00000000026d2800 Uncommon trap: reason=unstable_if action=reinterpret pc=0x0000000002f7f67c method=com.android.dx.dex.code.LocalList$MakeState.filterSpec(Lcom/android/dx/rop/code/RegisterSpec;)Lcom/android/dx/rop/code/RegisterSpec; @ 11
Event: 5.119 Thread 0x00000000026d2800 Uncommon trap: reason=unstable_if action=reinterpret pc=0x0000000002f49c2c method=com.android.dx.dex.code.LocalList$MakeState.filterSpec(Lcom/android/dx/rop/code/RegisterSpec;)Lcom/android/dx/rop/code/RegisterSpec; @ 11

Internal exceptions (6 events):
Event: 0.176 Thread 0x00000000026d2800 Exception <a 'java/lang/NoSuchMethodError': Method sun.misc.Unsafe.defineClass(Ljava/lang/String;[BII)Ljava/lang/Class; name or signature does not match> (0x00000000eab07cc0) thrown at [C:\re\workspace\8-2-build-windows-amd64-cygwin\jdk8u101\7261\hotspot\sÞ¦
Event: 0.176 Thread 0x00000000026d2800 Exception <a 'java/lang/NoSuchMethodError': Method sun.misc.Unsafe.prefetchRead(Ljava/lang/Object;J)V name or signature does not match> (0x00000000eab07fa8) thrown at [C:\re\workspace\8-2-build-windows-amd64-cygwin\jdk8u101\7261\hotspot\src\share\vm\prims\yÎó‰K½ñ?
Event: 1.109 Thread 0x00000000026d2800 Exception <a 'java/lang/ArrayIndexOutOfBoundsException': 18> (0x00000000eaf399b0) thrown at [C:\re\workspace\8-2-build-windows-amd64-cygwin\jdk8u101\7261\hotspot\src\share\vm\interpreter\interpreterRuntime.cpp, line 366]
Event: 1.109 Thread 0x00000000026d2800 Exception <a 'java/lang/ArrayIndexOutOfBoundsException': 145> (0x00000000eaf3b530) thrown at [C:\re\workspace\8-2-build-windows-amd64-cygwin\jdk8u101\7261\hotspot\src\share\vm\interpreter\interpreterRuntime.cpp, line 366]
Event: 1.110 Thread 0x00000000026d2800 Exception <a 'java/lang/ArrayIndexOutOfBoundsException': 40> (0x00000000eaf3c818) thrown at [C:\re\workspace\8-2-build-windows-amd64-cygwin\jdk8u101\7261\hotspot\src\share\vm\interpreter\interpreterRuntime.cpp, line 366]
Event: 1.138 Thread 0x0000000016540000 Implicit null exception at 0x0000000002abe979 to 0x0000000002ac01b9

Events (10 events):
Event: 5.119 Thread 0x00000000026d2800 DEOPT PACKING pc=0x0000000002f49c2c sp=0x00000000026ceda0
Event: 5.119 Thread 0x00000000026d2800 DEOPT UNPACKING pc=0x000000000281582a sp=0x00000000026ced40 mode 2
Event: 5.128 Thread 0x00000000026d2800 DEOPT PACKING pc=0x0000000002f511db sp=0x00000000026cedf0
Event: 5.128 Thread 0x00000000026d2800 DEOPT UNPACKING pc=0x000000000281787f sp=0x00000000026ceb70 mode 0
Event: 5.152 Thread 0x00000000026d2800 DEOPT PACKING pc=0x0000000002f532bb sp=0x00000000026cede0
Event: 5.152 Thread 0x00000000026d2800 DEOPT UNPACKING pc=0x000000000281787f sp=0x00000000026ceb58 mode 0
Event: 5.157 Thread 0x00000000026d2800 DEOPT PACKING pc=0x0000000002f66982 sp=0x00000000026cedb0
Event: 5.157 Thread 0x00000000026d2800 DEOPT UNPACKING pc=0x000000000281787f sp=0x00000000026ceb68 mode 0
Event: 5.165 Thread 0x00000000026d2800 DEOPT PACKING pc=0x0000000002f66982 sp=0x00000000026cedb0
Event: 5.165 Thread 0x00000000026d2800 DEOPT UNPACKING pc=0x000000000281787f sp=0x00000000026ceb68 mode 0


Dynamic libraries:
0x00007ff7fc560000 - 0x00007ff7fc597000 	C:\Program Files\Java\jdk1.8.0_101\bin\java.exe
0x00007ff994f70000 - 0x00007ff995131000 	C:\WINDOWS\SYSTEM32\ntdll.dll
0x00007ff992a20000 - 0x00007ff992acd000 	C:\WINDOWS\system32\KERNEL32.DLL
0x00007ff991880000 - 0x00007ff991a68000 	C:\WINDOWS\system32\KERNELBASE.dll
0x00007ff992970000 - 0x00007ff992a17000 	C:\WINDOWS\system32\ADVAPI32.dll
0x00007ff992770000 - 0x00007ff99280d000 	C:\WINDOWS\system32\msvcrt.dll
0x00007ff994ce0000 - 0x00007ff994d3b000 	C:\WINDOWS\system32\sechost.dll
0x00007ff992370000 - 0x00007ff99248c000 	C:\WINDOWS\system32\RPCRT4.dll
0x00007ff992810000 - 0x00007ff992966000 	C:\WINDOWS\system32\USER32.dll
0x00007ff994410000 - 0x00007ff994596000 	C:\WINDOWS\system32\GDI32.dll
0x00007ff989980000 - 0x00007ff989bf4000 	C:\WINDOWS\WinSxS\amd64_microsoft.windows.common-controls_6595b64144ccf1df_6.0.10586.494_none_a2d8b04ea53e3145\COMCTL32.dll
0x00007ff994610000 - 0x00007ff99488d000 	C:\WINDOWS\system32\combase.dll
0x00007ff9917f0000 - 0x00007ff99185a000 	C:\WINDOWS\system32\bcryptPrimitives.dll
0x00007ff992540000 - 0x00007ff99257b000 	C:\WINDOWS\system32\IMM32.DLL
0x00007ff991480000 - 0x00007ff9914b2000 	C:\windows\system32\nvinitx.dll
0x00007ff991470000 - 0x00007ff99147a000 	C:\WINDOWS\SYSTEM32\VERSION.dll
0x0000000054c90000 - 0x0000000054d62000 	C:\Program Files\Java\jdk1.8.0_101\jre\bin\msvcr100.dll
0x0000000054e60000 - 0x00000000556fa000 	C:\Program Files\Java\jdk1.8.0_101\jre\bin\server\jvm.dll
0x00007ff992580000 - 0x00007ff992588000 	C:\WINDOWS\system32\PSAPI.DLL
0x00007ff984000000 - 0x00007ff984009000 	C:\WINDOWS\SYSTEM32\WSOCK32.dll
0x00007ff994030000 - 0x00007ff99409b000 	C:\WINDOWS\system32\WS2_32.dll
0x00007ff98fcf0000 - 0x00007ff98fd13000 	C:\WINDOWS\SYSTEM32\WINMM.dll
0x00007ff98fc90000 - 0x00007ff98fcbc000 	C:\WINDOWS\SYSTEM32\WINMMBASE.dll
0x00007ff992120000 - 0x00007ff992163000 	C:\WINDOWS\system32\cfgmgr32.dll
0x0000000056470000 - 0x000000005647f000 	C:\Program Files\Java\jdk1.8.0_101\jre\bin\verify.dll
0x0000000056440000 - 0x0000000056469000 	C:\Program Files\Java\jdk1.8.0_101\jre\bin\java.dll
0x0000000056420000 - 0x0000000056436000 	C:\Program Files\Java\jdk1.8.0_101\jre\bin\zip.dll
0x00007ff992ad0000 - 0x00007ff99402c000 	C:\WINDOWS\system32\SHELL32.dll
0x00007ff991ad0000 - 0x00007ff992115000 	C:\WINDOWS\system32\windows.storage.dll
0x00007ff9940a0000 - 0x00007ff9940f2000 	C:\WINDOWS\system32\shlwapi.dll
0x00007ff991610000 - 0x00007ff99161f000 	C:\WINDOWS\system32\kernel.appcore.dll
0x00007ff9922b0000 - 0x00007ff992365000 	C:\WINDOWS\system32\shcore.dll
0x00007ff9915c0000 - 0x00007ff99160b000 	C:\WINDOWS\system32\powrprof.dll
0x00007ff9915a0000 - 0x00007ff9915b4000 	C:\WINDOWS\system32\profapi.dll

VM Arguments:
jvm_args: -Djava.awt.headless=true -Xmx1024M -Dfile.encoding=GBK -Duser.country=CN -Duser.language=zh -Duser.variant 
java_command: com.android.dx.command.Main --dex --num-threads=4 --output C:\Android\Android\Project\mobilesafe\app\build\intermediates\pre-dexed\release\com.android.support-support-core-ui-24.2.0_358fc522b91eb7662876f373c57fe860aa662ce2.jar C:\Android\Android\Project\mobilesafe\app\build\intermediates\exploded-aar\com.android.support\support-core-ui\24.2.0\jars\classes.jar
java_class_path (initial): C:\Android\Android\androidSDK\sdk\build-tools\24.0.1\lib\dx.jar
Launcher Type: SUN_STANDARD

Environment Variables:
JAVA_HOME=C:\Program Files\Java\jdk1.8.0_101
CLASSPATH=.;C:\Program Files\Java\jdk1.8.0_101\lib\dt.jar;C:\Program Files\Java\jdk1.8.0_101\lib\tools.jar
PATH=C:\ProgramData\Oracle\Java\javapath;C:\Program Files (x86)\Intel\iCLS Client\;C:\Program Files\Intel\iCLS Client\;C:\windows\system32;C:\windows;C:\windows\System32\Wbem;C:\windows\System32\WindowsPowerShell\v1.0\;C:\Program Files\Intel\Intel(R) Management Engine Components\DAL;C:\Program Files\Intel\Intel(R) Management Engine Components\IPT;C:\Program Files (x86)\Intel\Intel(R) Management Engine Components\DAL;C:\Program Files (x86)\Intel\Intel(R) Management Engine Components\IPT;C:\Program Files (x86)\Lenovo\Lenovo Home\;C:\Program Files (x86)\NVIDIA Corporation\PhysX\Common;C:\WINDOWS\system32;C:\WINDOWS;C:\WINDOWS\System32\Wbem;C:\WINDOWS\System32\WindowsPowerShell\v1.0\;C:\Program Files\Java\jdk1.8.0_101\bin;C:\Program Files\Java\jdk1.8.0_101\jre\bin;C:\Android\MySQL Server 5.5\bin;C:\Android\Android\sdk\tools;C:\Android\Android\sdk\platform-tools;C:\Android\TortoiseSVN\bin
USERNAME=Abner
OS=Windows_NT
PROCESSOR_IDENTIFIER=Intel64 Family 6 Model 60 Stepping 3, GenuineIntel



---------------  S Y S T E M  ---------------

OS: Windows 10.0 , 64 bit Build 10586 (10.0.10586.0)

CPU:total 4 (2 cores per cpu, 2 threads per core) family 6 model 60 stepping 3, cmov, cx8, fxsr, mmx, sse, sse2, sse3, ssse3, sse4.1, sse4.2, popcnt, avx, avx2, aes, clmul, erms, lzcnt, ht, tsc, tscinvbit, bmi1, bmi2

Memory: 4k page, physical 8298776k(2172200k free), swap 9347352k(5216k free)

vm_info: Java HotSpot(TM) 64-Bit Server VM (25.101-b13) for windows-amd64 JRE (1.8.0_101-b13), built on Jun 22 2016 01:21:29 by "java_re" with MS VC++ 10.0 (VS2010)

time: Thu Aug 25 18:27:19 2016
elapsed time: 5 seconds (0d 0h 0m 5s)

