#
# There is insufficient memory for the Java Runtime Environment to continue.
# Native memory allocation (malloc) failed to allocate 365936 bytes for Chunk::new
# Possible reasons:
#   The system is out of physical RAM or swap space
#   In 32 bit mode, the process size limit was hit
# Possible solutions:
#   Reduce memory load on the system
#   Increase physical memory or swap space
#   Check if swap backing store is full
#   Use 64 bit Java on a 64 bit OS
#   Decrease Java heap size (-Xmx/-Xms)
#   Decrease number of Java threads
#   Decrease Java thread stack sizes (-Xss)
#   Set larger code cache with -XX:ReservedCodeCacheSize=
# This output file may be truncated or incomplete.
#
#  Out of Memory Error (allocation.cpp:390), pid=3012, tid=0x0000000000001968
#
# JRE version: Java(TM) SE Runtime Environment (8.0_101-b13) (build 1.8.0_101-b13)
# Java VM: Java HotSpot(TM) 64-Bit Server VM (25.101-b13 mixed mode windows-amd64 compressed oops)
# Failed to write core dump. Minidumps are not enabled by default on client versions of Windows
#

---------------  T H R E A D  ---------------

Current thread (0x0000000002a4d000):  JavaThread "C2 CompilerThread1" daemon [_thread_in_native, id=6504, stack(0x0000000016bb0000,0x0000000016cb0000)]

Stack: [0x0000000016bb0000,0x0000000016cb0000]
[error occurred during error reporting (printing stack bounds), id 0xc0000005]

Native frames: (J=compiled Java code, j=interpreted, Vv=VM code, C=native code)


Current CompileTask:
C2:   2973 1643   !   4       com.android.dx.cf.cst.ConstantPoolParser::parse0 (731 bytes)


---------------  P R O C E S S  ---------------

Java Threads: ( => current thread )
  0x000000001651b000 JavaThread "Service Thread" daemon [_thread_blocked, id=9764, stack(0x0000000016db0000,0x0000000016eb0000)]
  0x0000000016515000 JavaThread "C1 CompilerThread2" daemon [_thread_blocked, id=9560, stack(0x0000000016cb0000,0x0000000016db0000)]
=>0x0000000002a4d000 JavaThread "C2 CompilerThread1" daemon [_thread_in_native, id=6504, stack(0x0000000016bb0000,0x0000000016cb0000)]
  0x0000000002a4a000 JavaThread "C2 CompilerThread0" daemon [_thread_blocked, id=10096, stack(0x0000000016ab0000,0x0000000016bb0000)]
  0x0000000015130800 JavaThread "Attach Listener" daemon [_thread_blocked, id=3348, stack(0x00000000169b0000,0x0000000016ab0000)]
  0x000000001513b800 JavaThread "Signal Dispatcher" daemon [_thread_blocked, id=2316, stack(0x00000000168b0000,0x00000000169b0000)]
  0x000000001510a800 JavaThread "Finalizer" daemon [_thread_blocked, id=6924, stack(0x00000000163b0000,0x00000000164b0000)]
  0x0000000002a3f800 JavaThread "Reference Handler" daemon [_thread_blocked, id=5232, stack(0x00000000162b0000,0x00000000163b0000)]
  0x0000000002953000 JavaThread "main" [_thread_in_vm, id=10204, stack(0x0000000002850000,0x0000000002950000)]

Other Threads:
  0x00000000150e8800 VMThread [stack: 0x00000000161b0000,0x00000000162b0000] [id=9456]
  0x000000001653d000 WatcherThread [stack: 0x0000000016eb0000,0x0000000016fb0000] [id=1592]

VM state:not at safepoint (normal execution)

VM Mutex/Monitor currently owned by a thread: None

Heap:
 PSYoungGen      total 38400K, used 30082K [0x00000000eab00000, 0x00000000ed580000, 0x0000000100000000)
  eden space 33280K, 75% used [0x00000000eab00000,0x00000000ec360df0,0x00000000ecb80000)
  from space 5120K, 99% used [0x00000000ed080000,0x00000000ed57fca8,0x00000000ed580000)
  to   space 5120K, 0% used [0x00000000ecb80000,0x00000000ecb80000,0x00000000ed080000)
 ParOldGen       total 87552K, used 5273K [0x00000000c0000000, 0x00000000c5580000, 0x00000000eab00000)
  object space 87552K, 6% used [0x00000000c0000000,0x00000000c0526768,0x00000000c5580000)
 Metaspace       used 6484K, capacity 7256K, committed 7424K, reserved 1056768K
  class space    used 622K, capacity 656K, committed 768K, reserved 1048576K

Card table byte_map: [0x0000000011e10000,0x0000000012020000] byte_map_base: 0x0000000011810000

Marking Bits: (ParMarkBitMap*) 0x000000006b91a6d0
 Begin Bits: [0x0000000012580000, 0x0000000013580000)
 End Bits:   [0x0000000013580000, 0x0000000014580000)

Polling page: 0x0000000000be0000

CodeCache: size=245760Kb used=6774Kb max_used=6786Kb free=238985Kb
 bounds [0x0000000002a50000, 0x0000000003100000, 0x0000000011a50000]
 total_blobs=2063 nmethods=1791 adapters=184
 compilation: enabled

Compilation events (10 events):
Event: 2.884 Thread 0x0000000016515000 nmethod 1805 0x00000000030f1b90 code [0x00000000030f1ce0, 0x00000000030f1dd0]
Event: 2.894 Thread 0x0000000002a4a000 nmethod 1769 0x00000000030efd90 code [0x00000000030efee0, 0x00000000030f0378]
Event: 2.894 Thread 0x0000000002a4a000 1783       4       com.android.dx.rop.type.Prototype::compareTo (9 bytes)
Event: 2.901 Thread 0x0000000002a4a000 nmethod 1783 0x00000000030f4050 code [0x00000000030f41c0, 0x00000000030f46f8]
Event: 2.901 Thread 0x0000000002a4a000 1791       4       com.android.dx.rop.type.StdTypeList::getType (6 bytes)
Event: 2.902 Thread 0x0000000002a4a000 nmethod 1791 0x00000000030f4dd0 code [0x00000000030f4f20, 0x00000000030f4ff8]
Event: 2.902 Thread 0x0000000002a4a000 1772       4       com.android.dx.util.ByteArray::<init> (81 bytes)
Event: 2.902 Thread 0x0000000002a4a000 nmethod 1772 0x00000000030efa50 code [0x00000000030efba0, 0x00000000030efc98]
Event: 2.902 Thread 0x0000000002a4a000 1788       4       com.android.dx.rop.type.Type::compareTo (12 bytes)
Event: 2.903 Thread 0x0000000002a4a000 nmethod 1788 0x00000000030ef690 code [0x00000000030ef7c0, 0x00000000030ef978]

GC Heap History (4 events):
Event: 1.961 GC heap before
{Heap before GC invocations=1 (full 0):
 PSYoungGen      total 38400K, used 33280K [0x00000000eab00000, 0x00000000ed580000, 0x0000000100000000)
  eden space 33280K, 100% used [0x00000000eab00000,0x00000000ecb80000,0x00000000ecb80000)
  from space 5120K, 0% used [0x00000000ed080000,0x00000000ed080000,0x00000000ed580000)
  to   space 5120K, 0% used [0x00000000ecb80000,0x00000000ecb80000,0x00000000ed080000)
 ParOldGen       total 87552K, used 0K [0x00000000c0000000, 0x00000000c5580000, 0x00000000eab00000)
  object space 87552K, 0% used [0x00000000c0000000,0x00000000c0000000,0x00000000c5580000)
 Metaspace       used 6073K, capacity 6966K, committed 7040K, reserved 1056768K
  class space    used 606K, capacity 622K, committed 640K, reserved 1048576K
Event: 1.975 GC heap after
Heap after GC invocations=1 (full 0):
 PSYoungGen      total 38400K, used 5104K [0x00000000eab00000, 0x00000000ed580000, 0x0000000100000000)
  eden space 33280K, 0% used [0x00000000eab00000,0x00000000eab00000,0x00000000ecb80000)
  from space 5120K, 99% used [0x00000000ecb80000,0x00000000ed07c0a8,0x00000000ed080000)
  to   space 5120K, 0% used [0x00000000ed080000,0x00000000ed080000,0x00000000ed580000)
 ParOldGen       total 87552K, used 1392K [0x00000000c0000000, 0x00000000c5580000, 0x00000000eab00000)
  object space 87552K, 1% used [0x00000000c0000000,0x00000000c015c030,0x00000000c5580000)
 Metaspace       used 6073K, capacity 6966K, committed 7040K, reserved 1056768K
  class space    used 606K, capacity 622K, committed 640K, reserved 1048576K
}
Event: 2.382 GC heap before
{Heap before GC invocations=2 (full 0):
 PSYoungGen      total 38400K, used 38384K [0x00000000eab00000, 0x00000000ed580000, 0x0000000100000000)
  eden space 33280K, 100% used [0x00000000eab00000,0x00000000ecb80000,0x00000000ecb80000)
  from space 5120K, 99% used [0x00000000ecb80000,0x00000000ed07c0a8,0x00000000ed080000)
  to   space 5120K, 0% used [0x00000000ed080000,0x00000000ed080000,0x00000000ed580000)
 ParOldGen       total 87552K, used 1392K [0x00000000c0000000, 0x00000000c5580000, 0x00000000eab00000)
  object space 87552K, 1% used [0x00000000c0000000,0x00000000c015c030,0x00000000c5580000)
 Metaspace       used 6303K, capacity 7094K, committed 7296K, reserved 1056768K
  class space    used 607K, capacity 622K, committed 640K, reserved 1048576K
Event: 2.396 GC heap after
Heap after GC invocations=2 (full 0):
 PSYoungGen      total 38400K, used 5119K [0x00000000eab00000, 0x00000000ed580000, 0x0000000100000000)
  eden space 33280K, 0% used [0x00000000eab00000,0x00000000eab00000,0x00000000ecb80000)
  from space 5120K, 99% used [0x00000000ed080000,0x00000000ed57fca8,0x00000000ed580000)
  to   space 5120K, 0% used [0x00000000ecb80000,0x00000000ecb80000,0x00000000ed080000)
 ParOldGen       total 87552K, used 5273K [0x00000000c0000000, 0x00000000c5580000, 0x00000000eab00000)
  object space 87552K, 6% used [0x00000000c0000000,0x00000000c0526768,0x00000000c5580000)
 Metaspace       used 6303K, capacity 7094K, committed 7296K, reserved 1056768K
  class space    used 607K, capacity 622K, committed 640K, reserved 1048576K
}

Deoptimization events (10 events):
Event: 2.660 Thread 0x0000000002953000 Uncommon trap: reason=bimorphic action=maybe_recompile pc=0x0000000002c88270 method=java.util.HashMap.getNode(ILjava/lang/Object;)Ljava/util/HashMap$Node; @ 126
Event: 2.660 Thread 0x0000000002953000 Uncommon trap: reason=bimorphic action=maybe_recompile pc=0x0000000002c88270 method=java.util.HashMap.getNode(ILjava/lang/Object;)Ljava/util/HashMap$Node; @ 126
Event: 2.660 Thread 0x0000000002953000 Uncommon trap: reason=bimorphic action=maybe_recompile pc=0x0000000002c88270 method=java.util.HashMap.getNode(ILjava/lang/Object;)Ljava/util/HashMap$Node; @ 126
Event: 2.660 Thread 0x0000000002953000 Uncommon trap: reason=bimorphic action=maybe_recompile pc=0x0000000002c88270 method=java.util.HashMap.getNode(ILjava/lang/Object;)Ljava/util/HashMap$Node; @ 126
Event: 2.660 Thread 0x0000000002953000 Uncommon trap: reason=bimorphic action=maybe_recompile pc=0x0000000002eef34c method=java.util.HashMap.getNode(ILjava/lang/Object;)Ljava/util/HashMap$Node; @ 126
Event: 2.660 Thread 0x0000000002953000 Uncommon trap: reason=class_check action=maybe_recompile pc=0x0000000002fbea9c method=java.util.HashMap.putVal(ILjava/lang/Object;Ljava/lang/Object;ZZ)Ljava/lang/Object; @ 203
Event: 2.662 Thread 0x0000000002953000 Uncommon trap: reason=class_check action=maybe_recompile pc=0x0000000002fbea9c method=java.util.HashMap.putVal(ILjava/lang/Object;Ljava/lang/Object;ZZ)Ljava/lang/Object; @ 203
Event: 2.663 Thread 0x0000000002953000 Uncommon trap: reason=class_check action=maybe_recompile pc=0x0000000002fbea9c method=java.util.HashMap.putVal(ILjava/lang/Object;Ljava/lang/Object;ZZ)Ljava/lang/Object; @ 203
Event: 2.663 Thread 0x0000000002953000 Uncommon trap: reason=class_check action=maybe_recompile pc=0x0000000002fbea9c method=java.util.HashMap.putVal(ILjava/lang/Object;Ljava/lang/Object;ZZ)Ljava/lang/Object; @ 203
Event: 2.669 Thread 0x0000000002953000 Uncommon trap: reason=unstable_if action=reinterpret pc=0x0000000002fbc298 method=java.util.HashMap.putVal(ILjava/lang/Object;Ljava/lang/Object;ZZ)Ljava/lang/Object; @ 94

Internal exceptions (4 events):
Event: 0.532 Thread 0x0000000002953000 Exception <a 'java/lang/NoSuchMethodError': Method sun.misc.Unsafe.defineClass(Ljava/lang/String;[BII)Ljava/lang/Class; name or signature does not match> (0x00000000eab07cc0) thrown at [C:\re\workspace\8-2-build-windows-amd64-cygwin\jdk8u101\7261\hotspot\sç»FÈØ·?
Event: 0.532 Thread 0x0000000002953000 Exception <a 'java/lang/NoSuchMethodError': Method sun.misc.Unsafe.prefetchRead(Ljava/lang/Object;J)V name or signature does not match> (0x00000000eab07fa8) thrown at [C:\re\workspace\8-2-build-windows-amd64-cygwin\jdk8u101\7261\hotspot\src\share\vm\prims\\øiÉÿ∫ˇ?
Event: 1.983 Thread 0x0000000016715000 Implicit null exception at 0x0000000002d688e9 to 0x0000000002d6a99d
Event: 2.162 Thread 0x0000000002953000 Implicit null exception at 0x0000000002f17c22 to 0x0000000002f17d1a

Events (10 events):
Event: 2.885 loading class com/android/dx/dex/code/DalvInsnList
Event: 2.885 loading class com/android/dx/dex/code/DalvInsnList done
Event: 2.886 loading class com/android/dx/dex/code/PositionList
Event: 2.886 loading class com/android/dx/dex/code/PositionList done
Event: 2.886 loading class com/android/dx/dex/code/PositionList$Entry
Event: 2.886 loading class com/android/dx/dex/code/PositionList$Entry done
Event: 2.886 loading class com/android/dx/dex/code/LocalList
Event: 2.886 loading class com/android/dx/dex/code/LocalList done
Event: 2.887 loading class com/android/dx/dex/code/LocalList$MakeState
Event: 2.887 loading class com/android/dx/dex/code/LocalList$MakeState done


Dynamic libraries:
0x00007ff728c90000 - 0x00007ff728cc7000 	C:\Program Files\Java\jdk1.8.0_101\bin\java.exe
0x00007fff6d1b0000 - 0x00007fff6d371000 	C:\WINDOWS\SYSTEM32\ntdll.dll
0x00007fff6cc70000 - 0x00007fff6cd1d000 	C:\WINDOWS\system32\KERNEL32.DLL
0x00007fff6a1f0000 - 0x00007fff6a3d8000 	C:\WINDOWS\system32\KERNELBASE.dll
0x00007fff6a680000 - 0x00007fff6a727000 	C:\WINDOWS\system32\ADVAPI32.dll
0x00007fff6cf80000 - 0x00007fff6d01d000 	C:\WINDOWS\system32\msvcrt.dll
0x00007fff6a610000 - 0x00007fff6a66b000 	C:\WINDOWS\system32\sechost.dll
0x00007fff6cdf0000 - 0x00007fff6cf0c000 	C:\WINDOWS\system32\RPCRT4.dll
0x00007fff6c9d0000 - 0x00007fff6cb26000 	C:\WINDOWS\system32\USER32.dll
0x00007fff6d020000 - 0x00007fff6d1a6000 	C:\WINDOWS\system32\GDI32.dll
0x00007fff61ca0000 - 0x00007fff61f14000 	C:\WINDOWS\WinSxS\amd64_microsoft.windows.common-controls_6595b64144ccf1df_6.0.10586.494_none_a2d8b04ea53e3145\COMCTL32.dll
0x00007fff6c5a0000 - 0x00007fff6c81d000 	C:\WINDOWS\system32\combase.dll
0x00007fff69860000 - 0x00007fff698ca000 	C:\WINDOWS\system32\bcryptPrimitives.dll
0x00007fff6cc30000 - 0x00007fff6cc6b000 	C:\WINDOWS\system32\IMM32.DLL
0x00007fff696c0000 - 0x00007fff696f2000 	C:\windows\system32\nvinitx.dll
0x00007fff696b0000 - 0x00007fff696ba000 	C:\WINDOWS\SYSTEM32\VERSION.dll
0x000000006af30000 - 0x000000006b002000 	C:\Program Files\Java\jdk1.8.0_101\jre\bin\msvcr100.dll
0x000000006b100000 - 0x000000006b99a000 	C:\Program Files\Java\jdk1.8.0_101\jre\bin\server\jvm.dll
0x00007fff6adc0000 - 0x00007fff6adc8000 	C:\WINDOWS\system32\PSAPI.DLL
0x00007fff5c520000 - 0x00007fff5c529000 	C:\WINDOWS\SYSTEM32\WSOCK32.dll
0x00007fff6cbc0000 - 0x00007fff6cc2b000 	C:\WINDOWS\system32\WS2_32.dll
0x00007fff67eb0000 - 0x00007fff67ed3000 	C:\WINDOWS\SYSTEM32\WINMM.dll
0x00007fff67e50000 - 0x00007fff67e7c000 	C:\WINDOWS\SYSTEM32\WINMMBASE.dll
0x00007fff69980000 - 0x00007fff699c3000 	C:\WINDOWS\system32\cfgmgr32.dll
0x000000006c6f0000 - 0x000000006c6ff000 	C:\Program Files\Java\jdk1.8.0_101\jre\bin\verify.dll
0x000000006c6c0000 - 0x000000006c6e9000 	C:\Program Files\Java\jdk1.8.0_101\jre\bin\java.dll
0x000000006c6a0000 - 0x000000006c6b6000 	C:\Program Files\Java\jdk1.8.0_101\jre\bin\zip.dll
0x00007fff6aee0000 - 0x00007fff6c43c000 	C:\WINDOWS\system32\SHELL32.dll
0x00007fff699d0000 - 0x00007fff6a015000 	C:\WINDOWS\system32\windows.storage.dll
0x00007fff6a5b0000 - 0x00007fff6a602000 	C:\WINDOWS\system32\shlwapi.dll
0x00007fff69850000 - 0x00007fff6985f000 	C:\WINDOWS\system32\kernel.appcore.dll
0x00007fff6a3e0000 - 0x00007fff6a495000 	C:\WINDOWS\system32\shcore.dll
0x00007fff697f0000 - 0x00007fff6983b000 	C:\WINDOWS\system32\powrprof.dll
0x00007fff697d0000 - 0x00007fff697e4000 	C:\WINDOWS\system32\profapi.dll

VM Arguments:
jvm_args: -Djava.awt.headless=true -Xmx1024M -Dfile.encoding=GBK -Duser.country=CN -Duser.language=zh -Duser.variant 
java_command: com.android.dx.command.Main --dex --force-jumbo --num-threads=4 --output C:\Android\Android\Project\mobilesafe\app\build\intermediates\pre-dexed\debug\internal_impl-24.2.0_9686f791985c3385a2d63a8f6c2004be7213113d.jar C:\Android\Android\Project\mobilesafe\app\build\intermediates\exploded-aar\com.android.support\support-compat\24.2.0\jars\libs\internal_impl-24.2.0.jar
java_class_path (initial): C:\Android\Android\sdk\build-tools\24.0.1\lib\dx.jar
Launcher Type: SUN_STANDARD

Environment Variables:
JAVA_HOME=C:\Program Files\Java\jdk1.8.0_101
CLASSPATH=.;C:\Program Files\Java\jdk1.8.0_101\lib\dt.jar;C:\Program Files\Java\jdk1.8.0_101\lib\tools.jar
PATH=C:\ProgramData\Oracle\Java\javapath;C:\Program Files (x86)\Intel\iCLS Client\;C:\Program Files\Intel\iCLS Client\;C:\windows\system32;C:\windows;C:\windows\System32\Wbem;C:\windows\System32\WindowsPowerShell\v1.0\;C:\Program Files\Intel\Intel(R) Management Engine Components\DAL;C:\Program Files\Intel\Intel(R) Management Engine Components\IPT;C:\Program Files (x86)\Intel\Intel(R) Management Engine Components\DAL;C:\Program Files (x86)\Intel\Intel(R) Management Engine Components\IPT;C:\Program Files (x86)\Lenovo\Lenovo Home\;C:\Program Files (x86)\NVIDIA Corporation\PhysX\Common;C:\WINDOWS\system32;C:\WINDOWS;C:\WINDOWS\System32\Wbem;C:\WINDOWS\System32\WindowsPowerShell\v1.0\;C:\Program Files\Java\jdk1.8.0_101\bin;C:\Program Files\Java\jdk1.8.0_101\jre\bin;C:\Android\MySQL Server 5.5\bin;C:\Android\Android\sdk\tools;C:\Android\Android\sdk\platform-tools;C:\Android\TortoiseSVN\bin
USERNAME=Abner
OS=Windows_NT
PROCESSOR_IDENTIFIER=Intel64 Family 6 Model 60 Stepping 3, GenuineIntel



---------------  S Y S T E M  ---------------

OS: Windows 10.0 , 64 bit Build 10586 (10.0.10586.0)

CPU:total 4 (2 cores per cpu, 2 threads per core) family 6 model 60 stepping 3, cmov, cx8, fxsr, mmx, sse, sse2, sse3, ssse3, sse4.1, sse4.2, popcnt, avx, avx2, aes, clmul, erms, lzcnt, ht, tsc, tscinvbit, bmi1, bmi2

Memory: 4k page, physical 8298776k(2131852k free), swap 9347352k(3056k free)

vm_info: Java HotSpot(TM) 64-Bit Server VM (25.101-b13) for windows-amd64 JRE (1.8.0_101-b13), built on Jun 22 2016 01:21:29 by "java_re" with MS VC++ 10.0 (VS2010)

time: Wed Aug 24 00:01:23 2016
elapsed time: 2 seconds (0d 0h 0m 2s)

