#
# There is insufficient memory for the Java Runtime Environment to continue.
# Native memory allocation (malloc) failed to allocate 32744 bytes for ChunkPool::allocate
# Possible reasons:
#   The system is out of physical RAM or swap space
#   In 32 bit mode, the process size limit was hit
# Possible solutions:
#   Reduce memory load on the system
#   Increase physical memory or swap space
#   Check if swap backing store is full
#   Use 64 bit Java on a 64 bit OS
#   Decrease Java heap size (-Xmx/-Xms)
#   Decrease number of Java threads
#   Decrease Java thread stack sizes (-Xss)
#   Set larger code cache with -XX:ReservedCodeCacheSize=
# This output file may be truncated or incomplete.
#
#  Out of Memory Error (allocation.cpp:273), pid=7988, tid=0x0000000000002464
#
# JRE version: Java(TM) SE Runtime Environment (8.0_101-b13) (build 1.8.0_101-b13)
# Java VM: Java HotSpot(TM) 64-Bit Server VM (25.101-b13 mixed mode windows-amd64 compressed oops)
# Failed to write core dump. Minidumps are not enabled by default on client versions of Windows
#

---------------  T H R E A D  ---------------

Current thread (0x00000000159fd800):  JavaThread "C1 CompilerThread2" daemon [_thread_in_native, id=9316, stack(0x0000000017510000,0x0000000017610000)]

Stack: [0x0000000017510000,0x0000000017610000]
[error occurred during error reporting (printing stack bounds), id 0xc0000005]

Native frames: (J=compiled Java code, j=interpreted, Vv=VM code, C=native code)


Current CompileTask:
C1:   2597  743   !   3       com.android.dx.cf.code.Ropper::processBlock (1101 bytes)


---------------  P R O C E S S  ---------------

Java Threads: ( => current thread )
  0x0000000016f99000 JavaThread "pool-1-thread-4" [_thread_in_Java, id=5220, stack(0x0000000017c10000,0x0000000017d10000)]
  0x0000000016f05000 JavaThread "pool-1-thread-3" [_thread_in_Java, id=1096, stack(0x0000000017b10000,0x0000000017c10000)]
  0x0000000016e62800 JavaThread "pool-1-thread-2" [_thread_in_vm, id=3608, stack(0x0000000017a10000,0x0000000017b10000)]
  0x0000000016e5f800 JavaThread "pool-2-thread-1" [_thread_blocked, id=6444, stack(0x0000000017910000,0x0000000017a10000)]
  0x0000000016e55800 JavaThread "pool-1-thread-1" [_thread_in_Java, id=6140, stack(0x0000000017810000,0x0000000017910000)]
  0x0000000016d7b000 JavaThread "Service Thread" daemon [_thread_blocked, id=5288, stack(0x0000000017610000,0x0000000017710000)]
=>0x00000000159fd800 JavaThread "C1 CompilerThread2" daemon [_thread_in_native, id=9316, stack(0x0000000017510000,0x0000000017610000)]
  0x00000000032cd800 JavaThread "C2 CompilerThread1" daemon [_thread_in_native, id=900, stack(0x0000000017410000,0x0000000017510000)]
  0x00000000032ca800 JavaThread "C2 CompilerThread0" daemon [_thread_in_native, id=9412, stack(0x0000000017310000,0x0000000017410000)]
  0x00000000159b4000 JavaThread "Attach Listener" daemon [_thread_blocked, id=5896, stack(0x0000000017210000,0x0000000017310000)]
  0x00000000159b3000 JavaThread "Signal Dispatcher" daemon [_thread_blocked, id=3612, stack(0x0000000017110000,0x0000000017210000)]
  0x000000001598a800 JavaThread "Finalizer" daemon [_thread_blocked, id=6436, stack(0x0000000016c10000,0x0000000016d10000)]
  0x00000000032bf800 JavaThread "Reference Handler" daemon [_thread_blocked, id=2752, stack(0x0000000016b10000,0x0000000016c10000)]
  0x00000000031d3000 JavaThread "main" [_thread_in_vm, id=1028, stack(0x00000000030d0000,0x00000000031d0000)]

Other Threads:
  0x0000000015968000 VMThread [stack: 0x0000000016a10000,0x0000000016b10000] [id=9820]
  0x0000000016db4800 WatcherThread [stack: 0x0000000017710000,0x0000000017810000] [id=1988]

VM state:not at safepoint (normal execution)

VM Mutex/Monitor currently owned by a thread: None

Heap:
 PSYoungGen      total 38400K, used 16911K [0x00000000eab00000, 0x00000000ed580000, 0x0000000100000000)
  eden space 33280K, 50% used [0x00000000eab00000,0x00000000ebb83cd0,0x00000000ecb80000)
  from space 5120K, 0% used [0x00000000ed080000,0x00000000ed080000,0x00000000ed580000)
  to   space 5120K, 0% used [0x00000000ecb80000,0x00000000ecb80000,0x00000000ed080000)
 ParOldGen       total 87552K, used 0K [0x00000000c0000000, 0x00000000c5580000, 0x00000000eab00000)
  object space 87552K, 0% used [0x00000000c0000000,0x00000000c0000000,0x00000000c5580000)
 Metaspace       used 5612K, capacity 6704K, committed 6784K, reserved 1056768K
  class space    used 579K, capacity 616K, committed 640K, reserved 1048576K

Card table byte_map: [0x0000000012690000,0x00000000128a0000] byte_map_base: 0x0000000012090000

Marking Bits: (ParMarkBitMap*) 0x000000006b91a6d0
 Begin Bits: [0x0000000012e00000, 0x0000000013e00000)
 End Bits:   [0x0000000013e00000, 0x0000000014e00000)

Polling page: 0x0000000000df0000

CodeCache: size=245760Kb used=2892Kb max_used=2900Kb free=242867Kb
 bounds [0x00000000032d0000, 0x00000000035b0000, 0x00000000122d0000]
 total_blobs=995 nmethods=732 adapters=176
 compilation: enabled

Compilation events (10 events):
Event: 2.588 Thread 0x00000000159fd800  703       1       com.android.dx.rop.cst.CstLiteral32::getIntBits (5 bytes)
Event: 2.588 Thread 0x00000000159fd800 nmethod 703 0x000000000359b110 code [0x000000000359b260, 0x000000000359b370]
Event: 2.588 Thread 0x00000000159fd800  712       1       com.android.dx.rop.cst.CstBaseMethodRef::getPrototype (5 bytes)
Event: 2.588 Thread 0x00000000159fd800 nmethod 712 0x000000000359ae50 code [0x000000000359afa0, 0x000000000359b0b0]
Event: 2.588 Thread 0x00000000159fd800  701       1       com.android.dx.cf.code.BaseMachine::getAuxInt (5 bytes)
Event: 2.588 Thread 0x00000000159fd800 nmethod 701 0x00000000035a3d10 code [0x00000000035a3e60, 0x00000000035a3f70]
Event: 2.588 Thread 0x00000000159fd800  739       3       com.android.dx.ssa.LocalVariableInfo::mergeStarts (59 bytes)
Event: 2.588 Thread 0x00000000032cd800 nmethod 738 0x00000000035a6d10 code [0x00000000035a6e60, 0x00000000035a6f78]
Event: 2.588 Thread 0x00000000159fd800 nmethod 739 0x00000000035a6050 code [0x00000000035a6220, 0x00000000035a6938]
Event: 2.588 Thread 0x00000000159fd800  743   !   3       com.android.dx.cf.code.Ropper::processBlock (1101 bytes)

GC Heap History (0 events):
No events

Deoptimization events (10 events):
Event: 2.481 Thread 0x00000000031d3000 Uncommon trap: reason=speculate_class_check action=maybe_recompile pc=0x0000000003493eb0 method=com.android.dx.rop.cst.Constant.compareTo(Lcom/android/dx/rop/cst/Constant;)I @ 29
Event: 2.481 Thread 0x00000000031d3000 Uncommon trap: reason=class_check action=maybe_recompile pc=0x000000000348cbf4 method=com.android.dx.rop.cst.CstMemberRef.compareTo0(Lcom/android/dx/rop/cst/Constant;)I @ 1
Event: 2.481 Thread 0x0000000016e55800 Uncommon trap: reason=speculate_class_check action=maybe_recompile pc=0x0000000003493eb0 method=com.android.dx.rop.cst.Constant.compareTo(Lcom/android/dx/rop/cst/Constant;)I @ 29
Event: 2.481 Thread 0x0000000016e55800 Uncommon trap: reason=class_check action=maybe_recompile pc=0x000000000348cbf4 method=com.android.dx.rop.cst.CstMemberRef.compareTo0(Lcom/android/dx/rop/cst/Constant;)I @ 1
Event: 2.482 Thread 0x0000000016e55800 Uncommon trap: reason=speculate_class_check action=maybe_recompile pc=0x0000000003493eb0 method=com.android.dx.rop.cst.Constant.compareTo(Lcom/android/dx/rop/cst/Constant;)I @ 29
Event: 2.482 Thread 0x0000000016e55800 Uncommon trap: reason=class_check action=maybe_recompile pc=0x000000000348cbf4 method=com.android.dx.rop.cst.CstMemberRef.compareTo0(Lcom/android/dx/rop/cst/Constant;)I @ 1
Event: 2.482 Thread 0x0000000016e62800 Uncommon trap: reason=speculate_class_check action=maybe_recompile pc=0x0000000003493eb0 method=com.android.dx.rop.cst.Constant.compareTo(Lcom/android/dx/rop/cst/Constant;)I @ 29
Event: 2.482 Thread 0x0000000016e62800 Uncommon trap: reason=class_check action=maybe_recompile pc=0x000000000348cbf4 method=com.android.dx.rop.cst.CstMemberRef.compareTo0(Lcom/android/dx/rop/cst/Constant;)I @ 1
Event: 2.495 Thread 0x00000000031d3000 Uncommon trap: reason=unstable_if action=reinterpret pc=0x0000000003505638 method=java.util.HashMap.getNode(ILjava/lang/Object;)Ljava/util/HashMap$Node; @ 62
Event: 2.538 Thread 0x0000000016e55800 Uncommon trap: reason=unstable_if action=reinterpret pc=0x0000000003486bf8 method=com.android.dx.rop.cst.CstFieldRef.compareTo0(Lcom/android/dx/rop/cst/Constant;)I @ 7

Internal exceptions (2 events):
Event: 0.832 Thread 0x00000000031d3000 Exception <a 'java/lang/NoSuchMethodError': Method sun.misc.Unsafe.defineClass(Ljava/lang/String;[BII)Ljava/lang/Class; name or signature does not match> (0x00000000eab07cc0) thrown at [C:\re\workspace\8-2-build-windows-amd64-cygwin\jdk8u101\7261\hotspot\sbõ"€ùÍ?
Event: 0.832 Thread 0x00000000031d3000 Exception <a 'java/lang/NoSuchMethodError': Method sun.misc.Unsafe.prefetchRead(Ljava/lang/Object;J)V name or signature does not match> (0x00000000eab07fa8) thrown at [C:\re\workspace\8-2-build-windows-amd64-cygwin\jdk8u101\7261\hotspot\src\share\vm\prims\

Events (10 events):
Event: 2.495 Thread 0x00000000031d3000 DEOPT UNPACKING pc=0x000000000331582a sp=0x00000000031cdd08 mode 2
Event: 2.531 loading class com/android/dx/ssa/back/FirstFitLocalCombiningAllocator$Multiset
Event: 2.531 loading class com/android/dx/ssa/back/FirstFitLocalCombiningAllocator$Multiset done
Event: 2.533 loading class java/util/DualPivotQuicksort
Event: 2.533 loading class java/util/DualPivotQuicksort done
Event: 2.538 Thread 0x0000000016e55800 Uncommon trap: trap_request=0xffffff65 fr.pc=0x0000000003486bf8
Event: 2.538 Thread 0x0000000016e55800 DEOPT PACKING pc=0x0000000003486bf8 sp=0x000000001790f0f0
Event: 2.538 Thread 0x0000000016e55800 DEOPT UNPACKING pc=0x000000000331582a sp=0x000000001790f078 mode 2
Event: 2.555 loading class java/util/ArrayList$1
Event: 2.555 loading class java/util/ArrayList$1 done


Dynamic libraries:
0x00007ff728c90000 - 0x00007ff728cc7000 	C:\Program Files\Java\jdk1.8.0_101\bin\java.exe
0x00007fff6d1b0000 - 0x00007fff6d371000 	C:\WINDOWS\SYSTEM32\ntdll.dll
0x00007fff6cc70000 - 0x00007fff6cd1d000 	C:\WINDOWS\system32\KERNEL32.DLL
0x00007fff6a1f0000 - 0x00007fff6a3d8000 	C:\WINDOWS\system32\KERNELBASE.dll
0x00007fff6a680000 - 0x00007fff6a727000 	C:\WINDOWS\system32\ADVAPI32.dll
0x00007fff6cf80000 - 0x00007fff6d01d000 	C:\WINDOWS\system32\msvcrt.dll
0x00007fff6a610000 - 0x00007fff6a66b000 	C:\WINDOWS\system32\sechost.dll
0x00007fff6cdf0000 - 0x00007fff6cf0c000 	C:\WINDOWS\system32\RPCRT4.dll
0x00007fff6c9d0000 - 0x00007fff6cb26000 	C:\WINDOWS\system32\USER32.dll
0x00007fff6d020000 - 0x00007fff6d1a6000 	C:\WINDOWS\system32\GDI32.dll
0x00007fff61ca0000 - 0x00007fff61f14000 	C:\WINDOWS\WinSxS\amd64_microsoft.windows.common-controls_6595b64144ccf1df_6.0.10586.494_none_a2d8b04ea53e3145\COMCTL32.dll
0x00007fff6c5a0000 - 0x00007fff6c81d000 	C:\WINDOWS\system32\combase.dll
0x00007fff69860000 - 0x00007fff698ca000 	C:\WINDOWS\system32\bcryptPrimitives.dll
0x00007fff6cc30000 - 0x00007fff6cc6b000 	C:\WINDOWS\system32\IMM32.DLL
0x00007fff696c0000 - 0x00007fff696f2000 	C:\windows\system32\nvinitx.dll
0x00007fff696b0000 - 0x00007fff696ba000 	C:\WINDOWS\SYSTEM32\VERSION.dll
0x000000006af30000 - 0x000000006b002000 	C:\Program Files\Java\jdk1.8.0_101\jre\bin\msvcr100.dll
0x000000006b100000 - 0x000000006b99a000 	C:\Program Files\Java\jdk1.8.0_101\jre\bin\server\jvm.dll
0x00007fff6adc0000 - 0x00007fff6adc8000 	C:\WINDOWS\system32\PSAPI.DLL
0x00007fff5c520000 - 0x00007fff5c529000 	C:\WINDOWS\SYSTEM32\WSOCK32.dll
0x00007fff6cbc0000 - 0x00007fff6cc2b000 	C:\WINDOWS\system32\WS2_32.dll
0x00007fff67eb0000 - 0x00007fff67ed3000 	C:\WINDOWS\SYSTEM32\WINMM.dll
0x00007fff67e50000 - 0x00007fff67e7c000 	C:\WINDOWS\SYSTEM32\WINMMBASE.dll
0x00007fff69980000 - 0x00007fff699c3000 	C:\WINDOWS\system32\cfgmgr32.dll
0x000000006c6f0000 - 0x000000006c6ff000 	C:\Program Files\Java\jdk1.8.0_101\jre\bin\verify.dll
0x000000006c6c0000 - 0x000000006c6e9000 	C:\Program Files\Java\jdk1.8.0_101\jre\bin\java.dll
0x000000006c6a0000 - 0x000000006c6b6000 	C:\Program Files\Java\jdk1.8.0_101\jre\bin\zip.dll
0x00007fff6aee0000 - 0x00007fff6c43c000 	C:\WINDOWS\system32\SHELL32.dll
0x00007fff699d0000 - 0x00007fff6a015000 	C:\WINDOWS\system32\windows.storage.dll
0x00007fff6a5b0000 - 0x00007fff6a602000 	C:\WINDOWS\system32\shlwapi.dll
0x00007fff69850000 - 0x00007fff6985f000 	C:\WINDOWS\system32\kernel.appcore.dll
0x00007fff6a3e0000 - 0x00007fff6a495000 	C:\WINDOWS\system32\shcore.dll
0x00007fff697f0000 - 0x00007fff6983b000 	C:\WINDOWS\system32\powrprof.dll
0x00007fff697d0000 - 0x00007fff697e4000 	C:\WINDOWS\system32\profapi.dll

VM Arguments:
jvm_args: -Djava.awt.headless=true -Xmx1024M -Dfile.encoding=GBK -Duser.country=CN -Duser.language=zh -Duser.variant 
java_command: com.android.dx.command.Main --dex --force-jumbo --num-threads=4 --output C:\Android\Android\Project\mobilesafe\app\build\intermediates\pre-dexed\debug\main_008f2a1b764437ede77f341fcbfe5682277464a4.jar C:\Android\Android\Project\mobilesafe\app\build\intermediates\transforms\instantRun\debug\folders\1\5\main
java_class_path (initial): C:\Android\Android\sdk\build-tools\24.0.1\lib\dx.jar
Launcher Type: SUN_STANDARD

Environment Variables:
JAVA_HOME=C:\Program Files\Java\jdk1.8.0_101
CLASSPATH=.;C:\Program Files\Java\jdk1.8.0_101\lib\dt.jar;C:\Program Files\Java\jdk1.8.0_101\lib\tools.jar
PATH=C:\ProgramData\Oracle\Java\javapath;C:\Program Files (x86)\Intel\iCLS Client\;C:\Program Files\Intel\iCLS Client\;C:\windows\system32;C:\windows;C:\windows\System32\Wbem;C:\windows\System32\WindowsPowerShell\v1.0\;C:\Program Files\Intel\Intel(R) Management Engine Components\DAL;C:\Program Files\Intel\Intel(R) Management Engine Components\IPT;C:\Program Files (x86)\Intel\Intel(R) Management Engine Components\DAL;C:\Program Files (x86)\Intel\Intel(R) Management Engine Components\IPT;C:\Program Files (x86)\Lenovo\Lenovo Home\;C:\Program Files (x86)\NVIDIA Corporation\PhysX\Common;C:\WINDOWS\system32;C:\WINDOWS;C:\WINDOWS\System32\Wbem;C:\WINDOWS\System32\WindowsPowerShell\v1.0\;C:\Program Files\Java\jdk1.8.0_101\bin;C:\Program Files\Java\jdk1.8.0_101\jre\bin;C:\Android\MySQL Server 5.5\bin;C:\Android\Android\sdk\tools;C:\Android\Android\sdk\platform-tools;C:\Android\TortoiseSVN\bin
USERNAME=Abner
OS=Windows_NT
PROCESSOR_IDENTIFIER=Intel64 Family 6 Model 60 Stepping 3, GenuineIntel



---------------  S Y S T E M  ---------------

OS: Windows 10.0 , 64 bit Build 10586 (10.0.10586.0)

CPU:total 4 (2 cores per cpu, 2 threads per core) family 6 model 60 stepping 3, cmov, cx8, fxsr, mmx, sse, sse2, sse3, ssse3, sse4.1, sse4.2, popcnt, avx, avx2, aes, clmul, erms, lzcnt, ht, tsc, tscinvbit, bmi1, bmi2

Memory: 4k page, physical 8298776k(2579268k free), swap 9347352k(4116k free)

vm_info: Java HotSpot(TM) 64-Bit Server VM (25.101-b13) for windows-amd64 JRE (1.8.0_101-b13), built on Jun 22 2016 01:21:29 by "java_re" with MS VC++ 10.0 (VS2010)

time: Wed Aug 24 00:01:55 2016
elapsed time: 2 seconds (0d 0h 0m 2s)

