#
# There is insufficient memory for the Java Runtime Environment to continue.
# Native memory allocation (malloc) failed to allocate 120416 bytes for Chunk::new
# Possible reasons:
#   The system is out of physical RAM or swap space
#   In 32 bit mode, the process size limit was hit
# Possible solutions:
#   Reduce memory load on the system
#   Increase physical memory or swap space
#   Check if swap backing store is full
#   Use 64 bit Java on a 64 bit OS
#   Decrease Java heap size (-Xmx/-Xms)
#   Decrease number of Java threads
#   Decrease Java thread stack sizes (-Xss)
#   Set larger code cache with -XX:ReservedCodeCacheSize=
# This output file may be truncated or incomplete.
#
#  Out of Memory Error (allocation.cpp:390), pid=1708, tid=0x0000000000001fb8
#
# JRE version: Java(TM) SE Runtime Environment (8.0_101-b13) (build 1.8.0_101-b13)
# Java VM: Java HotSpot(TM) 64-Bit Server VM (25.101-b13 mixed mode windows-amd64 compressed oops)
# Failed to write core dump. Minidumps are not enabled by default on client versions of Windows
#

---------------  T H R E A D  ---------------

Current thread (0x0000000014c61800):  JavaThread "C2 CompilerThread0" daemon [_thread_in_native, id=8120, stack(0x0000000016610000,0x0000000016710000)]

Stack: [0x0000000016610000,0x0000000016710000]
[error occurred during error reporting (printing stack bounds), id 0xc0000005]

Native frames: (J=compiled Java code, j=interpreted, Vv=VM code, C=native code)


Current CompileTask:
C2:   3139  665       4       java.util.HashSet::contains (9 bytes)


---------------  P R O C E S S  ---------------

Java Threads: ( => current thread )
  0x000000001630c800 JavaThread "pool-1-thread-4" [_thread_in_Java, id=3008, stack(0x0000000016f10000,0x0000000017010000)]
  0x000000001625e000 JavaThread "pool-1-thread-3" [_thread_in_Java, id=7296, stack(0x0000000016e10000,0x0000000016f10000)]
  0x00000000161c3000 JavaThread "pool-1-thread-2" [_thread_in_Java, id=9904, stack(0x0000000016d10000,0x0000000016e10000)]
  0x00000000161c2000 JavaThread "pool-2-thread-1" [_thread_blocked, id=7312, stack(0x0000000016c10000,0x0000000016d10000)]
  0x00000000161b3800 JavaThread "pool-1-thread-1" [_thread_blocked, id=956, stack(0x0000000016b10000,0x0000000016c10000)]
  0x000000001606f800 JavaThread "Service Thread" daemon [_thread_blocked, id=5928, stack(0x0000000016910000,0x0000000016a10000)]
  0x000000000257e000 JavaThread "C1 CompilerThread2" daemon [_thread_in_native, id=10088, stack(0x0000000016810000,0x0000000016910000)]
  0x000000000257c800 JavaThread "C2 CompilerThread1" daemon [_thread_in_native, id=6612, stack(0x0000000016710000,0x0000000016810000)]
=>0x0000000014c61800 JavaThread "C2 CompilerThread0" daemon [_thread_in_native, id=8120, stack(0x0000000016610000,0x0000000016710000)]
  0x0000000014c6c800 JavaThread "Attach Listener" daemon [_thread_blocked, id=10344, stack(0x0000000016510000,0x0000000016610000)]
  0x0000000014c6b800 JavaThread "Signal Dispatcher" daemon [_thread_blocked, id=10484, stack(0x0000000016410000,0x0000000016510000)]
  0x0000000014c3a800 JavaThread "Finalizer" daemon [_thread_blocked, id=11112, stack(0x0000000015eb0000,0x0000000015fb0000)]
  0x000000000256f000 JavaThread "Reference Handler" daemon [_thread_blocked, id=6124, stack(0x0000000015db0000,0x0000000015eb0000)]
  0x000000000090d800 JavaThread "main" [_thread_in_Java, id=3708, stack(0x0000000002380000,0x0000000002480000)]

Other Threads:
  0x0000000014c18000 VMThread [stack: 0x0000000015cb0000,0x0000000015db0000] [id=9476]
  0x00000000160bd800 WatcherThread [stack: 0x0000000016a10000,0x0000000016b10000] [id=11068]

VM state:not at safepoint (normal execution)

VM Mutex/Monitor currently owned by a thread: None

Heap:
 PSYoungGen      total 38400K, used 14025K [0x00000000eab00000, 0x00000000ed580000, 0x0000000100000000)
  eden space 33280K, 42% used [0x00000000eab00000,0x00000000eb8b26d0,0x00000000ecb80000)
  from space 5120K, 0% used [0x00000000ed080000,0x00000000ed080000,0x00000000ed580000)
  to   space 5120K, 0% used [0x00000000ecb80000,0x00000000ecb80000,0x00000000ed080000)
 ParOldGen       total 87552K, used 0K [0x00000000c0000000, 0x00000000c5580000, 0x00000000eab00000)
  object space 87552K, 0% used [0x00000000c0000000,0x00000000c0000000,0x00000000c5580000)
 Metaspace       used 5678K, capacity 6580K, committed 6784K, reserved 1056768K
  class space    used 600K, capacity 620K, committed 640K, reserved 1048576K

Card table byte_map: [0x0000000011940000,0x0000000011b50000] byte_map_base: 0x0000000011340000

Marking Bits: (ParMarkBitMap*) 0x000000005567a6d0
 Begin Bits: [0x00000000120b0000, 0x00000000130b0000)
 End Bits:   [0x00000000130b0000, 0x00000000140b0000)

Polling page: 0x0000000000870000

CodeCache: size=245760Kb used=2606Kb max_used=2617Kb free=243153Kb
 bounds [0x0000000002580000, 0x0000000002820000, 0x0000000011580000]
 total_blobs=922 nmethods=651 adapters=184
 compilation: enabled

Compilation events (10 events):
Event: 3.130 Thread 0x000000000257e000 nmethod 646 0x000000000280bfd0 code [0x000000000280c1a0, 0x000000000280c798]
Event: 3.130 Thread 0x000000000257e000  656       3       com.android.dx.cf.iface.StdAttributeList::findFirst (44 bytes)
Event: 3.130 Thread 0x000000000257e000 nmethod 656 0x000000000280b410 code [0x000000000280b5c0, 0x000000000280bd38]
Event: 3.130 Thread 0x000000000257e000  645       3       com.android.dx.ssa.back.RegisterAllocator::getDefinitionSpecForSsaReg (22 bytes)
Event: 3.130 Thread 0x000000000257e000 nmethod 645 0x000000000280ae90 code [0x000000000280b000, 0x000000000280b308]
Event: 3.130 Thread 0x000000000257e000  658   !   3       com.android.dx.cf.code.RopperMachine::run (1550 bytes)
Event: 3.131 Thread 0x000000000257c800  661       4       java.util.ArrayList::isEmpty (13 bytes)
Event: 3.132 Thread 0x000000000257c800 nmethod 661 0x000000000280ac90 code [0x000000000280adc0, 0x000000000280ae38]
Event: 3.132 Thread 0x000000000257c800  663       4       java.util.HashMap::containsKey (18 bytes)
Event: 3.133 Thread 0x0000000014c61800  665       4       java.util.HashSet::contains (9 bytes)

GC Heap History (0 events):
No events

Deoptimization events (1 events):
Event: 3.098 Thread 0x000000000090d800 Uncommon trap: reason=unstable_if action=reinterpret pc=0x000000000278e524 method=java.util.HashMap.getNode(ILjava/lang/Object;)Ljava/util/HashMap$Node; @ 129

Internal exceptions (2 events):
Event: 0.415 Thread 0x000000000090d800 Exception <a 'java/lang/NoSuchMethodError': Method sun.misc.Unsafe.defineClass(Ljava/lang/String;[BII)Ljava/lang/Class; name or signature does not match> (0x00000000eab07cc0) thrown at [C:\re\workspace\8-2-build-windows-amd64-cygwin\jdk8u101\7261\hotspot\sF2§ic“Ú?
Event: 0.415 Thread 0x000000000090d800 Exception <a 'java/lang/NoSuchMethodError': Method sun.misc.Unsafe.prefetchRead(Ljava/lang/Object;J)V name or signature does not match> (0x00000000eab07fa8) thrown at [C:\re\workspace\8-2-build-windows-amd64-cygwin\jdk8u101\7261\hotspot\src\share\vm\prims\

Events (10 events):
Event: 3.058 loading class java/util/HashMap$Values done
Event: 3.058 loading class java/util/HashMap$ValueIterator
Event: 3.058 loading class java/util/HashMap$ValueIterator done
Event: 3.059 loading class com/android/dx/ssa/back/FirstFitLocalCombiningAllocator$Multiset
Event: 3.059 loading class com/android/dx/ssa/back/FirstFitLocalCombiningAllocator$Multiset done
Event: 3.068 loading class com/android/dx/dex/file/MethodAnnotationStruct
Event: 3.068 loading class com/android/dx/dex/file/MethodAnnotationStruct done
Event: 3.098 Thread 0x000000000090d800 Uncommon trap: trap_request=0xffffff65 fr.pc=0x000000000278e524
Event: 3.098 Thread 0x000000000090d800 DEOPT PACKING pc=0x000000000278e524 sp=0x000000000247e370
Event: 3.098 Thread 0x000000000090d800 DEOPT UNPACKING pc=0x00000000025c582a sp=0x000000000247e2e8 mode 2


Dynamic libraries:
0x00007ff7fc560000 - 0x00007ff7fc597000 	C:\Program Files\Java\jdk1.8.0_101\bin\java.exe
0x00007ff994f70000 - 0x00007ff995131000 	C:\WINDOWS\SYSTEM32\ntdll.dll
0x00007ff992a20000 - 0x00007ff992acd000 	C:\WINDOWS\system32\KERNEL32.DLL
0x00007ff991880000 - 0x00007ff991a68000 	C:\WINDOWS\system32\KERNELBASE.dll
0x00007ff992970000 - 0x00007ff992a17000 	C:\WINDOWS\system32\ADVAPI32.dll
0x00007ff992770000 - 0x00007ff99280d000 	C:\WINDOWS\system32\msvcrt.dll
0x00007ff994ce0000 - 0x00007ff994d3b000 	C:\WINDOWS\system32\sechost.dll
0x00007ff992370000 - 0x00007ff99248c000 	C:\WINDOWS\system32\RPCRT4.dll
0x00007ff992810000 - 0x00007ff992966000 	C:\WINDOWS\system32\USER32.dll
0x00007ff994410000 - 0x00007ff994596000 	C:\WINDOWS\system32\GDI32.dll
0x00007ff989980000 - 0x00007ff989bf4000 	C:\WINDOWS\WinSxS\amd64_microsoft.windows.common-controls_6595b64144ccf1df_6.0.10586.494_none_a2d8b04ea53e3145\COMCTL32.dll
0x00007ff994610000 - 0x00007ff99488d000 	C:\WINDOWS\system32\combase.dll
0x00007ff9917f0000 - 0x00007ff99185a000 	C:\WINDOWS\system32\bcryptPrimitives.dll
0x00007ff992540000 - 0x00007ff99257b000 	C:\WINDOWS\system32\IMM32.DLL
0x00007ff991480000 - 0x00007ff9914b2000 	C:\windows\system32\nvinitx.dll
0x00007ff991470000 - 0x00007ff99147a000 	C:\WINDOWS\SYSTEM32\VERSION.dll
0x0000000054c90000 - 0x0000000054d62000 	C:\Program Files\Java\jdk1.8.0_101\jre\bin\msvcr100.dll
0x0000000054e60000 - 0x00000000556fa000 	C:\Program Files\Java\jdk1.8.0_101\jre\bin\server\jvm.dll
0x00007ff992580000 - 0x00007ff992588000 	C:\WINDOWS\system32\PSAPI.DLL
0x00007ff984000000 - 0x00007ff984009000 	C:\WINDOWS\SYSTEM32\WSOCK32.dll
0x00007ff994030000 - 0x00007ff99409b000 	C:\WINDOWS\system32\WS2_32.dll
0x00007ff98fcf0000 - 0x00007ff98fd13000 	C:\WINDOWS\SYSTEM32\WINMM.dll
0x00007ff98fc90000 - 0x00007ff98fcbc000 	C:\WINDOWS\SYSTEM32\WINMMBASE.dll
0x00007ff992120000 - 0x00007ff992163000 	C:\WINDOWS\system32\cfgmgr32.dll
0x0000000056470000 - 0x000000005647f000 	C:\Program Files\Java\jdk1.8.0_101\jre\bin\verify.dll
0x0000000056440000 - 0x0000000056469000 	C:\Program Files\Java\jdk1.8.0_101\jre\bin\java.dll
0x0000000056420000 - 0x0000000056436000 	C:\Program Files\Java\jdk1.8.0_101\jre\bin\zip.dll
0x00007ff992ad0000 - 0x00007ff99402c000 	C:\WINDOWS\system32\SHELL32.dll
0x00007ff991ad0000 - 0x00007ff992115000 	C:\WINDOWS\system32\windows.storage.dll
0x00007ff9940a0000 - 0x00007ff9940f2000 	C:\WINDOWS\system32\shlwapi.dll
0x00007ff991610000 - 0x00007ff99161f000 	C:\WINDOWS\system32\kernel.appcore.dll
0x00007ff9922b0000 - 0x00007ff992365000 	C:\WINDOWS\system32\shcore.dll
0x00007ff9915c0000 - 0x00007ff99160b000 	C:\WINDOWS\system32\powrprof.dll
0x00007ff9915a0000 - 0x00007ff9915b4000 	C:\WINDOWS\system32\profapi.dll

VM Arguments:
jvm_args: -Djava.awt.headless=true -Xmx1024M -Dfile.encoding=GBK -Duser.country=CN -Duser.language=zh -Duser.variant 
java_command: com.android.dx.command.Main --dex --force-jumbo --num-threads=4 --output C:\Android\Android\Project\mobilesafe\app\build\intermediates\pre-dexed\debug\com.android.support-support-core-utils-24.2.0_2b4ca7ee8f7c3b0ebe426fcc4f9ed03c06715544.jar C:\Android\Android\Project\mobilesafe\app\build\intermediates\exploded-aar\com.android.support\support-core-utils\24.2.0\jars\classes.jar
java_class_path (initial): C:\Android\Android\androidSDK\sdk\build-tools\24.0.1\lib\dx.jar
Launcher Type: SUN_STANDARD

Environment Variables:
JAVA_HOME=C:\Program Files\Java\jdk1.8.0_101
CLASSPATH=.;C:\Program Files\Java\jdk1.8.0_101\lib\dt.jar;C:\Program Files\Java\jdk1.8.0_101\lib\tools.jar
PATH=C:\ProgramData\Oracle\Java\javapath;C:\Program Files (x86)\Intel\iCLS Client\;C:\Program Files\Intel\iCLS Client\;C:\windows\system32;C:\windows;C:\windows\System32\Wbem;C:\windows\System32\WindowsPowerShell\v1.0\;C:\Program Files\Intel\Intel(R) Management Engine Components\DAL;C:\Program Files\Intel\Intel(R) Management Engine Components\IPT;C:\Program Files (x86)\Intel\Intel(R) Management Engine Components\DAL;C:\Program Files (x86)\Intel\Intel(R) Management Engine Components\IPT;C:\Program Files (x86)\Lenovo\Lenovo Home\;C:\Program Files (x86)\NVIDIA Corporation\PhysX\Common;C:\WINDOWS\system32;C:\WINDOWS;C:\WINDOWS\System32\Wbem;C:\WINDOWS\System32\WindowsPowerShell\v1.0\;C:\Program Files\Java\jdk1.8.0_101\bin;C:\Program Files\Java\jdk1.8.0_101\jre\bin;C:\Android\MySQL Server 5.5\bin;C:\Android\Android\sdk\tools;C:\Android\Android\sdk\platform-tools;C:\Android\TortoiseSVN\bin
USERNAME=Abner
OS=Windows_NT
PROCESSOR_IDENTIFIER=Intel64 Family 6 Model 60 Stepping 3, GenuineIntel



---------------  S Y S T E M  ---------------

OS: Windows 10.0 , 64 bit Build 10586 (10.0.10586.0)

CPU:total 4 (2 cores per cpu, 2 threads per core) family 6 model 60 stepping 3, cmov, cx8, fxsr, mmx, sse, sse2, sse3, ssse3, sse4.1, sse4.2, popcnt, avx, avx2, aes, clmul, erms, lzcnt, ht, tsc, tscinvbit, bmi1, bmi2

Memory: 4k page, physical 8298776k(1928704k free), swap 9347352k(5144k free)

vm_info: Java HotSpot(TM) 64-Bit Server VM (25.101-b13) for windows-amd64 JRE (1.8.0_101-b13), built on Jun 22 2016 01:21:29 by "java_re" with MS VC++ 10.0 (VS2010)

time: Thu Aug 25 19:57:00 2016
elapsed time: 3 seconds (0d 0h 0m 3s)

