#
# There is insufficient memory for the Java Runtime Environment to continue.
# Native memory allocation (malloc) failed to allocate 851216 bytes for Chunk::new
# Possible reasons:
#   The system is out of physical RAM or swap space
#   In 32 bit mode, the process size limit was hit
# Possible solutions:
#   Reduce memory load on the system
#   Increase physical memory or swap space
#   Check if swap backing store is full
#   Use 64 bit Java on a 64 bit OS
#   Decrease Java heap size (-Xmx/-Xms)
#   Decrease number of Java threads
#   Decrease Java thread stack sizes (-Xss)
#   Set larger code cache with -XX:ReservedCodeCacheSize=
# This output file may be truncated or incomplete.
#
#  Out of Memory Error (allocation.cpp:390), pid=10048, tid=0x0000000000001be8
#
# JRE version: Java(TM) SE Runtime Environment (8.0_101-b13) (build 1.8.0_101-b13)
# Java VM: Java HotSpot(TM) 64-Bit Server VM (25.101-b13 mixed mode windows-amd64 compressed oops)
# Failed to write core dump. Minidumps are not enabled by default on client versions of Windows
#

---------------  T H R E A D  ---------------

Current thread (0x000000001665a800):  JavaThread "C2 CompilerThread1" daemon [_thread_in_native, id=7144, stack(0x0000000016a00000,0x0000000016b00000)]

Stack: [0x0000000016a00000,0x0000000016b00000]
[error occurred during error reporting (printing stack bounds), id 0xc0000005]

Native frames: (J=compiled Java code, j=interpreted, Vv=VM code, C=native code)


Current CompileTask:
C2:   2919 1337       4       com.android.dx.dex.code.OutputFinisher::addConstants (93 bytes)


---------------  P R O C E S S  ---------------

Java Threads: ( => current thread )
  0x00000000167f4000 JavaThread "pool-1-thread-1" [_thread_in_vm, id=9108, stack(0x0000000018ad0000,0x0000000018bd0000)]
  0x000000001666b800 JavaThread "Service Thread" daemon [_thread_blocked, id=6064, stack(0x0000000016c00000,0x0000000016d00000)]
  0x000000001665d800 JavaThread "C1 CompilerThread2" daemon [_thread_blocked, id=10692, stack(0x0000000016b00000,0x0000000016c00000)]
=>0x000000001665a800 JavaThread "C2 CompilerThread1" daemon [_thread_in_native, id=7144, stack(0x0000000016a00000,0x0000000016b00000)]
  0x0000000014ffc000 JavaThread "C2 CompilerThread0" daemon [_thread_blocked, id=2324, stack(0x0000000016500000,0x0000000016600000)]
  0x0000000014ffa000 JavaThread "Attach Listener" daemon [_thread_blocked, id=8232, stack(0x0000000016400000,0x0000000016500000)]
  0x0000000014ff9800 JavaThread "Signal Dispatcher" daemon [_thread_blocked, id=10804, stack(0x0000000016300000,0x0000000016400000)]
  0x00000000028ca000 JavaThread "Finalizer" daemon [_thread_blocked, id=5632, stack(0x0000000016200000,0x0000000016300000)]
  0x00000000028bf800 JavaThread "Reference Handler" daemon [_thread_blocked, id=7208, stack(0x0000000016100000,0x0000000016200000)]
  0x00000000027d3000 JavaThread "main" [_thread_blocked, id=5268, stack(0x00000000022c0000,0x00000000023c0000)]

Other Threads:
  0x0000000014f68800 VMThread [stack: 0x0000000016000000,0x0000000016100000] [id=2376]
  0x00000000166c9000 WatcherThread [stack: 0x0000000016d00000,0x0000000016e00000] [id=5240]

VM state:not at safepoint (normal execution)

VM Mutex/Monitor currently owned by a thread: None

Heap:
 PSYoungGen      total 38400K, used 30708K [0x00000000eab00000, 0x00000000ed580000, 0x0000000100000000)
  eden space 33280K, 92% used [0x00000000eab00000,0x00000000ec8fd0b0,0x00000000ecb80000)
  from space 5120K, 0% used [0x00000000ed080000,0x00000000ed080000,0x00000000ed580000)
  to   space 5120K, 0% used [0x00000000ecb80000,0x00000000ecb80000,0x00000000ed080000)
 ParOldGen       total 87552K, used 0K [0x00000000c0000000, 0x00000000c5580000, 0x00000000eab00000)
  object space 87552K, 0% used [0x00000000c0000000,0x00000000c0000000,0x00000000c5580000)
 Metaspace       used 6363K, capacity 7192K, committed 7424K, reserved 1056768K
  class space    used 622K, capacity 656K, committed 768K, reserved 1048576K

Card table byte_map: [0x0000000011c90000,0x0000000011ea0000] byte_map_base: 0x0000000011690000

Marking Bits: (ParMarkBitMap*) 0x00000000732ba6d0
 Begin Bits: [0x0000000012400000, 0x0000000013400000)
 End Bits:   [0x0000000013400000, 0x0000000014400000)

Polling page: 0x0000000000810000

CodeCache: size=245760Kb used=5751Kb max_used=5751Kb free=240008Kb
 bounds [0x00000000028d0000, 0x0000000002e80000, 0x00000000118d0000]
 total_blobs=1720 nmethods=1449 adapters=184
 compilation: enabled

Compilation events (10 events):
Event: 2.910 Thread 0x000000001665d800 1430       1       com.android.dx.dex.code.form.Form22c::codeSize (2 bytes)
Event: 2.910 Thread 0x000000001665d800 nmethod 1430 0x0000000002e64550 code [0x0000000002e646a0, 0x0000000002e647b0]
Event: 2.910 Thread 0x000000001665d800 1437       1       com.android.dx.dex.code.form.Form21c::codeSize (2 bytes)
Event: 2.910 Thread 0x000000001665d800 nmethod 1437 0x0000000002e713d0 code [0x0000000002e71520, 0x0000000002e71630]
Event: 2.910 Thread 0x000000001665d800 1447       1       com.android.dx.dex.code.LocalList$Entry::getAddress (5 bytes)
Event: 2.910 Thread 0x000000001665d800 nmethod 1447 0x0000000002e71690 code [0x0000000002e717e0, 0x0000000002e718f0]
Event: 2.910 Thread 0x000000001665d800 1427       1       com.android.dx.dex.code.form.Form11x::codeSize (2 bytes)
Event: 2.910 Thread 0x000000001665d800 nmethod 1427 0x0000000002e71950 code [0x0000000002e71aa0, 0x0000000002e71bb0]
Event: 2.910 Thread 0x000000001665d800 1440       1       com.android.dx.dex.code.form.Form10x::codeSize (2 bytes)
Event: 2.910 Thread 0x000000001665d800 nmethod 1440 0x0000000002e71c10 code [0x0000000002e71d60, 0x0000000002e71e70]

GC Heap History (0 events):
No events

Deoptimization events (10 events):
Event: 2.543 Thread 0x00000000167f4000 Uncommon trap: reason=class_check action=maybe_recompile pc=0x0000000002de93c0 method=java.util.HashMap.putVal(ILjava/lang/Object;Ljava/lang/Object;ZZ)Ljava/lang/Object; @ 203
Event: 2.543 Thread 0x00000000167f4000 Uncommon trap: reason=class_check action=maybe_recompile pc=0x0000000002de93c0 method=java.util.HashMap.putVal(ILjava/lang/Object;Ljava/lang/Object;ZZ)Ljava/lang/Object; @ 203
Event: 2.553 Thread 0x00000000167f4000 Uncommon trap: reason=class_check action=maybe_recompile pc=0x0000000002de93c0 method=java.util.HashMap.putVal(ILjava/lang/Object;Ljava/lang/Object;ZZ)Ljava/lang/Object; @ 203
Event: 2.884 Thread 0x00000000167f4000 Uncommon trap: reason=speculate_class_check action=maybe_recompile pc=0x0000000002ca2448 method=com.android.dx.util.FixedSizeList.equals(Ljava/lang/Object;)Z @ 25
Event: 2.884 Thread 0x00000000167f4000 Uncommon trap: reason=class_check action=maybe_recompile pc=0x0000000002c96214 method=java.util.Arrays.equals([Ljava/lang/Object;[Ljava/lang/Object;)Z @ 62
Event: 2.884 Thread 0x00000000167f4000 Uncommon trap: reason=speculate_class_check action=maybe_recompile pc=0x0000000002ca2448 method=com.android.dx.util.FixedSizeList.equals(Ljava/lang/Object;)Z @ 25
Event: 2.884 Thread 0x00000000167f4000 Uncommon trap: reason=class_check action=maybe_recompile pc=0x0000000002c96214 method=java.util.Arrays.equals([Ljava/lang/Object;[Ljava/lang/Object;)Z @ 62
Event: 2.884 Thread 0x00000000167f4000 Uncommon trap: reason=speculate_class_check action=maybe_recompile pc=0x0000000002ca2448 method=com.android.dx.util.FixedSizeList.equals(Ljava/lang/Object;)Z @ 25
Event: 2.884 Thread 0x00000000167f4000 Uncommon trap: reason=unstable_if action=reinterpret pc=0x0000000002c961ec method=java.util.Arrays.equals([Ljava/lang/Object;[Ljava/lang/Object;)Z @ 23
Event: 2.886 Thread 0x00000000167f4000 Uncommon trap: reason=speculate_class_check action=maybe_recompile pc=0x0000000002ca2448 method=com.android.dx.util.FixedSizeList.equals(Ljava/lang/Object;)Z @ 25

Internal exceptions (3 events):
Event: 0.053 Thread 0x00000000027d3000 Exception <a 'java/lang/NoSuchMethodError': Method sun.misc.Unsafe.defineClass(Ljava/lang/String;[BII)Ljava/lang/Class; name or signature does not match> (0x00000000eab07cc0) thrown at [C:\re\workspace\8-2-build-windows-amd64-cygwin\jdk8u101\7261\hotspot\sC¦z¡Ø!«?
Event: 0.053 Thread 0x00000000027d3000 Exception <a 'java/lang/NoSuchMethodError': Method sun.misc.Unsafe.prefetchRead(Ljava/lang/Object;J)V name or signature does not match> (0x00000000eab07fa8) thrown at [C:\re\workspace\8-2-build-windows-amd64-cygwin\jdk8u101\7261\hotspot\src\share\vm\prims\‰1«ÿ×Â
Event: 2.095 Thread 0x00000000167f6800 Implicit null exception at 0x0000000002c6e562 to 0x0000000002c6e65a

Events (10 events):
Event: 2.884 Thread 0x00000000167f4000 Uncommon trap: trap_request=0xffffff65 fr.pc=0x0000000002c961ec
Event: 2.884 Thread 0x00000000167f4000 DEOPT PACKING pc=0x0000000002c961ec sp=0x0000000018bcec10
Event: 2.884 Thread 0x00000000167f4000 DEOPT UNPACKING pc=0x000000000291582a sp=0x0000000018bcebb0 mode 2
Event: 2.884 loading class com/android/dx/dex/code/CatchTable$Entry
Event: 2.884 loading class com/android/dx/dex/code/CatchTable$Entry done
Event: 2.885 loading class com/android/dx/util/ByteArrayAnnotatedOutput
Event: 2.885 loading class com/android/dx/util/ByteArrayAnnotatedOutput done
Event: 2.886 Thread 0x00000000167f4000 Uncommon trap: trap_request=0xffffff76 fr.pc=0x0000000002ca2448
Event: 2.886 Thread 0x00000000167f4000 DEOPT PACKING pc=0x0000000002ca2448 sp=0x0000000018bcec80
Event: 2.886 Thread 0x00000000167f4000 DEOPT UNPACKING pc=0x000000000291582a sp=0x0000000018bcec40 mode 2


Dynamic libraries:
0x00007ff675020000 - 0x00007ff675057000 	C:\Program Files\Java\jdk1.8.0_101\bin\java.exe
0x00007ff95bd60000 - 0x00007ff95bf21000 	C:\WINDOWS\SYSTEM32\ntdll.dll
0x00007ff95b720000 - 0x00007ff95b7cd000 	C:\WINDOWS\system32\KERNEL32.DLL
0x00007ff958e30000 - 0x00007ff959018000 	C:\WINDOWS\system32\KERNELBASE.dll
0x00007ff959c70000 - 0x00007ff959d17000 	C:\WINDOWS\system32\ADVAPI32.dll
0x00007ff95bca0000 - 0x00007ff95bd3d000 	C:\WINDOWS\system32\msvcrt.dll
0x00007ff9592c0000 - 0x00007ff95931b000 	C:\WINDOWS\system32\sechost.dll
0x00007ff959990000 - 0x00007ff959aac000 	C:\WINDOWS\system32\RPCRT4.dll
0x00007ff959160000 - 0x00007ff9592b6000 	C:\WINDOWS\system32\USER32.dll
0x00007ff95b590000 - 0x00007ff95b716000 	C:\WINDOWS\system32\GDI32.dll
0x00007ff950530000 - 0x00007ff9507a4000 	C:\WINDOWS\WinSxS\amd64_microsoft.windows.common-controls_6595b64144ccf1df_6.0.10586.494_none_a2d8b04ea53e3145\COMCTL32.dll
0x00007ff95b810000 - 0x00007ff95ba8d000 	C:\WINDOWS\system32\combase.dll
0x00007ff959020000 - 0x00007ff95908a000 	C:\WINDOWS\system32\bcryptPrimitives.dll
0x00007ff95b7d0000 - 0x00007ff95b80b000 	C:\WINDOWS\system32\IMM32.DLL
0x00007ff958270000 - 0x00007ff9582a2000 	C:\windows\system32\nvinitx.dll
0x00007ff958260000 - 0x00007ff95826a000 	C:\WINDOWS\SYSTEM32\VERSION.dll
0x00000000725e0000 - 0x00000000726b2000 	C:\Program Files\Java\jdk1.8.0_101\jre\bin\msvcr100.dll
0x0000000072aa0000 - 0x000000007333a000 	C:\Program Files\Java\jdk1.8.0_101\jre\bin\server\jvm.dll
0x00007ff959390000 - 0x00007ff959398000 	C:\WINDOWS\system32\PSAPI.DLL
0x00007ff94b090000 - 0x00007ff94b099000 	C:\WINDOWS\SYSTEM32\WSOCK32.dll
0x00007ff959d20000 - 0x00007ff959d8b000 	C:\WINDOWS\system32\WS2_32.dll
0x00007ff956580000 - 0x00007ff9565a3000 	C:\WINDOWS\SYSTEM32\WINMM.dll
0x00007ff956550000 - 0x00007ff95657c000 	C:\WINDOWS\SYSTEM32\WINMMBASE.dll
0x00007ff959110000 - 0x00007ff959153000 	C:\WINDOWS\system32\cfgmgr32.dll
0x0000000073480000 - 0x000000007348f000 	C:\Program Files\Java\jdk1.8.0_101\jre\bin\verify.dll
0x0000000072a70000 - 0x0000000072a99000 	C:\Program Files\Java\jdk1.8.0_101\jre\bin\java.dll
0x0000000072a50000 - 0x0000000072a66000 	C:\Program Files\Java\jdk1.8.0_101\jre\bin\zip.dll
0x00007ff959d90000 - 0x00007ff95b2ec000 	C:\WINDOWS\system32\SHELL32.dll
0x00007ff958410000 - 0x00007ff958a55000 	C:\WINDOWS\system32\windows.storage.dll
0x00007ff95ba90000 - 0x00007ff95bae2000 	C:\WINDOWS\system32\shlwapi.dll
0x00007ff9583b0000 - 0x00007ff9583bf000 	C:\WINDOWS\system32\kernel.appcore.dll
0x00007ff958d70000 - 0x00007ff958e25000 	C:\WINDOWS\system32\shcore.dll
0x00007ff9583c0000 - 0x00007ff95840b000 	C:\WINDOWS\system32\powrprof.dll
0x00007ff958380000 - 0x00007ff958394000 	C:\WINDOWS\system32\profapi.dll

VM Arguments:
jvm_args: -Djava.awt.headless=true -Xmx1024M -Dfile.encoding=GBK -Duser.country=CN -Duser.language=zh -Duser.variant 
java_command: com.android.dx.command.Main --dex --force-jumbo --num-threads=4 --multi-dex --output C:\Android\Android\Project\mobilesafe\app\build\intermediates\transforms\dex\debug\folders\1000\10\internal_impl-24.2.0_7935305643571846cc8418b2b38d21bc6fb651b0 C:\Android\Android\Project\mobilesafe\app\build\intermediates\exploded-aar\com.android.support\support-media-compat\24.2.0\jars\libs\internal_impl-24.2.0.jar
java_class_path (initial): C:\Android\Android\sdk\build-tools\24.0.1\lib\dx.jar
Launcher Type: SUN_STANDARD

Environment Variables:
JAVA_HOME=C:\Program Files\Java\jdk1.8.0_101
CLASSPATH=.;C:\Program Files\Java\jdk1.8.0_101\lib\dt.jar;C:\Program Files\Java\jdk1.8.0_101\lib\tools.jar
PATH=C:\ProgramData\Oracle\Java\javapath;C:\Program Files (x86)\Intel\iCLS Client\;C:\Program Files\Intel\iCLS Client\;C:\windows\system32;C:\windows;C:\windows\System32\Wbem;C:\windows\System32\WindowsPowerShell\v1.0\;C:\Program Files\Intel\Intel(R) Management Engine Components\DAL;C:\Program Files\Intel\Intel(R) Management Engine Components\IPT;C:\Program Files (x86)\Intel\Intel(R) Management Engine Components\DAL;C:\Program Files (x86)\Intel\Intel(R) Management Engine Components\IPT;C:\Program Files (x86)\Lenovo\Lenovo Home\;C:\Program Files (x86)\NVIDIA Corporation\PhysX\Common;C:\WINDOWS\system32;C:\WINDOWS;C:\WINDOWS\System32\Wbem;C:\WINDOWS\System32\WindowsPowerShell\v1.0\;C:\Program Files\Java\jdk1.8.0_101\bin;C:\Program Files\Java\jdk1.8.0_101\jre\bin;C:\Android\MySQL Server 5.5\bin;C:\Android\Android\sdk\tools;C:\Android\Android\sdk\platform-tools
USERNAME=Abner
OS=Windows_NT
PROCESSOR_IDENTIFIER=Intel64 Family 6 Model 60 Stepping 3, GenuineIntel



---------------  S Y S T E M  ---------------

OS: Windows 10.0 , 64 bit Build 10586 (10.0.10586.0)

CPU:total 4 (2 cores per cpu, 2 threads per core) family 6 model 60 stepping 3, cmov, cx8, fxsr, mmx, sse, sse2, sse3, ssse3, sse4.1, sse4.2, popcnt, avx, avx2, aes, clmul, erms, lzcnt, ht, tsc, tscinvbit, bmi1, bmi2

Memory: 4k page, physical 8298776k(1490444k free), swap 9347352k(5768k free)

vm_info: Java HotSpot(TM) 64-Bit Server VM (25.101-b13) for windows-amd64 JRE (1.8.0_101-b13), built on Jun 22 2016 01:21:29 by "java_re" with MS VC++ 10.0 (VS2010)

time: Tue Aug 23 17:38:41 2016
elapsed time: 2 seconds (0d 0h 0m 2s)

