#
# There is insufficient memory for the Java Runtime Environment to continue.
# Native memory allocation (malloc) failed to allocate 131088 bytes for Chunk::new
# Possible reasons:
#   The system is out of physical RAM or swap space
#   In 32 bit mode, the process size limit was hit
# Possible solutions:
#   Reduce memory load on the system
#   Increase physical memory or swap space
#   Check if swap backing store is full
#   Use 64 bit Java on a 64 bit OS
#   Decrease Java heap size (-Xmx/-Xms)
#   Decrease number of Java threads
#   Decrease Java thread stack sizes (-Xss)
#   Set larger code cache with -XX:ReservedCodeCacheSize=
# This output file may be truncated or incomplete.
#
#  Out of Memory Error (allocation.cpp:390), pid=10572, tid=0x00000000000024a0
#
# JRE version: Java(TM) SE Runtime Environment (8.0_101-b13) (build 1.8.0_101-b13)
# Java VM: Java HotSpot(TM) 64-Bit Server VM (25.101-b13 mixed mode windows-amd64 compressed oops)
# Failed to write core dump. Minidumps are not enabled by default on client versions of Windows
#

---------------  T H R E A D  ---------------

Current thread (0x0000000014d0b800):  JavaThread "C2 CompilerThread0" daemon [_thread_in_native, id=9376, stack(0x0000000016200000,0x0000000016300000)]

Stack: [0x0000000016200000,0x0000000016300000]
[error occurred during error reporting (printing stack bounds), id 0xc0000005]

Native frames: (J=compiled Java code, j=interpreted, Vv=VM code, C=native code)


Current CompileTask:
C2:   3291 1357       4       com.android.dx.dex.code.OutputFinisher::addConstants (93 bytes)


---------------  P R O C E S S  ---------------

Java Threads: ( => current thread )
  0x000000001649a800 JavaThread "pool-1-thread-1" [_thread_in_Java, id=5408, stack(0x0000000017800000,0x0000000017900000)]
  0x0000000016362000 JavaThread "Service Thread" daemon [_thread_blocked, id=10468, stack(0x0000000016900000,0x0000000016a00000)]
  0x0000000016354000 JavaThread "C1 CompilerThread2" daemon [_thread_blocked, id=6396, stack(0x0000000016800000,0x0000000016900000)]
  0x000000001631b800 JavaThread "C2 CompilerThread1" daemon [_thread_blocked, id=11040, stack(0x0000000016700000,0x0000000016800000)]
=>0x0000000014d0b800 JavaThread "C2 CompilerThread0" daemon [_thread_in_native, id=9376, stack(0x0000000016200000,0x0000000016300000)]
  0x0000000014d0a000 JavaThread "Attach Listener" daemon [_thread_blocked, id=9292, stack(0x0000000016100000,0x0000000016200000)]
  0x0000000014d09000 JavaThread "Signal Dispatcher" daemon [_thread_blocked, id=2332, stack(0x0000000016000000,0x0000000016100000)]
  0x0000000014c9a000 JavaThread "Finalizer" daemon [_thread_blocked, id=8868, stack(0x0000000015f00000,0x0000000016000000)]
  0x00000000025d1000 JavaThread "Reference Handler" daemon [_thread_blocked, id=8796, stack(0x0000000015e00000,0x0000000015f00000)]
  0x00000000024e3000 JavaThread "main" [_thread_blocked, id=5936, stack(0x00000000023a0000,0x00000000024a0000)]

Other Threads:
  0x0000000014c78000 VMThread [stack: 0x0000000015d00000,0x0000000015e00000] [id=7860]
  0x00000000163c5800 WatcherThread [stack: 0x0000000016a00000,0x0000000016b00000] [id=10684]

VM state:not at safepoint (normal execution)

VM Mutex/Monitor currently owned by a thread: None

Heap:
 PSYoungGen      total 38400K, used 31598K [0x00000000eab00000, 0x00000000ed580000, 0x0000000100000000)
  eden space 33280K, 94% used [0x00000000eab00000,0x00000000ec9dba88,0x00000000ecb80000)
  from space 5120K, 0% used [0x00000000ed080000,0x00000000ed080000,0x00000000ed580000)
  to   space 5120K, 0% used [0x00000000ecb80000,0x00000000ecb80000,0x00000000ed080000)
 ParOldGen       total 87552K, used 0K [0x00000000c0000000, 0x00000000c5580000, 0x00000000eab00000)
  object space 87552K, 0% used [0x00000000c0000000,0x00000000c0000000,0x00000000c5580000)
 Metaspace       used 6405K, capacity 7256K, committed 7424K, reserved 1056768K
  class space    used 625K, capacity 656K, committed 768K, reserved 1048576K

Card table byte_map: [0x00000000119a0000,0x0000000011bb0000] byte_map_base: 0x00000000113a0000

Marking Bits: (ParMarkBitMap*) 0x00000000732ba6d0
 Begin Bits: [0x0000000012110000, 0x0000000013110000)
 End Bits:   [0x0000000013110000, 0x0000000014110000)

Polling page: 0x0000000000770000

CodeCache: size=245760Kb used=5772Kb max_used=5772Kb free=239987Kb
 bounds [0x00000000025e0000, 0x0000000002b90000, 0x00000000115e0000]
 total_blobs=1792 nmethods=1520 adapters=185
 compilation: enabled

Compilation events (10 events):
Event: 3.279 Thread 0x0000000016354000 1518       3       com.android.dx.dex.code.LocalList$Entry::getName (11 bytes)
Event: 3.279 Thread 0x0000000016354000 nmethod 1518 0x0000000002b7ee90 code [0x0000000002b7f000, 0x0000000002b7f230]
Event: 3.279 Thread 0x000000001631b800 1519       4       com.android.dx.rop.type.StdTypeList::get (9 bytes)
Event: 3.280 Thread 0x000000001631b800 nmethod 1519 0x0000000002b81fd0 code [0x0000000002b82120, 0x0000000002b821f8]
Event: 3.281 Thread 0x0000000016354000 1520       3       com.android.dx.dex.file.DebugInfoEncoder::emitHeader (530 bytes)
Event: 3.286 Thread 0x0000000016354000 nmethod 1520 0x0000000002b82350 code [0x0000000002b82980, 0x0000000002b87268]
Event: 3.286 Thread 0x0000000016354000 1521       3       com.android.dx.dex.file.DebugInfoEncoder$1::compare (13 bytes)
Event: 3.286 Thread 0x0000000016354000 nmethod 1521 0x0000000002b818d0 code [0x0000000002b81a60, 0x0000000002b81e50]
Event: 3.287 Thread 0x0000000016354000 1522       3       com.android.dx.dex.file.StringIdsSection::indexOf (49 bytes)
Event: 3.287 Thread 0x0000000016354000 nmethod 1522 0x0000000002b809d0 code [0x0000000002b80bc0, 0x0000000002b81508]

GC Heap History (0 events):
No events

Deoptimization events (10 events):
Event: 2.976 Thread 0x000000001649a800 Uncommon trap: reason=class_check action=maybe_recompile pc=0x0000000002abf0c4 method=java.util.HashMap.putVal(ILjava/lang/Object;Ljava/lang/Object;ZZ)Ljava/lang/Object; @ 203
Event: 2.976 Thread 0x000000001649a800 Uncommon trap: reason=class_check action=maybe_recompile pc=0x0000000002aad8b8 method=java.util.HashMap.putVal(ILjava/lang/Object;Ljava/lang/Object;ZZ)Ljava/lang/Object; @ 203
Event: 3.097 Thread 0x000000001649a800 Uncommon trap: reason=speculate_class_check action=maybe_recompile pc=0x000000000295f704 method=com.android.dx.util.FixedSizeList.equals(Ljava/lang/Object;)Z @ 25
Event: 3.097 Thread 0x000000001649a800 Uncommon trap: reason=class_check action=maybe_recompile pc=0x000000000295e354 method=java.util.Arrays.equals([Ljava/lang/Object;[Ljava/lang/Object;)Z @ 62
Event: 3.097 Thread 0x000000001649a800 Uncommon trap: reason=speculate_class_check action=maybe_recompile pc=0x000000000295f704 method=com.android.dx.util.FixedSizeList.equals(Ljava/lang/Object;)Z @ 25
Event: 3.097 Thread 0x000000001649a800 Uncommon trap: reason=class_check action=maybe_recompile pc=0x000000000295e354 method=java.util.Arrays.equals([Ljava/lang/Object;[Ljava/lang/Object;)Z @ 62
Event: 3.097 Thread 0x000000001649a800 Uncommon trap: reason=speculate_class_check action=maybe_recompile pc=0x000000000295f704 method=com.android.dx.util.FixedSizeList.equals(Ljava/lang/Object;)Z @ 25
Event: 3.097 Thread 0x000000001649a800 Uncommon trap: reason=unstable_if action=reinterpret pc=0x000000000295e32c method=java.util.Arrays.equals([Ljava/lang/Object;[Ljava/lang/Object;)Z @ 23
Event: 3.099 Thread 0x000000001649a800 Uncommon trap: reason=speculate_class_check action=maybe_recompile pc=0x000000000295f704 method=com.android.dx.util.FixedSizeList.equals(Ljava/lang/Object;)Z @ 25
Event: 3.246 Thread 0x000000001649a800 Uncommon trap: reason=unstable_if action=reinterpret pc=0x0000000002b5794c method=com.android.dx.dex.code.OutputFinisher.findOpcodeForInsn(Lcom/android/dx/dex/code/DalvInsn;Lcom/android/dx/dex/code/Dop;)Lcom/android/dx/dex/code/Dop; @ 1

Internal exceptions (2 events):
Event: 0.069 Thread 0x00000000024e3000 Exception <a 'java/lang/NoSuchMethodError': Method sun.misc.Unsafe.defineClass(Ljava/lang/String;[BII)Ljava/lang/Class; name or signature does not match> (0x00000000eab07cc0) thrown at [C:\re\workspace\8-2-build-windows-amd64-cygwin\jdk8u101\7261\hotspot\sb‚¶b®±?
Event: 0.069 Thread 0x00000000024e3000 Exception <a 'java/lang/NoSuchMethodError': Method sun.misc.Unsafe.prefetchRead(Ljava/lang/Object;J)V name or signature does not match> (0x00000000eab07fa8) thrown at [C:\re\workspace\8-2-build-windows-amd64-cygwin\jdk8u101\7261\hotspot\src\share\vm\prims\

Events (10 events):
Event: 3.246 Thread 0x000000001649a800 DEOPT PACKING pc=0x0000000002b5794c sp=0x00000000178fecd0
Event: 3.246 Thread 0x000000001649a800 DEOPT UNPACKING pc=0x000000000262582a sp=0x00000000178fec70 mode 2
Event: 3.246 loading class com/android/dx/rop/code/RegisterSpecList$Expander
Event: 3.246 loading class com/android/dx/rop/code/RegisterSpecList$Expander done
Event: 3.257 loading class com/android/dx/dex/file/DebugInfoEncoder
Event: 3.257 loading class com/android/dx/dex/file/DebugInfoEncoder done
Event: 3.260 loading class com/android/dx/dex/file/DebugInfoEncoder$1
Event: 3.260 loading class com/android/dx/dex/file/DebugInfoEncoder$1 done
Event: 3.261 loading class com/android/dx/dex/file/DebugInfoEncoder$2
Event: 3.261 loading class com/android/dx/dex/file/DebugInfoEncoder$2 done


Dynamic libraries:
0x00007ff675020000 - 0x00007ff675057000 	C:\Program Files\Java\jdk1.8.0_101\bin\java.exe
0x00007ff95bd60000 - 0x00007ff95bf21000 	C:\WINDOWS\SYSTEM32\ntdll.dll
0x00007ff95b720000 - 0x00007ff95b7cd000 	C:\WINDOWS\system32\KERNEL32.DLL
0x00007ff958e30000 - 0x00007ff959018000 	C:\WINDOWS\system32\KERNELBASE.dll
0x00007ff959c70000 - 0x00007ff959d17000 	C:\WINDOWS\system32\ADVAPI32.dll
0x00007ff95bca0000 - 0x00007ff95bd3d000 	C:\WINDOWS\system32\msvcrt.dll
0x00007ff9592c0000 - 0x00007ff95931b000 	C:\WINDOWS\system32\sechost.dll
0x00007ff959990000 - 0x00007ff959aac000 	C:\WINDOWS\system32\RPCRT4.dll
0x00007ff959160000 - 0x00007ff9592b6000 	C:\WINDOWS\system32\USER32.dll
0x00007ff95b590000 - 0x00007ff95b716000 	C:\WINDOWS\system32\GDI32.dll
0x00007ff950530000 - 0x00007ff9507a4000 	C:\WINDOWS\WinSxS\amd64_microsoft.windows.common-controls_6595b64144ccf1df_6.0.10586.494_none_a2d8b04ea53e3145\COMCTL32.dll
0x00007ff95b810000 - 0x00007ff95ba8d000 	C:\WINDOWS\system32\combase.dll
0x00007ff959020000 - 0x00007ff95908a000 	C:\WINDOWS\system32\bcryptPrimitives.dll
0x00007ff95b7d0000 - 0x00007ff95b80b000 	C:\WINDOWS\system32\IMM32.DLL
0x00007ff958270000 - 0x00007ff9582a2000 	C:\windows\system32\nvinitx.dll
0x00007ff958260000 - 0x00007ff95826a000 	C:\WINDOWS\SYSTEM32\VERSION.dll
0x00000000725e0000 - 0x00000000726b2000 	C:\Program Files\Java\jdk1.8.0_101\jre\bin\msvcr100.dll
0x0000000072aa0000 - 0x000000007333a000 	C:\Program Files\Java\jdk1.8.0_101\jre\bin\server\jvm.dll
0x00007ff959390000 - 0x00007ff959398000 	C:\WINDOWS\system32\PSAPI.DLL
0x00007ff94b090000 - 0x00007ff94b099000 	C:\WINDOWS\SYSTEM32\WSOCK32.dll
0x00007ff959d20000 - 0x00007ff959d8b000 	C:\WINDOWS\system32\WS2_32.dll
0x00007ff956580000 - 0x00007ff9565a3000 	C:\WINDOWS\SYSTEM32\WINMM.dll
0x00007ff956550000 - 0x00007ff95657c000 	C:\WINDOWS\SYSTEM32\WINMMBASE.dll
0x00007ff959110000 - 0x00007ff959153000 	C:\WINDOWS\system32\cfgmgr32.dll
0x0000000073480000 - 0x000000007348f000 	C:\Program Files\Java\jdk1.8.0_101\jre\bin\verify.dll
0x0000000072a70000 - 0x0000000072a99000 	C:\Program Files\Java\jdk1.8.0_101\jre\bin\java.dll
0x0000000072a50000 - 0x0000000072a66000 	C:\Program Files\Java\jdk1.8.0_101\jre\bin\zip.dll
0x00007ff959d90000 - 0x00007ff95b2ec000 	C:\WINDOWS\system32\SHELL32.dll
0x00007ff958410000 - 0x00007ff958a55000 	C:\WINDOWS\system32\windows.storage.dll
0x00007ff95ba90000 - 0x00007ff95bae2000 	C:\WINDOWS\system32\shlwapi.dll
0x00007ff9583b0000 - 0x00007ff9583bf000 	C:\WINDOWS\system32\kernel.appcore.dll
0x00007ff958d70000 - 0x00007ff958e25000 	C:\WINDOWS\system32\shcore.dll
0x00007ff9583c0000 - 0x00007ff95840b000 	C:\WINDOWS\system32\powrprof.dll
0x00007ff958380000 - 0x00007ff958394000 	C:\WINDOWS\system32\profapi.dll

VM Arguments:
jvm_args: -Djava.awt.headless=true -Xmx1024M -Dfile.encoding=GBK -Duser.country=CN -Duser.language=zh -Duser.variant 
java_command: com.android.dx.command.Main --dex --force-jumbo --num-threads=4 --multi-dex --output C:\Android\Android\Project\mobilesafe\app\build\intermediates\transforms\dex\debug\folders\1000\10\internal_impl-24.2.0_7935305643571846cc8418b2b38d21bc6fb651b0 C:\Android\Android\Project\mobilesafe\app\build\intermediates\exploded-aar\com.android.support\support-media-compat\24.2.0\jars\libs\internal_impl-24.2.0.jar
java_class_path (initial): C:\Android\Android\sdk\build-tools\24.0.1\lib\dx.jar
Launcher Type: SUN_STANDARD

Environment Variables:
JAVA_HOME=C:\Program Files\Java\jdk1.8.0_101
CLASSPATH=.;C:\Program Files\Java\jdk1.8.0_101\lib\dt.jar;C:\Program Files\Java\jdk1.8.0_101\lib\tools.jar
PATH=C:\ProgramData\Oracle\Java\javapath;C:\Program Files (x86)\Intel\iCLS Client\;C:\Program Files\Intel\iCLS Client\;C:\windows\system32;C:\windows;C:\windows\System32\Wbem;C:\windows\System32\WindowsPowerShell\v1.0\;C:\Program Files\Intel\Intel(R) Management Engine Components\DAL;C:\Program Files\Intel\Intel(R) Management Engine Components\IPT;C:\Program Files (x86)\Intel\Intel(R) Management Engine Components\DAL;C:\Program Files (x86)\Intel\Intel(R) Management Engine Components\IPT;C:\Program Files (x86)\Lenovo\Lenovo Home\;C:\Program Files (x86)\NVIDIA Corporation\PhysX\Common;C:\WINDOWS\system32;C:\WINDOWS;C:\WINDOWS\System32\Wbem;C:\WINDOWS\System32\WindowsPowerShell\v1.0\;C:\Program Files\Java\jdk1.8.0_101\bin;C:\Program Files\Java\jdk1.8.0_101\jre\bin;C:\Android\MySQL Server 5.5\bin;C:\Android\Android\sdk\tools;C:\Android\Android\sdk\platform-tools
USERNAME=Abner
OS=Windows_NT
PROCESSOR_IDENTIFIER=Intel64 Family 6 Model 60 Stepping 3, GenuineIntel



---------------  S Y S T E M  ---------------

OS: Windows 10.0 , 64 bit Build 10586 (10.0.10586.0)

CPU:total 4 (2 cores per cpu, 2 threads per core) family 6 model 60 stepping 3, cmov, cx8, fxsr, mmx, sse, sse2, sse3, ssse3, sse4.1, sse4.2, popcnt, avx, avx2, aes, clmul, erms, lzcnt, ht, tsc, tscinvbit, bmi1, bmi2

Memory: 4k page, physical 8298776k(1496860k free), swap 9347352k(4224k free)

vm_info: Java HotSpot(TM) 64-Bit Server VM (25.101-b13) for windows-amd64 JRE (1.8.0_101-b13), built on Jun 22 2016 01:21:29 by "java_re" with MS VC++ 10.0 (VS2010)

time: Tue Aug 23 17:39:15 2016
elapsed time: 3 seconds (0d 0h 0m 3s)

