#
# There is insufficient memory for the Java Runtime Environment to continue.
# Native memory allocation (malloc) failed to allocate 711696 bytes for Chunk::new
# Possible reasons:
#   The system is out of physical RAM or swap space
#   In 32 bit mode, the process size limit was hit
# Possible solutions:
#   Reduce memory load on the system
#   Increase physical memory or swap space
#   Check if swap backing store is full
#   Use 64 bit Java on a 64 bit OS
#   Decrease Java heap size (-Xmx/-Xms)
#   Decrease number of Java threads
#   Decrease Java thread stack sizes (-Xss)
#   Set larger code cache with -XX:ReservedCodeCacheSize=
# This output file may be truncated or incomplete.
#
#  Out of Memory Error (allocation.cpp:390), pid=10644, tid=0x0000000000002534
#
# JRE version: Java(TM) SE Runtime Environment (8.0_101-b13) (build 1.8.0_101-b13)
# Java VM: Java HotSpot(TM) 64-Bit Server VM (25.101-b13 mixed mode windows-amd64 compressed oops)
# Failed to write core dump. Minidumps are not enabled by default on client versions of Windows
#

---------------  T H R E A D  ---------------

Current thread (0x00000000157dc000):  JavaThread "C2 CompilerThread0" daemon [_thread_in_native, id=9524, stack(0x0000000016ce0000,0x0000000016de0000)]

Stack: [0x0000000016ce0000,0x0000000016de0000]
[error occurred during error reporting (printing stack bounds), id 0xc0000005]

Native frames: (J=compiled Java code, j=interpreted, Vv=VM code, C=native code)


Current CompileTask:
C2:   6179 1802   !   4       com.android.dx.cf.code.BytecodeArray::parseInstruction (2764 bytes)


---------------  P R O C E S S  ---------------

Java Threads: ( => current thread )
  0x0000000016e4c800 JavaThread "Service Thread" daemon [_thread_blocked, id=9528, stack(0x00000000173e0000,0x00000000174e0000)]
  0x0000000016e46800 JavaThread "C1 CompilerThread2" daemon [_thread_blocked, id=3364, stack(0x00000000172e0000,0x00000000173e0000)]
  0x0000000016de9000 JavaThread "C2 CompilerThread1" daemon [_thread_in_native, id=6464, stack(0x00000000171e0000,0x00000000172e0000)]
=>0x00000000157dc000 JavaThread "C2 CompilerThread0" daemon [_thread_in_native, id=9524, stack(0x0000000016ce0000,0x0000000016de0000)]
  0x00000000157da000 JavaThread "Attach Listener" daemon [_thread_blocked, id=10424, stack(0x0000000016be0000,0x0000000016ce0000)]
  0x00000000157d9800 JavaThread "Signal Dispatcher" daemon [_thread_blocked, id=9820, stack(0x0000000016ae0000,0x0000000016be0000)]
  0x000000001576a800 JavaThread "Finalizer" daemon [_thread_blocked, id=5320, stack(0x00000000169e0000,0x0000000016ae0000)]
  0x000000000309f800 JavaThread "Reference Handler" daemon [_thread_blocked, id=9736, stack(0x00000000168e0000,0x00000000169e0000)]
  0x0000000002fb2800 JavaThread "main" [_thread_in_Java, id=5612, stack(0x0000000002cb0000,0x0000000002db0000)]

Other Threads:
  0x0000000015748800 VMThread [stack: 0x00000000167e0000,0x00000000168e0000] [id=10972]
  0x0000000016e82000 WatcherThread [stack: 0x00000000174e0000,0x00000000175e0000] [id=8620]

VM state:not at safepoint (normal execution)

VM Mutex/Monitor currently owned by a thread: None

Heap:
 PSYoungGen      total 71680K, used 30671K [0x00000000eab00000, 0x00000000ef600000, 0x0000000100000000)
  eden space 66560K, 38% used [0x00000000eab00000,0x00000000ec3f65c8,0x00000000eec00000)
  from space 5120K, 99% used [0x00000000eec00000,0x00000000ef0fd730,0x00000000ef100000)
  to   space 5120K, 0% used [0x00000000ef100000,0x00000000ef100000,0x00000000ef600000)
 ParOldGen       total 87552K, used 15046K [0x00000000c0000000, 0x00000000c5580000, 0x00000000eab00000)
  object space 87552K, 17% used [0x00000000c0000000,0x00000000c0eb1b18,0x00000000c5580000)
 Metaspace       used 6469K, capacity 7192K, committed 7424K, reserved 1056768K
  class space    used 632K, capacity 656K, committed 768K, reserved 1048576K

Card table byte_map: [0x0000000012470000,0x0000000012680000] byte_map_base: 0x0000000011e70000

Marking Bits: (ParMarkBitMap*) 0x000000005567a6d0
 Begin Bits: [0x0000000012be0000, 0x0000000013be0000)
 End Bits:   [0x0000000013be0000, 0x0000000014be0000)

Polling page: 0x0000000002db0000

CodeCache: size=245760Kb used=7569Kb max_used=7580Kb free=238190Kb
 bounds [0x00000000030b0000, 0x0000000003820000, 0x00000000120b0000]
 total_blobs=2043 nmethods=1772 adapters=184
 compilation: enabled

Compilation events (10 events):
Event: 6.096 Thread 0x0000000016e46800 1855       2       com.android.dx.ssa.SsaMethod::makeNewSsaReg (26 bytes)
Event: 6.096 Thread 0x0000000016e46800 nmethod 1855 0x00000000037e8990 code [0x00000000037e8ae0, 0x00000000037e8c70]
Event: 6.155 Thread 0x0000000016e46800 1856       2       java.util.ArrayList::set (20 bytes)
Event: 6.156 Thread 0x0000000016e46800 nmethod 1856 0x00000000037e82d0 code [0x00000000037e8460, 0x00000000037e8738]
Event: 6.157 Thread 0x0000000016e46800 1857       2       com.android.dx.rop.code.Rops::opIfNe (17 bytes)
Event: 6.157 Thread 0x0000000016e46800 nmethod 1857 0x00000000037e7f50 code [0x00000000037e80c0, 0x00000000037e8248]
Event: 6.161 Thread 0x0000000016e46800 1858       2       java.util.Vector::grow (57 bytes)
Event: 6.162 Thread 0x0000000016e46800 nmethod 1858 0x0000000003813310 code [0x0000000003813480, 0x0000000003813718]
Event: 6.163 Thread 0x0000000016e46800 1859       2       com.android.dx.rop.cst.CstLiteral32::getLongBits (6 bytes)
Event: 6.163 Thread 0x0000000016e46800 nmethod 1859 0x0000000003812fd0 code [0x0000000003813120, 0x0000000003813270]

GC Heap History (6 events):
Event: 1.474 GC heap before
{Heap before GC invocations=1 (full 0):
 PSYoungGen      total 38400K, used 33280K [0x00000000eab00000, 0x00000000ed580000, 0x0000000100000000)
  eden space 33280K, 100% used [0x00000000eab00000,0x00000000ecb80000,0x00000000ecb80000)
  from space 5120K, 0% used [0x00000000ed080000,0x00000000ed080000,0x00000000ed580000)
  to   space 5120K, 0% used [0x00000000ecb80000,0x00000000ecb80000,0x00000000ed080000)
 ParOldGen       total 87552K, used 0K [0x00000000c0000000, 0x00000000c5580000, 0x00000000eab00000)
  object space 87552K, 0% used [0x00000000c0000000,0x00000000c0000000,0x00000000c5580000)
 Metaspace       used 6040K, capacity 6902K, committed 7040K, reserved 1056768K
  class space    used 608K, capacity 622K, committed 640K, reserved 1048576K
Event: 1.541 GC heap after
Heap after GC invocations=1 (full 0):
 PSYoungGen      total 38400K, used 5088K [0x00000000eab00000, 0x00000000ef600000, 0x0000000100000000)
  eden space 33280K, 0% used [0x00000000eab00000,0x00000000eab00000,0x00000000ecb80000)
  from space 5120K, 99% used [0x00000000ecb80000,0x00000000ed078308,0x00000000ed080000)
  to   space 5120K, 0% used [0x00000000ef100000,0x00000000ef100000,0x00000000ef600000)
 ParOldGen       total 87552K, used 2115K [0x00000000c0000000, 0x00000000c5580000, 0x00000000eab00000)
  object space 87552K, 2% used [0x00000000c0000000,0x00000000c0210df0,0x00000000c5580000)
 Metaspace       used 6040K, capacity 6902K, committed 7040K, reserved 1056768K
  class space    used 608K, capacity 622K, committed 640K, reserved 1048576K
}
Event: 2.118 GC heap before
{Heap before GC invocations=2 (full 0):
 PSYoungGen      total 38400K, used 38368K [0x00000000eab00000, 0x00000000ef600000, 0x0000000100000000)
  eden space 33280K, 100% used [0x00000000eab00000,0x00000000ecb80000,0x00000000ecb80000)
  from space 5120K, 99% used [0x00000000ecb80000,0x00000000ed078308,0x00000000ed080000)
  to   space 5120K, 0% used [0x00000000ef100000,0x00000000ef100000,0x00000000ef600000)
 ParOldGen       total 87552K, used 2115K [0x00000000c0000000, 0x00000000c5580000, 0x00000000eab00000)
  object space 87552K, 2% used [0x00000000c0000000,0x00000000c0210df0,0x00000000c5580000)
 Metaspace       used 6300K, capacity 7064K, committed 7424K, reserved 1056768K
  class space    used 627K, capacity 656K, committed 768K, reserved 1048576K
Event: 2.134 GC heap after
Heap after GC invocations=2 (full 0):
 PSYoungGen      total 71680K, used 5115K [0x00000000eab00000, 0x00000000ef600000, 0x0000000100000000)
  eden space 66560K, 0% used [0x00000000eab00000,0x00000000eab00000,0x00000000eec00000)
  from space 5120K, 99% used [0x00000000ef100000,0x00000000ef5fef78,0x00000000ef600000)
  to   space 5120K, 0% used [0x00000000eec00000,0x00000000eec00000,0x00000000ef100000)
 ParOldGen       total 87552K, used 6096K [0x00000000c0000000, 0x00000000c5580000, 0x00000000eab00000)
  object space 87552K, 6% used [0x00000000c0000000,0x00000000c05f4050,0x00000000c5580000)
 Metaspace       used 6300K, capacity 7064K, committed 7424K, reserved 1056768K
  class space    used 627K, capacity 656K, committed 768K, reserved 1048576K
}
Event: 4.816 GC heap before
{Heap before GC invocations=3 (full 0):
 PSYoungGen      total 71680K, used 71675K [0x00000000eab00000, 0x00000000ef600000, 0x0000000100000000)
  eden space 66560K, 100% used [0x00000000eab00000,0x00000000eec00000,0x00000000eec00000)
  from space 5120K, 99% used [0x00000000ef100000,0x00000000ef5fef78,0x00000000ef600000)
  to   space 5120K, 0% used [0x00000000eec00000,0x00000000eec00000,0x00000000ef100000)
 ParOldGen       total 87552K, used 6096K [0x00000000c0000000, 0x00000000c5580000, 0x00000000eab00000)
  object space 87552K, 6% used [0x00000000c0000000,0x00000000c05f4050,0x00000000c5580000)
 Metaspace       used 6401K, capacity 7128K, committed 7424K, reserved 1056768K
  class space    used 628K, capacity 656K, committed 768K, reserved 1048576K
Event: 4.842 GC heap after
Heap after GC invocations=3 (full 0):
 PSYoungGen      total 71680K, used 5109K [0x00000000eab00000, 0x00000000ef600000, 0x0000000100000000)
  eden space 66560K, 0% used [0x00000000eab00000,0x00000000eab00000,0x00000000eec00000)
  from space 5120K, 99% used [0x00000000eec00000,0x00000000ef0fd730,0x00000000ef100000)
  to   space 5120K, 0% used [0x00000000ef100000,0x00000000ef100000,0x00000000ef600000)
 ParOldGen       total 87552K, used 15046K [0x00000000c0000000, 0x00000000c5580000, 0x00000000eab00000)
  object space 87552K, 17% used [0x00000000c0000000,0x00000000c0eb1b18,0x00000000c5580000)
 Metaspace       used 6401K, capacity 7128K, committed 7424K, reserved 1056768K
  class space    used 628K, capacity 656K, committed 768K, reserved 1048576K
}

Deoptimization events (10 events):
Event: 2.618 Thread 0x0000000002fb2800 Uncommon trap: reason=bimorphic action=maybe_recompile pc=0x000000000368b8d0 method=com.android.dx.cf.code.BytecodeArray.parseInstruction(ILcom/android/dx/cf/code/BytecodeArray$Visitor;)I @ 1287
Event: 3.333 Thread 0x00000000170a0000 Uncommon trap: reason=unstable_if action=reinterpret pc=0x00000000036f8380 method=com.android.dx.rop.code.DexTranslationAdvice.hasConstantOperation(Lcom/android/dx/rop/code/Rop;Lcom/android/dx/rop/code/RegisterSpec;Lcom/android/dx/rop/code/RegisterSpec;)Z 
Event: 3.352 Thread 0x00000000170a0000 Uncommon trap: reason=unstable_if action=reinterpret pc=0x000000000363a2d8 method=com.android.dx.ssa.SCCP.simulateStmt(Lcom/android/dx/ssa/SsaInsn;)V @ 59
Event: 3.401 Thread 0x00000000170a0000 Uncommon trap: reason=bimorphic action=maybe_recompile pc=0x00000000036e866c method=com.android.dx.rop.code.RegisterSpec.withSimpleType()Lcom/android/dx/rop/code/RegisterSpec; @ 21
Event: 3.405 Thread 0x00000000170a0000 Uncommon trap: reason=bimorphic action=maybe_recompile pc=0x000000000368ba28 method=com.android.dx.cf.code.BytecodeArray.parseInstruction(ILcom/android/dx/cf/code/BytecodeArray$Visitor;)I @ 1357
Event: 3.405 Thread 0x00000000170a0000 Uncommon trap: reason=bimorphic action=maybe_recompile pc=0x000000000368ba28 method=com.android.dx.cf.code.BytecodeArray.parseInstruction(ILcom/android/dx/cf/code/BytecodeArray$Visitor;)I @ 1357
Event: 4.774 Thread 0x000000001709f000 Uncommon trap: reason=unstable_if action=reinterpret pc=0x00000000037150c0 method=com.android.dx.ssa.LiteralOpUpgrader$1.visitNonMoveInsn(Lcom/android/dx/ssa/NormalSsaInsn;)V @ 55
Event: 4.775 Thread 0x000000001709f000 Uncommon trap: reason=unstable_if action=reinterpret pc=0x000000000343881c method=com.android.dx.ssa.SsaMethod.updateOneDefinition(Lcom/android/dx/ssa/SsaInsn;Lcom/android/dx/rop/code/RegisterSpec;)V @ 4
Event: 5.633 Thread 0x0000000017076800 Uncommon trap: reason=bimorphic action=maybe_recompile pc=0x000000000377b258 method=com.android.dx.cf.code.BytecodeArray.parseInstruction(ILcom/android/dx/cf/code/BytecodeArray$Visitor;)I @ 2281
Event: 5.633 Thread 0x0000000017076800 Uncommon trap: reason=bimorphic action=maybe_recompile pc=0x000000000377b258 method=com.android.dx.cf.code.BytecodeArray.parseInstruction(ILcom/android/dx/cf/code/BytecodeArray$Visitor;)I @ 2281

Internal exceptions (5 events):
Event: 0.109 Thread 0x0000000002fb2800 Exception <a 'java/lang/NoSuchMethodError': Method sun.misc.Unsafe.defineClass(Ljava/lang/String;[BII)Ljava/lang/Class; name or signature does not match> (0x00000000eab07cc0) thrown at [C:\re\workspace\8-2-build-windows-amd64-cygwin\jdk8u101\7261\hotspot\s+i¨¢Lð»?
Event: 0.109 Thread 0x0000000002fb2800 Exception <a 'java/lang/NoSuchMethodError': Method sun.misc.Unsafe.prefetchRead(Ljava/lang/Object;J)V name or signature does not match> (0x00000000eab07fa8) thrown at [C:\re\workspace\8-2-build-windows-amd64-cygwin\jdk8u101\7261\hotspot\src\share\vm\prims\Efü©“çø?
Event: 1.557 Thread 0x000000001709f000 Exception <a 'java/lang/ArrayIndexOutOfBoundsException': 18> (0x00000000ead29110) thrown at [C:\re\workspace\8-2-build-windows-amd64-cygwin\jdk8u101\7261\hotspot\src\share\vm\interpreter\interpreterRuntime.cpp, line 366]
Event: 1.557 Thread 0x000000001709f000 Exception <a 'java/lang/ArrayIndexOutOfBoundsException': 145> (0x00000000ead2ac90) thrown at [C:\re\workspace\8-2-build-windows-amd64-cygwin\jdk8u101\7261\hotspot\src\share\vm\interpreter\interpreterRuntime.cpp, line 366]
Event: 1.558 Thread 0x000000001709f000 Exception <a 'java/lang/ArrayIndexOutOfBoundsException': 40> (0x00000000ead2bf78) thrown at [C:\re\workspace\8-2-build-windows-amd64-cygwin\jdk8u101\7261\hotspot\src\share\vm\interpreter\interpreterRuntime.cpp, line 366]

Events (10 events):
Event: 5.633 Thread 0x0000000017076800 DEOPT UNPACKING pc=0x00000000030f582a sp=0x00000000176de8f0 mode 2
Event: 5.691 Thread 0x000000001709e800 DEOPT PACKING pc=0x00000000034c2096 sp=0x00000000178de510
Event: 5.691 Thread 0x000000001709e800 DEOPT UNPACKING pc=0x00000000030f787f sp=0x00000000178de2f0 mode 0
Event: 5.699 loading class java/util/HashMap$KeySet
Event: 5.700 loading class java/util/HashMap$KeySet done
Event: 5.700 loading class java/util/HashMap$KeyIterator
Event: 5.700 loading class java/util/HashMap$KeyIterator done
Event: 5.702 Thread 0x00000000170a0000 Thread exited: 0x00000000170a0000
Event: 5.702 Thread 0x000000001709f000 Thread exited: 0x000000001709f000
Event: 6.112 Thread 0x0000000017076800 Thread exited: 0x0000000017076800


Dynamic libraries:
0x00007ff7fc560000 - 0x00007ff7fc597000 	C:\Program Files\Java\jdk1.8.0_101\bin\java.exe
0x00007ff994f70000 - 0x00007ff995131000 	C:\WINDOWS\SYSTEM32\ntdll.dll
0x00007ff992a20000 - 0x00007ff992acd000 	C:\WINDOWS\system32\KERNEL32.DLL
0x00007ff991880000 - 0x00007ff991a68000 	C:\WINDOWS\system32\KERNELBASE.dll
0x00007ff992970000 - 0x00007ff992a17000 	C:\WINDOWS\system32\ADVAPI32.dll
0x00007ff992770000 - 0x00007ff99280d000 	C:\WINDOWS\system32\msvcrt.dll
0x00007ff994ce0000 - 0x00007ff994d3b000 	C:\WINDOWS\system32\sechost.dll
0x00007ff992370000 - 0x00007ff99248c000 	C:\WINDOWS\system32\RPCRT4.dll
0x00007ff992810000 - 0x00007ff992966000 	C:\WINDOWS\system32\USER32.dll
0x00007ff994410000 - 0x00007ff994596000 	C:\WINDOWS\system32\GDI32.dll
0x00007ff989980000 - 0x00007ff989bf4000 	C:\WINDOWS\WinSxS\amd64_microsoft.windows.common-controls_6595b64144ccf1df_6.0.10586.494_none_a2d8b04ea53e3145\COMCTL32.dll
0x00007ff994610000 - 0x00007ff99488d000 	C:\WINDOWS\system32\combase.dll
0x00007ff9917f0000 - 0x00007ff99185a000 	C:\WINDOWS\system32\bcryptPrimitives.dll
0x00007ff992540000 - 0x00007ff99257b000 	C:\WINDOWS\system32\IMM32.DLL
0x00007ff991480000 - 0x00007ff9914b2000 	C:\windows\system32\nvinitx.dll
0x00007ff991470000 - 0x00007ff99147a000 	C:\WINDOWS\SYSTEM32\VERSION.dll
0x0000000054c90000 - 0x0000000054d62000 	C:\Program Files\Java\jdk1.8.0_101\jre\bin\msvcr100.dll
0x0000000054e60000 - 0x00000000556fa000 	C:\Program Files\Java\jdk1.8.0_101\jre\bin\server\jvm.dll
0x00007ff992580000 - 0x00007ff992588000 	C:\WINDOWS\system32\PSAPI.DLL
0x00007ff984000000 - 0x00007ff984009000 	C:\WINDOWS\SYSTEM32\WSOCK32.dll
0x00007ff994030000 - 0x00007ff99409b000 	C:\WINDOWS\system32\WS2_32.dll
0x00007ff98fcf0000 - 0x00007ff98fd13000 	C:\WINDOWS\SYSTEM32\WINMM.dll
0x00007ff98fc90000 - 0x00007ff98fcbc000 	C:\WINDOWS\SYSTEM32\WINMMBASE.dll
0x00007ff992120000 - 0x00007ff992163000 	C:\WINDOWS\system32\cfgmgr32.dll
0x0000000056470000 - 0x000000005647f000 	C:\Program Files\Java\jdk1.8.0_101\jre\bin\verify.dll
0x0000000056440000 - 0x0000000056469000 	C:\Program Files\Java\jdk1.8.0_101\jre\bin\java.dll
0x0000000056420000 - 0x0000000056436000 	C:\Program Files\Java\jdk1.8.0_101\jre\bin\zip.dll
0x00007ff992ad0000 - 0x00007ff99402c000 	C:\WINDOWS\system32\SHELL32.dll
0x00007ff991ad0000 - 0x00007ff992115000 	C:\WINDOWS\system32\windows.storage.dll
0x00007ff9940a0000 - 0x00007ff9940f2000 	C:\WINDOWS\system32\shlwapi.dll
0x00007ff991610000 - 0x00007ff99161f000 	C:\WINDOWS\system32\kernel.appcore.dll
0x00007ff9922b0000 - 0x00007ff992365000 	C:\WINDOWS\system32\shcore.dll
0x00007ff9915c0000 - 0x00007ff99160b000 	C:\WINDOWS\system32\powrprof.dll
0x00007ff9915a0000 - 0x00007ff9915b4000 	C:\WINDOWS\system32\profapi.dll

VM Arguments:
jvm_args: -Djava.awt.headless=true -Xmx1024M -Dfile.encoding=GBK -Duser.country=CN -Duser.language=zh -Duser.variant 
java_command: com.android.dx.command.Main --dex --force-jumbo --num-threads=4 --output C:\Android\Android\Project\mobilesafe\app\build\intermediates\pre-dexed\debug\com.android.support-support-core-ui-24.2.0_358fc522b91eb7662876f373c57fe860aa662ce2.jar C:\Android\Android\Project\mobilesafe\app\build\intermediates\exploded-aar\com.android.support\support-core-ui\24.2.0\jars\classes.jar
java_class_path (initial): C:\Android\Android\androidSDK\sdk\build-tools\24.0.1\lib\dx.jar
Launcher Type: SUN_STANDARD

Environment Variables:
JAVA_HOME=C:\Program Files\Java\jdk1.8.0_101
CLASSPATH=.;C:\Program Files\Java\jdk1.8.0_101\lib\dt.jar;C:\Program Files\Java\jdk1.8.0_101\lib\tools.jar
PATH=C:\ProgramData\Oracle\Java\javapath;C:\Program Files (x86)\Intel\iCLS Client\;C:\Program Files\Intel\iCLS Client\;C:\windows\system32;C:\windows;C:\windows\System32\Wbem;C:\windows\System32\WindowsPowerShell\v1.0\;C:\Program Files\Intel\Intel(R) Management Engine Components\DAL;C:\Program Files\Intel\Intel(R) Management Engine Components\IPT;C:\Program Files (x86)\Intel\Intel(R) Management Engine Components\DAL;C:\Program Files (x86)\Intel\Intel(R) Management Engine Components\IPT;C:\Program Files (x86)\Lenovo\Lenovo Home\;C:\Program Files (x86)\NVIDIA Corporation\PhysX\Common;C:\WINDOWS\system32;C:\WINDOWS;C:\WINDOWS\System32\Wbem;C:\WINDOWS\System32\WindowsPowerShell\v1.0\;C:\Program Files\Java\jdk1.8.0_101\bin;C:\Program Files\Java\jdk1.8.0_101\jre\bin;C:\Android\MySQL Server 5.5\bin;C:\Android\Android\sdk\tools;C:\Android\Android\sdk\platform-tools;C:\Android\TortoiseSVN\bin
USERNAME=Abner
OS=Windows_NT
PROCESSOR_IDENTIFIER=Intel64 Family 6 Model 60 Stepping 3, GenuineIntel



---------------  S Y S T E M  ---------------

OS: Windows 10.0 , 64 bit Build 10586 (10.0.10586.0)

CPU:total 4 (2 cores per cpu, 2 threads per core) family 6 model 60 stepping 3, cmov, cx8, fxsr, mmx, sse, sse2, sse3, ssse3, sse4.1, sse4.2, popcnt, avx, avx2, aes, clmul, erms, lzcnt, ht, tsc, tscinvbit, bmi1, bmi2

Memory: 4k page, physical 8298776k(1936428k free), swap 9347352k(6976k free)

vm_info: Java HotSpot(TM) 64-Bit Server VM (25.101-b13) for windows-amd64 JRE (1.8.0_101-b13), built on Jun 22 2016 01:21:29 by "java_re" with MS VC++ 10.0 (VS2010)

time: Thu Aug 25 19:57:08 2016
elapsed time: 6 seconds (0d 0h 0m 6s)

