#
# There is insufficient memory for the Java Runtime Environment to continue.
# Native memory allocation (malloc) failed to allocate 452176 bytes for Chunk::new
# Possible reasons:
#   The system is out of physical RAM or swap space
#   In 32 bit mode, the process size limit was hit
# Possible solutions:
#   Reduce memory load on the system
#   Increase physical memory or swap space
#   Check if swap backing store is full
#   Use 64 bit Java on a 64 bit OS
#   Decrease Java heap size (-Xmx/-Xms)
#   Decrease number of Java threads
#   Decrease Java thread stack sizes (-Xss)
#   Set larger code cache with -XX:ReservedCodeCacheSize=
# This output file may be truncated or incomplete.
#
#  Out of Memory Error (allocation.cpp:390), pid=6008, tid=0x0000000000000c7c
#
# JRE version: Java(TM) SE Runtime Environment (8.0_101-b13) (build 1.8.0_101-b13)
# Java VM: Java HotSpot(TM) 64-Bit Server VM (25.101-b13 mixed mode windows-amd64 compressed oops)
# Failed to write core dump. Minidumps are not enabled by default on client versions of Windows
#

---------------  T H R E A D  ---------------

Current thread (0x000000000342a000):  JavaThread "C2 CompilerThread0" daemon [_thread_in_native, id=3196, stack(0x00000000174c0000,0x00000000175c0000)]

Stack: [0x00000000174c0000,0x00000000175c0000]
[error occurred during error reporting (printing stack bounds), id 0xc0000005]

Native frames: (J=compiled Java code, j=interpreted, Vv=VM code, C=native code)


Current CompileTask:
C2:   1216 1289   !   4       com.android.dx.cf.code.BytecodeArray::parseInstruction (2764 bytes)


---------------  P R O C E S S  ---------------

Java Threads: ( => current thread )
  0x0000000017144800 JavaThread "pool-1-thread-4" [_thread_in_Java, id=5760, stack(0x00000000185c0000,0x00000000186c0000)]
  0x0000000017143800 JavaThread "pool-1-thread-3" [_thread_in_Java, id=10852, stack(0x00000000184c0000,0x00000000185c0000)]
  0x0000000017143000 JavaThread "pool-1-thread-2" [_thread_in_Java, id=9648, stack(0x00000000183c0000,0x00000000184c0000)]
  0x0000000017140800 JavaThread "pool-2-thread-1" [_thread_blocked, id=2036, stack(0x00000000182c0000,0x00000000183c0000)]
  0x000000001725f000 JavaThread "pool-1-thread-1" [_thread_in_Java, id=5340, stack(0x00000000181c0000,0x00000000182c0000)]
  0x0000000016f22800 JavaThread "Service Thread" daemon [_thread_blocked, id=10172, stack(0x00000000177c0000,0x00000000178c0000)]
  0x0000000015b5c800 JavaThread "C1 CompilerThread2" daemon [_thread_in_native, id=7008, stack(0x00000000176c0000,0x00000000177c0000)]
  0x000000000342d000 JavaThread "C2 CompilerThread1" daemon [_thread_in_native, id=4308, stack(0x00000000175c0000,0x00000000176c0000)]
=>0x000000000342a000 JavaThread "C2 CompilerThread0" daemon [_thread_in_native, id=3196, stack(0x00000000174c0000,0x00000000175c0000)]
  0x0000000016f02800 JavaThread "Attach Listener" daemon [_thread_blocked, id=4064, stack(0x00000000173c0000,0x00000000174c0000)]
  0x0000000015b12800 JavaThread "Signal Dispatcher" daemon [_thread_blocked, id=10404, stack(0x00000000172c0000,0x00000000173c0000)]
  0x0000000003424800 JavaThread "Finalizer" daemon [_thread_blocked, id=8164, stack(0x0000000016d60000,0x0000000016e60000)]
  0x000000000341f800 JavaThread "Reference Handler" daemon [_thread_blocked, id=8772, stack(0x0000000016c60000,0x0000000016d60000)]
  0x0000000003333000 JavaThread "main" [_thread_in_vm, id=6988, stack(0x0000000002ea0000,0x0000000002fa0000)]

Other Threads:
  0x0000000015ac8800 VMThread [stack: 0x0000000016b60000,0x0000000016c60000] [id=216]
  0x0000000016f8c800 WatcherThread [stack: 0x00000000178c0000,0x00000000179c0000] [id=5376]

VM state:not at safepoint (normal execution)

VM Mutex/Monitor currently owned by a thread: None

Heap:
 PSYoungGen      total 38400K, used 19292K [0x00000000eab00000, 0x00000000ed580000, 0x0000000100000000)
  eden space 33280K, 42% used [0x00000000eab00000,0x00000000eb8dced0,0x00000000ecb80000)
  from space 5120K, 99% used [0x00000000ecb80000,0x00000000ed07a470,0x00000000ed080000)
  to   space 5120K, 0% used [0x00000000ed080000,0x00000000ed080000,0x00000000ed580000)
 ParOldGen       total 87552K, used 1132K [0x00000000c0000000, 0x00000000c5580000, 0x00000000eab00000)
  object space 87552K, 1% used [0x00000000c0000000,0x00000000c011b228,0x00000000c5580000)
 Metaspace       used 6159K, capacity 7030K, committed 7296K, reserved 1056768K
  class space    used 607K, capacity 622K, committed 640K, reserved 1048576K

Card table byte_map: [0x00000000127f0000,0x0000000012a00000] byte_map_base: 0x00000000121f0000

Marking Bits: (ParMarkBitMap*) 0x00000000732ba6d0
 Begin Bits: [0x0000000012f60000, 0x0000000013f60000)
 End Bits:   [0x0000000013f60000, 0x0000000014f60000)

Polling page: 0x0000000000ff0000

CodeCache: size=245760Kb used=5366Kb max_used=5366Kb free=240393Kb
 bounds [0x0000000003430000, 0x0000000003980000, 0x0000000012430000]
 total_blobs=1623 nmethods=1352 adapters=184
 compilation: enabled

Compilation events (10 events):
Event: 1.202 Thread 0x0000000015b5c800 nmethod 1346 0x000000000396cc50 code [0x000000000396cda0, 0x000000000396cf10]
Event: 1.205 Thread 0x0000000015b5c800 1347       3       com.android.dx.rop.cst.CstString::equals (24 bytes)
Event: 1.206 Thread 0x0000000015b5c800 nmethod 1347 0x000000000396cf90 code [0x000000000396d100, 0x000000000396d548]
Event: 1.207 Thread 0x0000000015b5c800 1348  s    3       com.android.dx.dex.file.TypeIdsSection::intern (60 bytes)
Event: 1.208 Thread 0x0000000015b5c800 nmethod 1348 0x000000000396d650 code [0x000000000396d880, 0x000000000396e548]
Event: 1.210 Thread 0x0000000015b5c800 1349       3       com.android.dx.rop.cst.CstFloat::getType (4 bytes)
Event: 1.210 Thread 0x0000000015b5c800 nmethod 1349 0x000000000396ebd0 code [0x000000000396ed20, 0x000000000396ee70]
Event: 1.211 Thread 0x0000000015b5c800 1350       1       java.util.zip.ZStreamRef::address (5 bytes)
Event: 1.211 Thread 0x0000000015b5c800 nmethod 1350 0x000000000396ef10 code [0x000000000396f060, 0x000000000396f170]
Event: 1.213 Thread 0x0000000015b5c800 1351       3       com.android.dx.dex.file.ClassDefItem::addVirtualMethod (9 bytes)

GC Heap History (2 events):
Event: 1.042 GC heap before
{Heap before GC invocations=1 (full 0):
 PSYoungGen      total 38400K, used 33280K [0x00000000eab00000, 0x00000000ed580000, 0x0000000100000000)
  eden space 33280K, 100% used [0x00000000eab00000,0x00000000ecb80000,0x00000000ecb80000)
  from space 5120K, 0% used [0x00000000ed080000,0x00000000ed080000,0x00000000ed580000)
  to   space 5120K, 0% used [0x00000000ecb80000,0x00000000ecb80000,0x00000000ed080000)
 ParOldGen       total 87552K, used 0K [0x00000000c0000000, 0x00000000c5580000, 0x00000000eab00000)
  object space 87552K, 0% used [0x00000000c0000000,0x00000000c0000000,0x00000000c5580000)
 Metaspace       used 6037K, capacity 6902K, committed 7040K, reserved 1056768K
  class space    used 607K, capacity 622K, committed 640K, reserved 1048576K
Event: 1.062 GC heap after
Heap after GC invocations=1 (full 0):
 PSYoungGen      total 38400K, used 5097K [0x00000000eab00000, 0x00000000ed580000, 0x0000000100000000)
  eden space 33280K, 0% used [0x00000000eab00000,0x00000000eab00000,0x00000000ecb80000)
  from space 5120K, 99% used [0x00000000ecb80000,0x00000000ed07a470,0x00000000ed080000)
  to   space 5120K, 0% used [0x00000000ed080000,0x00000000ed080000,0x00000000ed580000)
 ParOldGen       total 87552K, used 1132K [0x00000000c0000000, 0x00000000c5580000, 0x00000000eab00000)
  object space 87552K, 1% used [0x00000000c0000000,0x00000000c011b228,0x00000000c5580000)
 Metaspace       used 6037K, capacity 6902K, committed 7040K, reserved 1056768K
  class space    used 607K, capacity 622K, committed 640K, reserved 1048576K
}

Deoptimization events (6 events):
Event: 0.339 Thread 0x0000000003333000 Uncommon trap: reason=unstable_if action=reinterpret pc=0x0000000003583314 method=java.lang.String.compareTo(Ljava/lang/String;)I @ 38
Event: 0.684 Thread 0x0000000017144800 Uncommon trap: reason=unstable_if action=reinterpret pc=0x000000000364ecb0 method=java.util.HashMap.getNode(ILjava/lang/Object;)Ljava/util/HashMap$Node; @ 129
Event: 0.796 Thread 0x000000001725f000 Uncommon trap: reason=unstable_if action=reinterpret pc=0x00000000036cfdb8 method=java.util.HashMap.getNode(ILjava/lang/Object;)Ljava/util/HashMap$Node; @ 62
Event: 0.917 Thread 0x0000000017143000 Uncommon trap: reason=bimorphic action=maybe_recompile pc=0x0000000003803de4 method=java.util.HashMap.getNode(ILjava/lang/Object;)Ljava/util/HashMap$Node; @ 126
Event: 1.107 Thread 0x0000000017144800 Uncommon trap: reason=unstable_if action=reinterpret pc=0x000000000373a384 method=com.android.dx.rop.code.RegisterSpec.equals(ILcom/android/dx/rop/type/TypeBearer;Lcom/android/dx/rop/code/LocalItem;)Z @ 42
Event: 1.130 Thread 0x0000000017144800 Uncommon trap: reason=bimorphic action=maybe_recompile pc=0x0000000003803de4 method=java.util.HashMap.getNode(ILjava/lang/Object;)Ljava/util/HashMap$Node; @ 126

Internal exceptions (2 events):
Event: 0.108 Thread 0x0000000003333000 Exception <a 'java/lang/NoSuchMethodError': Method sun.misc.Unsafe.defineClass(Ljava/lang/String;[BII)Ljava/lang/Class; name or signature does not match> (0x00000000eab07cc0) thrown at [C:\re\workspace\8-2-build-windows-amd64-cygwin\jdk8u101\7261\hotspot\s¡(> Ï¿»?
Event: 0.108 Thread 0x0000000003333000 Exception <a 'java/lang/NoSuchMethodError': Method sun.misc.Unsafe.prefetchRead(Ljava/lang/Object;J)V name or signature does not match> (0x00000000eab07fa8) thrown at [C:\re\workspace\8-2-build-windows-amd64-cygwin\jdk8u101\7261\hotspot\src\share\vm\prims\

Events (10 events):
Event: 1.032 Executing VM operation: ForceSafepoint
Event: 1.036 Executing VM operation: ForceSafepoint done
Event: 1.042 Executing VM operation: ParallelGCFailedAllocation
Event: 1.062 Executing VM operation: ParallelGCFailedAllocation done
Event: 1.107 Thread 0x0000000017144800 Uncommon trap: trap_request=0xffffff65 fr.pc=0x000000000373a384
Event: 1.107 Thread 0x0000000017144800 DEOPT PACKING pc=0x000000000373a384 sp=0x00000000186be700
Event: 1.107 Thread 0x0000000017144800 DEOPT UNPACKING pc=0x000000000347582a sp=0x00000000186be688 mode 2
Event: 1.130 Thread 0x0000000017144800 Uncommon trap: trap_request=0xffffffc6 fr.pc=0x0000000003803de4
Event: 1.130 Thread 0x0000000017144800 DEOPT PACKING pc=0x0000000003803de4 sp=0x00000000186be790
Event: 1.130 Thread 0x0000000017144800 DEOPT UNPACKING pc=0x000000000347582a sp=0x00000000186be6b8 mode 2


Dynamic libraries:
0x00007ff675020000 - 0x00007ff675057000 	C:\Program Files\Java\jdk1.8.0_101\bin\java.exe
0x00007ff95bd60000 - 0x00007ff95bf21000 	C:\WINDOWS\SYSTEM32\ntdll.dll
0x00007ff95b720000 - 0x00007ff95b7cd000 	C:\WINDOWS\system32\KERNEL32.DLL
0x00007ff958e30000 - 0x00007ff959018000 	C:\WINDOWS\system32\KERNELBASE.dll
0x00007ff959c70000 - 0x00007ff959d17000 	C:\WINDOWS\system32\ADVAPI32.dll
0x00007ff95bca0000 - 0x00007ff95bd3d000 	C:\WINDOWS\system32\msvcrt.dll
0x00007ff9592c0000 - 0x00007ff95931b000 	C:\WINDOWS\system32\sechost.dll
0x00007ff959990000 - 0x00007ff959aac000 	C:\WINDOWS\system32\RPCRT4.dll
0x00007ff959160000 - 0x00007ff9592b6000 	C:\WINDOWS\system32\USER32.dll
0x00007ff95b590000 - 0x00007ff95b716000 	C:\WINDOWS\system32\GDI32.dll
0x00007ff950530000 - 0x00007ff9507a4000 	C:\WINDOWS\WinSxS\amd64_microsoft.windows.common-controls_6595b64144ccf1df_6.0.10586.494_none_a2d8b04ea53e3145\COMCTL32.dll
0x00007ff95b810000 - 0x00007ff95ba8d000 	C:\WINDOWS\system32\combase.dll
0x00007ff959020000 - 0x00007ff95908a000 	C:\WINDOWS\system32\bcryptPrimitives.dll
0x00007ff95b7d0000 - 0x00007ff95b80b000 	C:\WINDOWS\system32\IMM32.DLL
0x00007ff958270000 - 0x00007ff9582a2000 	C:\windows\system32\nvinitx.dll
0x00007ff958260000 - 0x00007ff95826a000 	C:\WINDOWS\SYSTEM32\VERSION.dll
0x00000000725e0000 - 0x00000000726b2000 	C:\Program Files\Java\jdk1.8.0_101\jre\bin\msvcr100.dll
0x0000000072aa0000 - 0x000000007333a000 	C:\Program Files\Java\jdk1.8.0_101\jre\bin\server\jvm.dll
0x00007ff959390000 - 0x00007ff959398000 	C:\WINDOWS\system32\PSAPI.DLL
0x00007ff94b090000 - 0x00007ff94b099000 	C:\WINDOWS\SYSTEM32\WSOCK32.dll
0x00007ff959d20000 - 0x00007ff959d8b000 	C:\WINDOWS\system32\WS2_32.dll
0x00007ff956580000 - 0x00007ff9565a3000 	C:\WINDOWS\SYSTEM32\WINMM.dll
0x00007ff956550000 - 0x00007ff95657c000 	C:\WINDOWS\SYSTEM32\WINMMBASE.dll
0x00007ff959110000 - 0x00007ff959153000 	C:\WINDOWS\system32\cfgmgr32.dll
0x0000000073480000 - 0x000000007348f000 	C:\Program Files\Java\jdk1.8.0_101\jre\bin\verify.dll
0x0000000072a70000 - 0x0000000072a99000 	C:\Program Files\Java\jdk1.8.0_101\jre\bin\java.dll
0x0000000072a50000 - 0x0000000072a66000 	C:\Program Files\Java\jdk1.8.0_101\jre\bin\zip.dll
0x00007ff959d90000 - 0x00007ff95b2ec000 	C:\WINDOWS\system32\SHELL32.dll
0x00007ff958410000 - 0x00007ff958a55000 	C:\WINDOWS\system32\windows.storage.dll
0x00007ff95ba90000 - 0x00007ff95bae2000 	C:\WINDOWS\system32\shlwapi.dll
0x00007ff9583b0000 - 0x00007ff9583bf000 	C:\WINDOWS\system32\kernel.appcore.dll
0x00007ff958d70000 - 0x00007ff958e25000 	C:\WINDOWS\system32\shcore.dll
0x00007ff9583c0000 - 0x00007ff95840b000 	C:\WINDOWS\system32\powrprof.dll
0x00007ff958380000 - 0x00007ff958394000 	C:\WINDOWS\system32\profapi.dll

VM Arguments:
jvm_args: -Djava.awt.headless=true -Xmx1024M -Dfile.encoding=GBK -Duser.country=CN -Duser.language=zh -Duser.variant 
java_command: com.android.dx.command.Main --dex --num-threads=4 --output C:\Android\Android\Project\mobilesafe\app\build\intermediates\pre-dexed\debug\com.android.support-appcompat-v7-24.2.0_2790ae73e9297a51cd3bf7da9576d9f667d02ca2.jar C:\Android\Android\Project\mobilesafe\app\build\intermediates\exploded-aar\com.android.support\appcompat-v7\24.2.0\jars\classes.jar
java_class_path (initial): C:\Android\Android\sdk\build-tools\24.0.1\lib\dx.jar
Launcher Type: SUN_STANDARD

Environment Variables:
JAVA_HOME=C:\Program Files\Java\jdk1.8.0_101
CLASSPATH=.;C:\Program Files\Java\jdk1.8.0_101\lib\dt.jar;C:\Program Files\Java\jdk1.8.0_101\lib\tools.jar
PATH=C:\ProgramData\Oracle\Java\javapath;C:\Program Files (x86)\Intel\iCLS Client\;C:\Program Files\Intel\iCLS Client\;C:\windows\system32;C:\windows;C:\windows\System32\Wbem;C:\windows\System32\WindowsPowerShell\v1.0\;C:\Program Files\Intel\Intel(R) Management Engine Components\DAL;C:\Program Files\Intel\Intel(R) Management Engine Components\IPT;C:\Program Files (x86)\Intel\Intel(R) Management Engine Components\DAL;C:\Program Files (x86)\Intel\Intel(R) Management Engine Components\IPT;C:\Program Files (x86)\Lenovo\Lenovo Home\;C:\Program Files (x86)\NVIDIA Corporation\PhysX\Common;C:\WINDOWS\system32;C:\WINDOWS;C:\WINDOWS\System32\Wbem;C:\WINDOWS\System32\WindowsPowerShell\v1.0\;C:\Program Files\Java\jdk1.8.0_101\bin;C:\Program Files\Java\jdk1.8.0_101\jre\bin;C:\Android\MySQL Server 5.5\bin;C:\Android\Android\sdk\tools;C:\Android\Android\sdk\platform-tools
USERNAME=Abner
OS=Windows_NT
PROCESSOR_IDENTIFIER=Intel64 Family 6 Model 60 Stepping 3, GenuineIntel



---------------  S Y S T E M  ---------------

OS: Windows 10.0 , 64 bit Build 10586 (10.0.10586.0)

CPU:total 4 (2 cores per cpu, 2 threads per core) family 6 model 60 stepping 3, cmov, cx8, fxsr, mmx, sse, sse2, sse3, ssse3, sse4.1, sse4.2, popcnt, avx, avx2, aes, clmul, erms, lzcnt, ht, tsc, tscinvbit, bmi1, bmi2

Memory: 4k page, physical 8298776k(1527904k free), swap 9347352k(5448k free)

vm_info: Java HotSpot(TM) 64-Bit Server VM (25.101-b13) for windows-amd64 JRE (1.8.0_101-b13), built on Jun 22 2016 01:21:29 by "java_re" with MS VC++ 10.0 (VS2010)

time: Tue Aug 23 17:40:06 2016
elapsed time: 1 seconds (0d 0h 0m 1s)

