#
# There is insufficient memory for the Java Runtime Environment to continue.
# Native memory allocation (malloc) failed to allocate 1111392 bytes for Chunk::new
# Possible reasons:
#   The system is out of physical RAM or swap space
#   In 32 bit mode, the process size limit was hit
# Possible solutions:
#   Reduce memory load on the system
#   Increase physical memory or swap space
#   Check if swap backing store is full
#   Use 64 bit Java on a 64 bit OS
#   Decrease Java heap size (-Xmx/-Xms)
#   Decrease number of Java threads
#   Decrease Java thread stack sizes (-Xss)
#   Set larger code cache with -XX:ReservedCodeCacheSize=
# This output file may be truncated or incomplete.
#
#  Out of Memory Error (allocation.cpp:390), pid=5728, tid=0x00000000000024bc
#
# JRE version: Java(TM) SE Runtime Environment (8.0_101-b13) (build 1.8.0_101-b13)
# Java VM: Java HotSpot(TM) 64-Bit Server VM (25.101-b13 mixed mode windows-amd64 compressed oops)
# Failed to write core dump. Minidumps are not enabled by default on client versions of Windows
#

---------------  T H R E A D  ---------------

Current thread (0x00000000151ea800):  JavaThread "C2 CompilerThread0" daemon [_thread_in_native, id=9404, stack(0x00000000166f0000,0x00000000167f0000)]

Stack: [0x00000000166f0000,0x00000000167f0000]
[error occurred during error reporting (printing stack bounds), id 0xc0000005]

Native frames: (J=compiled Java code, j=interpreted, Vv=VM code, C=native code)


Current CompileTask:
C2:   9070 2217   !   4       com.android.dx.cf.code.Ropper::processBlock (1101 bytes)


---------------  P R O C E S S  ---------------

Java Threads: ( => current thread )
  0x0000000016a59000 JavaThread "pool-1-thread-1" [_thread_new, id=11252, stack(0x0000000000000000,0x0000000000000000)]
  0x000000001684f800 JavaThread "Service Thread" daemon [_thread_blocked, id=9992, stack(0x0000000016df0000,0x0000000016ef0000)]
  0x0000000016849800 JavaThread "C1 CompilerThread2" daemon [_thread_blocked, id=10780, stack(0x0000000016cf0000,0x0000000016df0000)]
  0x0000000016843800 JavaThread "C2 CompilerThread1" daemon [_thread_blocked, id=5720, stack(0x0000000016bf0000,0x0000000016cf0000)]
=>0x00000000151ea800 JavaThread "C2 CompilerThread0" daemon [_thread_in_native, id=9404, stack(0x00000000166f0000,0x00000000167f0000)]
  0x00000000151e9000 JavaThread "Attach Listener" daemon [_thread_blocked, id=10560, stack(0x00000000165f0000,0x00000000166f0000)]
  0x000000001519e000 JavaThread "Signal Dispatcher" daemon [_thread_blocked, id=2096, stack(0x00000000164f0000,0x00000000165f0000)]
  0x000000001517a800 JavaThread "Finalizer" daemon [_thread_blocked, id=180, stack(0x00000000163f0000,0x00000000164f0000)]
  0x0000000002aaf800 JavaThread "Reference Handler" daemon [_thread_blocked, id=2192, stack(0x00000000162f0000,0x00000000163f0000)]
  0x00000000029c1000 JavaThread "main" [_thread_blocked, id=10964, stack(0x0000000000c80000,0x0000000000d80000)]

Other Threads:
  0x0000000015158000 VMThread [stack: 0x00000000161f0000,0x00000000162f0000] [id=8712]
  0x0000000016868800 WatcherThread [stack: 0x0000000016ef0000,0x0000000016ff0000] [id=9836]

VM state:not at safepoint (normal execution)

VM Mutex/Monitor currently owned by a thread: None

Heap:
 PSYoungGen      total 294400K, used 56616K [0x00000000eab00000, 0x0000000100000000, 0x0000000100000000)
  eden space 253952K, 16% used [0x00000000eab00000,0x00000000ed4d3838,0x00000000fa300000)
  from space 40448K, 34% used [0x00000000fa300000,0x00000000fb076a70,0x00000000fca80000)
  to   space 54784K, 0% used [0x00000000fca80000,0x00000000fca80000,0x0000000100000000)
 ParOldGen       total 87552K, used 87531K [0x00000000c0000000, 0x00000000c5580000, 0x00000000eab00000)
  object space 87552K, 99% used [0x00000000c0000000,0x00000000c557acd8,0x00000000c5580000)
 Metaspace       used 6132K, capacity 7152K, committed 7296K, reserved 1056768K
  class space    used 590K, capacity 616K, committed 640K, reserved 1048576K

Card table byte_map: [0x0000000011e80000,0x0000000012090000] byte_map_base: 0x0000000011880000

Marking Bits: (ParMarkBitMap*) 0x000000005238a6d0
 Begin Bits: [0x00000000125f0000, 0x00000000135f0000)
 End Bits:   [0x00000000135f0000, 0x00000000145f0000)

Polling page: 0x0000000000970000

CodeCache: size=245760Kb used=9806Kb max_used=9817Kb free=235953Kb
 bounds [0x0000000002ac0000, 0x0000000003480000, 0x0000000011ac0000]
 total_blobs=2238 nmethods=1974 adapters=177
 compilation: enabled

Compilation events (10 events):
Event: 8.869 Thread 0x0000000016843800 2209       4       com.android.dx.dex.code.RopTranslator::pickOrder (400 bytes)
Event: 8.877 Thread 0x0000000016849800 2219       3       java.util.concurrent.locks.ReentrantLock::lock (8 bytes)
Event: 8.877 Thread 0x0000000016849800 nmethod 2219 0x0000000002bc1350 code [0x0000000002bc14c0, 0x0000000002bc16e8]
Event: 8.912 Thread 0x0000000016843800 nmethod 2209 0x0000000003461190 code [0x00000000034613a0, 0x0000000003462b80]
Event: 8.912 Thread 0x0000000016843800 2214 %     4       com.android.dx.util.FixedSizeList::shrinkToFit @ 10 (103 bytes)
Event: 8.924 Thread 0x0000000016843800 nmethod 2214% 0x0000000002bea850 code [0x0000000002bea9a0, 0x0000000002beae38]
Event: 8.924 Thread 0x0000000016843800 2216       4       com.android.dx.rop.code.BasicBlockList::set (12 bytes)
Event: 8.935 Thread 0x0000000016843800 nmethod 2216 0x0000000002bedad0 code [0x0000000002bedc40, 0x0000000002bee288]
Event: 8.935 Thread 0x0000000016843800 2206       4       com.android.dx.rop.code.BasicBlockList$RegCountVisitor::visitThrowingInsn (6 bytes)
Event: 8.940 Thread 0x0000000016843800 nmethod 2206 0x0000000002cd8450 code [0x0000000002cd85a0, 0x0000000002cd8818]

GC Heap History (10 events):
Event: 4.830 GC heap before
{Heap before GC invocations=5 (full 0):
 PSYoungGen      total 138240K, used 138227K [0x00000000eab00000, 0x00000000f3700000, 0x0000000100000000)
  eden space 133120K, 100% used [0x00000000eab00000,0x00000000f2d00000,0x00000000f2d00000)
  from space 5120K, 99% used [0x00000000f3200000,0x00000000f36fccd8,0x00000000f3700000)
  to   space 5120K, 0% used [0x00000000f2d00000,0x00000000f2d00000,0x00000000f3200000)
 ParOldGen       total 87552K, used 53396K [0x00000000c0000000, 0x00000000c5580000, 0x00000000eab00000)
  object space 87552K, 60% used [0x00000000c0000000,0x00000000c34253c8,0x00000000c5580000)
 Metaspace       used 6041K, capacity 7088K, committed 7296K, reserved 1056768K
  class space    used 586K, capacity 616K, committed 640K, reserved 1048576K
Event: 4.891 GC heap after
Heap after GC invocations=5 (full 0):
 PSYoungGen      total 138240K, used 5106K [0x00000000eab00000, 0x00000000ff800000, 0x0000000100000000)
  eden space 133120K, 0% used [0x00000000eab00000,0x00000000eab00000,0x00000000f2d00000)
  from space 5120K, 99% used [0x00000000f2d00000,0x00000000f31fc870,0x00000000f3200000)
  to   space 37376K, 0% used [0x00000000fd380000,0x00000000fd380000,0x00000000ff800000)
 ParOldGen       total 87552K, used 79551K [0x00000000c0000000, 0x00000000c5580000, 0x00000000eab00000)
  object space 87552K, 90% used [0x00000000c0000000,0x00000000c4daff20,0x00000000c5580000)
 Metaspace       used 6041K, capacity 7088K, committed 7296K, reserved 1056768K
  class space    used 586K, capacity 616K, committed 640K, reserved 1048576K
}
Event: 4.891 GC heap before
{Heap before GC invocations=6 (full 1):
 PSYoungGen      total 138240K, used 5106K [0x00000000eab00000, 0x00000000ff800000, 0x0000000100000000)
  eden space 133120K, 0% used [0x00000000eab00000,0x00000000eab00000,0x00000000f2d00000)
  from space 5120K, 99% used [0x00000000f2d00000,0x00000000f31fc870,0x00000000f3200000)
  to   space 37376K, 0% used [0x00000000fd380000,0x00000000fd380000,0x00000000ff800000)
 ParOldGen       total 87552K, used 79551K [0x00000000c0000000, 0x00000000c5580000, 0x00000000eab00000)
  object space 87552K, 90% used [0x00000000c0000000,0x00000000c4daff20,0x00000000c5580000)
 Metaspace       used 6041K, capacity 7088K, committed 7296K, reserved 1056768K
  class space    used 586K, capacity 616K, committed 640K, reserved 1048576K
Event: 5.175 GC heap after
Heap after GC invocations=6 (full 1):
 PSYoungGen      total 138240K, used 0K [0x00000000eab00000, 0x00000000ff800000, 0x0000000100000000)
  eden space 133120K, 0% used [0x00000000eab00000,0x00000000eab00000,0x00000000f2d00000)
  from space 5120K, 0% used [0x00000000f2d00000,0x00000000f2d00000,0x00000000f3200000)
  to   space 37376K, 0% used [0x00000000fd380000,0x00000000fd380000,0x00000000ff800000)
 ParOldGen       total 87552K, used 41969K [0x00000000c0000000, 0x00000000c5580000, 0x00000000eab00000)
  object space 87552K, 47% used [0x00000000c0000000,0x00000000c28fc660,0x00000000c5580000)
 Metaspace       used 6041K, capacity 7088K, committed 7296K, reserved 1056768K
  class space    used 586K, capacity 616K, committed 640K, reserved 1048576K
}
Event: 5.955 GC heap before
{Heap before GC invocations=7 (full 1):
 PSYoungGen      total 138240K, used 133120K [0x00000000eab00000, 0x00000000ff800000, 0x0000000100000000)
  eden space 133120K, 100% used [0x00000000eab00000,0x00000000f2d00000,0x00000000f2d00000)
  from space 5120K, 0% used [0x00000000f2d00000,0x00000000f2d00000,0x00000000f3200000)
  to   space 37376K, 0% used [0x00000000fd380000,0x00000000fd380000,0x00000000ff800000)
 ParOldGen       total 87552K, used 41969K [0x00000000c0000000, 0x00000000c5580000, 0x00000000eab00000)
  object space 87552K, 47% used [0x00000000c0000000,0x00000000c28fc660,0x00000000c5580000)
 Metaspace       used 6082K, capacity 7088K, committed 7296K, reserved 1056768K
  class space    used 587K, capacity 616K, committed 640K, reserved 1048576K
Event: 5.983 GC heap after
Heap after GC invocations=7 (full 1):
 PSYoungGen      total 227328K, used 30877K [0x00000000eab00000, 0x00000000ff200000, 0x0000000100000000)
  eden space 196096K, 0% used [0x00000000eab00000,0x00000000eab00000,0x00000000f6a80000)
  from space 31232K, 98% used [0x00000000fd380000,0x00000000ff1a7658,0x00000000ff200000)
  to   space 40448K, 0% used [0x00000000fa300000,0x00000000fa300000,0x00000000fca80000)
 ParOldGen       total 87552K, used 41977K [0x00000000c0000000, 0x00000000c5580000, 0x00000000eab00000)
  object space 87552K, 47% used [0x00000000c0000000,0x00000000c28fe660,0x00000000c5580000)
 Metaspace       used 6082K, capacity 7088K, committed 7296K, reserved 1056768K
  class space    used 587K, capacity 616K, committed 640K, reserved 1048576K
}
Event: 7.355 GC heap before
{Heap before GC invocations=8 (full 1):
 PSYoungGen      total 227328K, used 226973K [0x00000000eab00000, 0x00000000ff200000, 0x0000000100000000)
  eden space 196096K, 100% used [0x00000000eab00000,0x00000000f6a80000,0x00000000f6a80000)
  from space 31232K, 98% used [0x00000000fd380000,0x00000000ff1a7658,0x00000000ff200000)
  to   space 40448K, 0% used [0x00000000fa300000,0x00000000fa300000,0x00000000fca80000)
 ParOldGen       total 87552K, used 41977K [0x00000000c0000000, 0x00000000c5580000, 0x00000000eab00000)
  object space 87552K, 47% used [0x00000000c0000000,0x00000000c28fe660,0x00000000c5580000)
 Metaspace       used 6129K, capacity 7088K, committed 7296K, reserved 1056768K
  class space    used 589K, capacity 616K, committed 640K, reserved 1048576K
Event: 7.468 GC heap after
Heap after GC invocations=8 (full 1):
 PSYoungGen      total 294400K, used 40423K [0x00000000eab00000, 0x0000000100000000, 0x0000000100000000)
  eden space 253952K, 0% used [0x00000000eab00000,0x00000000eab00000,0x00000000fa300000)
  from space 40448K, 99% used [0x00000000fa300000,0x00000000fca79e50,0x00000000fca80000)
  to   space 54784K, 0% used [0x00000000fca80000,0x00000000fca80000,0x0000000100000000)
 ParOldGen       total 87552K, used 70944K [0x00000000c0000000, 0x00000000c5580000, 0x00000000eab00000)
  object space 87552K, 81% used [0x00000000c0000000,0x00000000c45480f0,0x00000000c5580000)
 Metaspace       used 6129K, capacity 7088K, committed 7296K, reserved 1056768K
  class space    used 589K, capacity 616K, committed 640K, reserved 1048576K
}
Event: 7.468 GC heap before
{Heap before GC invocations=9 (full 2):
 PSYoungGen      total 294400K, used 40423K [0x00000000eab00000, 0x0000000100000000, 0x0000000100000000)
  eden space 253952K, 0% used [0x00000000eab00000,0x00000000eab00000,0x00000000fa300000)
  from space 40448K, 99% used [0x00000000fa300000,0x00000000fca79e50,0x00000000fca80000)
  to   space 54784K, 0% used [0x00000000fca80000,0x00000000fca80000,0x0000000100000000)
 ParOldGen       total 87552K, used 70944K [0x00000000c0000000, 0x00000000c5580000, 0x00000000eab00000)
  object space 87552K, 81% used [0x00000000c0000000,0x00000000c45480f0,0x00000000c5580000)
 Metaspace       used 6129K, capacity 7088K, committed 7296K, reserved 1056768K
  class space    used 589K, capacity 616K, committed 640K, reserved 1048576K
Event: 8.458 GC heap after
Heap after GC invocations=9 (full 2):
 PSYoungGen      total 294400K, used 13786K [0x00000000eab00000, 0x0000000100000000, 0x0000000100000000)
  eden space 253952K, 0% used [0x00000000eab00000,0x00000000eab00000,0x00000000fa300000)
  from space 40448K, 34% used [0x00000000fa300000,0x00000000fb076a70,0x00000000fca80000)
  to   space 54784K, 0% used [0x00000000fca80000,0x00000000fca80000,0x0000000100000000)
 ParOldGen       total 87552K, used 87531K [0x00000000c0000000, 0x00000000c5580000, 0x00000000eab00000)
  object space 87552K, 99% used [0x00000000c0000000,0x00000000c557acd8,0x00000000c5580000)
 Metaspace       used 6129K, capacity 7088K, committed 7296K, reserved 1056768K
  class space    used 589K, capacity 616K, committed 640K, reserved 1048576K
}

Deoptimization events (10 events):
Event: 5.455 Thread 0x00000000029c1000 Uncommon trap: reason=unstable_if action=reinterpret pc=0x000000000327144c method=com.android.dx.ssa.back.IdenticalBlockCombiner.process()Lcom/android/dx/rop/code/RopMethod; @ 207
Event: 5.455 Thread 0x00000000029c1000 Uncommon trap: reason=unstable_if action=reinterpret pc=0x0000000003041f60 method=com.android.dx.ssa.back.IdenticalBlockCombiner.combineBlocks(ILcom/android/dx/util/IntList;)V @ 11
Event: 5.455 Thread 0x00000000029c1000 Uncommon trap: reason=unstable_if action=reinterpret pc=0x0000000003042774 method=com.android.dx.util.LabeledList.set(ILcom/android/dx/util/LabeledItem;)V @ 16
Event: 5.470 Thread 0x00000000029c1000 Uncommon trap: reason=unstable_if action=reinterpret pc=0x00000000030c6bb4 method=com.android.dx.rop.code.BasicBlock.hasExceptionHandlers()Z @ 17
Event: 6.471 Thread 0x0000000016a5b800 Uncommon trap: reason=bimorphic action=maybe_recompile pc=0x0000000003168ca8 method=com.android.dx.ssa.SCCP.simulatePhi(Lcom/android/dx/ssa/PhiInsn;)V @ 124
Event: 6.491 Thread 0x0000000016a5b800 Uncommon trap: reason=unstable_if action=reinterpret pc=0x00000000032a0868 method=java.util.BitSet.nextClearBit(I)I @ 45
Event: 6.491 Thread 0x0000000016a5b800 Uncommon trap: reason=unstable_if action=reinterpret pc=0x0000000002f28bfc method=com.android.dx.rop.code.RegisterSpec.withReg(I)Lcom/android/dx/rop/code/RegisterSpec; @ 5
Event: 6.491 Thread 0x0000000016a5b800 Uncommon trap: reason=unstable_if action=reinterpret pc=0x000000000337ce94 method=com.android.dx.rop.code.RegisterSpec.withReg(I)Lcom/android/dx/rop/code/RegisterSpec; @ 5
Event: 6.495 Thread 0x0000000016a5b800 Uncommon trap: reason=unstable_if action=reinterpret pc=0x00000000030f7e90 method=com.android.dx.ssa.SCCP.simulateBranch(Lcom/android/dx/ssa/SsaInsn;)V @ 64
Event: 6.506 Thread 0x0000000016a5b800 Uncommon trap: reason=unstable_if action=reinterpret pc=0x0000000003394500 method=com.android.dx.ssa.SCCP.replaceConstants()V @ 117

Internal exceptions (5 events):
Event: 0.597 Thread 0x00000000029c1000 Exception <a 'java/lang/NoSuchMethodError': Method sun.misc.Unsafe.defineClass(Ljava/lang/String;[BII)Ljava/lang/Class; name or signature does not match> (0x00000000eab07cc0) thrown at [C:\re\workspace\8-2-build-windows-amd64-cygwin\jdk8u101\7261\hotspot\s¶ØÉpã?
Event: 0.597 Thread 0x00000000029c1000 Exception <a 'java/lang/NoSuchMethodError': Method sun.misc.Unsafe.prefetchRead(Ljava/lang/Object;J)V name or signature does not match> (0x00000000eab07fa8) thrown at [C:\re\workspace\8-2-build-windows-amd64-cygwin\jdk8u101\7261\hotspot\src\share\vm\prims\Ü3O•Ž@
Event: 2.820 Thread 0x0000000016a5e000 Implicit null exception at 0x0000000002d69e22 to 0x0000000002d69f29
Event: 3.822 Thread 0x0000000016a56800 Implicit null exception at 0x0000000002f584a7 to 0x0000000002f5a6bd
Event: 3.823 Thread 0x0000000016a56800 Implicit null exception at 0x0000000002f4acca to 0x0000000002f4d00d

Events (10 events):
Event: 8.704 Thread 0x0000000016a5d800 DEOPT PACKING pc=0x00000000032ed142 sp=0x00000000173eeb40
Event: 8.704 Thread 0x0000000016a5d800 DEOPT UNPACKING pc=0x0000000002b0787f sp=0x00000000173ee8a0 mode 0
Event: 8.719 Thread 0x0000000016a5d800 DEOPT PACKING pc=0x000000000306869f sp=0x00000000173eec90
Event: 8.719 Thread 0x0000000016a5d800 DEOPT UNPACKING pc=0x0000000002b0787f sp=0x00000000173ee9e8 mode 0
Event: 8.727 Thread 0x0000000016a5d800 Thread exited: 0x0000000016a5d800
Event: 8.870 Thread 0x0000000016a59000 Thread exited: 0x0000000016a59000
Event: 8.872 loading class com/android/dx/command/dexer/Main$DexWriter
Event: 8.872 loading class com/android/dx/command/dexer/Main$DexWriter done
Event: 8.877 Thread 0x0000000016a59000 Thread added: 0x0000000016a59000
Event: 8.882 Thread 0x0000000016a56800 Thread exited: 0x0000000016a56800


Dynamic libraries:
0x00007ff629580000 - 0x00007ff6295b7000 	C:\Program Files\Java\jdk1.8.0_101\bin\java.exe
0x00007fff41cf0000 - 0x00007fff41eb1000 	C:\WINDOWS\SYSTEM32\ntdll.dll
0x00007fff3f520000 - 0x00007fff3f5cd000 	C:\WINDOWS\system32\KERNEL32.DLL
0x00007fff3e450000 - 0x00007fff3e638000 	C:\WINDOWS\system32\KERNELBASE.dll
0x00007fff3f1c0000 - 0x00007fff3f267000 	C:\WINDOWS\system32\ADVAPI32.dll
0x00007fff40310000 - 0x00007fff403ad000 	C:\WINDOWS\system32\msvcrt.dll
0x00007fff3fd30000 - 0x00007fff3fd8b000 	C:\WINDOWS\system32\sechost.dll
0x00007fff401e0000 - 0x00007fff402fc000 	C:\WINDOWS\system32\RPCRT4.dll
0x00007fff3fe00000 - 0x00007fff3ff56000 	C:\WINDOWS\system32\USER32.dll
0x00007fff41b60000 - 0x00007fff41ce6000 	C:\WINDOWS\system32\GDI32.dll
0x00007fff36580000 - 0x00007fff367f4000 	C:\WINDOWS\WinSxS\amd64_microsoft.windows.common-controls_6595b64144ccf1df_6.0.10586.589_none_a2ddb3caa539acce\COMCTL32.dll
0x00007fff3ff60000 - 0x00007fff401dd000 	C:\WINDOWS\system32\combase.dll
0x00007fff3ed20000 - 0x00007fff3ed8a000 	C:\WINDOWS\system32\bcryptPrimitives.dll
0x00007fff3f2d0000 - 0x00007fff3f30b000 	C:\WINDOWS\system32\IMM32.DLL
0x00007fff3e200000 - 0x00007fff3e232000 	C:\windows\system32\nvinitx.dll
0x00007fff3e1f0000 - 0x00007fff3e1fa000 	C:\WINDOWS\SYSTEM32\VERSION.dll
0x0000000052410000 - 0x00000000524e2000 	C:\Program Files\Java\jdk1.8.0_101\jre\bin\msvcr100.dll
0x0000000051b70000 - 0x000000005240a000 	C:\Program Files\Java\jdk1.8.0_101\jre\bin\server\jvm.dll
0x00007fff3fbb0000 - 0x00007fff3fbb8000 	C:\WINDOWS\system32\PSAPI.DLL
0x00007fff30580000 - 0x00007fff30589000 	C:\WINDOWS\SYSTEM32\WSOCK32.dll
0x00007fff3fd90000 - 0x00007fff3fdfb000 	C:\WINDOWS\system32\WS2_32.dll
0x00007fff3ca40000 - 0x00007fff3ca63000 	C:\WINDOWS\SYSTEM32\WINMM.dll
0x00007fff3c990000 - 0x00007fff3c9bc000 	C:\WINDOWS\SYSTEM32\WINMMBASE.dll
0x00007fff3f0a0000 - 0x00007fff3f0e3000 	C:\WINDOWS\system32\cfgmgr32.dll
0x0000000051b60000 - 0x0000000051b6f000 	C:\Program Files\Java\jdk1.8.0_101\jre\bin\verify.dll
0x0000000051b30000 - 0x0000000051b59000 	C:\Program Files\Java\jdk1.8.0_101\jre\bin\java.dll
0x0000000051b10000 - 0x0000000051b26000 	C:\Program Files\Java\jdk1.8.0_101\jre\bin\zip.dll
0x00007fff404f0000 - 0x00007fff41a4c000 	C:\WINDOWS\system32\SHELL32.dll
0x00007fff3e640000 - 0x00007fff3ec85000 	C:\WINDOWS\system32\windows.storage.dll
0x00007fff3f4c0000 - 0x00007fff3f512000 	C:\WINDOWS\system32\shlwapi.dll
0x00007fff3e360000 - 0x00007fff3e36f000 	C:\WINDOWS\system32\kernel.appcore.dll
0x00007fff3efe0000 - 0x00007fff3f095000 	C:\WINDOWS\system32\shcore.dll
0x00007fff3e310000 - 0x00007fff3e35b000 	C:\WINDOWS\system32\powrprof.dll
0x00007fff3e370000 - 0x00007fff3e384000 	C:\WINDOWS\system32\profapi.dll

VM Arguments:
jvm_args: -Djava.awt.headless=true -Xmx1024M -Dfile.encoding=GBK -Duser.country=CN -Duser.language=zh -Duser.variant 
java_command: com.android.dx.command.Main --dex --force-jumbo --num-threads=4 --multi-dex --output C:\Android\Android\Project\mobilesafe\app\build\intermediates\transforms\dex\debug\folders\1000\5\slice_5 C:\Android\Android\Project\mobilesafe\app\build\intermediates\transforms\instantRunSlicer\debug\folders\1\5\slice_5
java_class_path (initial): C:\Android\Android\androidSDK\sdk\build-tools\24.0.1\lib\dx.jar
Launcher Type: SUN_STANDARD

Environment Variables:
JAVA_HOME=C:\Program Files\Java\jdk1.8.0_101
CLASSPATH=.;C:\Program Files\Java\jdk1.8.0_101\lib\dt.jar;C:\Program Files\Java\jdk1.8.0_101\lib\tools.jar
PATH=C:\ProgramData\Oracle\Java\javapath;C:\Program Files (x86)\Intel\iCLS Client\;C:\Program Files\Intel\iCLS Client\;C:\windows\system32;C:\windows;C:\windows\System32\Wbem;C:\windows\System32\WindowsPowerShell\v1.0\;C:\Program Files\Intel\Intel(R) Management Engine Components\DAL;C:\Program Files\Intel\Intel(R) Management Engine Components\IPT;C:\Program Files (x86)\Intel\Intel(R) Management Engine Components\DAL;C:\Program Files (x86)\Intel\Intel(R) Management Engine Components\IPT;C:\Program Files (x86)\NVIDIA Corporation\PhysX\Common;C:\WINDOWS\system32;C:\WINDOWS;C:\WINDOWS\System32\Wbem;C:\WINDOWS\System32\WindowsPowerShell\v1.0\;C:\Program Files\Java\jdk1.8.0_101\bin;C:\Program Files\Java\jdk1.8.0_101\jre\bin;C:\Android\MySQL Server 5.5\bin;C:\Android\Android\sdk\tools;C:\Android\Android\sdk\platform-tools;C:\Android\TortoiseSVN\bin
USERNAME=Abner
OS=Windows_NT
PROCESSOR_IDENTIFIER=Intel64 Family 6 Model 60 Stepping 3, GenuineIntel



---------------  S Y S T E M  ---------------

OS: Windows 10.0 , 64 bit Build 10586 (10.0.10586.589)

CPU:total 4 (2 cores per cpu, 2 threads per core) family 6 model 60 stepping 3, cmov, cx8, fxsr, mmx, sse, sse2, sse3, ssse3, sse4.1, sse4.2, popcnt, avx, avx2, aes, clmul, erms, lzcnt, ht, tsc, tscinvbit, bmi1, bmi2

Memory: 4k page, physical 8298776k(805632k free), swap 9347352k(5284k free)

vm_info: Java HotSpot(TM) 64-Bit Server VM (25.101-b13) for windows-amd64 JRE (1.8.0_101-b13), built on Jun 22 2016 01:21:29 by "java_re" with MS VC++ 10.0 (VS2010)

time: Wed Sep 21 21:37:09 2016
elapsed time: 9 seconds (0d 0h 0m 9s)

