#
# There is insufficient memory for the Java Runtime Environment to continue.
# Native memory allocation (malloc) failed to allocate 738576 bytes for Chunk::new
# Possible reasons:
#   The system is out of physical RAM or swap space
#   In 32 bit mode, the process size limit was hit
# Possible solutions:
#   Reduce memory load on the system
#   Increase physical memory or swap space
#   Check if swap backing store is full
#   Use 64 bit Java on a 64 bit OS
#   Decrease Java heap size (-Xmx/-Xms)
#   Decrease number of Java threads
#   Decrease Java thread stack sizes (-Xss)
#   Set larger code cache with -XX:ReservedCodeCacheSize=
# This output file may be truncated or incomplete.
#
#  Out of Memory Error (allocation.cpp:390), pid=6328, tid=0x0000000000000078
#
# JRE version: Java(TM) SE Runtime Environment (8.0_101-b13) (build 1.8.0_101-b13)
# Java VM: Java HotSpot(TM) 64-Bit Server VM (25.101-b13 mixed mode windows-amd64 compressed oops)
# Failed to write core dump. Minidumps are not enabled by default on client versions of Windows
#

---------------  T H R E A D  ---------------

Current thread (0x0000000016421000):  JavaThread "C2 CompilerThread1" daemon [_thread_in_native, id=120, stack(0x0000000016820000,0x0000000016920000)]

Stack: [0x0000000016820000,0x0000000016920000]
[error occurred during error reporting (printing stack bounds), id 0xc0000005]

Native frames: (J=compiled Java code, j=interpreted, Vv=VM code, C=native code)


Current CompileTask:
C2:   4656 1562       4       com.android.dx.ssa.SsaRenamer$BlockRenamer::process (191 bytes)


---------------  P R O C E S S  ---------------

Java Threads: ( => current thread )
  0x00000000166c5800 JavaThread "pool-2-thread-4" [_thread_blocked, id=10884, stack(0x0000000017020000,0x0000000017120000)]
  0x00000000166c4800 JavaThread "pool-2-thread-3" [_thread_blocked, id=10720, stack(0x0000000016f20000,0x0000000017020000)]
  0x00000000166c3800 JavaThread "pool-2-thread-2" [_thread_blocked, id=7660, stack(0x0000000016e20000,0x0000000016f20000)]
  0x000000001669a800 JavaThread "pool-3-thread-1" [_thread_blocked, id=8916, stack(0x0000000016d20000,0x0000000016e20000)]
  0x0000000016699800 JavaThread "pool-2-thread-1" [_thread_blocked, id=2268, stack(0x0000000016c20000,0x0000000016d20000)]
  0x0000000016483000 JavaThread "Service Thread" daemon [_thread_blocked, id=6964, stack(0x0000000016a20000,0x0000000016b20000)]
  0x0000000016471800 JavaThread "C1 CompilerThread2" daemon [_thread_blocked, id=2812, stack(0x0000000016920000,0x0000000016a20000)]
=>0x0000000016421000 JavaThread "C2 CompilerThread1" daemon [_thread_in_native, id=120, stack(0x0000000016820000,0x0000000016920000)]
  0x0000000014dbc000 JavaThread "C2 CompilerThread0" daemon [_thread_in_native, id=9620, stack(0x0000000016320000,0x0000000016420000)]
  0x0000000014dba000 JavaThread "Attach Listener" daemon [_thread_blocked, id=880, stack(0x0000000016220000,0x0000000016320000)]
  0x0000000014db9800 JavaThread "Signal Dispatcher" daemon [_thread_blocked, id=9048, stack(0x0000000016120000,0x0000000016220000)]
  0x000000000268a000 JavaThread "Finalizer" daemon [_thread_blocked, id=10528, stack(0x0000000015fc0000,0x00000000160c0000)]
  0x000000000267f800 JavaThread "Reference Handler" daemon [_thread_blocked, id=10476, stack(0x0000000015ec0000,0x0000000015fc0000)]
  0x0000000002593000 JavaThread "main" [_thread_in_Java, id=9676, stack(0x0000000002490000,0x0000000002590000)]

Other Threads:
  0x0000000014d28800 VMThread [stack: 0x0000000015dc0000,0x0000000015ec0000] [id=9360]
  0x00000000164e5000 WatcherThread [stack: 0x0000000016b20000,0x0000000016c20000] [id=7740]

VM state:not at safepoint (normal execution)

VM Mutex/Monitor currently owned by a thread: None

Heap:
 PSYoungGen      total 38400K, used 21864K [0x00000000eab00000, 0x00000000ef600000, 0x0000000100000000)
  eden space 33280K, 50% used [0x00000000eab00000,0x00000000ebb5df68,0x00000000ecb80000)
  from space 5120K, 99% used [0x00000000ecb80000,0x00000000ed07c148,0x00000000ed080000)
  to   space 5120K, 0% used [0x00000000ef100000,0x00000000ef100000,0x00000000ef600000)
 ParOldGen       total 87552K, used 11471K [0x00000000c0000000, 0x00000000c5580000, 0x00000000eab00000)
  object space 87552K, 13% used [0x00000000c0000000,0x00000000c0b33cb8,0x00000000c5580000)
 Metaspace       used 6386K, capacity 7128K, committed 7424K, reserved 1056768K
  class space    used 629K, capacity 656K, committed 768K, reserved 1048576K

Card table byte_map: [0x0000000011a50000,0x0000000011c60000] byte_map_base: 0x0000000011450000

Marking Bits: (ParMarkBitMap*) 0x00000000732ba6d0
 Begin Bits: [0x00000000121c0000, 0x00000000131c0000)
 End Bits:   [0x00000000131c0000, 0x00000000141c0000)

Polling page: 0x0000000000460000

CodeCache: size=245760Kb used=6679Kb max_used=6679Kb free=239080Kb
 bounds [0x0000000002690000, 0x0000000002d20000, 0x0000000011690000]
 total_blobs=1928 nmethods=1657 adapters=184
 compilation: enabled

Compilation events (10 events):
Event: 4.626 Thread 0x0000000016471800 1688       2       java.util.concurrent.locks.AbstractQueuedSynchronizer::acquire (27 bytes)
Event: 4.626 Thread 0x0000000016471800 nmethod 1688 0x0000000002d187d0 code [0x0000000002d18960, 0x0000000002d18b78]
Event: 4.634 Thread 0x0000000016471800 1690       2       java.util.TreeMap::entrySet (27 bytes)
Event: 4.635 Thread 0x0000000016471800 nmethod 1690 0x0000000002d18c90 code [0x0000000002d18de0, 0x0000000002d18fb0]
Event: 4.635 Thread 0x0000000016471800 1691       2       java.util.TreeMap$EntrySet::iterator (19 bytes)
Event: 4.635 Thread 0x0000000016471800 nmethod 1691 0x0000000002d19050 code [0x0000000002d191c0, 0x0000000002d19430]
Event: 4.635 Thread 0x0000000016471800 1692       2       java.util.TreeMap$EntryIterator::<init> (12 bytes)
Event: 4.635 Thread 0x0000000016471800 nmethod 1692 0x0000000002d19590 code [0x0000000002d196e0, 0x0000000002d19890]
Event: 4.651 Thread 0x0000000016471800 1694       2       com.android.dx.ssa.SsaMethod::updateOneDefinition (70 bytes)
Event: 4.652 Thread 0x0000000016471800 nmethod 1694 0x0000000002d19950 code [0x0000000002d19ae0, 0x0000000002d19e28]

GC Heap History (6 events):
Event: 3.569 GC heap before
{Heap before GC invocations=1 (full 0):
 PSYoungGen      total 38400K, used 33280K [0x00000000eab00000, 0x00000000ed580000, 0x0000000100000000)
  eden space 33280K, 100% used [0x00000000eab00000,0x00000000ecb80000,0x00000000ecb80000)
  from space 5120K, 0% used [0x00000000ed080000,0x00000000ed080000,0x00000000ed580000)
  to   space 5120K, 0% used [0x00000000ecb80000,0x00000000ecb80000,0x00000000ed080000)
 ParOldGen       total 87552K, used 0K [0x00000000c0000000, 0x00000000c5580000, 0x00000000eab00000)
  object space 87552K, 0% used [0x00000000c0000000,0x00000000c0000000,0x00000000c5580000)
 Metaspace       used 6106K, capacity 6966K, committed 7040K, reserved 1056768K
  class space    used 609K, capacity 622K, committed 640K, reserved 1048576K
Event: 3.578 GC heap after
Heap after GC invocations=1 (full 0):
 PSYoungGen      total 38400K, used 5097K [0x00000000eab00000, 0x00000000ed580000, 0x0000000100000000)
  eden space 33280K, 0% used [0x00000000eab00000,0x00000000eab00000,0x00000000ecb80000)
  from space 5120K, 99% used [0x00000000ecb80000,0x00000000ed07a6d0,0x00000000ed080000)
  to   space 5120K, 0% used [0x00000000ed080000,0x00000000ed080000,0x00000000ed580000)
 ParOldGen       total 87552K, used 1816K [0x00000000c0000000, 0x00000000c5580000, 0x00000000eab00000)
  object space 87552K, 2% used [0x00000000c0000000,0x00000000c01c6100,0x00000000c5580000)
 Metaspace       used 6106K, capacity 6966K, committed 7040K, reserved 1056768K
  class space    used 609K, capacity 622K, committed 640K, reserved 1048576K
}
Event: 4.191 GC heap before
{Heap before GC invocations=2 (full 0):
 PSYoungGen      total 38400K, used 38377K [0x00000000eab00000, 0x00000000ed580000, 0x0000000100000000)
  eden space 33280K, 100% used [0x00000000eab00000,0x00000000ecb80000,0x00000000ecb80000)
  from space 5120K, 99% used [0x00000000ecb80000,0x00000000ed07a6d0,0x00000000ed080000)
  to   space 5120K, 0% used [0x00000000ed080000,0x00000000ed080000,0x00000000ed580000)
 ParOldGen       total 87552K, used 1816K [0x00000000c0000000, 0x00000000c5580000, 0x00000000eab00000)
  object space 87552K, 2% used [0x00000000c0000000,0x00000000c01c6100,0x00000000c5580000)
 Metaspace       used 6319K, capacity 7064K, committed 7424K, reserved 1056768K
  class space    used 628K, capacity 656K, committed 768K, reserved 1048576K
Event: 4.205 GC heap after
Heap after GC invocations=2 (full 0):
 PSYoungGen      total 38400K, used 5101K [0x00000000eab00000, 0x00000000ef600000, 0x0000000100000000)
  eden space 33280K, 0% used [0x00000000eab00000,0x00000000eab00000,0x00000000ecb80000)
  from space 5120K, 99% used [0x00000000ed080000,0x00000000ed57b6e8,0x00000000ed580000)
  to   space 5120K, 0% used [0x00000000ecb80000,0x00000000ecb80000,0x00000000ed080000)
 ParOldGen       total 87552K, used 6862K [0x00000000c0000000, 0x00000000c5580000, 0x00000000eab00000)
  object space 87552K, 7% used [0x00000000c0000000,0x00000000c06b3918,0x00000000c5580000)
 Metaspace       used 6319K, capacity 7064K, committed 7424K, reserved 1056768K
  class space    used 628K, capacity 656K, committed 768K, reserved 1048576K
}
Event: 4.492 GC heap before
{Heap before GC invocations=3 (full 0):
 PSYoungGen      total 38400K, used 38381K [0x00000000eab00000, 0x00000000ef600000, 0x0000000100000000)
  eden space 33280K, 100% used [0x00000000eab00000,0x00000000ecb80000,0x00000000ecb80000)
  from space 5120K, 99% used [0x00000000ed080000,0x00000000ed57b6e8,0x00000000ed580000)
  to   space 5120K, 0% used [0x00000000ecb80000,0x00000000ecb80000,0x00000000ed080000)
 ParOldGen       total 87552K, used 6862K [0x00000000c0000000, 0x00000000c5580000, 0x00000000eab00000)
  object space 87552K, 7% used [0x00000000c0000000,0x00000000c06b3918,0x00000000c5580000)
 Metaspace       used 6361K, capacity 7128K, committed 7424K, reserved 1056768K
  class space    used 628K, capacity 656K, committed 768K, reserved 1048576K
Event: 4.507 GC heap after
Heap after GC invocations=3 (full 0):
 PSYoungGen      total 38400K, used 5104K [0x00000000eab00000, 0x00000000ef600000, 0x0000000100000000)
  eden space 33280K, 0% used [0x00000000eab00000,0x00000000eab00000,0x00000000ecb80000)
  from space 5120K, 99% used [0x00000000ecb80000,0x00000000ed07c148,0x00000000ed080000)
  to   space 5120K, 0% used [0x00000000ef100000,0x00000000ef100000,0x00000000ef600000)
 ParOldGen       total 87552K, used 11471K [0x00000000c0000000, 0x00000000c5580000, 0x00000000eab00000)
  object space 87552K, 13% used [0x00000000c0000000,0x00000000c0b33cb8,0x00000000c5580000)
 Metaspace       used 6361K, capacity 7128K, committed 7424K, reserved 1056768K
  class space    used 628K, capacity 656K, committed 768K, reserved 1048576K
}

Deoptimization events (10 events):
Event: 3.951 Thread 0x00000000166c5800 Uncommon trap: reason=unstable_if action=reinterpret pc=0x0000000002a8dc5c method=java.util.HashMap.putVal(ILjava/lang/Object;Ljava/lang/Object;ZZ)Ljava/lang/Object; @ 109
Event: 4.088 Thread 0x0000000016699800 Uncommon trap: reason=unstable_if action=reinterpret pc=0x0000000002c1dea0 method=com.android.dx.rop.code.RegisterSpecSet.localItemToSpec(Lcom/android/dx/rop/code/LocalItem;)Lcom/android/dx/rop/code/RegisterSpec; @ 35
Event: 4.106 Thread 0x0000000016699800 Uncommon trap: reason=class_check action=maybe_recompile pc=0x0000000002cb55c8 method=com.android.dx.cf.code.BytecodeArray.parseInstruction(ILcom/android/dx/cf/code/BytecodeArray$Visitor;)I @ 987
Event: 4.107 Thread 0x0000000016699800 Uncommon trap: reason=class_check action=maybe_recompile pc=0x0000000002cb55c8 method=com.android.dx.cf.code.BytecodeArray.parseInstruction(ILcom/android/dx/cf/code/BytecodeArray$Visitor;)I @ 987
Event: 4.146 Thread 0x00000000166c4800 Uncommon trap: reason=class_check action=maybe_recompile pc=0x0000000002cb55c8 method=com.android.dx.cf.code.BytecodeArray.parseInstruction(ILcom/android/dx/cf/code/BytecodeArray$Visitor;)I @ 987
Event: 4.146 Thread 0x00000000166c4800 Uncommon trap: reason=class_check action=maybe_recompile pc=0x0000000002cb55c8 method=com.android.dx.cf.code.BytecodeArray.parseInstruction(ILcom/android/dx/cf/code/BytecodeArray$Visitor;)I @ 987
Event: 4.210 Thread 0x00000000166c5800 Uncommon trap: reason=unstable_if action=reinterpret pc=0x0000000002c19950 method=com.android.dx.ssa.LiteralOpUpgrader$1.visitNonMoveInsn(Lcom/android/dx/ssa/NormalSsaInsn;)V @ 176
Event: 4.220 Thread 0x00000000166c5800 Uncommon trap: reason=null_check action=make_not_entrant pc=0x000000000294d0e8 method=com.android.dx.rop.type.Type.equals(Ljava/lang/Object;)Z @ 8
Event: 4.324 Thread 0x0000000002593000 Uncommon trap: reason=unstable_if action=reinterpret pc=0x0000000002b0b4a8 method=com.android.dx.ssa.SCCP.simulateStmt(Lcom/android/dx/ssa/SsaInsn;)V @ 59
Event: 4.649 Thread 0x0000000002593000 Uncommon trap: reason=unstable_if action=reinterpret pc=0x0000000002a5831c method=com.android.dx.ssa.SsaMethod.updateOneDefinition(Lcom/android/dx/ssa/SsaInsn;Lcom/android/dx/rop/code/RegisterSpec;)V @ 4

Internal exceptions (6 events):
Event: 1.792 Thread 0x0000000002593000 Exception <a 'java/lang/NoSuchMethodError': Method sun.misc.Unsafe.defineClass(Ljava/lang/String;[BII)Ljava/lang/Class; name or signature does not match> (0x00000000eab07cc0) thrown at [C:\re\workspace\8-2-build-windows-amd64-cygwin\jdk8u101\7261\hotspot\sõÄfÐóªü?
Event: 1.792 Thread 0x0000000002593000 Exception <a 'java/lang/NoSuchMethodError': Method sun.misc.Unsafe.prefetchRead(Ljava/lang/Object;J)V name or signature does not match> (0x00000000eab07fa8) thrown at [C:\re\workspace\8-2-build-windows-amd64-cygwin\jdk8u101\7261\hotspot\src\share\vm\prims\œL,¼I@
Event: 3.661 Thread 0x00000000166c5800 Exception <a 'java/lang/ArrayIndexOutOfBoundsException': 18> (0x00000000eb47d068) thrown at [C:\re\workspace\8-2-build-windows-amd64-cygwin\jdk8u101\7261\hotspot\src\share\vm\interpreter\interpreterRuntime.cpp, line 366]
Event: 3.661 Thread 0x00000000166c5800 Exception <a 'java/lang/ArrayIndexOutOfBoundsException': 145> (0x00000000eb47ebe8) thrown at [C:\re\workspace\8-2-build-windows-amd64-cygwin\jdk8u101\7261\hotspot\src\share\vm\interpreter\interpreterRuntime.cpp, line 366]
Event: 3.662 Thread 0x00000000166c5800 Exception <a 'java/lang/ArrayIndexOutOfBoundsException'> (0x00000000eb47fed0) thrown at [C:\re\workspace\8-2-build-windows-amd64-cygwin\jdk8u101\7261\hotspot\src\share\vm\runtime\sharedRuntime.cpp, line 605]
Event: 4.220 Thread 0x00000000166c5800 Implicit null exception at 0x000000000294cfe2 to 0x000000000294d0da

Events (10 events):
Event: 4.324 Thread 0x0000000002593000 DEOPT UNPACKING pc=0x00000000026d582a sp=0x000000000258e2e8 mode 2
Event: 4.458 Thread 0x0000000002593000 DEOPT PACKING pc=0x0000000002a1cfbd sp=0x000000000258e480
Event: 4.458 Thread 0x0000000002593000 DEOPT UNPACKING pc=0x00000000026d787f sp=0x000000000258e220 mode 0
Event: 4.492 Executing VM operation: ParallelGCFailedAllocation
Event: 4.507 Executing VM operation: ParallelGCFailedAllocation done
Event: 4.649 loading class com/android/dx/rop/code/RegOps
Event: 4.649 loading class com/android/dx/rop/code/RegOps done
Event: 4.649 Thread 0x0000000002593000 Uncommon trap: trap_request=0xffffff65 fr.pc=0x0000000002a5831c
Event: 4.649 Thread 0x0000000002593000 DEOPT PACKING pc=0x0000000002a5831c sp=0x000000000258e140
Event: 4.649 Thread 0x0000000002593000 DEOPT UNPACKING pc=0x00000000026d582a sp=0x000000000258e0e8 mode 2


Dynamic libraries:
0x00007ff675020000 - 0x00007ff675057000 	C:\Program Files\Java\jdk1.8.0_101\bin\java.exe
0x00007ff95bd60000 - 0x00007ff95bf21000 	C:\WINDOWS\SYSTEM32\ntdll.dll
0x00007ff95b720000 - 0x00007ff95b7cd000 	C:\WINDOWS\system32\KERNEL32.DLL
0x00007ff958e30000 - 0x00007ff959018000 	C:\WINDOWS\system32\KERNELBASE.dll
0x00007ff959c70000 - 0x00007ff959d17000 	C:\WINDOWS\system32\ADVAPI32.dll
0x00007ff95bca0000 - 0x00007ff95bd3d000 	C:\WINDOWS\system32\msvcrt.dll
0x00007ff9592c0000 - 0x00007ff95931b000 	C:\WINDOWS\system32\sechost.dll
0x00007ff959990000 - 0x00007ff959aac000 	C:\WINDOWS\system32\RPCRT4.dll
0x00007ff959160000 - 0x00007ff9592b6000 	C:\WINDOWS\system32\USER32.dll
0x00007ff95b590000 - 0x00007ff95b716000 	C:\WINDOWS\system32\GDI32.dll
0x00007ff950530000 - 0x00007ff9507a4000 	C:\WINDOWS\WinSxS\amd64_microsoft.windows.common-controls_6595b64144ccf1df_6.0.10586.494_none_a2d8b04ea53e3145\COMCTL32.dll
0x00007ff95b810000 - 0x00007ff95ba8d000 	C:\WINDOWS\system32\combase.dll
0x00007ff959020000 - 0x00007ff95908a000 	C:\WINDOWS\system32\bcryptPrimitives.dll
0x00007ff95b7d0000 - 0x00007ff95b80b000 	C:\WINDOWS\system32\IMM32.DLL
0x00007ff958270000 - 0x00007ff9582a2000 	C:\windows\system32\nvinitx.dll
0x00007ff958260000 - 0x00007ff95826a000 	C:\WINDOWS\SYSTEM32\VERSION.dll
0x00000000725e0000 - 0x00000000726b2000 	C:\Program Files\Java\jdk1.8.0_101\jre\bin\msvcr100.dll
0x0000000072aa0000 - 0x000000007333a000 	C:\Program Files\Java\jdk1.8.0_101\jre\bin\server\jvm.dll
0x00007ff959390000 - 0x00007ff959398000 	C:\WINDOWS\system32\PSAPI.DLL
0x00007ff94b090000 - 0x00007ff94b099000 	C:\WINDOWS\SYSTEM32\WSOCK32.dll
0x00007ff956580000 - 0x00007ff9565a3000 	C:\WINDOWS\SYSTEM32\WINMM.dll
0x00007ff959d20000 - 0x00007ff959d8b000 	C:\WINDOWS\system32\WS2_32.dll
0x00007ff956550000 - 0x00007ff95657c000 	C:\WINDOWS\SYSTEM32\WINMMBASE.dll
0x00007ff959110000 - 0x00007ff959153000 	C:\WINDOWS\system32\cfgmgr32.dll
0x0000000073480000 - 0x000000007348f000 	C:\Program Files\Java\jdk1.8.0_101\jre\bin\verify.dll
0x0000000072a70000 - 0x0000000072a99000 	C:\Program Files\Java\jdk1.8.0_101\jre\bin\java.dll
0x0000000072a50000 - 0x0000000072a66000 	C:\Program Files\Java\jdk1.8.0_101\jre\bin\zip.dll
0x00007ff959d90000 - 0x00007ff95b2ec000 	C:\WINDOWS\system32\SHELL32.dll
0x00007ff958410000 - 0x00007ff958a55000 	C:\WINDOWS\system32\windows.storage.dll
0x00007ff95ba90000 - 0x00007ff95bae2000 	C:\WINDOWS\system32\shlwapi.dll
0x00007ff9583b0000 - 0x00007ff9583bf000 	C:\WINDOWS\system32\kernel.appcore.dll
0x00007ff958d70000 - 0x00007ff958e25000 	C:\WINDOWS\system32\shcore.dll
0x00007ff9583c0000 - 0x00007ff95840b000 	C:\WINDOWS\system32\powrprof.dll
0x00007ff958380000 - 0x00007ff958394000 	C:\WINDOWS\system32\profapi.dll

VM Arguments:
jvm_args: -Djava.awt.headless=true -Xmx1024M -Dfile.encoding=GBK -Duser.country=CN -Duser.language=zh -Duser.variant 
java_command: com.android.dx.command.Main --dex --force-jumbo --num-threads=4 --multi-dex --output C:\Android\Android\Project\mobilesafe\app\build\intermediates\transforms\dex\debug\folders\1000\10\com.android.support-support-core-ui-24.2.0_358fc522b91eb7662876f373c57fe860aa662ce2 C:\Android\Android\Project\mobilesafe\app\build\intermediates\exploded-aar\com.android.support\support-core-ui\24.2.0\jars\classes.jar
java_class_path (initial): C:\Android\Android\sdk\build-tools\24.0.1\lib\dx.jar
Launcher Type: SUN_STANDARD

Environment Variables:
JAVA_HOME=C:\Program Files\Java\jdk1.8.0_101
CLASSPATH=.;C:\Program Files\Java\jdk1.8.0_101\lib\dt.jar;C:\Program Files\Java\jdk1.8.0_101\lib\tools.jar
PATH=C:\ProgramData\Oracle\Java\javapath;C:\Program Files (x86)\Intel\iCLS Client\;C:\Program Files\Intel\iCLS Client\;C:\windows\system32;C:\windows;C:\windows\System32\Wbem;C:\windows\System32\WindowsPowerShell\v1.0\;C:\Program Files\Intel\Intel(R) Management Engine Components\DAL;C:\Program Files\Intel\Intel(R) Management Engine Components\IPT;C:\Program Files (x86)\Intel\Intel(R) Management Engine Components\DAL;C:\Program Files (x86)\Intel\Intel(R) Management Engine Components\IPT;C:\Program Files (x86)\Lenovo\Lenovo Home\;C:\Program Files (x86)\NVIDIA Corporation\PhysX\Common;C:\WINDOWS\system32;C:\WINDOWS;C:\WINDOWS\System32\Wbem;C:\WINDOWS\System32\WindowsPowerShell\v1.0\;C:\Program Files\Java\jdk1.8.0_101\bin;C:\Program Files\Java\jdk1.8.0_101\jre\bin;C:\Android\MySQL Server 5.5\bin;C:\Android\Android\sdk\tools;C:\Android\Android\sdk\platform-tools
USERNAME=Abner
OS=Windows_NT
PROCESSOR_IDENTIFIER=Intel64 Family 6 Model 60 Stepping 3, GenuineIntel



---------------  S Y S T E M  ---------------

OS: Windows 10.0 , 64 bit Build 10586 (10.0.10586.0)

CPU:total 4 (2 cores per cpu, 2 threads per core) family 6 model 60 stepping 3, cmov, cx8, fxsr, mmx, sse, sse2, sse3, ssse3, sse4.1, sse4.2, popcnt, avx, avx2, aes, clmul, erms, lzcnt, ht, tsc, tscinvbit, bmi1, bmi2

Memory: 4k page, physical 8298776k(1368244k free), swap 9347352k(5212k free)

vm_info: Java HotSpot(TM) 64-Bit Server VM (25.101-b13) for windows-amd64 JRE (1.8.0_101-b13), built on Jun 22 2016 01:21:29 by "java_re" with MS VC++ 10.0 (VS2010)

time: Tue Aug 23 17:39:20 2016
elapsed time: 4 seconds (0d 0h 0m 4s)

