#
# There is insufficient memory for the Java Runtime Environment to continue.
# Native memory allocation (malloc) failed to allocate 70848 bytes for Chunk::new
# Possible reasons:
#   The system is out of physical RAM or swap space
#   In 32 bit mode, the process size limit was hit
# Possible solutions:
#   Reduce memory load on the system
#   Increase physical memory or swap space
#   Check if swap backing store is full
#   Use 64 bit Java on a 64 bit OS
#   Decrease Java heap size (-Xmx/-Xms)
#   Decrease number of Java threads
#   Decrease Java thread stack sizes (-Xss)
#   Set larger code cache with -XX:ReservedCodeCacheSize=
# This output file may be truncated or incomplete.
#
#  Out of Memory Error (allocation.cpp:390), pid=676, tid=0x0000000000001694
#
# JRE version: Java(TM) SE Runtime Environment (8.0_101-b13) (build 1.8.0_101-b13)
# Java VM: Java HotSpot(TM) 64-Bit Server VM (25.101-b13 mixed mode windows-amd64 compressed oops)
# Failed to write core dump. Minidumps are not enabled by default on client versions of Windows
#

---------------  T H R E A D  ---------------

Current thread (0x000000001545b000):  JavaThread "C2 CompilerThread0" daemon [_thread_in_native, id=5780, stack(0x0000000016980000,0x0000000016a80000)]

Stack: [0x0000000016980000,0x0000000016a80000]
[error occurred during error reporting (printing stack bounds), id 0xc0000005]

Native frames: (J=compiled Java code, j=interpreted, Vv=VM code, C=native code)


Current CompileTask:
C2:   2908 1303       4       com.android.dx.dex.code.OutputFinisher::addConstants (93 bytes)


---------------  P R O C E S S  ---------------

Java Threads: ( => current thread )
  0x0000000016ca5000 JavaThread "pool-1-thread-1" [_thread_in_vm, id=1824, stack(0x0000000018f50000,0x0000000019050000)]
  0x0000000016ae1800 JavaThread "Service Thread" daemon [_thread_blocked, id=3668, stack(0x0000000017080000,0x0000000017180000)]
  0x0000000016adb800 JavaThread "C1 CompilerThread2" daemon [_thread_in_vm, id=4860, stack(0x0000000016f80000,0x0000000017080000)]
  0x0000000016ad5800 JavaThread "C2 CompilerThread1" daemon [_thread_blocked, id=8248, stack(0x0000000016e80000,0x0000000016f80000)]
=>0x000000001545b000 JavaThread "C2 CompilerThread0" daemon [_thread_in_native, id=5780, stack(0x0000000016980000,0x0000000016a80000)]
  0x0000000015459000 JavaThread "Attach Listener" daemon [_thread_blocked, id=7088, stack(0x0000000016880000,0x0000000016980000)]
  0x0000000015458800 JavaThread "Signal Dispatcher" daemon [_thread_blocked, id=8536, stack(0x0000000016780000,0x0000000016880000)]
  0x00000000153ea800 JavaThread "Finalizer" daemon [_thread_blocked, id=2664, stack(0x0000000016680000,0x0000000016780000)]
  0x00000000153c9000 JavaThread "Reference Handler" daemon [_thread_blocked, id=4204, stack(0x0000000016580000,0x0000000016680000)]
  0x0000000002b2d800 JavaThread "main" [_thread_blocked, id=1924, stack(0x0000000002b30000,0x0000000002c30000)]

Other Threads:
  0x00000000153c7800 VMThread [stack: 0x0000000016480000,0x0000000016580000] [id=2156]
  0x0000000016b43800 WatcherThread [stack: 0x0000000017180000,0x0000000017280000] [id=7208]

VM state:not at safepoint (normal execution)

VM Mutex/Monitor currently owned by a thread: None

Heap:
 PSYoungGen      total 38400K, used 31339K [0x00000000eab00000, 0x00000000ed580000, 0x0000000100000000)
  eden space 33280K, 94% used [0x00000000eab00000,0x00000000ec99af18,0x00000000ecb80000)
  from space 5120K, 0% used [0x00000000ed080000,0x00000000ed080000,0x00000000ed580000)
  to   space 5120K, 0% used [0x00000000ecb80000,0x00000000ecb80000,0x00000000ed080000)
 ParOldGen       total 87552K, used 0K [0x00000000c0000000, 0x00000000c5580000, 0x00000000eab00000)
  object space 87552K, 0% used [0x00000000c0000000,0x00000000c0000000,0x00000000c5580000)
 Metaspace       used 6237K, capacity 7064K, committed 7424K, reserved 1056768K
  class space    used 620K, capacity 656K, committed 768K, reserved 1048576K

Card table byte_map: [0x00000000120f0000,0x0000000012300000] byte_map_base: 0x0000000011af0000

Marking Bits: (ParMarkBitMap*) 0x000000005567a6d0
 Begin Bits: [0x0000000012860000, 0x0000000013860000)
 End Bits:   [0x0000000013860000, 0x0000000014860000)

Polling page: 0x0000000000e70000

CodeCache: size=245760Kb used=5403Kb max_used=5403Kb free=240356Kb
 bounds [0x0000000002d30000, 0x0000000003280000, 0x0000000011d30000]
 total_blobs=1640 nmethods=1369 adapters=184
 compilation: enabled

Compilation events (10 events):
Event: 2.902 Thread 0x0000000016adb800 1364       3       com.android.dx.rop.code.SourcePosition::equals (46 bytes)
Event: 2.903 Thread 0x0000000016adb800 nmethod 1364 0x0000000003276750 code [0x00000000032768e0, 0x0000000003276de8]
Event: 2.903 Thread 0x0000000016adb800 1365       3       com.android.dx.dex.code.OutputFinisher::findOpcodeForInsn (51 bytes)
Event: 2.904 Thread 0x0000000016adb800 nmethod 1365 0x000000000327a690 code [0x000000000327a860, 0x000000000327b038]
Event: 2.904 Thread 0x0000000016adb800 1366       3       com.android.dx.dex.code.DalvInsn::setAddress (20 bytes)
Event: 2.904 Thread 0x0000000016adb800 nmethod 1366 0x000000000327a210 code [0x000000000327a380, 0x000000000327a5c8]
Event: 2.904 Thread 0x0000000016adb800 1367       3       com.android.dx.dex.code.DalvInsnList::set (7 bytes)
Event: 2.905 Thread 0x0000000016adb800 nmethod 1367 0x000000000327b3d0 code [0x000000000327b5a0, 0x000000000327bd88]
Event: 2.905 Thread 0x0000000016adb800 1368       3       com.android.dx.rop.code.Insn::canThrow (8 bytes)
Event: 2.905 Thread 0x0000000016adb800 nmethod 1368 0x0000000003279c10 code [0x0000000003279d80, 0x000000000327a0e8]

GC Heap History (0 events):
No events

Deoptimization events (10 events):
Event: 2.610 Thread 0x0000000016ca5000 Uncommon trap: reason=class_check action=maybe_recompile pc=0x00000000031e9af4 method=java.util.Arrays.hashCode([Ljava/lang/Object;)I @ 43
Event: 2.610 Thread 0x0000000016ca5000 Uncommon trap: reason=bimorphic action=maybe_recompile pc=0x0000000003100924 method=java.util.HashMap.getNode(ILjava/lang/Object;)Ljava/util/HashMap$Node; @ 126
Event: 2.611 Thread 0x0000000016ca5000 Uncommon trap: reason=bimorphic action=maybe_recompile pc=0x0000000003100924 method=java.util.HashMap.getNode(ILjava/lang/Object;)Ljava/util/HashMap$Node; @ 126
Event: 2.611 Thread 0x0000000016ca5000 Uncommon trap: reason=bimorphic action=maybe_recompile pc=0x0000000003100924 method=java.util.HashMap.getNode(ILjava/lang/Object;)Ljava/util/HashMap$Node; @ 126
Event: 2.611 Thread 0x0000000016ca5000 Uncommon trap: reason=bimorphic action=maybe_recompile pc=0x0000000003100924 method=java.util.HashMap.getNode(ILjava/lang/Object;)Ljava/util/HashMap$Node; @ 126
Event: 2.623 Thread 0x0000000016ca5000 Uncommon trap: reason=class_check action=maybe_recompile pc=0x00000000032495c4 method=java.util.HashMap.putVal(ILjava/lang/Object;Ljava/lang/Object;ZZ)Ljava/lang/Object; @ 203
Event: 2.623 Thread 0x0000000016ca5000 Uncommon trap: reason=class_check action=maybe_recompile pc=0x00000000032495c4 method=java.util.HashMap.putVal(ILjava/lang/Object;Ljava/lang/Object;ZZ)Ljava/lang/Object; @ 203
Event: 2.624 Thread 0x0000000016ca5000 Uncommon trap: reason=class_check action=maybe_recompile pc=0x00000000032495c4 method=java.util.HashMap.putVal(ILjava/lang/Object;Ljava/lang/Object;ZZ)Ljava/lang/Object; @ 203
Event: 2.637 Thread 0x0000000016ca5000 Uncommon trap: reason=class_check action=maybe_recompile pc=0x00000000032495c4 method=java.util.HashMap.putVal(ILjava/lang/Object;Ljava/lang/Object;ZZ)Ljava/lang/Object; @ 203
Event: 2.637 Thread 0x0000000016ca5000 Uncommon trap: reason=class_check action=maybe_recompile pc=0x000000000323f9c4 method=java.util.HashMap.putVal(ILjava/lang/Object;Ljava/lang/Object;ZZ)Ljava/lang/Object; @ 203

Internal exceptions (3 events):
Event: 0.049 Thread 0x0000000002b2d800 Exception <a 'java/lang/NoSuchMethodError': Method sun.misc.Unsafe.defineClass(Ljava/lang/String;[BII)Ljava/lang/Class; name or signature does not match> (0x00000000eab07cc0) thrown at [C:\re\workspace\8-2-build-windows-amd64-cygwin\jdk8u101\7261\hotspot\séiu±ú¨?
Event: 0.049 Thread 0x0000000002b2d800 Exception <a 'java/lang/NoSuchMethodError': Method sun.misc.Unsafe.prefetchRead(Ljava/lang/Object;J)V name or signature does not match> (0x00000000eab07fa8) thrown at [C:\re\workspace\8-2-build-windows-amd64-cygwin\jdk8u101\7261\hotspot\src\share\vm\prims\„wJµW@
Event: 2.168 Thread 0x0000000016ca8000 Implicit null exception at 0x000000000311b522 to 0x000000000311b61a

Events (10 events):
Event: 2.764 loading class com/android/dx/dex/code/LocalList$MakeState
Event: 2.764 loading class com/android/dx/dex/code/LocalList$MakeState done
Event: 2.898 loading class com/android/dx/dex/code/LocalList$Disposition
Event: 2.898 loading class com/android/dx/dex/code/LocalList$Disposition done
Event: 2.898 loading class com/android/dx/dex/code/LocalList$Entry
Event: 2.898 loading class com/android/dx/dex/code/LocalList$Entry done
Event: 2.900 loading class com/android/dx/dex/code/CatchHandlerList
Event: 2.900 loading class com/android/dx/dex/code/CatchHandlerList done
Event: 2.900 loading class com/android/dx/dex/code/CatchTable
Event: 2.900 loading class com/android/dx/dex/code/CatchTable done


Dynamic libraries:
0x00007ff7fc560000 - 0x00007ff7fc597000 	C:\Program Files\Java\jdk1.8.0_101\bin\java.exe
0x00007ff994f70000 - 0x00007ff995131000 	C:\WINDOWS\SYSTEM32\ntdll.dll
0x00007ff992a20000 - 0x00007ff992acd000 	C:\WINDOWS\system32\KERNEL32.DLL
0x00007ff991880000 - 0x00007ff991a68000 	C:\WINDOWS\system32\KERNELBASE.dll
0x00007ff992970000 - 0x00007ff992a17000 	C:\WINDOWS\system32\ADVAPI32.dll
0x00007ff992770000 - 0x00007ff99280d000 	C:\WINDOWS\system32\msvcrt.dll
0x00007ff994ce0000 - 0x00007ff994d3b000 	C:\WINDOWS\system32\sechost.dll
0x00007ff992370000 - 0x00007ff99248c000 	C:\WINDOWS\system32\RPCRT4.dll
0x00007ff992810000 - 0x00007ff992966000 	C:\WINDOWS\system32\USER32.dll
0x00007ff994410000 - 0x00007ff994596000 	C:\WINDOWS\system32\GDI32.dll
0x00007ff989980000 - 0x00007ff989bf4000 	C:\WINDOWS\WinSxS\amd64_microsoft.windows.common-controls_6595b64144ccf1df_6.0.10586.494_none_a2d8b04ea53e3145\COMCTL32.dll
0x00007ff994610000 - 0x00007ff99488d000 	C:\WINDOWS\system32\combase.dll
0x00007ff9917f0000 - 0x00007ff99185a000 	C:\WINDOWS\system32\bcryptPrimitives.dll
0x00007ff992540000 - 0x00007ff99257b000 	C:\WINDOWS\system32\IMM32.DLL
0x00007ff991480000 - 0x00007ff9914b2000 	C:\windows\system32\nvinitx.dll
0x00007ff991470000 - 0x00007ff99147a000 	C:\WINDOWS\SYSTEM32\VERSION.dll
0x0000000054c90000 - 0x0000000054d62000 	C:\Program Files\Java\jdk1.8.0_101\jre\bin\msvcr100.dll
0x0000000054e60000 - 0x00000000556fa000 	C:\Program Files\Java\jdk1.8.0_101\jre\bin\server\jvm.dll
0x00007ff992580000 - 0x00007ff992588000 	C:\WINDOWS\system32\PSAPI.DLL
0x00007ff984000000 - 0x00007ff984009000 	C:\WINDOWS\SYSTEM32\WSOCK32.dll
0x00007ff994030000 - 0x00007ff99409b000 	C:\WINDOWS\system32\WS2_32.dll
0x00007ff98fcf0000 - 0x00007ff98fd13000 	C:\WINDOWS\SYSTEM32\WINMM.dll
0x00007ff98fc90000 - 0x00007ff98fcbc000 	C:\WINDOWS\SYSTEM32\WINMMBASE.dll
0x00007ff992120000 - 0x00007ff992163000 	C:\WINDOWS\system32\cfgmgr32.dll
0x0000000056470000 - 0x000000005647f000 	C:\Program Files\Java\jdk1.8.0_101\jre\bin\verify.dll
0x0000000056440000 - 0x0000000056469000 	C:\Program Files\Java\jdk1.8.0_101\jre\bin\java.dll
0x0000000056420000 - 0x0000000056436000 	C:\Program Files\Java\jdk1.8.0_101\jre\bin\zip.dll
0x00007ff992ad0000 - 0x00007ff99402c000 	C:\WINDOWS\system32\SHELL32.dll
0x00007ff991ad0000 - 0x00007ff992115000 	C:\WINDOWS\system32\windows.storage.dll
0x00007ff9940a0000 - 0x00007ff9940f2000 	C:\WINDOWS\system32\shlwapi.dll
0x00007ff991610000 - 0x00007ff99161f000 	C:\WINDOWS\system32\kernel.appcore.dll
0x00007ff9922b0000 - 0x00007ff992365000 	C:\WINDOWS\system32\shcore.dll
0x00007ff9915c0000 - 0x00007ff99160b000 	C:\WINDOWS\system32\powrprof.dll
0x00007ff9915a0000 - 0x00007ff9915b4000 	C:\WINDOWS\system32\profapi.dll

VM Arguments:
jvm_args: -Djava.awt.headless=true -Xmx1024M -Dfile.encoding=GBK -Duser.country=CN -Duser.language=zh -Duser.variant 
java_command: com.android.dx.command.Main --dex --force-jumbo --num-threads=4 --multi-dex --output C:\Android\Android\Project\mobilesafe\app\build\intermediates\transforms\dex\debug\folders\1000\10\internal_impl-24.2.0_7935305643571846cc8418b2b38d21bc6fb651b0 C:\Android\Android\Project\mobilesafe\app\build\intermediates\exploded-aar\com.android.support\support-media-compat\24.2.0\jars\libs\internal_impl-24.2.0.jar
java_class_path (initial): C:\Android\Android\androidSDK\sdk\build-tools\24.0.1\lib\dx.jar
Launcher Type: SUN_STANDARD

Environment Variables:
JAVA_HOME=C:\Program Files\Java\jdk1.8.0_101
CLASSPATH=.;C:\Program Files\Java\jdk1.8.0_101\lib\dt.jar;C:\Program Files\Java\jdk1.8.0_101\lib\tools.jar
PATH=C:\ProgramData\Oracle\Java\javapath;C:\Program Files (x86)\Intel\iCLS Client\;C:\Program Files\Intel\iCLS Client\;C:\windows\system32;C:\windows;C:\windows\System32\Wbem;C:\windows\System32\WindowsPowerShell\v1.0\;C:\Program Files\Intel\Intel(R) Management Engine Components\DAL;C:\Program Files\Intel\Intel(R) Management Engine Components\IPT;C:\Program Files (x86)\Intel\Intel(R) Management Engine Components\DAL;C:\Program Files (x86)\Intel\Intel(R) Management Engine Components\IPT;C:\Program Files (x86)\Lenovo\Lenovo Home\;C:\Program Files (x86)\NVIDIA Corporation\PhysX\Common;C:\WINDOWS\system32;C:\WINDOWS;C:\WINDOWS\System32\Wbem;C:\WINDOWS\System32\WindowsPowerShell\v1.0\;C:\Program Files\Java\jdk1.8.0_101\bin;C:\Program Files\Java\jdk1.8.0_101\jre\bin;C:\Android\MySQL Server 5.5\bin;C:\Android\Android\sdk\tools;C:\Android\Android\sdk\platform-tools;C:\Android\TortoiseSVN\bin
USERNAME=Abner
OS=Windows_NT
PROCESSOR_IDENTIFIER=Intel64 Family 6 Model 60 Stepping 3, GenuineIntel



---------------  S Y S T E M  ---------------

OS: Windows 10.0 , 64 bit Build 10586 (10.0.10586.0)

CPU:total 4 (2 cores per cpu, 2 threads per core) family 6 model 60 stepping 3, cmov, cx8, fxsr, mmx, sse, sse2, sse3, ssse3, sse4.1, sse4.2, popcnt, avx, avx2, aes, clmul, erms, lzcnt, ht, tsc, tscinvbit, bmi1, bmi2

Memory: 4k page, physical 8298776k(1221800k free), swap 9347352k(3584k free)

vm_info: Java HotSpot(TM) 64-Bit Server VM (25.101-b13) for windows-amd64 JRE (1.8.0_101-b13), built on Jun 22 2016 01:21:29 by "java_re" with MS VC++ 10.0 (VS2010)

time: Thu Aug 25 12:37:52 2016
elapsed time: 2 seconds (0d 0h 0m 2s)

