#
# There is insufficient memory for the Java Runtime Environment to continue.
# Native memory allocation (malloc) failed to allocate 846736 bytes for Chunk::new
# Possible reasons:
#   The system is out of physical RAM or swap space
#   In 32 bit mode, the process size limit was hit
# Possible solutions:
#   Reduce memory load on the system
#   Increase physical memory or swap space
#   Check if swap backing store is full
#   Use 64 bit Java on a 64 bit OS
#   Decrease Java heap size (-Xmx/-Xms)
#   Decrease number of Java threads
#   Decrease Java thread stack sizes (-Xss)
#   Set larger code cache with -XX:ReservedCodeCacheSize=
# This output file may be truncated or incomplete.
#
#  Out of Memory Error (allocation.cpp:390), pid=3912, tid=0x0000000000000f34
#
# JRE version: Java(TM) SE Runtime Environment (8.0_101-b13) (build 1.8.0_101-b13)
# Java VM: Java HotSpot(TM) 64-Bit Server VM (25.101-b13 mixed mode windows-amd64 compressed oops)
# Failed to write core dump. Minidumps are not enabled by default on client versions of Windows
#

---------------  T H R E A D  ---------------

Current thread (0x0000000002acc800):  JavaThread "C2 CompilerThread1" daemon [_thread_in_native, id=3892, stack(0x0000000016c00000,0x0000000016d00000)]

Stack: [0x0000000016c00000,0x0000000016d00000]
[error occurred during error reporting (printing stack bounds), id 0xc0000005]

Native frames: (J=compiled Java code, j=interpreted, Vv=VM code, C=native code)


Current CompileTask:
C2:   5225 1641       4       com.android.dx.ssa.SCCP::simulateBlock (54 bytes)


---------------  P R O C E S S  ---------------

Java Threads: ( => current thread )
  0x00000000167d4000 JavaThread "pool-1-thread-4" [_thread_in_Java, id=5524, stack(0x0000000017400000,0x0000000017500000)]
  0x00000000167d3800 JavaThread "pool-1-thread-3" [_thread_in_Java, id=5572, stack(0x0000000017300000,0x0000000017400000)]
  0x00000000167d2800 JavaThread "pool-1-thread-2" [_thread_in_Java, id=7372, stack(0x0000000017200000,0x0000000017300000)]
  0x00000000167c1000 JavaThread "pool-2-thread-1" [_thread_blocked, id=1436, stack(0x0000000017100000,0x0000000017200000)]
  0x00000000167bc800 JavaThread "pool-1-thread-1" [_thread_blocked, id=8360, stack(0x0000000017000000,0x0000000017100000)]
  0x0000000016562800 JavaThread "Service Thread" daemon [_thread_blocked, id=7464, stack(0x0000000016e00000,0x0000000016f00000)]
  0x0000000002ace000 JavaThread "C1 CompilerThread2" daemon [_thread_in_vm, id=7900, stack(0x0000000016d00000,0x0000000016e00000)]
=>0x0000000002acc800 JavaThread "C2 CompilerThread1" daemon [_thread_in_native, id=3892, stack(0x0000000016c00000,0x0000000016d00000)]
  0x00000000151b1800 JavaThread "C2 CompilerThread0" daemon [_thread_in_native, id=9716, stack(0x0000000016b00000,0x0000000016c00000)]
  0x00000000151bc800 JavaThread "Attach Listener" daemon [_thread_blocked, id=6004, stack(0x0000000016a00000,0x0000000016b00000)]
  0x00000000151bb800 JavaThread "Signal Dispatcher" daemon [_thread_blocked, id=3696, stack(0x0000000016900000,0x0000000016a00000)]
  0x000000001518a000 JavaThread "Finalizer" daemon [_thread_blocked, id=1056, stack(0x0000000016400000,0x0000000016500000)]
  0x0000000015169000 JavaThread "Reference Handler" daemon [_thread_blocked, id=5260, stack(0x0000000016300000,0x0000000016400000)]
  0x00000000028cd800 JavaThread "main" [_thread_blocked, id=9532, stack(0x00000000028d0000,0x00000000029d0000)]

Other Threads:
  0x0000000015167000 VMThread [stack: 0x0000000016200000,0x0000000016300000] [id=10336]
  0x0000000016576800 WatcherThread [stack: 0x0000000016f00000,0x0000000017000000] [id=2724]

VM state:not at safepoint (normal execution)

VM Mutex/Monitor currently owned by a thread: None

Heap:
 PSYoungGen      total 71680K, used 31329K [0x00000000eab00000, 0x00000000ef600000, 0x0000000100000000)
  eden space 66560K, 39% used [0x00000000eab00000,0x00000000ec499f50,0x00000000eec00000)
  from space 5120K, 99% used [0x00000000ef100000,0x00000000ef5fe6f0,0x00000000ef600000)
  to   space 5120K, 0% used [0x00000000eec00000,0x00000000eec00000,0x00000000ef100000)
 ParOldGen       total 87552K, used 6948K [0x00000000c0000000, 0x00000000c5580000, 0x00000000eab00000)
  object space 87552K, 7% used [0x00000000c0000000,0x00000000c06c93f8,0x00000000c5580000)
 Metaspace       used 6319K, capacity 7158K, committed 7296K, reserved 1056768K
  class space    used 608K, capacity 622K, committed 640K, reserved 1048576K

Card table byte_map: [0x0000000011e90000,0x00000000120a0000] byte_map_base: 0x0000000011890000

Marking Bits: (ParMarkBitMap*) 0x000000005567a6d0
 Begin Bits: [0x0000000012600000, 0x0000000013600000)
 End Bits:   [0x0000000013600000, 0x0000000014600000)

Polling page: 0x0000000000830000

CodeCache: size=245760Kb used=7082Kb max_used=7082Kb free=238677Kb
 bounds [0x0000000002ad0000, 0x00000000031d0000, 0x0000000011ad0000]
 total_blobs=1937 nmethods=1666 adapters=184
 compilation: enabled

Compilation events (10 events):
Event: 5.215 Thread 0x00000000151b1800 1628       4       com.android.dx.ssa.LiteralOpUpgrader::tryReplacingWithConstant (161 bytes)
Event: 5.215 Thread 0x0000000002ace000 nmethod 1681 0x00000000031bc790 code [0x00000000031bc8e0, 0x00000000031bcab0]
Event: 5.216 Thread 0x0000000002ace000 1683       2       com.android.dx.rop.cst.CstLong::getType (4 bytes)
Event: 5.217 Thread 0x0000000002ace000 nmethod 1683 0x00000000031bc450 code [0x00000000031bc5a0, 0x00000000031bc6f0]
Event: 5.218 Thread 0x0000000002ace000 1684       2       com.android.dx.rop.cst.CstLiteral64::hashCode (15 bytes)
Event: 5.218 Thread 0x0000000002ace000 nmethod 1684 0x00000000031be390 code [0x00000000031be4e0, 0x00000000031be650]
Event: 5.218 Thread 0x0000000002ace000 1685       2       java.util.HashMap::get (23 bytes)
Event: 5.219 Thread 0x0000000002ace000 nmethod 1685 0x00000000031bdf10 code [0x00000000031be080, 0x00000000031be278]
Event: 5.220 Thread 0x0000000002ace000 1686       2       com.android.dx.cf.direct.AttributeFactory::parse0 (53 bytes)
Event: 5.220 Thread 0x0000000002ace000 nmethod 1686 0x00000000031bd450 code [0x00000000031bd600, 0x00000000031bda88]

GC Heap History (4 events):
Event: 3.319 GC heap before
{Heap before GC invocations=1 (full 0):
 PSYoungGen      total 38400K, used 33280K [0x00000000eab00000, 0x00000000ed580000, 0x0000000100000000)
  eden space 33280K, 100% used [0x00000000eab00000,0x00000000ecb80000,0x00000000ecb80000)
  from space 5120K, 0% used [0x00000000ed080000,0x00000000ed080000,0x00000000ed580000)
  to   space 5120K, 0% used [0x00000000ecb80000,0x00000000ecb80000,0x00000000ed080000)
 ParOldGen       total 87552K, used 0K [0x00000000c0000000, 0x00000000c5580000, 0x00000000eab00000)
  object space 87552K, 0% used [0x00000000c0000000,0x00000000c0000000,0x00000000c5580000)
 Metaspace       used 6123K, capacity 6966K, committed 7040K, reserved 1056768K
  class space    used 607K, capacity 622K, committed 640K, reserved 1048576K
Event: 3.690 GC heap after
Heap after GC invocations=1 (full 0):
 PSYoungGen      total 38400K, used 5101K [0x00000000eab00000, 0x00000000ef600000, 0x0000000100000000)
  eden space 33280K, 0% used [0x00000000eab00000,0x00000000eab00000,0x00000000ecb80000)
  from space 5120K, 99% used [0x00000000ecb80000,0x00000000ed07b640,0x00000000ed080000)
  to   space 5120K, 0% used [0x00000000ef100000,0x00000000ef100000,0x00000000ef600000)
 ParOldGen       total 87552K, used 1409K [0x00000000c0000000, 0x00000000c5580000, 0x00000000eab00000)
  object space 87552K, 1% used [0x00000000c0000000,0x00000000c0160550,0x00000000c5580000)
 Metaspace       used 6123K, capacity 6966K, committed 7040K, reserved 1056768K
  class space    used 607K, capacity 622K, committed 640K, reserved 1048576K
}
Event: 4.748 GC heap before
{Heap before GC invocations=2 (full 0):
 PSYoungGen      total 38400K, used 38381K [0x00000000eab00000, 0x00000000ef600000, 0x0000000100000000)
  eden space 33280K, 100% used [0x00000000eab00000,0x00000000ecb80000,0x00000000ecb80000)
  from space 5120K, 99% used [0x00000000ecb80000,0x00000000ed07b640,0x00000000ed080000)
  to   space 5120K, 0% used [0x00000000ef100000,0x00000000ef100000,0x00000000ef600000)
 ParOldGen       total 87552K, used 1409K [0x00000000c0000000, 0x00000000c5580000, 0x00000000eab00000)
  object space 87552K, 1% used [0x00000000c0000000,0x00000000c0160550,0x00000000c5580000)
 Metaspace       used 6285K, capacity 7094K, committed 7296K, reserved 1056768K
  class space    used 608K, capacity 622K, committed 640K, reserved 1048576K
Event: 4.874 GC heap after
Heap after GC invocations=2 (full 0):
 PSYoungGen      total 71680K, used 5113K [0x00000000eab00000, 0x00000000ef600000, 0x0000000100000000)
  eden space 66560K, 0% used [0x00000000eab00000,0x00000000eab00000,0x00000000eec00000)
  from space 5120K, 99% used [0x00000000ef100000,0x00000000ef5fe6f0,0x00000000ef600000)
  to   space 5120K, 0% used [0x00000000eec00000,0x00000000eec00000,0x00000000ef100000)
 ParOldGen       total 87552K, used 6948K [0x00000000c0000000, 0x00000000c5580000, 0x00000000eab00000)
  object space 87552K, 7% used [0x00000000c0000000,0x00000000c06c93f8,0x00000000c5580000)
 Metaspace       used 6285K, capacity 7094K, committed 7296K, reserved 1056768K
  class space    used 608K, capacity 622K, committed 640K, reserved 1048576K
}

Deoptimization events (10 events):
Event: 4.329 Thread 0x00000000167d4000 Uncommon trap: reason=unstable_if action=reinterpret pc=0x0000000002f646dc method=com.android.dx.ssa.SsaMethod.updateOneDefinition(Lcom/android/dx/ssa/SsaInsn;Lcom/android/dx/rop/code/RegisterSpec;)V @ 4
Event: 4.694 Thread 0x00000000167bc800 Uncommon trap: reason=unstable_if action=reinterpret pc=0x000000000312c484 method=com.android.dx.ssa.SCCP.simulateBranch(Lcom/android/dx/ssa/SsaInsn;)V @ 64
Event: 4.696 Thread 0x00000000167bc800 Uncommon trap: reason=unstable_if action=reinterpret pc=0x0000000003120124 method=com.android.dx.rop.code.LocalItem.compareHandlesNulls(Lcom/android/dx/rop/cst/CstString;Lcom/android/dx/rop/cst/CstString;)I @ 14
Event: 4.716 Thread 0x00000000167bc800 Uncommon trap: reason=unstable_if action=reinterpret pc=0x0000000002ee9e9c method=com.android.dx.rop.cst.Constant.compareTo(Lcom/android/dx/rop/cst/Constant;)I @ 12
Event: 4.890 Thread 0x00000000167d2800 Uncommon trap: reason=unstable_if action=reinterpret pc=0x0000000002e5e9bc method=com.android.dx.rop.code.RegisterSpec.equals(ILcom/android/dx/rop/type/TypeBearer;Lcom/android/dx/rop/code/LocalItem;)Z @ 42
Event: 4.890 Thread 0x00000000167d2800 Uncommon trap: reason=unstable_if action=reinterpret pc=0x0000000002fe5148 method=com.android.dx.ssa.SsaRenamer$BlockRenamer.addMapping(ILcom/android/dx/rop/code/RegisterSpec;)V @ 120
Event: 4.891 Thread 0x00000000167d2800 Uncommon trap: reason=unstable_if action=reinterpret pc=0x0000000002e81344 method=com.android.dx.ssa.SsaRenamer$BlockRenamer.addMapping(ILcom/android/dx/rop/code/RegisterSpec;)V @ 120
Event: 4.943 Thread 0x00000000028cd800 Uncommon trap: reason=uninitialized action=reinterpret pc=0x0000000003105ec4 method=com.android.dx.cf.code.BytecodeArray.parseInstruction(ILcom/android/dx/cf/code/BytecodeArray$Visitor;)I @ 999
Event: 5.128 Thread 0x00000000167d2800 Uncommon trap: reason=null_check action=make_not_entrant pc=0x00000000030567e8 method=com.android.dx.rop.type.Type.equals(Ljava/lang/Object;)Z @ 8
Event: 5.215 Thread 0x00000000167d4000 Uncommon trap: reason=unstable_if action=reinterpret pc=0x0000000002d198b0 method=java.util.HashMap.getNode(ILjava/lang/Object;)Ljava/util/HashMap$Node; @ 62

Internal exceptions (6 events):
Event: 0.071 Thread 0x00000000028cd800 Exception <a 'java/lang/NoSuchMethodError': Method sun.misc.Unsafe.defineClass(Ljava/lang/String;[BII)Ljava/lang/Class; name or signature does not match> (0x00000000eab07cc0) thrown at [C:\re\workspace\8-2-build-windows-amd64-cygwin\jdk8u101\7261\hotspot\síœ6Š43²?
Event: 0.071 Thread 0x00000000028cd800 Exception <a 'java/lang/NoSuchMethodError': Method sun.misc.Unsafe.prefetchRead(Ljava/lang/Object;J)V name or signature does not match> (0x00000000eab07fa8) thrown at [C:\re\workspace\8-2-build-windows-amd64-cygwin\jdk8u101\7261\hotspot\src\share\vm\prims\	¦óÜS¶@
Event: 3.964 Thread 0x00000000167d2800 Implicit null exception at 0x0000000002f0c010 to 0x0000000002f0d13d
Event: 4.269 Thread 0x00000000028cd800 Implicit null exception at 0x0000000002f05344 to 0x0000000002f06269
Event: 4.696 Thread 0x00000000167bc800 Implicit null exception at 0x000000000311e510 to 0x00000000031200fd
Event: 5.128 Thread 0x00000000167d2800 Implicit null exception at 0x00000000030566e2 to 0x00000000030567da

Events (10 events):
Event: 4.943 Thread 0x00000000028cd800 DEOPT PACKING pc=0x0000000003105ec4 sp=0x00000000029ce790
Event: 4.943 Thread 0x00000000028cd800 DEOPT UNPACKING pc=0x0000000002b1582a sp=0x00000000029ce750 mode 2
Event: 5.071 loading class com/android/dx/cf/attrib/AttDeprecated
Event: 5.071 loading class com/android/dx/cf/attrib/AttDeprecated done
Event: 5.128 Thread 0x00000000167d2800 Uncommon trap: trap_request=0xfffffff4 fr.pc=0x00000000030567e8
Event: 5.128 Thread 0x00000000167d2800 DEOPT PACKING pc=0x00000000030567e8 sp=0x00000000172fe350
Event: 5.128 Thread 0x00000000167d2800 DEOPT UNPACKING pc=0x0000000002b1582a sp=0x00000000172fe2d8 mode 2
Event: 5.215 Thread 0x00000000167d4000 Uncommon trap: trap_request=0xffffff65 fr.pc=0x0000000002d198b0
Event: 5.215 Thread 0x00000000167d4000 DEOPT PACKING pc=0x0000000002d198b0 sp=0x00000000174fe130
Event: 5.215 Thread 0x00000000167d4000 DEOPT UNPACKING pc=0x0000000002b1582a sp=0x00000000174fe050 mode 2


Dynamic libraries:
0x00007ff7fc560000 - 0x00007ff7fc597000 	C:\Program Files\Java\jdk1.8.0_101\bin\java.exe
0x00007ff994f70000 - 0x00007ff995131000 	C:\WINDOWS\SYSTEM32\ntdll.dll
0x00007ff992a20000 - 0x00007ff992acd000 	C:\WINDOWS\system32\KERNEL32.DLL
0x00007ff991880000 - 0x00007ff991a68000 	C:\WINDOWS\system32\KERNELBASE.dll
0x00007ff992970000 - 0x00007ff992a17000 	C:\WINDOWS\system32\ADVAPI32.dll
0x00007ff992770000 - 0x00007ff99280d000 	C:\WINDOWS\system32\msvcrt.dll
0x00007ff994ce0000 - 0x00007ff994d3b000 	C:\WINDOWS\system32\sechost.dll
0x00007ff992370000 - 0x00007ff99248c000 	C:\WINDOWS\system32\RPCRT4.dll
0x00007ff992810000 - 0x00007ff992966000 	C:\WINDOWS\system32\USER32.dll
0x00007ff994410000 - 0x00007ff994596000 	C:\WINDOWS\system32\GDI32.dll
0x00007ff989980000 - 0x00007ff989bf4000 	C:\WINDOWS\WinSxS\amd64_microsoft.windows.common-controls_6595b64144ccf1df_6.0.10586.494_none_a2d8b04ea53e3145\COMCTL32.dll
0x00007ff994610000 - 0x00007ff99488d000 	C:\WINDOWS\system32\combase.dll
0x00007ff9917f0000 - 0x00007ff99185a000 	C:\WINDOWS\system32\bcryptPrimitives.dll
0x00007ff992540000 - 0x00007ff99257b000 	C:\WINDOWS\system32\IMM32.DLL
0x00007ff991480000 - 0x00007ff9914b2000 	C:\windows\system32\nvinitx.dll
0x00007ff991470000 - 0x00007ff99147a000 	C:\WINDOWS\SYSTEM32\VERSION.dll
0x0000000054c90000 - 0x0000000054d62000 	C:\Program Files\Java\jdk1.8.0_101\jre\bin\msvcr100.dll
0x0000000054e60000 - 0x00000000556fa000 	C:\Program Files\Java\jdk1.8.0_101\jre\bin\server\jvm.dll
0x00007ff992580000 - 0x00007ff992588000 	C:\WINDOWS\system32\PSAPI.DLL
0x00007ff984000000 - 0x00007ff984009000 	C:\WINDOWS\SYSTEM32\WSOCK32.dll
0x00007ff994030000 - 0x00007ff99409b000 	C:\WINDOWS\system32\WS2_32.dll
0x00007ff98fcf0000 - 0x00007ff98fd13000 	C:\WINDOWS\SYSTEM32\WINMM.dll
0x0000000000800000 - 0x000000000082c000 	C:\WINDOWS\SYSTEM32\WINMMBASE.dll
0x00007ff992120000 - 0x00007ff992163000 	C:\WINDOWS\system32\cfgmgr32.dll
0x0000000056470000 - 0x000000005647f000 	C:\Program Files\Java\jdk1.8.0_101\jre\bin\verify.dll
0x0000000056440000 - 0x0000000056469000 	C:\Program Files\Java\jdk1.8.0_101\jre\bin\java.dll
0x0000000056420000 - 0x0000000056436000 	C:\Program Files\Java\jdk1.8.0_101\jre\bin\zip.dll
0x00007ff992ad0000 - 0x00007ff99402c000 	C:\WINDOWS\system32\SHELL32.dll
0x00007ff991ad0000 - 0x00007ff992115000 	C:\WINDOWS\system32\windows.storage.dll
0x00007ff9940a0000 - 0x00007ff9940f2000 	C:\WINDOWS\system32\shlwapi.dll
0x00007ff991610000 - 0x00007ff99161f000 	C:\WINDOWS\system32\kernel.appcore.dll
0x00007ff9922b0000 - 0x00007ff992365000 	C:\WINDOWS\system32\shcore.dll
0x00007ff9915c0000 - 0x00007ff99160b000 	C:\WINDOWS\system32\powrprof.dll
0x00007ff9915a0000 - 0x00007ff9915b4000 	C:\WINDOWS\system32\profapi.dll

VM Arguments:
jvm_args: -Djava.awt.headless=true -Xmx1024M -Dfile.encoding=GBK -Duser.country=CN -Duser.language=zh -Duser.variant 
java_command: com.android.dx.command.Main --dex --force-jumbo --num-threads=4 --output C:\Android\Android\Project\mobilesafe\app\build\intermediates\pre-dexed\debug\com.android.support-support-media-compat-24.2.0_99d6ed9887da7115813682fae64eacf5198726a6.jar C:\Android\Android\Project\mobilesafe\app\build\intermediates\exploded-aar\com.android.support\support-media-compat\24.2.0\jars\classes.jar
java_class_path (initial): C:\Android\Android\androidSDK\sdk\build-tools\24.0.1\lib\dx.jar
Launcher Type: SUN_STANDARD

Environment Variables:
JAVA_HOME=C:\Program Files\Java\jdk1.8.0_101
CLASSPATH=.;C:\Program Files\Java\jdk1.8.0_101\lib\dt.jar;C:\Program Files\Java\jdk1.8.0_101\lib\tools.jar
PATH=C:\ProgramData\Oracle\Java\javapath;C:\Program Files (x86)\Intel\iCLS Client\;C:\Program Files\Intel\iCLS Client\;C:\windows\system32;C:\windows;C:\windows\System32\Wbem;C:\windows\System32\WindowsPowerShell\v1.0\;C:\Program Files\Intel\Intel(R) Management Engine Components\DAL;C:\Program Files\Intel\Intel(R) Management Engine Components\IPT;C:\Program Files (x86)\Intel\Intel(R) Management Engine Components\DAL;C:\Program Files (x86)\Intel\Intel(R) Management Engine Components\IPT;C:\Program Files (x86)\Lenovo\Lenovo Home\;C:\Program Files (x86)\NVIDIA Corporation\PhysX\Common;C:\WINDOWS\system32;C:\WINDOWS;C:\WINDOWS\System32\Wbem;C:\WINDOWS\System32\WindowsPowerShell\v1.0\;C:\Program Files\Java\jdk1.8.0_101\bin;C:\Program Files\Java\jdk1.8.0_101\jre\bin;C:\Android\MySQL Server 5.5\bin;C:\Android\Android\sdk\tools;C:\Android\Android\sdk\platform-tools;C:\Android\TortoiseSVN\bin
USERNAME=Abner
OS=Windows_NT
PROCESSOR_IDENTIFIER=Intel64 Family 6 Model 60 Stepping 3, GenuineIntel



---------------  S Y S T E M  ---------------

OS: Windows 10.0 , 64 bit Build 10586 (10.0.10586.0)

CPU:total 4 (2 cores per cpu, 2 threads per core) family 6 model 60 stepping 3, cmov, cx8, fxsr, mmx, sse, sse2, sse3, ssse3, sse4.1, sse4.2, popcnt, avx, avx2, aes, clmul, erms, lzcnt, ht, tsc, tscinvbit, bmi1, bmi2

Memory: 4k page, physical 8298776k(1682948k free), swap 9347352k(6024k free)

vm_info: Java HotSpot(TM) 64-Bit Server VM (25.101-b13) for windows-amd64 JRE (1.8.0_101-b13), built on Jun 22 2016 01:21:29 by "java_re" with MS VC++ 10.0 (VS2010)

time: Thu Aug 25 22:29:22 2016
elapsed time: 5 seconds (0d 0h 0m 5s)

