#
# There is insufficient memory for the Java Runtime Environment to continue.
# Native memory allocation (malloc) failed to allocate 79856 bytes for Chunk::new
# Possible reasons:
#   The system is out of physical RAM or swap space
#   In 32 bit mode, the process size limit was hit
# Possible solutions:
#   Reduce memory load on the system
#   Increase physical memory or swap space
#   Check if swap backing store is full
#   Use 64 bit Java on a 64 bit OS
#   Decrease Java heap size (-Xmx/-Xms)
#   Decrease number of Java threads
#   Decrease Java thread stack sizes (-Xss)
#   Set larger code cache with -XX:ReservedCodeCacheSize=
# This output file may be truncated or incomplete.
#
#  Out of Memory Error (allocation.cpp:390), pid=8016, tid=0x0000000000002a88
#
# JRE version: Java(TM) SE Runtime Environment (8.0_101-b13) (build 1.8.0_101-b13)
# Java VM: Java HotSpot(TM) 64-Bit Server VM (25.101-b13 mixed mode windows-amd64 compressed oops)
# Failed to write core dump. Minidumps are not enabled by default on client versions of Windows
#

---------------  T H R E A D  ---------------

Current thread (0x00000000170a1000):  JavaThread "C2 CompilerThread1" daemon [_thread_in_native, id=10888, stack(0x00000000174a0000,0x00000000175a0000)]

Stack: [0x00000000174a0000,0x00000000175a0000]
[error occurred during error reporting (printing stack bounds), id 0xc0000005]

Native frames: (J=compiled Java code, j=interpreted, Vv=VM code, C=native code)


Current CompileTask:
C2:   1316  217       4       com.android.dx.rop.cst.CstString::utf8BytesToString (391 bytes)


---------------  P R O C E S S  ---------------

Java Threads: ( => current thread )
  0x0000000017312800 JavaThread "pool-1-thread-4" [_thread_new, id=8344, stack(0x0000000000000000,0x0000000000000000)]
  0x0000000017208000 JavaThread "pool-1-thread-3" [_thread_new, id=3220, stack(0x0000000000000000,0x0000000000000000)]
  0x0000000017207800 JavaThread "pool-1-thread-2" [_thread_new, id=8336, stack(0x0000000000000000,0x0000000000000000)]
  0x0000000017204800 JavaThread "pool-2-thread-1" [_thread_new, id=756, stack(0x0000000000000000,0x0000000000000000)]
  0x0000000017204000 JavaThread "pool-1-thread-1" [_thread_in_Java, id=10696, stack(0x00000000178a0000,0x00000000179a0000)]
  0x0000000017100000 JavaThread "Service Thread" daemon [_thread_blocked, id=7944, stack(0x00000000176a0000,0x00000000177a0000)]
  0x00000000170fd000 JavaThread "C1 CompilerThread2" daemon [_thread_in_native, id=10388, stack(0x00000000175a0000,0x00000000176a0000)]
=>0x00000000170a1000 JavaThread "C2 CompilerThread1" daemon [_thread_in_native, id=10888, stack(0x00000000174a0000,0x00000000175a0000)]
  0x0000000015a9c000 JavaThread "C2 CompilerThread0" daemon [_thread_in_native, id=9748, stack(0x0000000016fa0000,0x00000000170a0000)]
  0x0000000015a9a000 JavaThread "Attach Listener" daemon [_thread_blocked, id=7920, stack(0x0000000016ea0000,0x0000000016fa0000)]
  0x0000000015a99800 JavaThread "Signal Dispatcher" daemon [_thread_blocked, id=2852, stack(0x0000000016da0000,0x0000000016ea0000)]
  0x000000000336a000 JavaThread "Finalizer" daemon [_thread_blocked, id=4840, stack(0x0000000016ca0000,0x0000000016da0000)]
  0x000000000335f800 JavaThread "Reference Handler" daemon [_thread_blocked, id=6128, stack(0x0000000016ba0000,0x0000000016ca0000)]
  0x0000000003273000 JavaThread "main" [_thread_in_vm, id=9976, stack(0x0000000003170000,0x0000000003270000)]

Other Threads:
  0x0000000015a08800 VMThread [stack: 0x0000000016aa0000,0x0000000016ba0000] [id=4856]
  0x0000000017115000 WatcherThread [stack: 0x00000000177a0000,0x00000000178a0000] [id=6372]

VM state:not at safepoint (normal execution)

VM Mutex/Monitor currently owned by a thread: None

Heap:
 PSYoungGen      total 38400K, used 5342K [0x00000000eab00000, 0x00000000ed580000, 0x0000000100000000)
  eden space 33280K, 16% used [0x00000000eab00000,0x00000000eb0379c8,0x00000000ecb80000)
  from space 5120K, 0% used [0x00000000ed080000,0x00000000ed080000,0x00000000ed580000)
  to   space 5120K, 0% used [0x00000000ecb80000,0x00000000ecb80000,0x00000000ed080000)
 ParOldGen       total 87552K, used 0K [0x00000000c0000000, 0x00000000c5580000, 0x00000000eab00000)
  object space 87552K, 0% used [0x00000000c0000000,0x00000000c0000000,0x00000000c5580000)
 Metaspace       used 3993K, capacity 5104K, committed 5376K, reserved 1056768K
  class space    used 450K, capacity 488K, committed 512K, reserved 1048576K

Card table byte_map: [0x0000000012730000,0x0000000012940000] byte_map_base: 0x0000000012130000

Marking Bits: (ParMarkBitMap*) 0x00000000732ba6d0
 Begin Bits: [0x0000000012ea0000, 0x0000000013ea0000)
 End Bits:   [0x0000000013ea0000, 0x0000000014ea0000)

Polling page: 0x0000000000ff0000

CodeCache: size=245760Kb used=1543Kb max_used=1543Kb free=244216Kb
 bounds [0x0000000003370000, 0x00000000035e0000, 0x0000000012370000]
 total_blobs=480 nmethods=220 adapters=173
 compilation: enabled

Compilation events (10 events):
Event: 1.313 Thread 0x00000000170fd000  212       1       sun.misc.URLClassPath$Loader::getBaseURL (5 bytes)
Event: 1.313 Thread 0x00000000170fd000 nmethod 212 0x00000000034ea590 code [0x00000000034ea6e0, 0x00000000034ea7f0]
Event: 1.313 Thread 0x00000000170fd000  214       1       java.util.jar.Manifest::getMainAttributes (5 bytes)
Event: 1.313 Thread 0x00000000170fd000 nmethod 214 0x00000000034ea850 code [0x00000000034ea9a0, 0x00000000034eaab0]
Event: 1.313 Thread 0x00000000170fd000  213       1       java.util.jar.Manifest::getEntries (5 bytes)
Event: 1.313 Thread 0x00000000170fd000 nmethod 213 0x00000000034eab10 code [0x00000000034eac60, 0x00000000034ead70]
Event: 1.313 Thread 0x00000000170fd000  215       1       java.util.jar.JarFile::access$300 (5 bytes)
Event: 1.313 Thread 0x00000000170fd000 nmethod 215 0x00000000034eadd0 code [0x00000000034eaf20, 0x00000000034eb010]
Event: 1.313 Thread 0x00000000170fd000  216   !   3       com.android.dx.rop.type.Type::intern (319 bytes)
Event: 1.313 Thread 0x00000000170a1000  217       4       com.android.dx.rop.cst.CstString::utf8BytesToString (391 bytes)

GC Heap History (0 events):
No events

Deoptimization events (0 events):
No events

Internal exceptions (7 events):
Event: 0.044 Thread 0x0000000003273000 Exception <a 'java/lang/NoSuchMethodError': Method sun.misc.Unsafe.defineClass(Ljava/lang/String;[BII)Ljava/lang/Class; name or signature does not match> (0x00000000eab07cc0) thrown at [C:\re\workspace\8-2-build-windows-amd64-cygwin\jdk8u101\7261\hotspot\s"É0A‹¦?
Event: 0.044 Thread 0x0000000003273000 Exception <a 'java/lang/NoSuchMethodError': Method sun.misc.Unsafe.prefetchRead(Ljava/lang/Object;J)V name or signature does not match> (0x00000000eab07fa8) thrown at [C:\re\workspace\8-2-build-windows-amd64-cygwin\jdk8u101\7261\hotspot\src\share\vm\prims\Ë{¾9Vÿô?
Event: 1.312 Thread 0x0000000017204000 Exception <a 'java/lang/StackOverflowError'> (0x00000000eaf9cc08) thrown at [C:\re\workspace\8-2-build-windows-amd64-cygwin\jdk8u101\7261\hotspot\src\share\vm\interpreter\interpreterRuntime.cpp, line 323]
Event: 1.312 Thread 0x0000000017204000 Exception <a 'java/lang/StackOverflowError'> (0x00000000eaf9cc08) thrown at [C:\re\workspace\8-2-build-windows-amd64-cygwin\jdk8u101\7261\hotspot\src\share\vm\prims\jni.cpp, line 735]
Event: 1.312 Thread 0x0000000017204000 Exception <a 'java/lang/StackOverflowError'> (0x00000000eaf9cc08) thrown at [C:\re\workspace\8-2-build-windows-amd64-cygwin\jdk8u101\7261\hotspot\src\share\vm\prims\jvm.cpp, line 1390]
Event: 1.313 Thread 0x0000000017204000 Exception <a 'java/lang/OutOfMemoryError'> (0x00000000eafa8678) thrown at [C:\re\workspace\8-2-build-windows-amd64-cygwin\jdk8u101\7261\hotspot\src\share\vm\prims\jni.cpp, line 735]
Event: 1.313 Thread 0x0000000017204000 Exception <a 'java/lang/OutOfMemoryError'> (0x00000000eafa8678) thrown at [C:\re\workspace\8-2-build-windows-amd64-cygwin\jdk8u101\7261\hotspot\src\share\vm\prims\jvm.cpp, line 1390]

Events (10 events):
Event: 1.312 loading class java/security/PrivilegedActionException
Event: 1.312 loading class java/security/PrivilegedActionException done
Event: 1.313 loading class com/android/dx/dex/cf/CfTranslator
Event: 1.313 loading class com/android/dx/dex/cf/CfTranslator done
Event: 1.313 loading class com/android/dx/dex/cf/CfTranslator
Event: 1.313 loading class com/android/dx/dex/cf/CfTranslator done
Event: 1.314 loading class com/android/dx/dex/code/DalvCode$AssignIndicesCallback
Event: 1.314 loading class com/android/dx/dex/code/DalvCode$AssignIndicesCallback done
Event: 1.315 loading class com/android/dx/rop/code/TranslationAdvice
Event: 1.315 loading class com/android/dx/rop/code/TranslationAdvice done


Dynamic libraries:
0x00007ff675020000 - 0x00007ff675057000 	C:\Program Files\Java\jdk1.8.0_101\bin\java.exe
0x00007ff95bd60000 - 0x00007ff95bf21000 	C:\WINDOWS\SYSTEM32\ntdll.dll
0x00007ff95b720000 - 0x00007ff95b7cd000 	C:\WINDOWS\system32\KERNEL32.DLL
0x00007ff958e30000 - 0x00007ff959018000 	C:\WINDOWS\system32\KERNELBASE.dll
0x00007ff959c70000 - 0x00007ff959d17000 	C:\WINDOWS\system32\ADVAPI32.dll
0x00007ff95bca0000 - 0x00007ff95bd3d000 	C:\WINDOWS\system32\msvcrt.dll
0x00007ff9592c0000 - 0x00007ff95931b000 	C:\WINDOWS\system32\sechost.dll
0x00007ff959990000 - 0x00007ff959aac000 	C:\WINDOWS\system32\RPCRT4.dll
0x00007ff959160000 - 0x00007ff9592b6000 	C:\WINDOWS\system32\USER32.dll
0x00007ff95b590000 - 0x00007ff95b716000 	C:\WINDOWS\system32\GDI32.dll
0x00007ff950530000 - 0x00007ff9507a4000 	C:\WINDOWS\WinSxS\amd64_microsoft.windows.common-controls_6595b64144ccf1df_6.0.10586.494_none_a2d8b04ea53e3145\COMCTL32.dll
0x00007ff95b810000 - 0x00007ff95ba8d000 	C:\WINDOWS\system32\combase.dll
0x00007ff959020000 - 0x00007ff95908a000 	C:\WINDOWS\system32\bcryptPrimitives.dll
0x00007ff95b7d0000 - 0x00007ff95b80b000 	C:\WINDOWS\system32\IMM32.DLL
0x00007ff958270000 - 0x00007ff9582a2000 	C:\windows\system32\nvinitx.dll
0x00007ff958260000 - 0x00007ff95826a000 	C:\WINDOWS\SYSTEM32\VERSION.dll
0x00000000725e0000 - 0x00000000726b2000 	C:\Program Files\Java\jdk1.8.0_101\jre\bin\msvcr100.dll
0x0000000072aa0000 - 0x000000007333a000 	C:\Program Files\Java\jdk1.8.0_101\jre\bin\server\jvm.dll
0x00007ff959390000 - 0x00007ff959398000 	C:\WINDOWS\system32\PSAPI.DLL
0x00007ff94b090000 - 0x00007ff94b099000 	C:\WINDOWS\SYSTEM32\WSOCK32.dll
0x00007ff959d20000 - 0x00007ff959d8b000 	C:\WINDOWS\system32\WS2_32.dll
0x00007ff956580000 - 0x00007ff9565a3000 	C:\WINDOWS\SYSTEM32\WINMM.dll
0x00007ff956550000 - 0x00007ff95657c000 	C:\WINDOWS\SYSTEM32\WINMMBASE.dll
0x00007ff959110000 - 0x00007ff959153000 	C:\WINDOWS\system32\cfgmgr32.dll
0x0000000073480000 - 0x000000007348f000 	C:\Program Files\Java\jdk1.8.0_101\jre\bin\verify.dll
0x0000000072a70000 - 0x0000000072a99000 	C:\Program Files\Java\jdk1.8.0_101\jre\bin\java.dll
0x0000000072a50000 - 0x0000000072a66000 	C:\Program Files\Java\jdk1.8.0_101\jre\bin\zip.dll
0x00007ff959d90000 - 0x00007ff95b2ec000 	C:\WINDOWS\system32\SHELL32.dll
0x00007ff958410000 - 0x00007ff958a55000 	C:\WINDOWS\system32\windows.storage.dll
0x00007ff95ba90000 - 0x00007ff95bae2000 	C:\WINDOWS\system32\shlwapi.dll
0x00007ff9583b0000 - 0x00007ff9583bf000 	C:\WINDOWS\system32\kernel.appcore.dll
0x00007ff958d70000 - 0x00007ff958e25000 	C:\WINDOWS\system32\shcore.dll
0x00007ff9583c0000 - 0x00007ff95840b000 	C:\WINDOWS\system32\powrprof.dll
0x00007ff958380000 - 0x00007ff958394000 	C:\WINDOWS\system32\profapi.dll

VM Arguments:
jvm_args: -Djava.awt.headless=true -Xmx1024M -Dfile.encoding=GBK -Duser.country=CN -Duser.language=zh -Duser.variant 
java_command: com.android.dx.command.Main --dex --num-threads=4 --output C:\Android\Android\Project\mobilesafe\app\build\intermediates\pre-dexed\debug\internal_impl-24.2.0_c80412e0a1d1aadd84319bea8df93ffdfb28c6e4.jar C:\Android\Android\Project\mobilesafe\app\build\intermediates\exploded-aar\com.android.support\support-core-utils\24.2.0\jars\libs\internal_impl-24.2.0.jar
java_class_path (initial): C:\Android\Android\sdk\build-tools\24.0.1\lib\dx.jar
Launcher Type: SUN_STANDARD

Environment Variables:
JAVA_HOME=C:\Program Files\Java\jdk1.8.0_101
CLASSPATH=.;C:\Program Files\Java\jdk1.8.0_101\lib\dt.jar;C:\Program Files\Java\jdk1.8.0_101\lib\tools.jar
PATH=C:\ProgramData\Oracle\Java\javapath;C:\Program Files (x86)\Intel\iCLS Client\;C:\Program Files\Intel\iCLS Client\;C:\windows\system32;C:\windows;C:\windows\System32\Wbem;C:\windows\System32\WindowsPowerShell\v1.0\;C:\Program Files\Intel\Intel(R) Management Engine Components\DAL;C:\Program Files\Intel\Intel(R) Management Engine Components\IPT;C:\Program Files (x86)\Intel\Intel(R) Management Engine Components\DAL;C:\Program Files (x86)\Intel\Intel(R) Management Engine Components\IPT;C:\Program Files (x86)\Lenovo\Lenovo Home\;C:\Program Files (x86)\NVIDIA Corporation\PhysX\Common;C:\WINDOWS\system32;C:\WINDOWS;C:\WINDOWS\System32\Wbem;C:\WINDOWS\System32\WindowsPowerShell\v1.0\;C:\Program Files\Java\jdk1.8.0_101\bin;C:\Program Files\Java\jdk1.8.0_101\jre\bin;C:\Android\MySQL Server 5.5\bin;C:\Android\Android\sdk\tools;C:\Android\Android\sdk\platform-tools
USERNAME=Abner
OS=Windows_NT
PROCESSOR_IDENTIFIER=Intel64 Family 6 Model 60 Stepping 3, GenuineIntel



---------------  S Y S T E M  ---------------

OS: Windows 10.0 , 64 bit Build 10586 (10.0.10586.0)

CPU:total 4 (2 cores per cpu, 2 threads per core) family 6 model 60 stepping 3, cmov, cx8, fxsr, mmx, sse, sse2, sse3, ssse3, sse4.1, sse4.2, popcnt, avx, avx2, aes, clmul, erms, lzcnt, ht, tsc, tscinvbit, bmi1, bmi2

Memory: 4k page, physical 8298776k(1502912k free), swap 9347352k(2288k free)

vm_info: Java HotSpot(TM) 64-Bit Server VM (25.101-b13) for windows-amd64 JRE (1.8.0_101-b13), built on Jun 22 2016 01:21:29 by "java_re" with MS VC++ 10.0 (VS2010)

time: Tue Aug 23 17:41:25 2016
elapsed time: 1 seconds (0d 0h 0m 1s)

