#
# There is insufficient memory for the Java Runtime Environment to continue.
# Native memory allocation (malloc) failed to allocate 680656 bytes for Chunk::new
# Possible reasons:
#   The system is out of physical RAM or swap space
#   In 32 bit mode, the process size limit was hit
# Possible solutions:
#   Reduce memory load on the system
#   Increase physical memory or swap space
#   Check if swap backing store is full
#   Use 64 bit Java on a 64 bit OS
#   Decrease Java heap size (-Xmx/-Xms)
#   Decrease number of Java threads
#   Decrease Java thread stack sizes (-Xss)
#   Set larger code cache with -XX:ReservedCodeCacheSize=
# This output file may be truncated or incomplete.
#
#  Out of Memory Error (allocation.cpp:390), pid=9492, tid=0x000000000000237c
#
# JRE version: Java(TM) SE Runtime Environment (8.0_101-b13) (build 1.8.0_101-b13)
# Java VM: Java HotSpot(TM) 64-Bit Server VM (25.101-b13 mixed mode windows-amd64 compressed oops)
# Failed to write core dump. Minidumps are not enabled by default on client versions of Windows
#

---------------  T H R E A D  ---------------

Current thread (0x00000000033fa000):  JavaThread "C2 CompilerThread0" daemon [_thread_in_native, id=9084, stack(0x0000000017430000,0x0000000017530000)]

Stack: [0x0000000017430000,0x0000000017530000]
[error occurred during error reporting (printing stack bounds), id 0xc0000005]

Native frames: (J=compiled Java code, j=interpreted, Vv=VM code, C=native code)


Current CompileTask:
C2:   5953 1641   !   4       com.android.dx.cf.cst.ConstantPoolParser::parse0 (731 bytes)


---------------  P R O C E S S  ---------------

Java Threads: ( => current thread )
  0x00000000170fd800 JavaThread "pool-1-thread-4" [_thread_in_vm, id=10976, stack(0x0000000017d30000,0x0000000017e30000)]
  0x00000000170fc800 JavaThread "pool-1-thread-3" [_thread_blocked, id=7752, stack(0x0000000017c30000,0x0000000017d30000)]
  0x00000000170fa000 JavaThread "pool-1-thread-2" [_thread_blocked, id=9920, stack(0x0000000017b30000,0x0000000017c30000)]
  0x00000000170f8800 JavaThread "pool-2-thread-1" [_thread_blocked, id=1888, stack(0x0000000017a30000,0x0000000017b30000)]
  0x00000000170f0800 JavaThread "pool-1-thread-1" [_thread_blocked, id=11076, stack(0x0000000017930000,0x0000000017a30000)]
  0x0000000016e92000 JavaThread "Service Thread" daemon [_thread_blocked, id=11088, stack(0x0000000017730000,0x0000000017830000)]
  0x0000000016e8c000 JavaThread "C1 CompilerThread2" daemon [_thread_blocked, id=8600, stack(0x0000000017630000,0x0000000017730000)]
  0x0000000015b2c000 JavaThread "C2 CompilerThread1" daemon [_thread_in_native, id=6648, stack(0x0000000017530000,0x0000000017630000)]
=>0x00000000033fa000 JavaThread "C2 CompilerThread0" daemon [_thread_in_native, id=9084, stack(0x0000000017430000,0x0000000017530000)]
  0x0000000015ae0800 JavaThread "Attach Listener" daemon [_thread_blocked, id=6248, stack(0x0000000017330000,0x0000000017430000)]
  0x0000000015aeb800 JavaThread "Signal Dispatcher" daemon [_thread_blocked, id=11240, stack(0x0000000017230000,0x0000000017330000)]
  0x0000000015aba800 JavaThread "Finalizer" daemon [_thread_blocked, id=2976, stack(0x0000000016d30000,0x0000000016e30000)]
  0x00000000033ef800 JavaThread "Reference Handler" daemon [_thread_blocked, id=3624, stack(0x0000000016c30000,0x0000000016d30000)]
  0x0000000003302800 JavaThread "main" [_thread_blocked, id=872, stack(0x0000000003200000,0x0000000003300000)]

Other Threads:
  0x0000000015a98800 VMThread [stack: 0x0000000016b30000,0x0000000016c30000] [id=5460]
  0x0000000016edf000 WatcherThread [stack: 0x0000000017830000,0x0000000017930000] [id=10912]

VM state:not at safepoint (normal execution)

VM Mutex/Monitor currently owned by a thread:  ([mutex/lock_event])
[0x0000000003301dd0] MethodCompileQueue_lock - owner thread: 0x00000000170fd800

Heap:
 PSYoungGen      total 71680K, used 27277K [0x00000000eab00000, 0x00000000ef600000, 0x0000000100000000)
  eden space 66560K, 33% used [0x00000000eab00000,0x00000000ec0a53f0,0x00000000eec00000)
  from space 5120K, 99% used [0x00000000ef100000,0x00000000ef5fe048,0x00000000ef600000)
  to   space 5120K, 0% used [0x00000000eec00000,0x00000000eec00000,0x00000000ef100000)
 ParOldGen       total 87552K, used 5688K [0x00000000c0000000, 0x00000000c5580000, 0x00000000eab00000)
  object space 87552K, 6% used [0x00000000c0000000,0x00000000c058e268,0x00000000c5580000)
 Metaspace       used 6274K, capacity 7094K, committed 7296K, reserved 1056768K
  class space    used 605K, capacity 622K, committed 640K, reserved 1048576K

Card table byte_map: [0x00000000127c0000,0x00000000129d0000] byte_map_base: 0x00000000121c0000

Marking Bits: (ParMarkBitMap*) 0x000000005567a6d0
 Begin Bits: [0x0000000012f30000, 0x0000000013f30000)
 End Bits:   [0x0000000013f30000, 0x0000000014f30000)

Polling page: 0x0000000001520000

CodeCache: size=245760Kb used=7121Kb max_used=7121Kb free=238638Kb
 bounds [0x0000000003400000, 0x0000000003b00000, 0x0000000012400000]
 total_blobs=1923 nmethods=1652 adapters=184
 compilation: enabled

Compilation events (10 events):
Event: 5.907 Thread 0x0000000016e8c000 1671       3       com.android.dx.ssa.back.SsaToRop$1::<init> (15 bytes)
Event: 5.907 Thread 0x0000000016e8c000 nmethod 1671 0x0000000003ae25d0 code [0x0000000003ae2720, 0x0000000003ae28f0]
Event: 5.907 Thread 0x0000000016e8c000 1674       2       java.util.RegularEnumSet::addAll (23 bytes)
Event: 5.907 Thread 0x0000000016e8c000 nmethod 1674 0x0000000003ae2250 code [0x0000000003ae23a0, 0x0000000003ae2510]
Event: 5.916 Thread 0x0000000016e8c000 1679       2       com.android.dx.cf.attrib.RawAttribute::<init> (17 bytes)
Event: 5.916 Thread 0x0000000016e8c000 nmethod 1679 0x0000000003ae1b10 code [0x0000000003ae1ca0, 0x0000000003ae2008]
Event: 5.916 Thread 0x0000000016e8c000 1680       2       com.android.dx.cf.attrib.RawAttribute::<init> (30 bytes)
Event: 5.917 Thread 0x0000000016e8c000 nmethod 1680 0x0000000003af8d90 code [0x0000000003af8f20, 0x0000000003af9238]
Event: 5.917 Thread 0x0000000016e8c000 1681       2       com.android.dx.rop.annotation.Annotations::addAll (59 bytes)
Event: 5.918 Thread 0x0000000016e8c000 nmethod 1681 0x0000000003af93d0 code [0x0000000003af95a0, 0x0000000003af9a58]

GC Heap History (4 events):
Event: 2.916 GC heap before
{Heap before GC invocations=1 (full 0):
 PSYoungGen      total 38400K, used 33280K [0x00000000eab00000, 0x00000000ed580000, 0x0000000100000000)
  eden space 33280K, 100% used [0x00000000eab00000,0x00000000ecb80000,0x00000000ecb80000)
  from space 5120K, 0% used [0x00000000ed080000,0x00000000ed080000,0x00000000ed580000)
  to   space 5120K, 0% used [0x00000000ecb80000,0x00000000ecb80000,0x00000000ed080000)
 ParOldGen       total 87552K, used 0K [0x00000000c0000000, 0x00000000c5580000, 0x00000000eab00000)
  object space 87552K, 0% used [0x00000000c0000000,0x00000000c0000000,0x00000000c5580000)
 Metaspace       used 6062K, capacity 6902K, committed 7040K, reserved 1056768K
  class space    used 602K, capacity 622K, committed 640K, reserved 1048576K
Event: 2.986 GC heap after
Heap after GC invocations=1 (full 0):
 PSYoungGen      total 38400K, used 5088K [0x00000000eab00000, 0x00000000ef600000, 0x0000000100000000)
  eden space 33280K, 0% used [0x00000000eab00000,0x00000000eab00000,0x00000000ecb80000)
  from space 5120K, 99% used [0x00000000ecb80000,0x00000000ed078038,0x00000000ed080000)
  to   space 5120K, 0% used [0x00000000ef100000,0x00000000ef100000,0x00000000ef600000)
 ParOldGen       total 87552K, used 1856K [0x00000000c0000000, 0x00000000c5580000, 0x00000000eab00000)
  object space 87552K, 2% used [0x00000000c0000000,0x00000000c01d0218,0x00000000c5580000)
 Metaspace       used 6062K, capacity 6902K, committed 7040K, reserved 1056768K
  class space    used 602K, capacity 622K, committed 640K, reserved 1048576K
}
Event: 4.513 GC heap before
{Heap before GC invocations=2 (full 0):
 PSYoungGen      total 38400K, used 38368K [0x00000000eab00000, 0x00000000ef600000, 0x0000000100000000)
  eden space 33280K, 100% used [0x00000000eab00000,0x00000000ecb80000,0x00000000ecb80000)
  from space 5120K, 99% used [0x00000000ecb80000,0x00000000ed078038,0x00000000ed080000)
  to   space 5120K, 0% used [0x00000000ef100000,0x00000000ef100000,0x00000000ef600000)
 ParOldGen       total 87552K, used 1856K [0x00000000c0000000, 0x00000000c5580000, 0x00000000eab00000)
  object space 87552K, 2% used [0x00000000c0000000,0x00000000c01d0218,0x00000000c5580000)
 Metaspace       used 6224K, capacity 7094K, committed 7296K, reserved 1056768K
  class space    used 605K, capacity 622K, committed 640K, reserved 1048576K
Event: 5.385 GC heap after
Heap after GC invocations=2 (full 0):
 PSYoungGen      total 71680K, used 5112K [0x00000000eab00000, 0x00000000ef600000, 0x0000000100000000)
  eden space 66560K, 0% used [0x00000000eab00000,0x00000000eab00000,0x00000000eec00000)
  from space 5120K, 99% used [0x00000000ef100000,0x00000000ef5fe048,0x00000000ef600000)
  to   space 5120K, 0% used [0x00000000eec00000,0x00000000eec00000,0x00000000ef100000)
 ParOldGen       total 87552K, used 5688K [0x00000000c0000000, 0x00000000c5580000, 0x00000000eab00000)
  object space 87552K, 6% used [0x00000000c0000000,0x00000000c058e268,0x00000000c5580000)
 Metaspace       used 6224K, capacity 7094K, committed 7296K, reserved 1056768K
  class space    used 605K, capacity 622K, committed 640K, reserved 1048576K
}

Deoptimization events (10 events):
Event: 3.862 Thread 0x00000000170fd800 Uncommon trap: reason=class_check action=maybe_recompile pc=0x00000000038a9c94 method=java.util.HashMap.putVal(ILjava/lang/Object;Ljava/lang/Object;ZZ)Ljava/lang/Object; @ 203
Event: 3.863 Thread 0x00000000170fd800 Uncommon trap: reason=class_check action=maybe_recompile pc=0x00000000038a9c94 method=java.util.HashMap.putVal(ILjava/lang/Object;Ljava/lang/Object;ZZ)Ljava/lang/Object; @ 203
Event: 4.005 Thread 0x00000000170f0800 Uncommon trap: reason=unstable_if action=reinterpret pc=0x0000000003a005d4 method=com.android.dx.ssa.SsaRenamer$BlockRenamer.visitMoveInsn(Lcom/android/dx/ssa/NormalSsaInsn;)V @ 104
Event: 5.586 Thread 0x00000000170fa000 Uncommon trap: reason=bimorphic action=maybe_recompile pc=0x00000000039dde3c method=com.android.dx.ssa.SCCP.setLatticeValueTo(IILcom/android/dx/rop/cst/Constant;)Z @ 43
Event: 5.586 Thread 0x00000000170fa000 Uncommon trap: reason=bimorphic action=maybe_recompile pc=0x00000000039dde3c method=com.android.dx.ssa.SCCP.setLatticeValueTo(IILcom/android/dx/rop/cst/Constant;)Z @ 43
Event: 5.586 Thread 0x00000000170fa000 Uncommon trap: reason=bimorphic action=maybe_recompile pc=0x00000000039dde3c method=com.android.dx.ssa.SCCP.setLatticeValueTo(IILcom/android/dx/rop/cst/Constant;)Z @ 43
Event: 5.586 Thread 0x00000000170fa000 Uncommon trap: reason=bimorphic action=maybe_recompile pc=0x00000000039dde3c method=com.android.dx.ssa.SCCP.setLatticeValueTo(IILcom/android/dx/rop/cst/Constant;)Z @ 43
Event: 5.586 Thread 0x00000000170fa000 Uncommon trap: reason=bimorphic action=maybe_recompile pc=0x00000000039e8938 method=com.android.dx.ssa.SCCP.setLatticeValueTo(IILcom/android/dx/rop/cst/Constant;)Z @ 43
Event: 5.887 Thread 0x00000000170f0800 Uncommon trap: reason=bimorphic action=maybe_recompile pc=0x0000000003a6cb8c method=com.android.dx.rop.code.RegisterSpec.withSimpleType()Lcom/android/dx/rop/code/RegisterSpec; @ 21
Event: 5.887 Thread 0x00000000170f0800 Uncommon trap: reason=unstable_if action=reinterpret pc=0x0000000003a6c778 method=com.android.dx.ssa.LocalVariableExtractor.processBlock(I)V @ 251

Internal exceptions (4 events):
Event: 0.087 Thread 0x0000000003302800 Exception <a 'java/lang/NoSuchMethodError': Method sun.misc.Unsafe.defineClass(Ljava/lang/String;[BII)Ljava/lang/Class; name or signature does not match> (0x00000000eab07cc0) thrown at [C:\re\workspace\8-2-build-windows-amd64-cygwin\jdk8u101\7261\hotspot\sO:m7d3¶?
Event: 0.087 Thread 0x0000000003302800 Exception <a 'java/lang/NoSuchMethodError': Method sun.misc.Unsafe.prefetchRead(Ljava/lang/Object;J)V name or signature does not match> (0x00000000eab07fa8) thrown at [C:\re\workspace\8-2-build-windows-amd64-cygwin\jdk8u101\7261\hotspot\src\share\vm\prims\‹ä>þ£@
Event: 2.890 Thread 0x00000000170fc800 Implicit null exception at 0x0000000003884584 to 0x00000000038854a9
Event: 3.106 Thread 0x00000000170fc800 Implicit null exception at 0x000000000373dd62 to 0x000000000373de5a

Events (10 events):
Event: 5.887 Thread 0x00000000170f0800 DEOPT PACKING pc=0x0000000003a6c778 sp=0x0000000017a2ec60
Event: 5.887 Thread 0x00000000170f0800 DEOPT UNPACKING pc=0x000000000344582a sp=0x0000000017a2ec50 mode 2
Event: 5.892 loading class com/android/dx/rop/code/RegisterSpec$1
Event: 5.892 loading class com/android/dx/rop/code/RegisterSpec$1 done
Event: 5.893 Thread 0x00000000170fd800 DEOPT PACKING pc=0x000000000371a32c sp=0x0000000017e2e8a0
Event: 5.893 Thread 0x00000000170fd800 DEOPT UNPACKING pc=0x000000000344787f sp=0x0000000017e2e630 mode 0
Event: 5.897 Thread 0x00000000170f0800 DEOPT PACKING pc=0x0000000003824a70 sp=0x0000000017a2ebf0
Event: 5.897 Thread 0x00000000170f0800 DEOPT UNPACKING pc=0x000000000344787f sp=0x0000000017a2ea20 mode 0
Event: 5.945 Thread 0x00000000170fa000 DEOPT PACKING pc=0x000000000371a32c sp=0x0000000017c2ec80
Event: 5.945 Thread 0x00000000170fa000 DEOPT UNPACKING pc=0x000000000344787f sp=0x0000000017c2ea00 mode 0


Dynamic libraries:
0x00007ff7fc560000 - 0x00007ff7fc597000 	C:\Program Files\Java\jdk1.8.0_101\bin\java.exe
0x00007ff994f70000 - 0x00007ff995131000 	C:\WINDOWS\SYSTEM32\ntdll.dll
0x00007ff992a20000 - 0x00007ff992acd000 	C:\WINDOWS\system32\KERNEL32.DLL
0x00007ff991880000 - 0x00007ff991a68000 	C:\WINDOWS\system32\KERNELBASE.dll
0x00007ff992970000 - 0x00007ff992a17000 	C:\WINDOWS\system32\ADVAPI32.dll
0x00007ff992770000 - 0x00007ff99280d000 	C:\WINDOWS\system32\msvcrt.dll
0x00007ff994ce0000 - 0x00007ff994d3b000 	C:\WINDOWS\system32\sechost.dll
0x00007ff992370000 - 0x00007ff99248c000 	C:\WINDOWS\system32\RPCRT4.dll
0x00007ff992810000 - 0x00007ff992966000 	C:\WINDOWS\system32\USER32.dll
0x00007ff994410000 - 0x00007ff994596000 	C:\WINDOWS\system32\GDI32.dll
0x00007ff989980000 - 0x00007ff989bf4000 	C:\WINDOWS\WinSxS\amd64_microsoft.windows.common-controls_6595b64144ccf1df_6.0.10586.494_none_a2d8b04ea53e3145\COMCTL32.dll
0x00007ff994610000 - 0x00007ff99488d000 	C:\WINDOWS\system32\combase.dll
0x00007ff9917f0000 - 0x00007ff99185a000 	C:\WINDOWS\system32\bcryptPrimitives.dll
0x00007ff992540000 - 0x00007ff99257b000 	C:\WINDOWS\system32\IMM32.DLL
0x00007ff991480000 - 0x00007ff9914b2000 	C:\windows\system32\nvinitx.dll
0x00007ff991470000 - 0x00007ff99147a000 	C:\WINDOWS\SYSTEM32\VERSION.dll
0x0000000054c90000 - 0x0000000054d62000 	C:\Program Files\Java\jdk1.8.0_101\jre\bin\msvcr100.dll
0x0000000054e60000 - 0x00000000556fa000 	C:\Program Files\Java\jdk1.8.0_101\jre\bin\server\jvm.dll
0x00007ff992580000 - 0x00007ff992588000 	C:\WINDOWS\system32\PSAPI.DLL
0x00007ff984000000 - 0x00007ff984009000 	C:\WINDOWS\SYSTEM32\WSOCK32.dll
0x00007ff994030000 - 0x00007ff99409b000 	C:\WINDOWS\system32\WS2_32.dll
0x00007ff98fcf0000 - 0x00007ff98fd13000 	C:\WINDOWS\SYSTEM32\WINMM.dll
0x00007ff98fc90000 - 0x00007ff98fcbc000 	C:\WINDOWS\SYSTEM32\WINMMBASE.dll
0x00007ff992120000 - 0x00007ff992163000 	C:\WINDOWS\system32\cfgmgr32.dll
0x0000000056470000 - 0x000000005647f000 	C:\Program Files\Java\jdk1.8.0_101\jre\bin\verify.dll
0x0000000056440000 - 0x0000000056469000 	C:\Program Files\Java\jdk1.8.0_101\jre\bin\java.dll
0x0000000056420000 - 0x0000000056436000 	C:\Program Files\Java\jdk1.8.0_101\jre\bin\zip.dll
0x00007ff992ad0000 - 0x00007ff99402c000 	C:\WINDOWS\system32\SHELL32.dll
0x00007ff991ad0000 - 0x00007ff992115000 	C:\WINDOWS\system32\windows.storage.dll
0x00007ff9940a0000 - 0x00007ff9940f2000 	C:\WINDOWS\system32\shlwapi.dll
0x00007ff991610000 - 0x00007ff99161f000 	C:\WINDOWS\system32\kernel.appcore.dll
0x00007ff9922b0000 - 0x00007ff992365000 	C:\WINDOWS\system32\shcore.dll
0x00007ff9915c0000 - 0x00007ff99160b000 	C:\WINDOWS\system32\powrprof.dll
0x00007ff9915a0000 - 0x00007ff9915b4000 	C:\WINDOWS\system32\profapi.dll

VM Arguments:
jvm_args: -Djava.awt.headless=true -Xmx1024M -Dfile.encoding=GBK -Duser.country=CN -Duser.language=zh -Duser.variant 
java_command: com.android.dx.command.Main --dex --force-jumbo --num-threads=4 --output C:\Android\Android\Project\mobilesafe\app\build\intermediates\pre-dexed\debug\xUtils-2.6.14_d046bea16aed518d2ab0c5e439a4b47d0db6e0b7.jar C:\Android\Android\Project\mobilesafe\app\libs\xUtils-2.6.14.jar
java_class_path (initial): C:\Android\Android\androidSDK\sdk\build-tools\24.0.1\lib\dx.jar
Launcher Type: SUN_STANDARD

Environment Variables:
JAVA_HOME=C:\Program Files\Java\jdk1.8.0_101
CLASSPATH=.;C:\Program Files\Java\jdk1.8.0_101\lib\dt.jar;C:\Program Files\Java\jdk1.8.0_101\lib\tools.jar
PATH=C:\ProgramData\Oracle\Java\javapath;C:\Program Files (x86)\Intel\iCLS Client\;C:\Program Files\Intel\iCLS Client\;C:\windows\system32;C:\windows;C:\windows\System32\Wbem;C:\windows\System32\WindowsPowerShell\v1.0\;C:\Program Files\Intel\Intel(R) Management Engine Components\DAL;C:\Program Files\Intel\Intel(R) Management Engine Components\IPT;C:\Program Files (x86)\Intel\Intel(R) Management Engine Components\DAL;C:\Program Files (x86)\Intel\Intel(R) Management Engine Components\IPT;C:\Program Files (x86)\Lenovo\Lenovo Home\;C:\Program Files (x86)\NVIDIA Corporation\PhysX\Common;C:\WINDOWS\system32;C:\WINDOWS;C:\WINDOWS\System32\Wbem;C:\WINDOWS\System32\WindowsPowerShell\v1.0\;C:\Program Files\Java\jdk1.8.0_101\bin;C:\Program Files\Java\jdk1.8.0_101\jre\bin;C:\Android\MySQL Server 5.5\bin;C:\Android\Android\sdk\tools;C:\Android\Android\sdk\platform-tools;C:\Android\TortoiseSVN\bin
USERNAME=Abner
OS=Windows_NT
PROCESSOR_IDENTIFIER=Intel64 Family 6 Model 60 Stepping 3, GenuineIntel



---------------  S Y S T E M  ---------------

OS: Windows 10.0 , 64 bit Build 10586 (10.0.10586.0)

CPU:total 4 (2 cores per cpu, 2 threads per core) family 6 model 60 stepping 3, cmov, cx8, fxsr, mmx, sse, sse2, sse3, ssse3, sse4.1, sse4.2, popcnt, avx, avx2, aes, clmul, erms, lzcnt, ht, tsc, tscinvbit, bmi1, bmi2

Memory: 4k page, physical 8298776k(1935832k free), swap 9347352k(5172k free)

vm_info: Java HotSpot(TM) 64-Bit Server VM (25.101-b13) for windows-amd64 JRE (1.8.0_101-b13), built on Jun 22 2016 01:21:29 by "java_re" with MS VC++ 10.0 (VS2010)

time: Thu Aug 25 19:57:08 2016
elapsed time: 5 seconds (0d 0h 0m 5s)

