#
# There is insufficient memory for the Java Runtime Environment to continue.
# Native memory allocation (malloc) failed to allocate 381936 bytes for Chunk::new
# Possible reasons:
#   The system is out of physical RAM or swap space
#   In 32 bit mode, the process size limit was hit
# Possible solutions:
#   Reduce memory load on the system
#   Increase physical memory or swap space
#   Check if swap backing store is full
#   Use 64 bit Java on a 64 bit OS
#   Decrease Java heap size (-Xmx/-Xms)
#   Decrease number of Java threads
#   Decrease Java thread stack sizes (-Xss)
#   Set larger code cache with -XX:ReservedCodeCacheSize=
# This output file may be truncated or incomplete.
#
#  Out of Memory Error (allocation.cpp:390), pid=7164, tid=0x0000000000002bcc
#
# JRE version: Java(TM) SE Runtime Environment (8.0_101-b13) (build 1.8.0_101-b13)
# Java VM: Java HotSpot(TM) 64-Bit Server VM (25.101-b13 mixed mode windows-amd64 compressed oops)
# Failed to write core dump. Minidumps are not enabled by default on client versions of Windows
#

---------------  T H R E A D  ---------------

Current thread (0x000000000241a000):  JavaThread "C2 CompilerThread0" daemon [_thread_in_native, id=11212, stack(0x0000000016a60000,0x0000000016b60000)]

Stack: [0x0000000016a60000,0x0000000016b60000]
[error occurred during error reporting (printing stack bounds), id 0xc0000005]

Native frames: (J=compiled Java code, j=interpreted, Vv=VM code, C=native code)


Current CompileTask:
C2:   3320 1781       4       com.android.dx.dex.code.OutputFinisher::addConstants (68 bytes)


---------------  P R O C E S S  ---------------

Java Threads: ( => current thread )
  0x000000001669b000 JavaThread "pool-1-thread-1" [_thread_in_Java, id=8856, stack(0x0000000019c00000,0x0000000019d00000)]
  0x00000000164c3000 JavaThread "Service Thread" daemon [_thread_blocked, id=6132, stack(0x0000000016d60000,0x0000000016e60000)]
  0x00000000164bd000 JavaThread "C1 CompilerThread2" daemon [_thread_blocked, id=6032, stack(0x0000000016c60000,0x0000000016d60000)]
  0x000000000241d000 JavaThread "C2 CompilerThread1" daemon [_thread_in_native, id=6368, stack(0x0000000016b60000,0x0000000016c60000)]
=>0x000000000241a000 JavaThread "C2 CompilerThread0" daemon [_thread_in_native, id=11212, stack(0x0000000016a60000,0x0000000016b60000)]
  0x00000000164a2800 JavaThread "Attach Listener" daemon [_thread_blocked, id=10620, stack(0x0000000016960000,0x0000000016a60000)]
  0x0000000015122800 JavaThread "Signal Dispatcher" daemon [_thread_blocked, id=7244, stack(0x0000000016860000,0x0000000016960000)]
  0x0000000002414800 JavaThread "Finalizer" daemon [_thread_blocked, id=10800, stack(0x0000000016360000,0x0000000016460000)]
  0x000000000240f800 JavaThread "Reference Handler" daemon [_thread_blocked, id=6048, stack(0x0000000016260000,0x0000000016360000)]
  0x0000000002323000 JavaThread "main" [_thread_blocked, id=10432, stack(0x0000000002530000,0x0000000002630000)]

Other Threads:
  0x00000000150d8800 VMThread [stack: 0x0000000016160000,0x0000000016260000] [id=9068]
  0x000000001653e800 WatcherThread [stack: 0x0000000016e60000,0x0000000016f60000] [id=7004]

VM state:not at safepoint (normal execution)

VM Mutex/Monitor currently owned by a thread: None

Heap:
 PSYoungGen      total 38400K, used 27647K [0x00000000eab00000, 0x00000000ed580000, 0x0000000100000000)
  eden space 33280K, 67% used [0x00000000eab00000,0x00000000ec1034d8,0x00000000ecb80000)
  from space 5120K, 99% used [0x00000000ed080000,0x00000000ed57cad8,0x00000000ed580000)
  to   space 5120K, 0% used [0x00000000ecb80000,0x00000000ecb80000,0x00000000ed080000)
 ParOldGen       total 87552K, used 5669K [0x00000000c0000000, 0x00000000c5580000, 0x00000000eab00000)
  object space 87552K, 6% used [0x00000000c0000000,0x00000000c0589628,0x00000000c5580000)
 Metaspace       used 6407K, capacity 7192K, committed 7424K, reserved 1056768K
  class space    used 613K, capacity 656K, committed 768K, reserved 1048576K

Card table byte_map: [0x0000000011e00000,0x0000000012010000] byte_map_base: 0x0000000011800000

Marking Bits: (ParMarkBitMap*) 0x00000000732ba6d0
 Begin Bits: [0x0000000012570000, 0x0000000013570000)
 End Bits:   [0x0000000013570000, 0x0000000014570000)

Polling page: 0x0000000000900000

CodeCache: size=245760Kb used=7375Kb max_used=7388Kb free=238384Kb
 bounds [0x0000000002a40000, 0x0000000003180000, 0x0000000011a40000]
 total_blobs=2038 nmethods=1766 adapters=184
 compilation: enabled

Compilation events (10 events):
Event: 3.261 Thread 0x00000000164bd000 1788       3       com.android.dx.dex.file.CodeItem::addContents (174 bytes)
Event: 3.262 Thread 0x00000000164bd000 nmethod 1788 0x0000000003178a90 code [0x0000000003178da0, 0x000000000317a748]
Event: 3.265 Thread 0x00000000164bd000 1790       3       java.util.HashMap::keySet (25 bytes)
Event: 3.266 Thread 0x000000000241a000 nmethod 1782 0x0000000003177550 code [0x0000000003177700, 0x0000000003177ef8]
Event: 3.266 Thread 0x000000000241a000 1789       4       java.util.HashMap::put (13 bytes)
Event: 3.266 Thread 0x00000000164bd000 nmethod 1790 0x0000000003176ed0 code [0x0000000003177040, 0x00000000031773d0]
Event: 3.266 Thread 0x00000000164bd000 1791       3       java.util.HashMap$KeySet::iterator (12 bytes)
Event: 3.266 Thread 0x00000000164bd000 nmethod 1791 0x0000000003171f90 code [0x0000000003172100, 0x0000000003172368]
Event: 3.276 Thread 0x000000000241a000 nmethod 1789 0x000000000317d150 code [0x000000000317d300, 0x000000000317db18]
Event: 3.276 Thread 0x000000000241a000 1781       4       com.android.dx.dex.code.OutputFinisher::addConstants (68 bytes)

GC Heap History (4 events):
Event: 1.177 GC heap before
{Heap before GC invocations=1 (full 0):
 PSYoungGen      total 38400K, used 33280K [0x00000000eab00000, 0x00000000ed580000, 0x0000000100000000)
  eden space 33280K, 100% used [0x00000000eab00000,0x00000000ecb80000,0x00000000ecb80000)
  from space 5120K, 0% used [0x00000000ed080000,0x00000000ed080000,0x00000000ed580000)
  to   space 5120K, 0% used [0x00000000ecb80000,0x00000000ecb80000,0x00000000ed080000)
 ParOldGen       total 87552K, used 0K [0x00000000c0000000, 0x00000000c5580000, 0x00000000eab00000)
  object space 87552K, 0% used [0x00000000c0000000,0x00000000c0000000,0x00000000c5580000)
 Metaspace       used 6026K, capacity 6902K, committed 7040K, reserved 1056768K
  class space    used 605K, capacity 622K, committed 640K, reserved 1048576K
Event: 1.187 GC heap after
Heap after GC invocations=1 (full 0):
 PSYoungGen      total 38400K, used 5106K [0x00000000eab00000, 0x00000000ed580000, 0x0000000100000000)
  eden space 33280K, 0% used [0x00000000eab00000,0x00000000eab00000,0x00000000ecb80000)
  from space 5120K, 99% used [0x00000000ecb80000,0x00000000ed07cad8,0x00000000ed080000)
  to   space 5120K, 0% used [0x00000000ed080000,0x00000000ed080000,0x00000000ed580000)
 ParOldGen       total 87552K, used 1696K [0x00000000c0000000, 0x00000000c5580000, 0x00000000eab00000)
  object space 87552K, 1% used [0x00000000c0000000,0x00000000c01a80d8,0x00000000c5580000)
 Metaspace       used 6026K, capacity 6902K, committed 7040K, reserved 1056768K
  class space    used 605K, capacity 622K, committed 640K, reserved 1048576K
}
Event: 2.289 GC heap before
{Heap before GC invocations=2 (full 0):
 PSYoungGen      total 38400K, used 38386K [0x00000000eab00000, 0x00000000ed580000, 0x0000000100000000)
  eden space 33280K, 100% used [0x00000000eab00000,0x00000000ecb80000,0x00000000ecb80000)
  from space 5120K, 99% used [0x00000000ecb80000,0x00000000ed07cad8,0x00000000ed080000)
  to   space 5120K, 0% used [0x00000000ed080000,0x00000000ed080000,0x00000000ed580000)
 ParOldGen       total 87552K, used 1696K [0x00000000c0000000, 0x00000000c5580000, 0x00000000eab00000)
  object space 87552K, 1% used [0x00000000c0000000,0x00000000c01a80d8,0x00000000c5580000)
 Metaspace       used 6304K, capacity 7094K, committed 7296K, reserved 1056768K
  class space    used 607K, capacity 622K, committed 640K, reserved 1048576K
Event: 2.340 GC heap after
Heap after GC invocations=2 (full 0):
 PSYoungGen      total 38400K, used 5106K [0x00000000eab00000, 0x00000000ed580000, 0x0000000100000000)
  eden space 33280K, 0% used [0x00000000eab00000,0x00000000eab00000,0x00000000ecb80000)
  from space 5120K, 99% used [0x00000000ed080000,0x00000000ed57cad8,0x00000000ed580000)
  to   space 5120K, 0% used [0x00000000ecb80000,0x00000000ecb80000,0x00000000ed080000)
 ParOldGen       total 87552K, used 5669K [0x00000000c0000000, 0x00000000c5580000, 0x00000000eab00000)
  object space 87552K, 6% used [0x00000000c0000000,0x00000000c0589628,0x00000000c5580000)
 Metaspace       used 6304K, capacity 7094K, committed 7296K, reserved 1056768K
  class space    used 607K, capacity 622K, committed 640K, reserved 1048576K
}

Deoptimization events (10 events):
Event: 3.233 Thread 0x000000001669b000 Uncommon trap: reason=class_check action=maybe_recompile pc=0x0000000002e87704 method=java.util.HashMap.putVal(ILjava/lang/Object;Ljava/lang/Object;ZZ)Ljava/lang/Object; @ 203
Event: 3.234 Thread 0x000000001669b000 Uncommon trap: reason=class_check action=maybe_recompile pc=0x0000000002e87704 method=java.util.HashMap.putVal(ILjava/lang/Object;Ljava/lang/Object;ZZ)Ljava/lang/Object; @ 203
Event: 3.234 Thread 0x000000001669b000 Uncommon trap: reason=class_check action=maybe_recompile pc=0x0000000002e87704 method=java.util.HashMap.putVal(ILjava/lang/Object;Ljava/lang/Object;ZZ)Ljava/lang/Object; @ 203
Event: 3.234 Thread 0x000000001669b000 Uncommon trap: reason=class_check action=maybe_recompile pc=0x0000000002e87704 method=java.util.HashMap.putVal(ILjava/lang/Object;Ljava/lang/Object;ZZ)Ljava/lang/Object; @ 203
Event: 3.234 Thread 0x000000001669b000 Uncommon trap: reason=class_check action=maybe_recompile pc=0x0000000002e701c4 method=java.util.HashMap.putVal(ILjava/lang/Object;Ljava/lang/Object;ZZ)Ljava/lang/Object; @ 203
Event: 3.248 Thread 0x000000001669b000 Uncommon trap: reason=bimorphic action=maybe_recompile pc=0x000000000316da7c method=java.util.HashMap.putVal(ILjava/lang/Object;Ljava/lang/Object;ZZ)Ljava/lang/Object; @ 203
Event: 3.248 Thread 0x000000001669b000 Uncommon trap: reason=bimorphic action=maybe_recompile pc=0x000000000316da7c method=java.util.HashMap.putVal(ILjava/lang/Object;Ljava/lang/Object;ZZ)Ljava/lang/Object; @ 203
Event: 3.248 Thread 0x000000001669b000 Uncommon trap: reason=bimorphic action=maybe_recompile pc=0x000000000316da7c method=java.util.HashMap.putVal(ILjava/lang/Object;Ljava/lang/Object;ZZ)Ljava/lang/Object; @ 203
Event: 3.248 Thread 0x000000001669b000 Uncommon trap: reason=bimorphic action=maybe_recompile pc=0x000000000316da7c method=java.util.HashMap.putVal(ILjava/lang/Object;Ljava/lang/Object;ZZ)Ljava/lang/Object; @ 203
Event: 3.257 Thread 0x000000001669b000 Uncommon trap: reason=bimorphic action=maybe_recompile pc=0x0000000003175e98 method=java.util.HashMap.putVal(ILjava/lang/Object;Ljava/lang/Object;ZZ)Ljava/lang/Object; @ 203

Internal exceptions (5 events):
Event: 0.065 Thread 0x0000000002323000 Exception <a 'java/lang/NoSuchMethodError': Method sun.misc.Unsafe.defineClass(Ljava/lang/String;[BII)Ljava/lang/Class; name or signature does not match> (0x00000000eab07cc0) thrown at [C:\re\workspace\8-2-build-windows-amd64-cygwin\jdk8u101\7261\hotspot\s˛zÊÅ
Event: 0.065 Thread 0x0000000002323000 Exception <a 'java/lang/NoSuchMethodError': Method sun.misc.Unsafe.prefetchRead(Ljava/lang/Object;J)V name or signature does not match> (0x00000000eab07fa8) thrown at [C:\re\workspace\8-2-build-windows-amd64-cygwin\jdk8u101\7261\hotspot\src\share\vm\prims\Àà3∞´Ú?
Event: 1.167 Thread 0x0000000016735000 Implicit null exception at 0x0000000002e5c7a0 to 0x0000000002e5d90d
Event: 1.167 Thread 0x0000000016735000 Implicit null exception at 0x0000000002e4d684 to 0x0000000002e4e5cd
Event: 1.550 Thread 0x0000000016717800 Implicit null exception at 0x0000000002d91762 to 0x0000000002d9185a

Events (10 events):
Event: 3.248 Thread 0x000000001669b000 DEOPT UNPACKING pc=0x0000000002a8582a sp=0x0000000019cfea98 mode 2
Event: 3.248 Thread 0x000000001669b000 Uncommon trap: trap_request=0xffffffc6 fr.pc=0x000000000316da7c
Event: 3.248 Thread 0x000000001669b000 DEOPT PACKING pc=0x000000000316da7c sp=0x0000000019cfeae0
Event: 3.248 Thread 0x000000001669b000 DEOPT UNPACKING pc=0x0000000002a8582a sp=0x0000000019cfea98 mode 2
Event: 3.248 Thread 0x000000001669b000 Uncommon trap: trap_request=0xffffffc6 fr.pc=0x000000000316da7c
Event: 3.248 Thread 0x000000001669b000 DEOPT PACKING pc=0x000000000316da7c sp=0x0000000019cfeae0
Event: 3.248 Thread 0x000000001669b000 DEOPT UNPACKING pc=0x0000000002a8582a sp=0x0000000019cfea98 mode 2
Event: 3.257 Thread 0x000000001669b000 Uncommon trap: trap_request=0xffffffc6 fr.pc=0x0000000003175e98
Event: 3.257 Thread 0x000000001669b000 DEOPT PACKING pc=0x0000000003175e98 sp=0x0000000019cfeb80
Event: 3.257 Thread 0x000000001669b000 DEOPT UNPACKING pc=0x0000000002a8582a sp=0x0000000019cfeaa0 mode 2


Dynamic libraries:
0x00007ff675020000 - 0x00007ff675057000 	C:\Program Files\Java\jdk1.8.0_101\bin\java.exe
0x00007ff95bd60000 - 0x00007ff95bf21000 	C:\WINDOWS\SYSTEM32\ntdll.dll
0x00007ff95b720000 - 0x00007ff95b7cd000 	C:\WINDOWS\system32\KERNEL32.DLL
0x00007ff958e30000 - 0x00007ff959018000 	C:\WINDOWS\system32\KERNELBASE.dll
0x00007ff959c70000 - 0x00007ff959d17000 	C:\WINDOWS\system32\ADVAPI32.dll
0x00007ff95bca0000 - 0x00007ff95bd3d000 	C:\WINDOWS\system32\msvcrt.dll
0x00007ff9592c0000 - 0x00007ff95931b000 	C:\WINDOWS\system32\sechost.dll
0x00007ff959990000 - 0x00007ff959aac000 	C:\WINDOWS\system32\RPCRT4.dll
0x00007ff959160000 - 0x00007ff9592b6000 	C:\WINDOWS\system32\USER32.dll
0x00007ff95b590000 - 0x00007ff95b716000 	C:\WINDOWS\system32\GDI32.dll
0x00007ff950530000 - 0x00007ff9507a4000 	C:\WINDOWS\WinSxS\amd64_microsoft.windows.common-controls_6595b64144ccf1df_6.0.10586.494_none_a2d8b04ea53e3145\COMCTL32.dll
0x00007ff95b810000 - 0x00007ff95ba8d000 	C:\WINDOWS\system32\combase.dll
0x00007ff959020000 - 0x00007ff95908a000 	C:\WINDOWS\system32\bcryptPrimitives.dll
0x00007ff95b7d0000 - 0x00007ff95b80b000 	C:\WINDOWS\system32\IMM32.DLL
0x00007ff958270000 - 0x00007ff9582a2000 	C:\windows\system32\nvinitx.dll
0x00007ff958260000 - 0x00007ff95826a000 	C:\WINDOWS\SYSTEM32\VERSION.dll
0x00000000725e0000 - 0x00000000726b2000 	C:\Program Files\Java\jdk1.8.0_101\jre\bin\msvcr100.dll
0x0000000072aa0000 - 0x000000007333a000 	C:\Program Files\Java\jdk1.8.0_101\jre\bin\server\jvm.dll
0x00007ff959390000 - 0x00007ff959398000 	C:\WINDOWS\system32\PSAPI.DLL
0x00007ff94b090000 - 0x00007ff94b099000 	C:\WINDOWS\SYSTEM32\WSOCK32.dll
0x00007ff959d20000 - 0x00007ff959d8b000 	C:\WINDOWS\system32\WS2_32.dll
0x00007ff956580000 - 0x00007ff9565a3000 	C:\WINDOWS\SYSTEM32\WINMM.dll
0x00007ff956550000 - 0x00007ff95657c000 	C:\WINDOWS\SYSTEM32\WINMMBASE.dll
0x00007ff959110000 - 0x00007ff959153000 	C:\WINDOWS\system32\cfgmgr32.dll
0x0000000073480000 - 0x000000007348f000 	C:\Program Files\Java\jdk1.8.0_101\jre\bin\verify.dll
0x0000000072a70000 - 0x0000000072a99000 	C:\Program Files\Java\jdk1.8.0_101\jre\bin\java.dll
0x0000000072a50000 - 0x0000000072a66000 	C:\Program Files\Java\jdk1.8.0_101\jre\bin\zip.dll
0x00007ff959d90000 - 0x00007ff95b2ec000 	C:\WINDOWS\system32\SHELL32.dll
0x00007ff958410000 - 0x00007ff958a55000 	C:\WINDOWS\system32\windows.storage.dll
0x00007ff95ba90000 - 0x00007ff95bae2000 	C:\WINDOWS\system32\shlwapi.dll
0x00007ff9583b0000 - 0x00007ff9583bf000 	C:\WINDOWS\system32\kernel.appcore.dll
0x00007ff958d70000 - 0x00007ff958e25000 	C:\WINDOWS\system32\shcore.dll
0x00007ff9583c0000 - 0x00007ff95840b000 	C:\WINDOWS\system32\powrprof.dll
0x00007ff958380000 - 0x00007ff958394000 	C:\WINDOWS\system32\profapi.dll

VM Arguments:
jvm_args: -Djava.awt.headless=true -Xmx1024M -Dfile.encoding=GBK -Duser.country=CN -Duser.language=zh -Duser.variant 
java_command: com.android.dx.command.Main --dex --force-jumbo --num-threads=4 --multi-dex --output C:\Android\Android\Project\mobilesafe\app\build\intermediates\transforms\dex\debug\folders\1000\10\internal_impl-24.2.0_9686f791985c3385a2d63a8f6c2004be7213113d C:\Android\Android\Project\mobilesafe\app\build\intermediates\exploded-aar\com.android.support\support-compat\24.2.0\jars\libs\internal_impl-24.2.0.jar
java_class_path (initial): C:\Android\Android\sdk\build-tools\24.0.1\lib\dx.jar
Launcher Type: SUN_STANDARD

Environment Variables:
JAVA_HOME=C:\Program Files\Java\jdk1.8.0_101
CLASSPATH=.;C:\Program Files\Java\jdk1.8.0_101\lib\dt.jar;C:\Program Files\Java\jdk1.8.0_101\lib\tools.jar
PATH=C:\ProgramData\Oracle\Java\javapath;C:\Program Files (x86)\Intel\iCLS Client\;C:\Program Files\Intel\iCLS Client\;C:\windows\system32;C:\windows;C:\windows\System32\Wbem;C:\windows\System32\WindowsPowerShell\v1.0\;C:\Program Files\Intel\Intel(R) Management Engine Components\DAL;C:\Program Files\Intel\Intel(R) Management Engine Components\IPT;C:\Program Files (x86)\Intel\Intel(R) Management Engine Components\DAL;C:\Program Files (x86)\Intel\Intel(R) Management Engine Components\IPT;C:\Program Files (x86)\Lenovo\Lenovo Home\;C:\Program Files (x86)\NVIDIA Corporation\PhysX\Common;C:\WINDOWS\system32;C:\WINDOWS;C:\WINDOWS\System32\Wbem;C:\WINDOWS\System32\WindowsPowerShell\v1.0\;C:\Program Files\Java\jdk1.8.0_101\bin;C:\Program Files\Java\jdk1.8.0_101\jre\bin;C:\Android\MySQL Server 5.5\bin;C:\Android\Android\sdk\tools;C:\Android\Android\sdk\platform-tools
USERNAME=Abner
OS=Windows_NT
PROCESSOR_IDENTIFIER=Intel64 Family 6 Model 60 Stepping 3, GenuineIntel



---------------  S Y S T E M  ---------------

OS: Windows 10.0 , 64 bit Build 10586 (10.0.10586.0)

CPU:total 4 (2 cores per cpu, 2 threads per core) family 6 model 60 stepping 3, cmov, cx8, fxsr, mmx, sse, sse2, sse3, ssse3, sse4.1, sse4.2, popcnt, avx, avx2, aes, clmul, erms, lzcnt, ht, tsc, tscinvbit, bmi1, bmi2

Memory: 4k page, physical 8298776k(1497276k free), swap 9347352k(5252k free)

vm_info: Java HotSpot(TM) 64-Bit Server VM (25.101-b13) for windows-amd64 JRE (1.8.0_101-b13), built on Jun 22 2016 01:21:29 by "java_re" with MS VC++ 10.0 (VS2010)

time: Tue Aug 23 17:39:15 2016
elapsed time: 3 seconds (0d 0h 0m 3s)

