#
# There is insufficient memory for the Java Runtime Environment to continue.
# Native memory allocation (malloc) failed to allocate 757136 bytes for Chunk::new
# Possible reasons:
#   The system is out of physical RAM or swap space
#   In 32 bit mode, the process size limit was hit
# Possible solutions:
#   Reduce memory load on the system
#   Increase physical memory or swap space
#   Check if swap backing store is full
#   Use 64 bit Java on a 64 bit OS
#   Decrease Java heap size (-Xmx/-Xms)
#   Decrease number of Java threads
#   Decrease Java thread stack sizes (-Xss)
#   Set larger code cache with -XX:ReservedCodeCacheSize=
# This output file may be truncated or incomplete.
#
#  Out of Memory Error (allocation.cpp:390), pid=5440, tid=0x000000000000061c
#
# JRE version: Java(TM) SE Runtime Environment (8.0_101-b13) (build 1.8.0_101-b13)
# Java VM: Java HotSpot(TM) 64-Bit Server VM (25.101-b13 mixed mode windows-amd64 compressed oops)
# Failed to write core dump. Minidumps are not enabled by default on client versions of Windows
#

---------------  T H R E A D  ---------------

Current thread (0x00000000026fd000):  JavaThread "C2 CompilerThread1" daemon [_thread_in_native, id=1564, stack(0x0000000016820000,0x0000000016920000)]

Stack: [0x0000000016820000,0x0000000016920000]
[error occurred during error reporting (printing stack bounds), id 0xc0000005]

Native frames: (J=compiled Java code, j=interpreted, Vv=VM code, C=native code)


Current CompileTask:
C2:   2226 1188       4       com.android.dx.dex.code.OutputFinisher::addConstants (93 bytes)


---------------  P R O C E S S  ---------------

Java Threads: ( => current thread )
  0x000000001618b000 JavaThread "Service Thread" daemon [_thread_blocked, id=3792, stack(0x0000000016a20000,0x0000000016b20000)]
  0x00000000026fe000 JavaThread "C1 CompilerThread2" daemon [_thread_blocked, id=2248, stack(0x0000000016920000,0x0000000016a20000)]
=>0x00000000026fd000 JavaThread "C2 CompilerThread1" daemon [_thread_in_native, id=1564, stack(0x0000000016820000,0x0000000016920000)]
  0x00000000026fa000 JavaThread "C2 CompilerThread0" daemon [_thread_blocked, id=8928, stack(0x0000000016720000,0x0000000016820000)]
  0x0000000014de0800 JavaThread "Attach Listener" daemon [_thread_blocked, id=5072, stack(0x0000000016620000,0x0000000016720000)]
  0x0000000014deb800 JavaThread "Signal Dispatcher" daemon [_thread_blocked, id=3680, stack(0x0000000016520000,0x0000000016620000)]
  0x0000000014dba000 JavaThread "Finalizer" daemon [_thread_blocked, id=5368, stack(0x0000000016020000,0x0000000016120000)]
  0x0000000014d99000 JavaThread "Reference Handler" daemon [_thread_blocked, id=180, stack(0x0000000015f20000,0x0000000016020000)]
  0x0000000002602800 JavaThread "main" [_thread_in_native, id=4292, stack(0x0000000002500000,0x0000000002600000)]

Other Threads:
  0x0000000014d97800 VMThread [stack: 0x0000000015e20000,0x0000000015f20000] [id=2576]
  0x0000000016186800 WatcherThread [stack: 0x0000000016b20000,0x0000000016c20000] [id=1064]

VM state:not at safepoint (normal execution)

VM Mutex/Monitor currently owned by a thread: None

Heap:
 PSYoungGen      total 38400K, used 30938K [0x00000000eab00000, 0x00000000ed580000, 0x0000000100000000)
  eden space 33280K, 92% used [0x00000000eab00000,0x00000000ec9368a0,0x00000000ecb80000)
  from space 5120K, 0% used [0x00000000ed080000,0x00000000ed080000,0x00000000ed580000)
  to   space 5120K, 0% used [0x00000000ecb80000,0x00000000ecb80000,0x00000000ed080000)
 ParOldGen       total 87552K, used 0K [0x00000000c0000000, 0x00000000c5580000, 0x00000000eab00000)
  object space 87552K, 0% used [0x00000000c0000000,0x00000000c0000000,0x00000000c5580000)
 Metaspace       used 6150K, capacity 7000K, committed 7168K, reserved 1056768K
  class space    used 616K, capacity 656K, committed 768K, reserved 1048576K

Card table byte_map: [0x0000000011ac0000,0x0000000011cd0000] byte_map_base: 0x00000000114c0000

Marking Bits: (ParMarkBitMap*) 0x000000005567a6d0
 Begin Bits: [0x0000000012230000, 0x0000000013230000)
 End Bits:   [0x0000000013230000, 0x0000000014230000)

Polling page: 0x0000000000510000

CodeCache: size=245760Kb used=4602Kb max_used=4613Kb free=241157Kb
 bounds [0x0000000002700000, 0x0000000002b90000, 0x0000000011700000]
 total_blobs=1502 nmethods=1231 adapters=184
 compilation: enabled

Compilation events (10 events):
Event: 1.891 Thread 0x00000000026fe000 nmethod 1230 0x0000000002b7ec90 code [0x0000000002b7ee40, 0x0000000002b7f488]
Event: 1.891 Thread 0x00000000026fe000 1231       3       com.android.dx.dex.file.AnnotationSetItem::itemType (4 bytes)
Event: 1.891 Thread 0x00000000026fe000 nmethod 1231 0x0000000002b7f6d0 code [0x0000000002b7f820, 0x0000000002b7f970]
Event: 1.892 Thread 0x00000000026fe000 1232       3       java.util.TimSort::sort (229 bytes)
Event: 1.892 Thread 0x00000000026fe000 nmethod 1232 0x0000000002b7fa10 code [0x0000000002b7fc00, 0x0000000002b802f8]
Event: 1.907 Thread 0x00000000026fa000 nmethod 1213 0x0000000002b843d0 code [0x0000000002b84580, 0x0000000002b854d8]
Event: 1.907 Thread 0x00000000026fa000 1216       4       com.android.dx.rop.type.Prototype::compareTo (120 bytes)
Event: 1.913 Thread 0x00000000026fa000 nmethod 1216 0x0000000002b86090 code [0x0000000002b86200, 0x0000000002b86738]
Event: 1.913 Thread 0x00000000026fa000 1222       4       java.util.TreeMap$PrivateEntryIterator::hasNext (13 bytes)
Event: 1.913 Thread 0x00000000026fa000 nmethod 1222 0x0000000002a2e710 code [0x0000000002a2e840, 0x0000000002a2e8b8]

GC Heap History (0 events):
No events

Deoptimization events (10 events):
Event: 1.672 Thread 0x0000000002602800 Uncommon trap: reason=class_check action=maybe_recompile pc=0x0000000002929c54 method=com.android.dx.ssa.NormalSsaInsn.accept(Lcom/android/dx/ssa/SsaInsn$Visitor;)V @ 9
Event: 1.672 Thread 0x0000000002602800 Uncommon trap: reason=class_check action=maybe_recompile pc=0x000000000292c9b0 method=com.android.dx.ssa.NormalSsaInsn.accept(Lcom/android/dx/ssa/SsaInsn$Visitor;)V @ 9
Event: 1.672 Thread 0x0000000002602800 Uncommon trap: reason=class_check action=maybe_recompile pc=0x000000000292c9b0 method=com.android.dx.ssa.NormalSsaInsn.accept(Lcom/android/dx/ssa/SsaInsn$Visitor;)V @ 9
Event: 1.672 Thread 0x0000000002602800 Uncommon trap: reason=class_check action=maybe_recompile pc=0x000000000292c9b0 method=com.android.dx.ssa.NormalSsaInsn.accept(Lcom/android/dx/ssa/SsaInsn$Visitor;)V @ 9
Event: 1.673 Thread 0x0000000002602800 Uncommon trap: reason=class_check action=maybe_recompile pc=0x0000000002929c54 method=com.android.dx.ssa.NormalSsaInsn.accept(Lcom/android/dx/ssa/SsaInsn$Visitor;)V @ 9
Event: 1.781 Thread 0x0000000016311800 Uncommon trap: reason=class_check action=maybe_recompile pc=0x0000000002b10cc4 method=com.android.dx.ssa.NormalSsaInsn.accept(Lcom/android/dx/ssa/SsaInsn$Visitor;)V @ 9
Event: 1.846 Thread 0x0000000002602800 Uncommon trap: reason=bimorphic action=maybe_recompile pc=0x0000000002a1c414 method=java.util.HashMap.getNode(ILjava/lang/Object;)Ljava/util/HashMap$Node; @ 126
Event: 1.847 Thread 0x0000000002602800 Uncommon trap: reason=bimorphic action=maybe_recompile pc=0x0000000002a1c414 method=java.util.HashMap.getNode(ILjava/lang/Object;)Ljava/util/HashMap$Node; @ 126
Event: 1.847 Thread 0x0000000002602800 Uncommon trap: reason=bimorphic action=maybe_recompile pc=0x0000000002a1c414 method=java.util.HashMap.getNode(ILjava/lang/Object;)Ljava/util/HashMap$Node; @ 126
Event: 1.847 Thread 0x0000000002602800 Uncommon trap: reason=bimorphic action=maybe_recompile pc=0x0000000002a1c414 method=java.util.HashMap.getNode(ILjava/lang/Object;)Ljava/util/HashMap$Node; @ 126

Internal exceptions (3 events):
Event: 0.053 Thread 0x0000000002602800 Exception <a 'java/lang/NoSuchMethodError': Method sun.misc.Unsafe.defineClass(Ljava/lang/String;[BII)Ljava/lang/Class; name or signature does not match> (0x00000000eab07cc0) thrown at [C:\re\workspace\8-2-build-windows-amd64-cygwin\jdk8u101\7261\hotspot\sÌO“£c«?
Event: 0.053 Thread 0x0000000002602800 Exception <a 'java/lang/NoSuchMethodError': Method sun.misc.Unsafe.prefetchRead(Ljava/lang/Object;J)V name or signature does not match> (0x00000000eab07fa8) thrown at [C:\re\workspace\8-2-build-windows-amd64-cygwin\jdk8u101\7261\hotspot\src\share\vm\prims\Ð†â5ú?
Event: 1.638 Thread 0x0000000016313000 Implicit null exception at 0x0000000002a85e62 to 0x0000000002a85f5a

Events (10 events):
Event: 1.895 loading class com/android/dx/dex/code/PositionList
Event: 1.895 loading class com/android/dx/dex/code/PositionList done
Event: 1.896 loading class com/android/dx/dex/code/PositionList$Entry
Event: 1.896 loading class com/android/dx/dex/code/PositionList$Entry done
Event: 1.896 loading class com/android/dx/dex/code/LocalList
Event: 1.896 loading class com/android/dx/dex/code/LocalList done
Event: 1.897 loading class com/android/dx/dex/code/LocalList$MakeState
Event: 1.897 loading class com/android/dx/dex/code/LocalList$MakeState done
Event: 1.898 loading class com/android/dx/dex/code/LocalList$Disposition
Event: 1.898 loading class com/android/dx/dex/code/LocalList$Disposition done


Dynamic libraries:
0x00007ff7fc560000 - 0x00007ff7fc597000 	C:\Program Files\Java\jdk1.8.0_101\bin\java.exe
0x00007ff994f70000 - 0x00007ff995131000 	C:\WINDOWS\SYSTEM32\ntdll.dll
0x00007ff992a20000 - 0x00007ff992acd000 	C:\WINDOWS\system32\KERNEL32.DLL
0x00007ff991880000 - 0x00007ff991a68000 	C:\WINDOWS\system32\KERNELBASE.dll
0x00007ff992970000 - 0x00007ff992a17000 	C:\WINDOWS\system32\ADVAPI32.dll
0x00007ff992770000 - 0x00007ff99280d000 	C:\WINDOWS\system32\msvcrt.dll
0x00007ff994ce0000 - 0x00007ff994d3b000 	C:\WINDOWS\system32\sechost.dll
0x00007ff992370000 - 0x00007ff99248c000 	C:\WINDOWS\system32\RPCRT4.dll
0x00007ff992810000 - 0x00007ff992966000 	C:\WINDOWS\system32\USER32.dll
0x00007ff994410000 - 0x00007ff994596000 	C:\WINDOWS\system32\GDI32.dll
0x00007ff989980000 - 0x00007ff989bf4000 	C:\WINDOWS\WinSxS\amd64_microsoft.windows.common-controls_6595b64144ccf1df_6.0.10586.494_none_a2d8b04ea53e3145\COMCTL32.dll
0x00007ff994610000 - 0x00007ff99488d000 	C:\WINDOWS\system32\combase.dll
0x00007ff9917f0000 - 0x00007ff99185a000 	C:\WINDOWS\system32\bcryptPrimitives.dll
0x00007ff992540000 - 0x00007ff99257b000 	C:\WINDOWS\system32\IMM32.DLL
0x00007ff991480000 - 0x00007ff9914b2000 	C:\windows\system32\nvinitx.dll
0x00007ff991470000 - 0x00007ff99147a000 	C:\WINDOWS\SYSTEM32\VERSION.dll
0x0000000054c90000 - 0x0000000054d62000 	C:\Program Files\Java\jdk1.8.0_101\jre\bin\msvcr100.dll
0x0000000054e60000 - 0x00000000556fa000 	C:\Program Files\Java\jdk1.8.0_101\jre\bin\server\jvm.dll
0x00007ff992580000 - 0x00007ff992588000 	C:\WINDOWS\system32\PSAPI.DLL
0x00007ff984000000 - 0x00007ff984009000 	C:\WINDOWS\SYSTEM32\WSOCK32.dll
0x00007ff994030000 - 0x00007ff99409b000 	C:\WINDOWS\system32\WS2_32.dll
0x00007ff98fcf0000 - 0x00007ff98fd13000 	C:\WINDOWS\SYSTEM32\WINMM.dll
0x00007ff98fc90000 - 0x00007ff98fcbc000 	C:\WINDOWS\SYSTEM32\WINMMBASE.dll
0x00007ff992120000 - 0x00007ff992163000 	C:\WINDOWS\system32\cfgmgr32.dll
0x0000000056470000 - 0x000000005647f000 	C:\Program Files\Java\jdk1.8.0_101\jre\bin\verify.dll
0x0000000056440000 - 0x0000000056469000 	C:\Program Files\Java\jdk1.8.0_101\jre\bin\java.dll
0x0000000056420000 - 0x0000000056436000 	C:\Program Files\Java\jdk1.8.0_101\jre\bin\zip.dll
0x00007ff992ad0000 - 0x00007ff99402c000 	C:\WINDOWS\system32\SHELL32.dll
0x00007ff991ad0000 - 0x00007ff992115000 	C:\WINDOWS\system32\windows.storage.dll
0x00007ff9940a0000 - 0x00007ff9940f2000 	C:\WINDOWS\system32\shlwapi.dll
0x00007ff991610000 - 0x00007ff99161f000 	C:\WINDOWS\system32\kernel.appcore.dll
0x00007ff9922b0000 - 0x00007ff992365000 	C:\WINDOWS\system32\shcore.dll
0x00007ff9915c0000 - 0x00007ff99160b000 	C:\WINDOWS\system32\powrprof.dll
0x00007ff9915a0000 - 0x00007ff9915b4000 	C:\WINDOWS\system32\profapi.dll

VM Arguments:
jvm_args: -Djava.awt.headless=true -Xmx1024M -Dfile.encoding=GBK -Duser.country=CN -Duser.language=zh -Duser.variant 
java_command: com.android.dx.command.Main --dex --num-threads=4 --output C:\Android\Android\Project\mobilesafe\app\build\intermediates\pre-dexed\debug\internal_impl-24.2.0_7935305643571846cc8418b2b38d21bc6fb651b0.jar C:\Android\Android\Project\mobilesafe\app\build\intermediates\exploded-aar\com.android.support\support-media-compat\24.2.0\jars\libs\internal_impl-24.2.0.jar
java_class_path (initial): C:\Android\Android\androidSDK\sdk\build-tools\24.0.1\lib\dx.jar
Launcher Type: SUN_STANDARD

Environment Variables:
JAVA_HOME=C:\Program Files\Java\jdk1.8.0_101
CLASSPATH=.;C:\Program Files\Java\jdk1.8.0_101\lib\dt.jar;C:\Program Files\Java\jdk1.8.0_101\lib\tools.jar
PATH=C:\ProgramData\Oracle\Java\javapath;C:\Program Files (x86)\Intel\iCLS Client\;C:\Program Files\Intel\iCLS Client\;C:\windows\system32;C:\windows;C:\windows\System32\Wbem;C:\windows\System32\WindowsPowerShell\v1.0\;C:\Program Files\Intel\Intel(R) Management Engine Components\DAL;C:\Program Files\Intel\Intel(R) Management Engine Components\IPT;C:\Program Files (x86)\Intel\Intel(R) Management Engine Components\DAL;C:\Program Files (x86)\Intel\Intel(R) Management Engine Components\IPT;C:\Program Files (x86)\Lenovo\Lenovo Home\;C:\Program Files (x86)\NVIDIA Corporation\PhysX\Common;C:\WINDOWS\system32;C:\WINDOWS;C:\WINDOWS\System32\Wbem;C:\WINDOWS\System32\WindowsPowerShell\v1.0\;C:\Program Files\Java\jdk1.8.0_101\bin;C:\Program Files\Java\jdk1.8.0_101\jre\bin;C:\Android\MySQL Server 5.5\bin;C:\Android\Android\sdk\tools;C:\Android\Android\sdk\platform-tools;C:\Android\TortoiseSVN\bin
USERNAME=Abner
OS=Windows_NT
PROCESSOR_IDENTIFIER=Intel64 Family 6 Model 60 Stepping 3, GenuineIntel



---------------  S Y S T E M  ---------------

OS: Windows 10.0 , 64 bit Build 10586 (10.0.10586.0)

CPU:total 4 (2 cores per cpu, 2 threads per core) family 6 model 60 stepping 3, cmov, cx8, fxsr, mmx, sse, sse2, sse3, ssse3, sse4.1, sse4.2, popcnt, avx, avx2, aes, clmul, erms, lzcnt, ht, tsc, tscinvbit, bmi1, bmi2

Memory: 4k page, physical 8298776k(1201048k free), swap 9347352k(5644k free)

vm_info: Java HotSpot(TM) 64-Bit Server VM (25.101-b13) for windows-amd64 JRE (1.8.0_101-b13), built on Jun 22 2016 01:21:29 by "java_re" with MS VC++ 10.0 (VS2010)

time: Thu Aug 25 12:37:19 2016
elapsed time: 2 seconds (0d 0h 0m 2s)

