#
# There is insufficient memory for the Java Runtime Environment to continue.
# Native memory allocation (malloc) failed to allocate 1475952 bytes for Chunk::new
# Possible reasons:
#   The system is out of physical RAM or swap space
#   In 32 bit mode, the process size limit was hit
# Possible solutions:
#   Reduce memory load on the system
#   Increase physical memory or swap space
#   Check if swap backing store is full
#   Use 64 bit Java on a 64 bit OS
#   Decrease Java heap size (-Xmx/-Xms)
#   Decrease number of Java threads
#   Decrease Java thread stack sizes (-Xss)
#   Set larger code cache with -XX:ReservedCodeCacheSize=
# This output file may be truncated or incomplete.
#
#  Out of Memory Error (allocation.cpp:390), pid=5236, tid=0x00000000000014e4
#
# JRE version: Java(TM) SE Runtime Environment (8.0_101-b13) (build 1.8.0_101-b13)
# Java VM: Java HotSpot(TM) 64-Bit Server VM (25.101-b13 mixed mode windows-amd64 compressed oops)
# Failed to write core dump. Minidumps are not enabled by default on client versions of Windows
#

---------------  T H R E A D  ---------------

Current thread (0x00000000027ca000):  JavaThread "C2 CompilerThread0" daemon [_thread_in_native, id=5348, stack(0x0000000016800000,0x0000000016900000)]

Stack: [0x0000000016800000,0x0000000016900000]
[error occurred during error reporting (printing stack bounds), id 0xc0000005]

Native frames: (J=compiled Java code, j=interpreted, Vv=VM code, C=native code)


Current CompileTask:
C2:   5289 1441   !   4       com.android.dx.cf.cst.ConstantPoolParser::parse0 (731 bytes)


---------------  P R O C E S S  ---------------

Java Threads: ( => current thread )
  0x00000000164bf000 JavaThread "pool-1-thread-4" [_thread_blocked, id=10048, stack(0x0000000017100000,0x0000000017200000)]
  0x00000000164be000 JavaThread "pool-1-thread-3" [_thread_blocked, id=1768, stack(0x0000000017000000,0x0000000017100000)]
  0x00000000164e1000 JavaThread "pool-1-thread-2" [_thread_blocked, id=7096, stack(0x0000000016f00000,0x0000000017000000)]
  0x00000000164f1800 JavaThread "pool-2-thread-1" [_thread_blocked, id=5660, stack(0x0000000016e00000,0x0000000016f00000)]
  0x00000000164f0800 JavaThread "pool-1-thread-1" [_thread_blocked, id=4832, stack(0x0000000016d00000,0x0000000016e00000)]
  0x0000000016263000 JavaThread "Service Thread" daemon [_thread_blocked, id=10696, stack(0x0000000016b00000,0x0000000016c00000)]
  0x000000001625d000 JavaThread "C1 CompilerThread2" daemon [_thread_blocked, id=10892, stack(0x0000000016a00000,0x0000000016b00000)]
  0x00000000027cd000 JavaThread "C2 CompilerThread1" daemon [_thread_in_native, id=2388, stack(0x0000000016900000,0x0000000016a00000)]
=>0x00000000027ca000 JavaThread "C2 CompilerThread0" daemon [_thread_in_native, id=5348, stack(0x0000000016800000,0x0000000016900000)]
  0x0000000014eb1000 JavaThread "Attach Listener" daemon [_thread_blocked, id=5468, stack(0x0000000016700000,0x0000000016800000)]
  0x0000000014ebc000 JavaThread "Signal Dispatcher" daemon [_thread_blocked, id=4184, stack(0x0000000016600000,0x0000000016700000)]
  0x0000000014e8a800 JavaThread "Finalizer" daemon [_thread_blocked, id=8976, stack(0x0000000016100000,0x0000000016200000)]
  0x00000000027bf800 JavaThread "Reference Handler" daemon [_thread_blocked, id=6688, stack(0x0000000016000000,0x0000000016100000)]
  0x00000000026d2800 JavaThread "main" [_thread_in_Java, id=10772, stack(0x00000000021a0000,0x00000000022a0000)]

Other Threads:
  0x0000000014e68800 VMThread [stack: 0x0000000015f00000,0x0000000016000000] [id=3024]
  0x00000000162bc000 WatcherThread [stack: 0x0000000016c00000,0x0000000016d00000] [id=6364]

VM state:not at safepoint (normal execution)

VM Mutex/Monitor currently owned by a thread: None

Heap:
 PSYoungGen      total 38400K, used 26498K [0x00000000eab00000, 0x00000000ed580000, 0x0000000100000000)
  eden space 33280K, 64% used [0x00000000eab00000,0x00000000ebfe4388,0x00000000ecb80000)
  from space 5120K, 99% used [0x00000000ecb80000,0x00000000ed07c480,0x00000000ed080000)
  to   space 5120K, 0% used [0x00000000ed080000,0x00000000ed080000,0x00000000ed580000)
 ParOldGen       total 87552K, used 1112K [0x00000000c0000000, 0x00000000c5580000, 0x00000000eab00000)
  object space 87552K, 1% used [0x00000000c0000000,0x00000000c0116248,0x00000000c5580000)
 Metaspace       used 6206K, capacity 7030K, committed 7296K, reserved 1056768K
  class space    used 607K, capacity 622K, committed 640K, reserved 1048576K

Card table byte_map: [0x0000000011b90000,0x0000000011da0000] byte_map_base: 0x0000000011590000

Marking Bits: (ParMarkBitMap*) 0x000000005567a6d0
 Begin Bits: [0x0000000012300000, 0x0000000013300000)
 End Bits:   [0x0000000013300000, 0x0000000014300000)

Polling page: 0x0000000000550000

CodeCache: size=245760Kb used=5993Kb max_used=6008Kb free=239766Kb
 bounds [0x00000000027d0000, 0x0000000002dc0000, 0x00000000117d0000]
 total_blobs=1741 nmethods=1470 adapters=184
 compilation: enabled

Compilation events (10 events):
Event: 4.896 Thread 0x00000000027ca000 nmethod 1449 0x0000000002db2a90 code [0x0000000002db2da0, 0x0000000002db4a90]
Event: 4.897 Thread 0x00000000027cd000 nmethod 1457 0x0000000002da7050 code [0x0000000002da71a0, 0x0000000002da7248]
Event: 4.897 Thread 0x00000000027cd000 1465       4       com.android.dx.rop.code.RegisterSpecList::set (7 bytes)
Event: 4.897 Thread 0x00000000027ca000 1442   !   4       com.android.dx.rop.cst.StdConstantPool::get (24 bytes)
Event: 4.898 Thread 0x00000000027ca000 nmethod 1442 0x0000000002da6950 code [0x0000000002da6a80, 0x0000000002da6b38]
Event: 4.898 Thread 0x00000000027ca000 1441   !   4       com.android.dx.cf.cst.ConstantPoolParser::parse0 (731 bytes)
Event: 4.902 Thread 0x00000000027cd000 nmethod 1465 0x0000000002da6590 code [0x0000000002da66e0, 0x0000000002da67f8]
Event: 5.272 Thread 0x00000000027cd000 1476       4       java.util.Collections$UnmodifiableCollection::<init> (22 bytes)
Event: 5.273 Thread 0x00000000027cd000 nmethod 1476 0x0000000002ca4610 code [0x0000000002ca4740, 0x0000000002ca47d8]
Event: 5.275 Thread 0x00000000027cd000 1477       4       com.android.dx.rop.code.Rop::hashCode (54 bytes)

GC Heap History (2 events):
Event: 4.158 GC heap before
{Heap before GC invocations=1 (full 0):
 PSYoungGen      total 38400K, used 33280K [0x00000000eab00000, 0x00000000ed580000, 0x0000000100000000)
  eden space 33280K, 100% used [0x00000000eab00000,0x00000000ecb80000,0x00000000ecb80000)
  from space 5120K, 0% used [0x00000000ed080000,0x00000000ed080000,0x00000000ed580000)
  to   space 5120K, 0% used [0x00000000ecb80000,0x00000000ecb80000,0x00000000ed080000)
 ParOldGen       total 87552K, used 0K [0x00000000c0000000, 0x00000000c5580000, 0x00000000eab00000)
  object space 87552K, 0% used [0x00000000c0000000,0x00000000c0000000,0x00000000c5580000)
 Metaspace       used 6076K, capacity 6966K, committed 7040K, reserved 1056768K
  class space    used 606K, capacity 622K, committed 640K, reserved 1048576K
Event: 4.342 GC heap after
Heap after GC invocations=1 (full 0):
 PSYoungGen      total 38400K, used 5105K [0x00000000eab00000, 0x00000000ed580000, 0x0000000100000000)
  eden space 33280K, 0% used [0x00000000eab00000,0x00000000eab00000,0x00000000ecb80000)
  from space 5120K, 99% used [0x00000000ecb80000,0x00000000ed07c480,0x00000000ed080000)
  to   space 5120K, 0% used [0x00000000ed080000,0x00000000ed080000,0x00000000ed580000)
 ParOldGen       total 87552K, used 1112K [0x00000000c0000000, 0x00000000c5580000, 0x00000000eab00000)
  object space 87552K, 1% used [0x00000000c0000000,0x00000000c0116248,0x00000000c5580000)
 Metaspace       used 6076K, capacity 6966K, committed 7040K, reserved 1056768K
  class space    used 606K, capacity 622K, committed 640K, reserved 1048576K
}

Deoptimization events (10 events):
Event: 3.415 Thread 0x00000000164be000 Uncommon trap: reason=class_check action=maybe_recompile pc=0x0000000002af15ac method=com.android.dx.rop.type.Type.equals(Ljava/lang/Object;)Z @ 8
Event: 3.416 Thread 0x00000000164be000 Uncommon trap: reason=class_check action=maybe_recompile pc=0x0000000002af15ac method=com.android.dx.rop.type.Type.equals(Ljava/lang/Object;)Z @ 8
Event: 3.416 Thread 0x00000000164bf000 Uncommon trap: reason=class_check action=maybe_recompile pc=0x0000000002a34910 method=com.android.dx.rop.type.Type.equals(Ljava/lang/Object;)Z @ 8
Event: 3.416 Thread 0x00000000164bf000 Uncommon trap: reason=class_check action=maybe_recompile pc=0x0000000002af15ac method=com.android.dx.rop.type.Type.equals(Ljava/lang/Object;)Z @ 8
Event: 3.416 Thread 0x00000000164bf000 Uncommon trap: reason=unstable_if action=reinterpret pc=0x00000000029fade4 method=java.util.HashMap.getNode(ILjava/lang/Object;)Ljava/util/HashMap$Node; @ 129
Event: 3.416 Thread 0x00000000164be000 Uncommon trap: reason=class_check action=maybe_recompile pc=0x0000000002aa04a8 method=com.android.dx.rop.type.Type.equals(Ljava/lang/Object;)Z @ 8
Event: 3.439 Thread 0x00000000164bf000 Uncommon trap: reason=unstable_if action=reinterpret pc=0x0000000002a71a74 method=java.util.BitSet.ensureCapacity(I)V @ 6
Event: 3.439 Thread 0x00000000164bf000 Uncommon trap: reason=unstable_if action=reinterpret pc=0x0000000002a04970 method=java.util.BitSet.nextSetBit(I)I @ 87
Event: 4.821 Thread 0x00000000164f0800 Uncommon trap: reason=unstable_if action=reinterpret pc=0x0000000002cdfaf8 method=com.android.dx.ssa.LiteralOpUpgrader$1.visitNonMoveInsn(Lcom/android/dx/ssa/NormalSsaInsn;)V @ 151
Event: 4.858 Thread 0x00000000164f0800 Uncommon trap: reason=null_check action=make_not_entrant pc=0x0000000002c49ea8 method=com.android.dx.rop.type.Type.equals(Ljava/lang/Object;)Z @ 8

Internal exceptions (3 events):
Event: 0.076 Thread 0x00000000026d2800 Exception <a 'java/lang/NoSuchMethodError': Method sun.misc.Unsafe.defineClass(Ljava/lang/String;[BII)Ljava/lang/Class; name or signature does not match> (0x00000000eab07cc0) thrown at [C:\re\workspace\8-2-build-windows-amd64-cygwin\jdk8u101\7261\hotspot\s	Ìj¯Zs³?
Event: 0.076 Thread 0x00000000026d2800 Exception <a 'java/lang/NoSuchMethodError': Method sun.misc.Unsafe.prefetchRead(Ljava/lang/Object;J)V name or signature does not match> (0x00000000eab07fa8) thrown at [C:\re\workspace\8-2-build-windows-amd64-cygwin\jdk8u101\7261\hotspot\src\share\vm\prims\¸˜Äo@
Event: 4.858 Thread 0x00000000164f0800 Implicit null exception at 0x0000000002c49da2 to 0x0000000002c49e9a

Events (10 events):
Event: 4.802 loading class com/android/dx/cf/attrib/BaseAnnotations
Event: 4.802 loading class com/android/dx/cf/attrib/BaseAnnotations done
Event: 4.821 Thread 0x00000000164f0800 Uncommon trap: trap_request=0xffffff65 fr.pc=0x0000000002cdfaf8
Event: 4.821 Thread 0x00000000164f0800 DEOPT PACKING pc=0x0000000002cdfaf8 sp=0x0000000016dfe760
Event: 4.821 Thread 0x00000000164f0800 DEOPT UNPACKING pc=0x000000000281582a sp=0x0000000016dfe740 mode 2
Event: 4.822 loading class com/android/dx/cf/code/SwitchList
Event: 4.822 loading class com/android/dx/cf/code/SwitchList done
Event: 4.858 Thread 0x00000000164f0800 Uncommon trap: trap_request=0xfffffff4 fr.pc=0x0000000002c49ea8
Event: 4.858 Thread 0x00000000164f0800 DEOPT PACKING pc=0x0000000002c49ea8 sp=0x0000000016dfe340
Event: 4.858 Thread 0x00000000164f0800 DEOPT UNPACKING pc=0x000000000281582a sp=0x0000000016dfe2c8 mode 2


Dynamic libraries:
0x00007ff7fc560000 - 0x00007ff7fc597000 	C:\Program Files\Java\jdk1.8.0_101\bin\java.exe
0x00007ff994f70000 - 0x00007ff995131000 	C:\WINDOWS\SYSTEM32\ntdll.dll
0x00007ff992a20000 - 0x00007ff992acd000 	C:\WINDOWS\system32\KERNEL32.DLL
0x00007ff991880000 - 0x00007ff991a68000 	C:\WINDOWS\system32\KERNELBASE.dll
0x00007ff992970000 - 0x00007ff992a17000 	C:\WINDOWS\system32\ADVAPI32.dll
0x00007ff992770000 - 0x00007ff99280d000 	C:\WINDOWS\system32\msvcrt.dll
0x00007ff994ce0000 - 0x00007ff994d3b000 	C:\WINDOWS\system32\sechost.dll
0x00007ff992370000 - 0x00007ff99248c000 	C:\WINDOWS\system32\RPCRT4.dll
0x00007ff992810000 - 0x00007ff992966000 	C:\WINDOWS\system32\USER32.dll
0x00007ff994410000 - 0x00007ff994596000 	C:\WINDOWS\system32\GDI32.dll
0x00007ff989980000 - 0x00007ff989bf4000 	C:\WINDOWS\WinSxS\amd64_microsoft.windows.common-controls_6595b64144ccf1df_6.0.10586.494_none_a2d8b04ea53e3145\COMCTL32.dll
0x00007ff994610000 - 0x00007ff99488d000 	C:\WINDOWS\system32\combase.dll
0x00007ff9917f0000 - 0x00007ff99185a000 	C:\WINDOWS\system32\bcryptPrimitives.dll
0x00007ff992540000 - 0x00007ff99257b000 	C:\WINDOWS\system32\IMM32.DLL
0x00007ff991480000 - 0x00007ff9914b2000 	C:\windows\system32\nvinitx.dll
0x00007ff991470000 - 0x00007ff99147a000 	C:\WINDOWS\SYSTEM32\VERSION.dll
0x0000000054c90000 - 0x0000000054d62000 	C:\Program Files\Java\jdk1.8.0_101\jre\bin\msvcr100.dll
0x0000000054e60000 - 0x00000000556fa000 	C:\Program Files\Java\jdk1.8.0_101\jre\bin\server\jvm.dll
0x00007ff992580000 - 0x00007ff992588000 	C:\WINDOWS\system32\PSAPI.DLL
0x00007ff984000000 - 0x00007ff984009000 	C:\WINDOWS\SYSTEM32\WSOCK32.dll
0x00007ff994030000 - 0x00007ff99409b000 	C:\WINDOWS\system32\WS2_32.dll
0x00007ff98fcf0000 - 0x00007ff98fd13000 	C:\WINDOWS\SYSTEM32\WINMM.dll
0x00007ff98fc90000 - 0x00007ff98fcbc000 	C:\WINDOWS\SYSTEM32\WINMMBASE.dll
0x00007ff992120000 - 0x00007ff992163000 	C:\WINDOWS\system32\cfgmgr32.dll
0x0000000056470000 - 0x000000005647f000 	C:\Program Files\Java\jdk1.8.0_101\jre\bin\verify.dll
0x0000000056440000 - 0x0000000056469000 	C:\Program Files\Java\jdk1.8.0_101\jre\bin\java.dll
0x0000000056420000 - 0x0000000056436000 	C:\Program Files\Java\jdk1.8.0_101\jre\bin\zip.dll
0x00007ff992ad0000 - 0x00007ff99402c000 	C:\WINDOWS\system32\SHELL32.dll
0x00007ff991ad0000 - 0x00007ff992115000 	C:\WINDOWS\system32\windows.storage.dll
0x00007ff9940a0000 - 0x00007ff9940f2000 	C:\WINDOWS\system32\shlwapi.dll
0x00007ff991610000 - 0x00007ff99161f000 	C:\WINDOWS\system32\kernel.appcore.dll
0x00007ff9922b0000 - 0x00007ff992365000 	C:\WINDOWS\system32\shcore.dll
0x00007ff9915c0000 - 0x00007ff99160b000 	C:\WINDOWS\system32\powrprof.dll
0x00007ff9915a0000 - 0x00007ff9915b4000 	C:\WINDOWS\system32\profapi.dll

VM Arguments:
jvm_args: -Djava.awt.headless=true -Xmx1024M -Dfile.encoding=GBK -Duser.country=CN -Duser.language=zh -Duser.variant 
java_command: com.android.dx.command.Main --dex --force-jumbo --num-threads=4 --output C:\Android\Android\Project\mobilesafe\app\build\intermediates\pre-dexed\debug\internal_impl-24.2.0_9686f791985c3385a2d63a8f6c2004be7213113d.jar C:\Android\Android\Project\mobilesafe\app\build\intermediates\exploded-aar\com.android.support\support-compat\24.2.0\jars\libs\internal_impl-24.2.0.jar
java_class_path (initial): C:\Android\Android\androidSDK\sdk\build-tools\24.0.1\lib\dx.jar
Launcher Type: SUN_STANDARD

Environment Variables:
JAVA_HOME=C:\Program Files\Java\jdk1.8.0_101
CLASSPATH=.;C:\Program Files\Java\jdk1.8.0_101\lib\dt.jar;C:\Program Files\Java\jdk1.8.0_101\lib\tools.jar
PATH=C:\ProgramData\Oracle\Java\javapath;C:\Program Files (x86)\Intel\iCLS Client\;C:\Program Files\Intel\iCLS Client\;C:\windows\system32;C:\windows;C:\windows\System32\Wbem;C:\windows\System32\WindowsPowerShell\v1.0\;C:\Program Files\Intel\Intel(R) Management Engine Components\DAL;C:\Program Files\Intel\Intel(R) Management Engine Components\IPT;C:\Program Files (x86)\Intel\Intel(R) Management Engine Components\DAL;C:\Program Files (x86)\Intel\Intel(R) Management Engine Components\IPT;C:\Program Files (x86)\Lenovo\Lenovo Home\;C:\Program Files (x86)\NVIDIA Corporation\PhysX\Common;C:\WINDOWS\system32;C:\WINDOWS;C:\WINDOWS\System32\Wbem;C:\WINDOWS\System32\WindowsPowerShell\v1.0\;C:\Program Files\Java\jdk1.8.0_101\bin;C:\Program Files\Java\jdk1.8.0_101\jre\bin;C:\Android\MySQL Server 5.5\bin;C:\Android\Android\sdk\tools;C:\Android\Android\sdk\platform-tools;C:\Android\TortoiseSVN\bin
USERNAME=Abner
OS=Windows_NT
PROCESSOR_IDENTIFIER=Intel64 Family 6 Model 60 Stepping 3, GenuineIntel



---------------  S Y S T E M  ---------------

OS: Windows 10.0 , 64 bit Build 10586 (10.0.10586.0)

CPU:total 4 (2 cores per cpu, 2 threads per core) family 6 model 60 stepping 3, cmov, cx8, fxsr, mmx, sse, sse2, sse3, ssse3, sse4.1, sse4.2, popcnt, avx, avx2, aes, clmul, erms, lzcnt, ht, tsc, tscinvbit, bmi1, bmi2

Memory: 4k page, physical 8298776k(1680476k free), swap 9347352k(5620k free)

vm_info: Java HotSpot(TM) 64-Bit Server VM (25.101-b13) for windows-amd64 JRE (1.8.0_101-b13), built on Jun 22 2016 01:21:29 by "java_re" with MS VC++ 10.0 (VS2010)

time: Thu Aug 25 22:29:22 2016
elapsed time: 5 seconds (0d 0h 0m 5s)

