#
# There is insufficient memory for the Java Runtime Environment to continue.
# Native memory allocation (malloc) failed to allocate 32744 bytes for ChunkPool::allocate
# Possible reasons:
#   The system is out of physical RAM or swap space
#   In 32 bit mode, the process size limit was hit
# Possible solutions:
#   Reduce memory load on the system
#   Increase physical memory or swap space
#   Check if swap backing store is full
#   Use 64 bit Java on a 64 bit OS
#   Decrease Java heap size (-Xmx/-Xms)
#   Decrease number of Java threads
#   Decrease Java thread stack sizes (-Xss)
#   Set larger code cache with -XX:ReservedCodeCacheSize=
# This output file may be truncated or incomplete.
#
#  Out of Memory Error (allocation.cpp:273), pid=11180, tid=0x0000000000000450
#
# JRE version: Java(TM) SE Runtime Environment (8.0_101-b13) (build 1.8.0_101-b13)
# Java VM: Java HotSpot(TM) 64-Bit Server VM (25.101-b13 mixed mode windows-amd64 compressed oops)
# Failed to write core dump. Minidumps are not enabled by default on client versions of Windows
#

---------------  T H R E A D  ---------------

Current thread (0x0000000014fcb000):  JavaThread "C2 CompilerThread0" daemon [_thread_in_native, id=1104, stack(0x00000000164f0000,0x00000000165f0000)]

Stack: [0x00000000164f0000,0x00000000165f0000]
[error occurred during error reporting (printing stack bounds), id 0xc0000005]

Native frames: (J=compiled Java code, j=interpreted, Vv=VM code, C=native code)


Current CompileTask:
C2:   2075 1459       4       com.android.dx.ssa.SsaRenamer$BlockRenamer::process (191 bytes)


---------------  P R O C E S S  ---------------

Java Threads: ( => current thread )
  0x00000000168c6000 JavaThread "pool-1-thread-4" [_thread_in_Java, id=7088, stack(0x00000000179f0000,0x0000000017af0000)]
  0x00000000168c5000 JavaThread "pool-1-thread-3" [_thread_blocked, id=10452, stack(0x00000000178f0000,0x00000000179f0000)]
  0x000000001684f000 JavaThread "pool-1-thread-2" [_thread_in_Java, id=7636, stack(0x00000000177f0000,0x00000000178f0000)]
  0x00000000169a4000 JavaThread "pool-2-thread-1" [_thread_blocked, id=11044, stack(0x00000000176f0000,0x00000000177f0000)]
  0x00000000169a3000 JavaThread "pool-1-thread-1" [_thread_blocked, id=6184, stack(0x00000000175f0000,0x00000000176f0000)]
  0x000000001665f000 JavaThread "Service Thread" daemon [_thread_blocked, id=9368, stack(0x0000000016bf0000,0x0000000016cf0000)]
  0x0000000016651000 JavaThread "C1 CompilerThread2" daemon [_thread_in_vm, id=8516, stack(0x0000000016af0000,0x0000000016bf0000)]
  0x0000000014fce000 JavaThread "C2 CompilerThread1" daemon [_thread_in_native, id=984, stack(0x00000000169f0000,0x0000000016af0000)]
=>0x0000000014fcb000 JavaThread "C2 CompilerThread0" daemon [_thread_in_native, id=1104, stack(0x00000000164f0000,0x00000000165f0000)]
  0x0000000014fc9000 JavaThread "Attach Listener" daemon [_thread_blocked, id=7452, stack(0x00000000163f0000,0x00000000164f0000)]
  0x0000000014fc8800 JavaThread "Signal Dispatcher" daemon [_thread_blocked, id=5364, stack(0x00000000162f0000,0x00000000163f0000)]
  0x0000000014f5a800 JavaThread "Finalizer" daemon [_thread_blocked, id=6840, stack(0x00000000161f0000,0x00000000162f0000)]
  0x000000000288f800 JavaThread "Reference Handler" daemon [_thread_blocked, id=10264, stack(0x00000000160f0000,0x00000000161f0000)]
  0x00000000027a2800 JavaThread "main" [_thread_in_vm, id=3228, stack(0x00000000026a0000,0x00000000027a0000)]

Other Threads:
  0x0000000014f38800 VMThread [stack: 0x0000000015ff0000,0x00000000160f0000] [id=9564]
  0x00000000166c1800 WatcherThread [stack: 0x0000000016cf0000,0x0000000016df0000] [id=2896]

VM state:not at safepoint (normal execution)

VM Mutex/Monitor currently owned by a thread: None

Heap:
 PSYoungGen      total 38400K, used 29391K [0x00000000eab00000, 0x00000000ed580000, 0x0000000100000000)
  eden space 33280K, 73% used [0x00000000eab00000,0x00000000ec2b9f28,0x00000000ecb80000)
  from space 5120K, 99% used [0x00000000ecb80000,0x00000000ed07a0b8,0x00000000ed080000)
  to   space 5120K, 0% used [0x00000000ed080000,0x00000000ed080000,0x00000000ed580000)
 ParOldGen       total 87552K, used 1390K [0x00000000c0000000, 0x00000000c5580000, 0x00000000eab00000)
  object space 87552K, 1% used [0x00000000c0000000,0x00000000c015bb88,0x00000000c5580000)
 Metaspace       used 6234K, capacity 7094K, committed 7296K, reserved 1056768K
  class space    used 608K, capacity 622K, committed 640K, reserved 1048576K

Card table byte_map: [0x0000000011c60000,0x0000000011e70000] byte_map_base: 0x0000000011660000

Marking Bits: (ParMarkBitMap*) 0x000000005238a6d0
 Begin Bits: [0x00000000123d0000, 0x00000000133d0000)
 End Bits:   [0x00000000133d0000, 0x00000000143d0000)

Polling page: 0x0000000002240000

CodeCache: size=245760Kb used=6038Kb max_used=6038Kb free=239722Kb
 bounds [0x00000000028a0000, 0x0000000002e90000, 0x00000000118a0000]
 total_blobs=1730 nmethods=1459 adapters=184
 compilation: enabled

Compilation events (10 events):
Event: 2.060 Thread 0x0000000016651000 nmethod 1472 0x0000000002e6eb90 code [0x0000000002e6ed00, 0x0000000002e6efe8]
Event: 2.061 Thread 0x0000000016651000 1473       3       com.android.dx.ssa.ConstCollector$2::map (28 bytes)
Event: 2.061 Thread 0x0000000016651000 nmethod 1473 0x0000000002e79790 code [0x0000000002e79900, 0x0000000002e79d28]
Event: 2.062 Thread 0x0000000016651000 1474       1       com.android.dx.util.Bits::makeBitSet (11 bytes)
Event: 2.062 Thread 0x0000000016651000 nmethod 1474 0x0000000002e62290 code [0x0000000002e623e0, 0x0000000002e62550]
Event: 2.068 Thread 0x0000000016651000 1475       3       com.android.dx.cf.code.ConcreteMethod::<init> (262 bytes)
Event: 2.070 Thread 0x0000000016651000 nmethod 1475 0x0000000002e775d0 code [0x0000000002e778c0, 0x0000000002e78d98]
Event: 2.070 Thread 0x0000000016651000 1476       3       com.android.dx.rop.type.StdTypeList::getWordCount (33 bytes)
Event: 2.071 Thread 0x0000000016651000 nmethod 1476 0x0000000002e76bd0 code [0x0000000002e76d60, 0x0000000002e773b8]
Event: 2.073 Thread 0x0000000016651000 1477       3       com.android.dx.ssa.Optimizer::runSsaFormSteps (117 bytes)

GC Heap History (2 events):
Event: 1.271 GC heap before
{Heap before GC invocations=1 (full 0):
 PSYoungGen      total 38400K, used 33280K [0x00000000eab00000, 0x00000000ed580000, 0x0000000100000000)
  eden space 33280K, 100% used [0x00000000eab00000,0x00000000ecb80000,0x00000000ecb80000)
  from space 5120K, 0% used [0x00000000ed080000,0x00000000ed080000,0x00000000ed580000)
  to   space 5120K, 0% used [0x00000000ecb80000,0x00000000ecb80000,0x00000000ed080000)
 ParOldGen       total 87552K, used 0K [0x00000000c0000000, 0x00000000c5580000, 0x00000000eab00000)
  object space 87552K, 0% used [0x00000000c0000000,0x00000000c0000000,0x00000000c5580000)
 Metaspace       used 6017K, capacity 6902K, committed 7040K, reserved 1056768K
  class space    used 606K, capacity 622K, committed 640K, reserved 1048576K
Event: 1.281 GC heap after
Heap after GC invocations=1 (full 0):
 PSYoungGen      total 38400K, used 5096K [0x00000000eab00000, 0x00000000ed580000, 0x0000000100000000)
  eden space 33280K, 0% used [0x00000000eab00000,0x00000000eab00000,0x00000000ecb80000)
  from space 5120K, 99% used [0x00000000ecb80000,0x00000000ed07a0b8,0x00000000ed080000)
  to   space 5120K, 0% used [0x00000000ed080000,0x00000000ed080000,0x00000000ed580000)
 ParOldGen       total 87552K, used 1390K [0x00000000c0000000, 0x00000000c5580000, 0x00000000eab00000)
  object space 87552K, 1% used [0x00000000c0000000,0x00000000c015bb88,0x00000000c5580000)
 Metaspace       used 6017K, capacity 6902K, committed 7040K, reserved 1056768K
  class space    used 606K, capacity 622K, committed 640K, reserved 1048576K
}

Deoptimization events (6 events):
Event: 0.920 Thread 0x00000000027a2800 Uncommon trap: reason=unstable_if action=reinterpret pc=0x0000000002ab57a4 method=java.util.HashMap.getNode(ILjava/lang/Object;)Ljava/util/HashMap$Node; @ 129
Event: 1.020 Thread 0x000000001684f000 Uncommon trap: reason=unstable_if action=reinterpret pc=0x0000000002abdcb0 method=java.util.BitSet.nextSetBit(I)I @ 87
Event: 1.215 Thread 0x00000000168c6000 Uncommon trap: reason=unstable_if action=reinterpret pc=0x0000000002ae5fb4 method=java.util.BitSet.ensureCapacity(I)V @ 6
Event: 1.218 Thread 0x00000000168c6000 Uncommon trap: reason=unstable_if action=reinterpret pc=0x0000000002b725dc method=com.android.dx.rop.cst.Constant.compareTo(Lcom/android/dx/rop/cst/Constant;)I @ 12
Event: 1.589 Thread 0x00000000169a3000 Uncommon trap: reason=null_check action=make_not_entrant pc=0x0000000002c2f5e8 method=com.android.dx.rop.type.Type.equals(Ljava/lang/Object;)Z @ 8
Event: 1.628 Thread 0x00000000168c6000 Uncommon trap: reason=unstable_if action=reinterpret pc=0x0000000002c332dc method=com.android.dx.rop.code.RegisterSpecSet.<init>(I)V @ 2

Internal exceptions (3 events):
Event: 0.060 Thread 0x00000000027a2800 Exception <a 'java/lang/NoSuchMethodError': Method sun.misc.Unsafe.defineClass(Ljava/lang/String;[BII)Ljava/lang/Class; name or signature does not match> (0x00000000eab07cc0) thrown at [C:\re\workspace\8-2-build-windows-amd64-cygwin\jdk8u101\7261\hotspot\söÚIŽ¬®?
Event: 0.060 Thread 0x00000000027a2800 Exception <a 'java/lang/NoSuchMethodError': Method sun.misc.Unsafe.prefetchRead(Ljava/lang/Object;J)V name or signature does not match> (0x00000000eab07fa8) thrown at [C:\re\workspace\8-2-build-windows-amd64-cygwin\jdk8u101\7261\hotspot\src\share\vm\prims\B/ÕÑekù?
Event: 1.589 Thread 0x00000000169a3000 Implicit null exception at 0x0000000002c2f4e2 to 0x0000000002c2f5da

Events (10 events):
Event: 1.563 loading class com/android/dx/cf/attrib/BaseAnnotations
Event: 1.563 loading class com/android/dx/cf/attrib/BaseAnnotations done
Event: 1.589 Thread 0x00000000169a3000 Uncommon trap: trap_request=0xfffffff4 fr.pc=0x0000000002c2f5e8
Event: 1.589 Thread 0x00000000169a3000 DEOPT PACKING pc=0x0000000002c2f5e8 sp=0x00000000176ee460
Event: 1.589 Thread 0x00000000169a3000 DEOPT UNPACKING pc=0x00000000028e582a sp=0x00000000176ee3e8 mode 2
Event: 1.619 loading class com/android/dx/cf/code/SwitchList
Event: 1.619 loading class com/android/dx/cf/code/SwitchList done
Event: 1.628 Thread 0x00000000168c6000 Uncommon trap: trap_request=0xffffff65 fr.pc=0x0000000002c332dc
Event: 1.628 Thread 0x00000000168c6000 DEOPT PACKING pc=0x0000000002c332dc sp=0x0000000017aeea50
Event: 1.628 Thread 0x00000000168c6000 DEOPT UNPACKING pc=0x00000000028e582a sp=0x0000000017aee980 mode 2


Dynamic libraries:
0x00007ff629580000 - 0x00007ff6295b7000 	C:\Program Files\Java\jdk1.8.0_101\bin\java.exe
0x00007fff41cf0000 - 0x00007fff41eb1000 	C:\WINDOWS\SYSTEM32\ntdll.dll
0x00007fff3f520000 - 0x00007fff3f5cd000 	C:\WINDOWS\system32\KERNEL32.DLL
0x00007fff3e450000 - 0x00007fff3e638000 	C:\WINDOWS\system32\KERNELBASE.dll
0x00007fff3f1c0000 - 0x00007fff3f267000 	C:\WINDOWS\system32\ADVAPI32.dll
0x00007fff40310000 - 0x00007fff403ad000 	C:\WINDOWS\system32\msvcrt.dll
0x00007fff3fd30000 - 0x00007fff3fd8b000 	C:\WINDOWS\system32\sechost.dll
0x00007fff401e0000 - 0x00007fff402fc000 	C:\WINDOWS\system32\RPCRT4.dll
0x00007fff3fe00000 - 0x00007fff3ff56000 	C:\WINDOWS\system32\USER32.dll
0x00007fff41b60000 - 0x00007fff41ce6000 	C:\WINDOWS\system32\GDI32.dll
0x00007fff36580000 - 0x00007fff367f4000 	C:\WINDOWS\WinSxS\amd64_microsoft.windows.common-controls_6595b64144ccf1df_6.0.10586.589_none_a2ddb3caa539acce\COMCTL32.dll
0x00007fff3ff60000 - 0x00007fff401dd000 	C:\WINDOWS\system32\combase.dll
0x00007fff3ed20000 - 0x00007fff3ed8a000 	C:\WINDOWS\system32\bcryptPrimitives.dll
0x00007fff3f2d0000 - 0x00007fff3f30b000 	C:\WINDOWS\system32\IMM32.DLL
0x00007fff3e200000 - 0x00007fff3e232000 	C:\windows\system32\nvinitx.dll
0x00007fff3e1f0000 - 0x00007fff3e1fa000 	C:\WINDOWS\SYSTEM32\VERSION.dll
0x0000000052410000 - 0x00000000524e2000 	C:\Program Files\Java\jdk1.8.0_101\jre\bin\msvcr100.dll
0x0000000051b70000 - 0x000000005240a000 	C:\Program Files\Java\jdk1.8.0_101\jre\bin\server\jvm.dll
0x00007fff3fbb0000 - 0x00007fff3fbb8000 	C:\WINDOWS\system32\PSAPI.DLL
0x00007fff30580000 - 0x00007fff30589000 	C:\WINDOWS\SYSTEM32\WSOCK32.dll
0x00007fff3fd90000 - 0x00007fff3fdfb000 	C:\WINDOWS\system32\WS2_32.dll
0x00007fff3ca40000 - 0x00007fff3ca63000 	C:\WINDOWS\SYSTEM32\WINMM.dll
0x00007fff3c990000 - 0x00007fff3c9bc000 	C:\WINDOWS\SYSTEM32\WINMMBASE.dll
0x00007fff3f0a0000 - 0x00007fff3f0e3000 	C:\WINDOWS\system32\cfgmgr32.dll
0x0000000051b60000 - 0x0000000051b6f000 	C:\Program Files\Java\jdk1.8.0_101\jre\bin\verify.dll
0x0000000051b30000 - 0x0000000051b59000 	C:\Program Files\Java\jdk1.8.0_101\jre\bin\java.dll
0x0000000051b10000 - 0x0000000051b26000 	C:\Program Files\Java\jdk1.8.0_101\jre\bin\zip.dll
0x00007fff404f0000 - 0x00007fff41a4c000 	C:\WINDOWS\system32\SHELL32.dll
0x00007fff3e640000 - 0x00007fff3ec85000 	C:\WINDOWS\system32\windows.storage.dll
0x00007fff3f4c0000 - 0x00007fff3f512000 	C:\WINDOWS\system32\shlwapi.dll
0x00007fff3e360000 - 0x00007fff3e36f000 	C:\WINDOWS\system32\kernel.appcore.dll
0x00007fff3efe0000 - 0x00007fff3f095000 	C:\WINDOWS\system32\shcore.dll
0x00007fff3e310000 - 0x00007fff3e35b000 	C:\WINDOWS\system32\powrprof.dll
0x00007fff3e370000 - 0x00007fff3e384000 	C:\WINDOWS\system32\profapi.dll

VM Arguments:
jvm_args: -Djava.awt.headless=true -Xmx1024M -Dfile.encoding=GBK -Duser.country=CN -Duser.language=zh -Duser.variant 
java_command: com.android.dx.command.Main --dex --force-jumbo --num-threads=4 --output C:\Android\Android\Project\mobilesafe\app\build\intermediates\pre-dexed\debug\internal_impl-24.2.0_9686f791985c3385a2d63a8f6c2004be7213113d.jar C:\Android\Android\Project\mobilesafe\app\build\intermediates\exploded-aar\com.android.support\support-compat\24.2.0\jars\libs\internal_impl-24.2.0.jar
java_class_path (initial): C:\Android\Android\androidSDK\sdk\build-tools\24.0.1\lib\dx.jar
Launcher Type: SUN_STANDARD

Environment Variables:
JAVA_HOME=C:\Program Files\Java\jdk1.8.0_101
CLASSPATH=.;C:\Program Files\Java\jdk1.8.0_101\lib\dt.jar;C:\Program Files\Java\jdk1.8.0_101\lib\tools.jar
PATH=C:\ProgramData\Oracle\Java\javapath;C:\Program Files (x86)\Intel\iCLS Client\;C:\Program Files\Intel\iCLS Client\;C:\windows\system32;C:\windows;C:\windows\System32\Wbem;C:\windows\System32\WindowsPowerShell\v1.0\;C:\Program Files\Intel\Intel(R) Management Engine Components\DAL;C:\Program Files\Intel\Intel(R) Management Engine Components\IPT;C:\Program Files (x86)\Intel\Intel(R) Management Engine Components\DAL;C:\Program Files (x86)\Intel\Intel(R) Management Engine Components\IPT;C:\Program Files (x86)\NVIDIA Corporation\PhysX\Common;C:\WINDOWS\system32;C:\WINDOWS;C:\WINDOWS\System32\Wbem;C:\WINDOWS\System32\WindowsPowerShell\v1.0\;C:\Program Files\Java\jdk1.8.0_101\bin;C:\Program Files\Java\jdk1.8.0_101\jre\bin;C:\Android\MySQL Server 5.5\bin;C:\Android\Android\sdk\tools;C:\Android\Android\sdk\platform-tools;C:\Android\TortoiseSVN\bin
USERNAME=Abner
OS=Windows_NT
PROCESSOR_IDENTIFIER=Intel64 Family 6 Model 60 Stepping 3, GenuineIntel



---------------  S Y S T E M  ---------------

OS: Windows 10.0 , 64 bit Build 10586 (10.0.10586.589)

CPU:total 4 (2 cores per cpu, 2 threads per core) family 6 model 60 stepping 3, cmov, cx8, fxsr, mmx, sse, sse2, sse3, ssse3, sse4.1, sse4.2, popcnt, avx, avx2, aes, clmul, erms, lzcnt, ht, tsc, tscinvbit, bmi1, bmi2

Memory: 4k page, physical 8298776k(624636k free), swap 9347352k(4124k free)

vm_info: Java HotSpot(TM) 64-Bit Server VM (25.101-b13) for windows-amd64 JRE (1.8.0_101-b13), built on Jun 22 2016 01:21:29 by "java_re" with MS VC++ 10.0 (VS2010)

time: Wed Sep 21 21:33:19 2016
elapsed time: 2 seconds (0d 0h 0m 2s)

