#
# There is insufficient memory for the Java Runtime Environment to continue.
# Native memory allocation (malloc) failed to allocate 385136 bytes for Chunk::new
# Possible reasons:
#   The system is out of physical RAM or swap space
#   In 32 bit mode, the process size limit was hit
# Possible solutions:
#   Reduce memory load on the system
#   Increase physical memory or swap space
#   Check if swap backing store is full
#   Use 64 bit Java on a 64 bit OS
#   Decrease Java heap size (-Xmx/-Xms)
#   Decrease number of Java threads
#   Decrease Java thread stack sizes (-Xss)
#   Set larger code cache with -XX:ReservedCodeCacheSize=
# This output file may be truncated or incomplete.
#
#  Out of Memory Error (allocation.cpp:390), pid=8596, tid=0x0000000000001020
#
# JRE version: Java(TM) SE Runtime Environment (8.0_101-b13) (build 1.8.0_101-b13)
# Java VM: Java HotSpot(TM) 64-Bit Server VM (25.101-b13 mixed mode windows-amd64 compressed oops)
# Failed to write core dump. Minidumps are not enabled by default on client versions of Windows
#

---------------  T H R E A D  ---------------

Current thread (0x000000001536c000):  JavaThread "C2 CompilerThread0" daemon [_thread_in_native, id=4128, stack(0x0000000016870000,0x0000000016970000)]

Stack: [0x0000000016870000,0x0000000016970000]
[error occurred during error reporting (printing stack bounds), id 0xc0000005]

Native frames: (J=compiled Java code, j=interpreted, Vv=VM code, C=native code)


Current CompileTask:
C2:   1166 1068       4       com.android.dx.ssa.SCCP::simulateStmt (481 bytes)


---------------  P R O C E S S  ---------------

Java Threads: ( => current thread )
  0x0000000016bd7800 JavaThread "pool-1-thread-4" [_thread_in_Java, id=10600, stack(0x0000000017570000,0x0000000017670000)]
  0x0000000016bd7000 JavaThread "pool-1-thread-3" [_thread_in_Java, id=1012, stack(0x0000000017470000,0x0000000017570000)]
  0x0000000016b05000 JavaThread "pool-1-thread-2" [_thread_in_Java, id=3632, stack(0x0000000017370000,0x0000000017470000)]
  0x0000000016b02000 JavaThread "pool-2-thread-1" [_thread_blocked, id=9068, stack(0x0000000017270000,0x0000000017370000)]
  0x0000000016b01000 JavaThread "pool-1-thread-1" [_thread_in_Java, id=9640, stack(0x0000000017170000,0x0000000017270000)]
  0x00000000169d3000 JavaThread "Service Thread" daemon [_thread_blocked, id=2504, stack(0x0000000016f70000,0x0000000017070000)]
  0x00000000169cd800 JavaThread "C1 CompilerThread2" daemon [_thread_blocked, id=10688, stack(0x0000000016e70000,0x0000000016f70000)]
  0x00000000169ca800 JavaThread "C2 CompilerThread1" daemon [_thread_in_native, id=10544, stack(0x0000000016d70000,0x0000000016e70000)]
=>0x000000001536c000 JavaThread "C2 CompilerThread0" daemon [_thread_in_native, id=4128, stack(0x0000000016870000,0x0000000016970000)]
  0x000000001536a000 JavaThread "Attach Listener" daemon [_thread_blocked, id=9644, stack(0x0000000016770000,0x0000000016870000)]
  0x0000000015369800 JavaThread "Signal Dispatcher" daemon [_thread_blocked, id=9544, stack(0x0000000016670000,0x0000000016770000)]
  0x0000000002b6a000 JavaThread "Finalizer" daemon [_thread_blocked, id=9364, stack(0x0000000016570000,0x0000000016670000)]
  0x0000000002b5f800 JavaThread "Reference Handler" daemon [_thread_blocked, id=10620, stack(0x0000000016470000,0x0000000016570000)]
  0x0000000002a73000 JavaThread "main" [_thread_blocked, id=4256, stack(0x0000000002560000,0x0000000002660000)]

Other Threads:
  0x00000000152d8800 VMThread [stack: 0x0000000016370000,0x0000000016470000] [id=1632]
  0x00000000169f7000 WatcherThread [stack: 0x0000000017070000,0x0000000017170000] [id=2376]

VM state:not at safepoint (normal execution)

VM Mutex/Monitor currently owned by a thread: None

Heap:
 PSYoungGen      total 38400K, used 30669K [0x00000000eab00000, 0x00000000ed580000, 0x0000000100000000)
  eden space 33280K, 92% used [0x00000000eab00000,0x00000000ec8f3728,0x00000000ecb80000)
  from space 5120K, 0% used [0x00000000ed080000,0x00000000ed080000,0x00000000ed580000)
  to   space 5120K, 0% used [0x00000000ecb80000,0x00000000ecb80000,0x00000000ed080000)
 ParOldGen       total 87552K, used 0K [0x00000000c0000000, 0x00000000c5580000, 0x00000000eab00000)
  object space 87552K, 0% used [0x00000000c0000000,0x00000000c0000000,0x00000000c5580000)
 Metaspace       used 6005K, capacity 6904K, committed 7040K, reserved 1056768K
  class space    used 609K, capacity 624K, committed 640K, reserved 1048576K

Card table byte_map: [0x0000000012000000,0x0000000012210000] byte_map_base: 0x0000000011a00000

Marking Bits: (ParMarkBitMap*) 0x00000000732ba6d0
 Begin Bits: [0x0000000012770000, 0x0000000013770000)
 End Bits:   [0x0000000013770000, 0x0000000014770000)

Polling page: 0x00000000009e0000

CodeCache: size=245760Kb used=4427Kb max_used=4427Kb free=241332Kb
 bounds [0x0000000002c40000, 0x00000000030a0000, 0x0000000011c40000]
 total_blobs=1390 nmethods=1119 adapters=184
 compilation: enabled

Compilation events (10 events):
Event: 1.145 Thread 0x00000000169cd800 1124       3       com.android.dx.rop.cst.CstKnownNull::getType (4 bytes)
Event: 1.145 Thread 0x00000000169cd800 nmethod 1124 0x0000000003095250 code [0x00000000030953a0, 0x00000000030954f0]
Event: 1.145 Thread 0x00000000169cd800 1117       3       com.android.dx.dex.file.Section::throwIfPrepared (18 bytes)
Event: 1.145 Thread 0x00000000169cd800 nmethod 1117 0x0000000003095590 code [0x0000000003095700, 0x0000000003095948]
Event: 1.145 Thread 0x00000000169cd800 1115       1       com.android.dx.rop.annotation.Annotation::getType (5 bytes)
Event: 1.145 Thread 0x00000000169cd800 nmethod 1115 0x0000000003095a10 code [0x0000000003095b60, 0x0000000003095c70]
Event: 1.145 Thread 0x00000000169cd800 1125       3       com.android.dx.rop.cst.CstBaseMethodRef::<init> (31 bytes)
Event: 1.145 Thread 0x00000000169cd800 nmethod 1125 0x0000000003095cd0 code [0x0000000003095e40, 0x00000000030961f8]
Event: 1.145 Thread 0x00000000169cd800 1110       3       com.android.dx.rop.cst.CstBaseMethodRef::isClassInit (8 bytes)
Event: 1.145 Thread 0x00000000169cd800 nmethod 1110 0x0000000003096310 code [0x0000000003096480, 0x00000000030968a8]

GC Heap History (0 events):
No events

Deoptimization events (8 events):
Event: 0.628 Thread 0x0000000002a73000 Uncommon trap: reason=unstable_if action=reinterpret pc=0x0000000002e49784 method=java.util.HashMap.getNode(ILjava/lang/Object;)Ljava/util/HashMap$Node; @ 62
Event: 0.754 Thread 0x0000000002a73000 Uncommon trap: reason=unstable_if action=reinterpret pc=0x0000000002ea7440 method=java.util.HashMap.getNode(ILjava/lang/Object;)Ljava/util/HashMap$Node; @ 129
Event: 0.895 Thread 0x0000000016bd7800 Uncommon trap: reason=unstable_if action=reinterpret pc=0x0000000002f5085c method=com.android.dx.rop.cst.Constant.compareTo(Lcom/android/dx/rop/cst/Constant;)I @ 12
Event: 1.106 Thread 0x0000000016b05000 Uncommon trap: reason=unstable_if action=reinterpret pc=0x0000000002fce22c method=com.android.dx.rop.code.RegisterSpecSet.put(Lcom/android/dx/rop/code/RegisterSpec;)V @ 77
Event: 1.107 Thread 0x0000000016b05000 Uncommon trap: reason=unstable_if action=reinterpret pc=0x0000000002ffa2a0 method=com.android.dx.rop.code.RegisterSpecSet.put(Lcom/android/dx/rop/code/RegisterSpec;)V @ 77
Event: 1.115 Thread 0x0000000016bd7000 Uncommon trap: reason=null_check action=make_not_entrant pc=0x0000000002f3eb28 method=com.android.dx.rop.type.Type.equals(Ljava/lang/Object;)Z @ 8
Event: 1.124 Thread 0x0000000016bd7800 Uncommon trap: reason=bimorphic action=maybe_recompile pc=0x0000000002f4f604 method=java.util.HashMap.getNode(ILjava/lang/Object;)Ljava/util/HashMap$Node; @ 126
Event: 1.124 Thread 0x0000000016bd7800 Uncommon trap: reason=class_check action=maybe_recompile pc=0x000000000307454c method=java.util.HashMap.putVal(ILjava/lang/Object;Ljava/lang/Object;ZZ)Ljava/lang/Object; @ 203

Internal exceptions (3 events):
Event: 0.087 Thread 0x0000000002a73000 Exception <a 'java/lang/NoSuchMethodError': Method sun.misc.Unsafe.defineClass(Ljava/lang/String;[BII)Ljava/lang/Class; name or signature does not match> (0x00000000eab07cc0) thrown at [C:\re\workspace\8-2-build-windows-amd64-cygwin\jdk8u101\7261\hotspot\s÷Ë¦jÕF¶?
Event: 0.087 Thread 0x0000000002a73000 Exception <a 'java/lang/NoSuchMethodError': Method sun.misc.Unsafe.prefetchRead(Ljava/lang/Object;J)V name or signature does not match> (0x00000000eab07fa8) thrown at [C:\re\workspace\8-2-build-windows-amd64-cygwin\jdk8u101\7261\hotspot\src\share\vm\prims\t.H"”Øñ?
Event: 1.115 Thread 0x0000000016bd7000 Implicit null exception at 0x0000000002f3ea22 to 0x0000000002f3eb1a

Events (10 events):
Event: 1.107 Thread 0x0000000016b05000 DEOPT UNPACKING pc=0x0000000002c8582a sp=0x000000001746e930 mode 2
Event: 1.115 Thread 0x0000000016bd7000 Uncommon trap: trap_request=0xfffffff4 fr.pc=0x0000000002f3eb28
Event: 1.115 Thread 0x0000000016bd7000 DEOPT PACKING pc=0x0000000002f3eb28 sp=0x000000001756e650
Event: 1.115 Thread 0x0000000016bd7000 DEOPT UNPACKING pc=0x0000000002c8582a sp=0x000000001756e5d8 mode 2
Event: 1.124 Thread 0x0000000016bd7800 Uncommon trap: trap_request=0xffffffc6 fr.pc=0x0000000002f4f604
Event: 1.124 Thread 0x0000000016bd7800 DEOPT PACKING pc=0x0000000002f4f604 sp=0x000000001766eb60
Event: 1.124 Thread 0x0000000016bd7800 DEOPT UNPACKING pc=0x0000000002c8582a sp=0x000000001766ea98 mode 2
Event: 1.124 Thread 0x0000000016bd7800 Uncommon trap: trap_request=0xffffffde fr.pc=0x000000000307454c
Event: 1.124 Thread 0x0000000016bd7800 DEOPT PACKING pc=0x000000000307454c sp=0x000000001766eab0
Event: 1.124 Thread 0x0000000016bd7800 DEOPT UNPACKING pc=0x0000000002c8582a sp=0x000000001766ea38 mode 2


Dynamic libraries:
0x00007ff675020000 - 0x00007ff675057000 	C:\Program Files\Java\jdk1.8.0_101\bin\java.exe
0x00007ff95bd60000 - 0x00007ff95bf21000 	C:\WINDOWS\SYSTEM32\ntdll.dll
0x00007ff95b720000 - 0x00007ff95b7cd000 	C:\WINDOWS\system32\KERNEL32.DLL
0x00007ff958e30000 - 0x00007ff959018000 	C:\WINDOWS\system32\KERNELBASE.dll
0x00007ff959c70000 - 0x00007ff959d17000 	C:\WINDOWS\system32\ADVAPI32.dll
0x00007ff95bca0000 - 0x00007ff95bd3d000 	C:\WINDOWS\system32\msvcrt.dll
0x00007ff9592c0000 - 0x00007ff95931b000 	C:\WINDOWS\system32\sechost.dll
0x00007ff959990000 - 0x00007ff959aac000 	C:\WINDOWS\system32\RPCRT4.dll
0x00007ff959160000 - 0x00007ff9592b6000 	C:\WINDOWS\system32\USER32.dll
0x00007ff95b590000 - 0x00007ff95b716000 	C:\WINDOWS\system32\GDI32.dll
0x00007ff950530000 - 0x00007ff9507a4000 	C:\WINDOWS\WinSxS\amd64_microsoft.windows.common-controls_6595b64144ccf1df_6.0.10586.494_none_a2d8b04ea53e3145\COMCTL32.dll
0x00007ff95b810000 - 0x00007ff95ba8d000 	C:\WINDOWS\system32\combase.dll
0x00007ff959020000 - 0x00007ff95908a000 	C:\WINDOWS\system32\bcryptPrimitives.dll
0x00007ff95b7d0000 - 0x00007ff95b80b000 	C:\WINDOWS\system32\IMM32.DLL
0x00007ff958270000 - 0x00007ff9582a2000 	C:\windows\system32\nvinitx.dll
0x00007ff958260000 - 0x00007ff95826a000 	C:\WINDOWS\SYSTEM32\VERSION.dll
0x00000000725e0000 - 0x00000000726b2000 	C:\Program Files\Java\jdk1.8.0_101\jre\bin\msvcr100.dll
0x0000000072aa0000 - 0x000000007333a000 	C:\Program Files\Java\jdk1.8.0_101\jre\bin\server\jvm.dll
0x00007ff959390000 - 0x00007ff959398000 	C:\WINDOWS\system32\PSAPI.DLL
0x00007ff94b090000 - 0x00007ff94b099000 	C:\WINDOWS\SYSTEM32\WSOCK32.dll
0x00007ff959d20000 - 0x00007ff959d8b000 	C:\WINDOWS\system32\WS2_32.dll
0x00007ff956580000 - 0x00007ff9565a3000 	C:\WINDOWS\SYSTEM32\WINMM.dll
0x00007ff956550000 - 0x00007ff95657c000 	C:\WINDOWS\SYSTEM32\WINMMBASE.dll
0x00007ff959110000 - 0x00007ff959153000 	C:\WINDOWS\system32\cfgmgr32.dll
0x0000000073480000 - 0x000000007348f000 	C:\Program Files\Java\jdk1.8.0_101\jre\bin\verify.dll
0x0000000072a70000 - 0x0000000072a99000 	C:\Program Files\Java\jdk1.8.0_101\jre\bin\java.dll
0x0000000072a50000 - 0x0000000072a66000 	C:\Program Files\Java\jdk1.8.0_101\jre\bin\zip.dll
0x00007ff959d90000 - 0x00007ff95b2ec000 	C:\WINDOWS\system32\SHELL32.dll
0x00007ff958410000 - 0x00007ff958a55000 	C:\WINDOWS\system32\windows.storage.dll
0x00007ff95ba90000 - 0x00007ff95bae2000 	C:\WINDOWS\system32\shlwapi.dll
0x00007ff9583b0000 - 0x00007ff9583bf000 	C:\WINDOWS\system32\kernel.appcore.dll
0x00007ff958d70000 - 0x00007ff958e25000 	C:\WINDOWS\system32\shcore.dll
0x00007ff9583c0000 - 0x00007ff95840b000 	C:\WINDOWS\system32\powrprof.dll
0x00007ff958380000 - 0x00007ff958394000 	C:\WINDOWS\system32\profapi.dll

VM Arguments:
jvm_args: -Djava.awt.headless=true -Xmx1024M -Dfile.encoding=GBK -Duser.country=CN -Duser.language=zh -Duser.variant 
java_command: com.android.dx.command.Main --dex --num-threads=4 --output C:\Android\Android\Project\mobilesafe\app\build\intermediates\pre-dexed\debug\com.android.support-support-vector-drawable-24.2.0_6aded1bf48aa44e57c7cc1f855082b8ce9fa36d1.jar C:\Android\Android\Project\mobilesafe\app\build\intermediates\exploded-aar\com.android.support\support-vector-drawable\24.2.0\jars\classes.jar
java_class_path (initial): C:\Android\Android\sdk\build-tools\24.0.1\lib\dx.jar
Launcher Type: SUN_STANDARD

Environment Variables:
JAVA_HOME=C:\Program Files\Java\jdk1.8.0_101
CLASSPATH=.;C:\Program Files\Java\jdk1.8.0_101\lib\dt.jar;C:\Program Files\Java\jdk1.8.0_101\lib\tools.jar
PATH=C:\ProgramData\Oracle\Java\javapath;C:\Program Files (x86)\Intel\iCLS Client\;C:\Program Files\Intel\iCLS Client\;C:\windows\system32;C:\windows;C:\windows\System32\Wbem;C:\windows\System32\WindowsPowerShell\v1.0\;C:\Program Files\Intel\Intel(R) Management Engine Components\DAL;C:\Program Files\Intel\Intel(R) Management Engine Components\IPT;C:\Program Files (x86)\Intel\Intel(R) Management Engine Components\DAL;C:\Program Files (x86)\Intel\Intel(R) Management Engine Components\IPT;C:\Program Files (x86)\Lenovo\Lenovo Home\;C:\Program Files (x86)\NVIDIA Corporation\PhysX\Common;C:\WINDOWS\system32;C:\WINDOWS;C:\WINDOWS\System32\Wbem;C:\WINDOWS\System32\WindowsPowerShell\v1.0\;C:\Program Files\Java\jdk1.8.0_101\bin;C:\Program Files\Java\jdk1.8.0_101\jre\bin;C:\Android\MySQL Server 5.5\bin;C:\Android\Android\sdk\tools;C:\Android\Android\sdk\platform-tools
USERNAME=Abner
OS=Windows_NT
PROCESSOR_IDENTIFIER=Intel64 Family 6 Model 60 Stepping 3, GenuineIntel



---------------  S Y S T E M  ---------------

OS: Windows 10.0 , 64 bit Build 10586 (10.0.10586.0)

CPU:total 4 (2 cores per cpu, 2 threads per core) family 6 model 60 stepping 3, cmov, cx8, fxsr, mmx, sse, sse2, sse3, ssse3, sse4.1, sse4.2, popcnt, avx, avx2, aes, clmul, erms, lzcnt, ht, tsc, tscinvbit, bmi1, bmi2

Memory: 4k page, physical 8298776k(1517164k free), swap 9347352k(5332k free)

vm_info: Java HotSpot(TM) 64-Bit Server VM (25.101-b13) for windows-amd64 JRE (1.8.0_101-b13), built on Jun 22 2016 01:21:29 by "java_re" with MS VC++ 10.0 (VS2010)

time: Tue Aug 23 17:41:35 2016
elapsed time: 1 seconds (0d 0h 0m 1s)

