#
# There is insufficient memory for the Java Runtime Environment to continue.
# Native memory allocation (malloc) failed to allocate 51696 bytes for Chunk::new
# Possible reasons:
#   The system is out of physical RAM or swap space
#   In 32 bit mode, the process size limit was hit
# Possible solutions:
#   Reduce memory load on the system
#   Increase physical memory or swap space
#   Check if swap backing store is full
#   Use 64 bit Java on a 64 bit OS
#   Decrease Java heap size (-Xmx/-Xms)
#   Decrease number of Java threads
#   Decrease Java thread stack sizes (-Xss)
#   Set larger code cache with -XX:ReservedCodeCacheSize=
# This output file may be truncated or incomplete.
#
#  Out of Memory Error (allocation.cpp:390), pid=10184, tid=0x00000000000029e4
#
# JRE version: Java(TM) SE Runtime Environment (8.0_101-b13) (build 1.8.0_101-b13)
# Java VM: Java HotSpot(TM) 64-Bit Server VM (25.101-b13 mixed mode windows-amd64 compressed oops)
# Failed to write core dump. Minidumps are not enabled by default on client versions of Windows
#

---------------  T H R E A D  ---------------

Current thread (0x000000001552e800):  JavaThread "C2 CompilerThread1" daemon [_thread_in_native, id=10724, stack(0x0000000016f90000,0x0000000017090000)]

Stack: [0x0000000016f90000,0x0000000017090000]
[error occurred during error reporting (printing stack bounds), id 0xc0000005]

Native frames: (J=compiled Java code, j=interpreted, Vv=VM code, C=native code)


Current CompileTask:
C2:   1055  296       4       java.lang.String::equals (81 bytes)


---------------  P R O C E S S  ---------------

Java Threads: ( => current thread )
  0x0000000016e27000 JavaThread "pool-1-thread-4" [_thread_in_Java, id=1768, stack(0x0000000017790000,0x0000000017890000)]
  0x0000000016e22800 JavaThread "pool-1-thread-3" [_thread_blocked, id=3476, stack(0x0000000017690000,0x0000000017790000)]
  0x0000000016e21800 JavaThread "pool-1-thread-2" [_thread_blocked, id=5124, stack(0x0000000017590000,0x0000000017690000)]
  0x0000000016e8b000 JavaThread "pool-2-thread-1" [_thread_blocked, id=8060, stack(0x0000000017490000,0x0000000017590000)]
  0x0000000016e8a000 JavaThread "pool-1-thread-1" [_thread_blocked, id=8172, stack(0x0000000017390000,0x0000000017490000)]
  0x0000000016bf0800 JavaThread "Service Thread" daemon [_thread_blocked, id=10772, stack(0x0000000017190000,0x0000000017290000)]
  0x0000000016bea800 JavaThread "C1 CompilerThread2" daemon [_thread_in_native, id=1136, stack(0x0000000017090000,0x0000000017190000)]
=>0x000000001552e800 JavaThread "C2 CompilerThread1" daemon [_thread_in_native, id=10724, stack(0x0000000016f90000,0x0000000017090000)]
  0x000000001552b000 JavaThread "C2 CompilerThread0" daemon [_thread_blocked, id=10132, stack(0x0000000016a90000,0x0000000016b90000)]
  0x00000000154dc800 JavaThread "Attach Listener" daemon [_thread_blocked, id=744, stack(0x0000000016990000,0x0000000016a90000)]
  0x00000000154db800 JavaThread "Signal Dispatcher" daemon [_thread_blocked, id=8772, stack(0x0000000016890000,0x0000000016990000)]
  0x0000000002dca800 JavaThread "Finalizer" daemon [_thread_blocked, id=9368, stack(0x0000000016720000,0x0000000016820000)]
  0x0000000015499000 JavaThread "Reference Handler" daemon [_thread_blocked, id=1620, stack(0x0000000016620000,0x0000000016720000)]
  0x0000000002cd3000 JavaThread "main" [_thread_in_Java, id=10332, stack(0x0000000002bb0000,0x0000000002cb0000)]

Other Threads:
  0x0000000015497800 VMThread [stack: 0x0000000016520000,0x0000000016620000] [id=7220]
  0x0000000016c3e800 WatcherThread [stack: 0x0000000017290000,0x0000000017390000] [id=10800]

VM state:not at safepoint (normal execution)

VM Mutex/Monitor currently owned by a thread: None

Heap:
 PSYoungGen      total 38400K, used 11316K [0x00000000eab00000, 0x00000000ed580000, 0x0000000100000000)
  eden space 33280K, 34% used [0x00000000eab00000,0x00000000eb60d3b0,0x00000000ecb80000)
  from space 5120K, 0% used [0x00000000ed080000,0x00000000ed080000,0x00000000ed580000)
  to   space 5120K, 0% used [0x00000000ecb80000,0x00000000ecb80000,0x00000000ed080000)
 ParOldGen       total 87552K, used 0K [0x00000000c0000000, 0x00000000c5580000, 0x00000000eab00000)
  object space 87552K, 0% used [0x00000000c0000000,0x00000000c0000000,0x00000000c5580000)
 Metaspace       used 4659K, capacity 5680K, committed 6016K, reserved 1056768K
  class space    used 511K, capacity 552K, committed 640K, reserved 1048576K

Card table byte_map: [0x00000000121a0000,0x00000000123b0000] byte_map_base: 0x0000000011ba0000

Marking Bits: (ParMarkBitMap*) 0x00000000732ba6d0
 Begin Bits: [0x0000000012910000, 0x0000000013910000)
 End Bits:   [0x0000000013910000, 0x0000000014910000)

Polling page: 0x0000000002cb0000

CodeCache: size=245760Kb used=1774Kb max_used=1774Kb free=243985Kb
 bounds [0x0000000002de0000, 0x0000000003050000, 0x0000000011de0000]
 total_blobs=569 nmethods=302 adapters=180
 compilation: enabled

Compilation events (10 events):
Event: 1.030 Thread 0x0000000016bea800  292       1       com.android.dx.cf.attrib.BaseAttribute::getName (5 bytes)
Event: 1.030 Thread 0x0000000016bea800 nmethod 292 0x0000000002f95750 code [0x0000000002f958a0, 0x0000000002f959b0]
Event: 1.030 Thread 0x000000001552b000 nmethod 287 0x0000000002f98790 code [0x0000000002f988e0, 0x0000000002f98a78]
Event: 1.032 Thread 0x0000000016bea800  293       3       java.util.TreeMap::getEntry (84 bytes)
Event: 1.032 Thread 0x0000000016bea800 nmethod 293 0x0000000002f97d50 code [0x0000000002f97f00, 0x0000000002f98588]
Event: 1.035 Thread 0x0000000016bea800  294   !   3       java.lang.ClassLoader::getPackage (118 bytes)
Event: 1.036 Thread 0x0000000016bea800 nmethod 294 0x0000000002f96c90 code [0x0000000002f96e60, 0x0000000002f97968]
Event: 1.039 Thread 0x0000000016bea800  295       3       java.util.BitSet::get (69 bytes)
Event: 1.040 Thread 0x0000000016bea800 nmethod 295 0x0000000002f95c10 code [0x0000000002f95e00, 0x0000000002f967c8]
Event: 1.053 Thread 0x000000001552e800  296       4       java.lang.String::equals (81 bytes)

GC Heap History (0 events):
No events

Deoptimization events (0 events):
No events

Internal exceptions (2 events):
Event: 0.048 Thread 0x0000000002cd3000 Exception <a 'java/lang/NoSuchMethodError': Method sun.misc.Unsafe.defineClass(Ljava/lang/String;[BII)Ljava/lang/Class; name or signature does not match> (0x00000000eab07cc0) thrown at [C:\re\workspace\8-2-build-windows-amd64-cygwin\jdk8u101\7261\hotspot\s¥á@Ì½¨?
Event: 0.048 Thread 0x0000000002cd3000 Exception <a 'java/lang/NoSuchMethodError': Method sun.misc.Unsafe.prefetchRead(Ljava/lang/Object;J)V name or signature does not match> (0x00000000eab07fa8) thrown at [C:\re\workspace\8-2-build-windows-amd64-cygwin\jdk8u101\7261\hotspot\src\share\vm\prims\

Events (10 events):
Event: 1.048 loading class com/android/dx/rop/code/Exceptions
Event: 1.048 loading class com/android/dx/rop/code/Exceptions done
Event: 1.049 loading class com/android/dx/rop/code/RegisterSpecList
Event: 1.049 loading class com/android/dx/rop/code/RegisterSpecList done
Event: 1.050 loading class com/android/dx/rop/code/BasicBlock
Event: 1.050 loading class com/android/dx/rop/code/BasicBlock done
Event: 1.051 loading class com/android/dx/cf/code/Merger
Event: 1.051 loading class com/android/dx/cf/code/Merger done
Event: 1.052 loading class com/android/dx/rop/code/BasicBlockList
Event: 1.052 loading class com/android/dx/rop/code/BasicBlockList done


Dynamic libraries:
0x00007ff675020000 - 0x00007ff675057000 	C:\Program Files\Java\jdk1.8.0_101\bin\java.exe
0x00007ff95bd60000 - 0x00007ff95bf21000 	C:\WINDOWS\SYSTEM32\ntdll.dll
0x00007ff95b720000 - 0x00007ff95b7cd000 	C:\WINDOWS\system32\KERNEL32.DLL
0x00007ff958e30000 - 0x00007ff959018000 	C:\WINDOWS\system32\KERNELBASE.dll
0x00007ff959c70000 - 0x00007ff959d17000 	C:\WINDOWS\system32\ADVAPI32.dll
0x00007ff95bca0000 - 0x00007ff95bd3d000 	C:\WINDOWS\system32\msvcrt.dll
0x00007ff9592c0000 - 0x00007ff95931b000 	C:\WINDOWS\system32\sechost.dll
0x00007ff959990000 - 0x00007ff959aac000 	C:\WINDOWS\system32\RPCRT4.dll
0x00007ff959160000 - 0x00007ff9592b6000 	C:\WINDOWS\system32\USER32.dll
0x00007ff95b590000 - 0x00007ff95b716000 	C:\WINDOWS\system32\GDI32.dll
0x00007ff950530000 - 0x00007ff9507a4000 	C:\WINDOWS\WinSxS\amd64_microsoft.windows.common-controls_6595b64144ccf1df_6.0.10586.494_none_a2d8b04ea53e3145\COMCTL32.dll
0x00007ff95b810000 - 0x00007ff95ba8d000 	C:\WINDOWS\system32\combase.dll
0x00007ff959020000 - 0x00007ff95908a000 	C:\WINDOWS\system32\bcryptPrimitives.dll
0x00007ff95b7d0000 - 0x00007ff95b80b000 	C:\WINDOWS\system32\IMM32.DLL
0x00007ff958270000 - 0x00007ff9582a2000 	C:\windows\system32\nvinitx.dll
0x00007ff958260000 - 0x00007ff95826a000 	C:\WINDOWS\SYSTEM32\VERSION.dll
0x00000000725e0000 - 0x00000000726b2000 	C:\Program Files\Java\jdk1.8.0_101\jre\bin\msvcr100.dll
0x0000000072aa0000 - 0x000000007333a000 	C:\Program Files\Java\jdk1.8.0_101\jre\bin\server\jvm.dll
0x00007ff959390000 - 0x00007ff959398000 	C:\WINDOWS\system32\PSAPI.DLL
0x00007ff94b090000 - 0x00007ff94b099000 	C:\WINDOWS\SYSTEM32\WSOCK32.dll
0x00007ff959d20000 - 0x00007ff959d8b000 	C:\WINDOWS\system32\WS2_32.dll
0x00007ff956580000 - 0x00007ff9565a3000 	C:\WINDOWS\SYSTEM32\WINMM.dll
0x00007ff956550000 - 0x00007ff95657c000 	C:\WINDOWS\SYSTEM32\WINMMBASE.dll
0x00007ff959110000 - 0x00007ff959153000 	C:\WINDOWS\system32\cfgmgr32.dll
0x0000000073480000 - 0x000000007348f000 	C:\Program Files\Java\jdk1.8.0_101\jre\bin\verify.dll
0x0000000072a70000 - 0x0000000072a99000 	C:\Program Files\Java\jdk1.8.0_101\jre\bin\java.dll
0x0000000072a50000 - 0x0000000072a66000 	C:\Program Files\Java\jdk1.8.0_101\jre\bin\zip.dll
0x00007ff959d90000 - 0x00007ff95b2ec000 	C:\WINDOWS\system32\SHELL32.dll
0x00007ff958410000 - 0x00007ff958a55000 	C:\WINDOWS\system32\windows.storage.dll
0x00007ff95ba90000 - 0x00007ff95bae2000 	C:\WINDOWS\system32\shlwapi.dll
0x00007ff9583b0000 - 0x00007ff9583bf000 	C:\WINDOWS\system32\kernel.appcore.dll
0x00007ff958d70000 - 0x00007ff958e25000 	C:\WINDOWS\system32\shcore.dll
0x00007ff9583c0000 - 0x00007ff95840b000 	C:\WINDOWS\system32\powrprof.dll
0x00007ff958380000 - 0x00007ff958394000 	C:\WINDOWS\system32\profapi.dll

VM Arguments:
jvm_args: -Djava.awt.headless=true -Xmx1024M -Dfile.encoding=GBK -Duser.country=CN -Duser.language=zh -Duser.variant 
java_command: com.android.dx.command.Main --dex --num-threads=4 --output C:\Android\Android\Project\mobilesafe\app\build\intermediates\pre-dexed\debug\com.android.support-support-core-ui-24.2.0_358fc522b91eb7662876f373c57fe860aa662ce2.jar C:\Android\Android\Project\mobilesafe\app\build\intermediates\exploded-aar\com.android.support\support-core-ui\24.2.0\jars\classes.jar
java_class_path (initial): C:\Android\Android\sdk\build-tools\24.0.1\lib\dx.jar
Launcher Type: SUN_STANDARD

Environment Variables:
JAVA_HOME=C:\Program Files\Java\jdk1.8.0_101
CLASSPATH=.;C:\Program Files\Java\jdk1.8.0_101\lib\dt.jar;C:\Program Files\Java\jdk1.8.0_101\lib\tools.jar
PATH=C:\ProgramData\Oracle\Java\javapath;C:\Program Files (x86)\Intel\iCLS Client\;C:\Program Files\Intel\iCLS Client\;C:\windows\system32;C:\windows;C:\windows\System32\Wbem;C:\windows\System32\WindowsPowerShell\v1.0\;C:\Program Files\Intel\Intel(R) Management Engine Components\DAL;C:\Program Files\Intel\Intel(R) Management Engine Components\IPT;C:\Program Files (x86)\Intel\Intel(R) Management Engine Components\DAL;C:\Program Files (x86)\Intel\Intel(R) Management Engine Components\IPT;C:\Program Files (x86)\Lenovo\Lenovo Home\;C:\Program Files (x86)\NVIDIA Corporation\PhysX\Common;C:\WINDOWS\system32;C:\WINDOWS;C:\WINDOWS\System32\Wbem;C:\WINDOWS\System32\WindowsPowerShell\v1.0\;C:\Program Files\Java\jdk1.8.0_101\bin;C:\Program Files\Java\jdk1.8.0_101\jre\bin;C:\Android\MySQL Server 5.5\bin;C:\Android\Android\sdk\tools;C:\Android\Android\sdk\platform-tools
USERNAME=Abner
OS=Windows_NT
PROCESSOR_IDENTIFIER=Intel64 Family 6 Model 60 Stepping 3, GenuineIntel



---------------  S Y S T E M  ---------------

OS: Windows 10.0 , 64 bit Build 10586 (10.0.10586.0)

CPU:total 4 (2 cores per cpu, 2 threads per core) family 6 model 60 stepping 3, cmov, cx8, fxsr, mmx, sse, sse2, sse3, ssse3, sse4.1, sse4.2, popcnt, avx, avx2, aes, clmul, erms, lzcnt, ht, tsc, tscinvbit, bmi1, bmi2

Memory: 4k page, physical 8298776k(1510144k free), swap 9347352k(1044k free)

vm_info: Java HotSpot(TM) 64-Bit Server VM (25.101-b13) for windows-amd64 JRE (1.8.0_101-b13), built on Jun 22 2016 01:21:29 by "java_re" with MS VC++ 10.0 (VS2010)

time: Tue Aug 23 17:41:35 2016
elapsed time: 1 seconds (0d 0h 0m 1s)

