#
# There is insufficient memory for the Java Runtime Environment to continue.
# Native memory allocation (malloc) failed to allocate 44016 bytes for Chunk::new
# Possible reasons:
#   The system is out of physical RAM or swap space
#   In 32 bit mode, the process size limit was hit
# Possible solutions:
#   Reduce memory load on the system
#   Increase physical memory or swap space
#   Check if swap backing store is full
#   Use 64 bit Java on a 64 bit OS
#   Decrease Java heap size (-Xmx/-Xms)
#   Decrease number of Java threads
#   Decrease Java thread stack sizes (-Xss)
#   Set larger code cache with -XX:ReservedCodeCacheSize=
# This output file may be truncated or incomplete.
#
#  Out of Memory Error (allocation.cpp:390), pid=6428, tid=0x0000000000000b08
#
# JRE version: Java(TM) SE Runtime Environment (8.0_101-b13) (build 1.8.0_101-b13)
# Java VM: Java HotSpot(TM) 64-Bit Server VM (25.101-b13 mixed mode windows-amd64 compressed oops)
# Failed to write core dump. Minidumps are not enabled by default on client versions of Windows
#

---------------  T H R E A D  ---------------

Current thread (0x0000000014ff2800):  JavaThread "C2 CompilerThread0" daemon [_thread_in_native, id=2824, stack(0x0000000016a00000,0x0000000016b00000)]

Stack: [0x0000000016a00000,0x0000000016b00000]
[error occurred during error reporting (printing stack bounds), id 0xc0000005]

Native frames: (J=compiled Java code, j=interpreted, Vv=VM code, C=native code)


Current CompileTask:
C2:   1104  257       4       java.lang.String::replace (127 bytes)


---------------  P R O C E S S  ---------------

Java Threads: ( => current thread )
  0x00000000166d3000 JavaThread "pool-1-thread-4" [_thread_new, id=8184, stack(0x0000000000000000,0x0000000000000000)]
  0x00000000166d2800 JavaThread "pool-1-thread-3" [_thread_new, id=4776, stack(0x0000000000000000,0x0000000000000000)]
  0x00000000166d1000 JavaThread "pool-1-thread-2" [_thread_in_vm, id=3616, stack(0x0000000017100000,0x0000000017200000)]
  0x00000000166d0800 JavaThread "pool-2-thread-1" [_thread_blocked, id=1764, stack(0x0000000017000000,0x0000000017100000)]
  0x00000000166ba000 JavaThread "pool-1-thread-1" [_thread_in_Java, id=7532, stack(0x0000000016f00000,0x0000000017000000)]
  0x0000000016411000 JavaThread "Service Thread" daemon [_thread_blocked, id=3700, stack(0x0000000016d00000,0x0000000016e00000)]
  0x0000000014ff8800 JavaThread "C1 CompilerThread2" daemon [_thread_blocked, id=8976, stack(0x0000000016c00000,0x0000000016d00000)]
  0x0000000014ff5800 JavaThread "C2 CompilerThread1" daemon [_thread_blocked, id=8308, stack(0x0000000016b00000,0x0000000016c00000)]
=>0x0000000014ff2800 JavaThread "C2 CompilerThread0" daemon [_thread_in_native, id=2824, stack(0x0000000016a00000,0x0000000016b00000)]
  0x0000000014ff1800 JavaThread "Attach Listener" daemon [_thread_blocked, id=9328, stack(0x0000000016900000,0x0000000016a00000)]
  0x0000000016408800 JavaThread "Signal Dispatcher" daemon [_thread_blocked, id=3928, stack(0x0000000016800000,0x0000000016900000)]
  0x0000000014f89000 JavaThread "Finalizer" daemon [_thread_blocked, id=1196, stack(0x0000000016200000,0x0000000016300000)]
  0x00000000028c2800 JavaThread "Reference Handler" daemon [_thread_blocked, id=4564, stack(0x0000000016100000,0x0000000016200000)]
  0x00000000027d3000 JavaThread "main" [_thread_blocked, id=10368, stack(0x00000000026d0000,0x00000000027d0000)]

Other Threads:
  0x0000000014f67000 VMThread [stack: 0x0000000016000000,0x0000000016100000] [id=5052]
  0x0000000016472800 WatcherThread [stack: 0x0000000016e00000,0x0000000016f00000] [id=8992]

VM state:not at safepoint (normal execution)

VM Mutex/Monitor currently owned by a thread: None

Heap:
 PSYoungGen      total 38400K, used 8003K [0x00000000eab00000, 0x00000000ed580000, 0x0000000100000000)
  eden space 33280K, 24% used [0x00000000eab00000,0x00000000eb2d0e08,0x00000000ecb80000)
  from space 5120K, 0% used [0x00000000ed080000,0x00000000ed080000,0x00000000ed580000)
  to   space 5120K, 0% used [0x00000000ecb80000,0x00000000ecb80000,0x00000000ed080000)
 ParOldGen       total 87552K, used 0K [0x00000000c0000000, 0x00000000c5580000, 0x00000000eab00000)
  object space 87552K, 0% used [0x00000000c0000000,0x00000000c0000000,0x00000000c5580000)
 Metaspace       used 4743K, capacity 5808K, committed 6016K, reserved 1056768K
  class space    used 522K, capacity 552K, committed 640K, reserved 1048576K

Card table byte_map: [0x0000000011c90000,0x0000000011ea0000] byte_map_base: 0x0000000011690000

Marking Bits: (ParMarkBitMap*) 0x00000000732ba6d0
 Begin Bits: [0x0000000012400000, 0x0000000013400000)
 End Bits:   [0x0000000013400000, 0x0000000014400000)

Polling page: 0x00000000007a0000

CodeCache: size=245760Kb used=1676Kb max_used=1681Kb free=244083Kb
 bounds [0x00000000028d0000, 0x0000000002b40000, 0x00000000118d0000]
 total_blobs=523 nmethods=256 adapters=180
 compilation: enabled

Compilation events (10 events):
Event: 1.085 Thread 0x0000000014ff8800  253       3       java.util.BitSet::get (69 bytes)
Event: 1.086 Thread 0x0000000014ff8800 nmethod 253 0x0000000002a70910 code [0x0000000002a70b00, 0x0000000002a714c8]
Event: 1.086 Thread 0x0000000014ff5800 nmethod 252 0x0000000002a747d0 code [0x0000000002a74920, 0x0000000002a74b58]
Event: 1.099 Thread 0x0000000014ff8800  254       3       java.lang.StringBuffer::<init> (6 bytes)
Event: 1.099 Thread 0x0000000014ff8800 nmethod 254 0x0000000002a73a10 code [0x0000000002a73b80, 0x0000000002a73e30]
Event: 1.100 Thread 0x0000000014ff8800  255  s    3       java.lang.StringBuffer::toString (36 bytes)
Event: 1.100 Thread 0x0000000014ff8800 nmethod 255 0x0000000002a73290 code [0x0000000002a73420, 0x0000000002a738c8]
Event: 1.101 Thread 0x0000000014ff8800  256       3       java.util.Vector::ensureCapacityHelper (16 bytes)
Event: 1.101 Thread 0x0000000014ff8800 nmethod 256 0x0000000002a72e90 code [0x0000000002a73000, 0x0000000002a731c8]
Event: 1.101 Thread 0x0000000014ff2800  257       4       java.lang.String::replace (127 bytes)

GC Heap History (0 events):
No events

Deoptimization events (0 events):
No events

Internal exceptions (2 events):
Event: 0.114 Thread 0x00000000027d3000 Exception <a 'java/lang/NoSuchMethodError': Method sun.misc.Unsafe.defineClass(Ljava/lang/String;[BII)Ljava/lang/Class; name or signature does not match> (0x00000000eab07cc0) thrown at [C:\re\workspace\8-2-build-windows-amd64-cygwin\jdk8u101\7261\hotspot\s}a√˚√NΩ?
Event: 0.114 Thread 0x00000000027d3000 Exception <a 'java/lang/NoSuchMethodError': Method sun.misc.Unsafe.prefetchRead(Ljava/lang/Object;J)V name or signature does not match> (0x00000000eab07fa8) thrown at [C:\re\workspace\8-2-build-windows-amd64-cygwin\jdk8u101\7261\hotspot\src\share\vm\prims\

Events (10 events):
Event: 1.100 loading class com/android/dx/ssa/SsaInsn$Visitor
Event: 1.100 loading class com/android/dx/ssa/SsaInsn$Visitor done
Event: 1.100 loading class com/android/dx/ssa/SsaInsn
Event: 1.100 loading class com/android/dx/ssa/SsaInsn done
Event: 1.101 loading class com/android/dx/ssa/NormalSsaInsn
Event: 1.101 loading class com/android/dx/ssa/NormalSsaInsn done
Event: 1.101 loading class com/android/dx/rop/code/BasicBlockList$RegCountVisitor
Event: 1.101 loading class com/android/dx/rop/code/BasicBlockList$RegCountVisitor done
Event: 1.102 loading class com/android/dx/ssa/SsaBasicBlock
Event: 1.102 loading class com/android/dx/ssa/SsaBasicBlock done


Dynamic libraries:
0x00007ff675020000 - 0x00007ff675057000 	C:\Program Files\Java\jdk1.8.0_101\bin\java.exe
0x00007ff95bd60000 - 0x00007ff95bf21000 	C:\WINDOWS\SYSTEM32\ntdll.dll
0x00007ff95b720000 - 0x00007ff95b7cd000 	C:\WINDOWS\system32\KERNEL32.DLL
0x00007ff958e30000 - 0x00007ff959018000 	C:\WINDOWS\system32\KERNELBASE.dll
0x00007ff959c70000 - 0x00007ff959d17000 	C:\WINDOWS\system32\ADVAPI32.dll
0x00007ff95bca0000 - 0x00007ff95bd3d000 	C:\WINDOWS\system32\msvcrt.dll
0x00007ff9592c0000 - 0x00007ff95931b000 	C:\WINDOWS\system32\sechost.dll
0x00007ff959990000 - 0x00007ff959aac000 	C:\WINDOWS\system32\RPCRT4.dll
0x00007ff959160000 - 0x00007ff9592b6000 	C:\WINDOWS\system32\USER32.dll
0x00007ff95b590000 - 0x00007ff95b716000 	C:\WINDOWS\system32\GDI32.dll
0x00007ff950530000 - 0x00007ff9507a4000 	C:\WINDOWS\WinSxS\amd64_microsoft.windows.common-controls_6595b64144ccf1df_6.0.10586.494_none_a2d8b04ea53e3145\COMCTL32.dll
0x00007ff95b810000 - 0x00007ff95ba8d000 	C:\WINDOWS\system32\combase.dll
0x00007ff959020000 - 0x00007ff95908a000 	C:\WINDOWS\system32\bcryptPrimitives.dll
0x00007ff95b7d0000 - 0x00007ff95b80b000 	C:\WINDOWS\system32\IMM32.DLL
0x00007ff958270000 - 0x00007ff9582a2000 	C:\windows\system32\nvinitx.dll
0x00007ff958260000 - 0x00007ff95826a000 	C:\WINDOWS\SYSTEM32\VERSION.dll
0x00000000725e0000 - 0x00000000726b2000 	C:\Program Files\Java\jdk1.8.0_101\jre\bin\msvcr100.dll
0x0000000072aa0000 - 0x000000007333a000 	C:\Program Files\Java\jdk1.8.0_101\jre\bin\server\jvm.dll
0x00007ff959390000 - 0x00007ff959398000 	C:\WINDOWS\system32\PSAPI.DLL
0x00007ff94b090000 - 0x00007ff94b099000 	C:\WINDOWS\SYSTEM32\WSOCK32.dll
0x00007ff959d20000 - 0x00007ff959d8b000 	C:\WINDOWS\system32\WS2_32.dll
0x00007ff956580000 - 0x00007ff9565a3000 	C:\WINDOWS\SYSTEM32\WINMM.dll
0x00007ff956550000 - 0x00007ff95657c000 	C:\WINDOWS\SYSTEM32\WINMMBASE.dll
0x00007ff959110000 - 0x00007ff959153000 	C:\WINDOWS\system32\cfgmgr32.dll
0x0000000073480000 - 0x000000007348f000 	C:\Program Files\Java\jdk1.8.0_101\jre\bin\verify.dll
0x0000000072a70000 - 0x0000000072a99000 	C:\Program Files\Java\jdk1.8.0_101\jre\bin\java.dll
0x0000000072a50000 - 0x0000000072a66000 	C:\Program Files\Java\jdk1.8.0_101\jre\bin\zip.dll
0x00007ff959d90000 - 0x00007ff95b2ec000 	C:\WINDOWS\system32\SHELL32.dll
0x00007ff958410000 - 0x00007ff958a55000 	C:\WINDOWS\system32\windows.storage.dll
0x00007ff95ba90000 - 0x00007ff95bae2000 	C:\WINDOWS\system32\shlwapi.dll
0x00007ff9583b0000 - 0x00007ff9583bf000 	C:\WINDOWS\system32\kernel.appcore.dll
0x00007ff958d70000 - 0x00007ff958e25000 	C:\WINDOWS\system32\shcore.dll
0x00007ff9583c0000 - 0x00007ff95840b000 	C:\WINDOWS\system32\powrprof.dll
0x00007ff958380000 - 0x00007ff958394000 	C:\WINDOWS\system32\profapi.dll

VM Arguments:
jvm_args: -Djava.awt.headless=true -Xmx1024M -Dfile.encoding=GBK -Duser.country=CN -Duser.language=zh -Duser.variant 
java_command: com.android.dx.command.Main --dex --num-threads=4 --output C:\Android\Android\Project\mobilesafe\app\build\intermediates\pre-dexed\debug\com.android.support-animated-vector-drawable-24.2.0_7151b9be21e997d1959f05268517d39374a6bb5e.jar C:\Android\Android\Project\mobilesafe\app\build\intermediates\exploded-aar\com.android.support\animated-vector-drawable\24.2.0\jars\classes.jar
java_class_path (initial): C:\Android\Android\sdk\build-tools\24.0.1\lib\dx.jar
Launcher Type: SUN_STANDARD

Environment Variables:
JAVA_HOME=C:\Program Files\Java\jdk1.8.0_101
CLASSPATH=.;C:\Program Files\Java\jdk1.8.0_101\lib\dt.jar;C:\Program Files\Java\jdk1.8.0_101\lib\tools.jar
PATH=C:\ProgramData\Oracle\Java\javapath;C:\Program Files (x86)\Intel\iCLS Client\;C:\Program Files\Intel\iCLS Client\;C:\windows\system32;C:\windows;C:\windows\System32\Wbem;C:\windows\System32\WindowsPowerShell\v1.0\;C:\Program Files\Intel\Intel(R) Management Engine Components\DAL;C:\Program Files\Intel\Intel(R) Management Engine Components\IPT;C:\Program Files (x86)\Intel\Intel(R) Management Engine Components\DAL;C:\Program Files (x86)\Intel\Intel(R) Management Engine Components\IPT;C:\Program Files (x86)\Lenovo\Lenovo Home\;C:\Program Files (x86)\NVIDIA Corporation\PhysX\Common;C:\WINDOWS\system32;C:\WINDOWS;C:\WINDOWS\System32\Wbem;C:\WINDOWS\System32\WindowsPowerShell\v1.0\;C:\Program Files\Java\jdk1.8.0_101\bin;C:\Program Files\Java\jdk1.8.0_101\jre\bin;C:\Android\MySQL Server 5.5\bin;C:\Android\Android\sdk\tools;C:\Android\Android\sdk\platform-tools
USERNAME=Abner
OS=Windows_NT
PROCESSOR_IDENTIFIER=Intel64 Family 6 Model 60 Stepping 3, GenuineIntel



---------------  S Y S T E M  ---------------

OS: Windows 10.0 , 64 bit Build 10586 (10.0.10586.0)

CPU:total 4 (2 cores per cpu, 2 threads per core) family 6 model 60 stepping 3, cmov, cx8, fxsr, mmx, sse, sse2, sse3, ssse3, sse4.1, sse4.2, popcnt, avx, avx2, aes, clmul, erms, lzcnt, ht, tsc, tscinvbit, bmi1, bmi2

Memory: 4k page, physical 8298776k(1515576k free), swap 9347352k(4092k free)

vm_info: Java HotSpot(TM) 64-Bit Server VM (25.101-b13) for windows-amd64 JRE (1.8.0_101-b13), built on Jun 22 2016 01:21:29 by "java_re" with MS VC++ 10.0 (VS2010)

time: Tue Aug 23 17:41:35 2016
elapsed time: 1 seconds (0d 0h 0m 1s)

