#
# There is insufficient memory for the Java Runtime Environment to continue.
# Native memory allocation (malloc) failed to allocate 39088 bytes for Chunk::new
# Possible reasons:
#   The system is out of physical RAM or swap space
#   In 32 bit mode, the process size limit was hit
# Possible solutions:
#   Reduce memory load on the system
#   Increase physical memory or swap space
#   Check if swap backing store is full
#   Use 64 bit Java on a 64 bit OS
#   Decrease Java heap size (-Xmx/-Xms)
#   Decrease number of Java threads
#   Decrease Java thread stack sizes (-Xss)
#   Set larger code cache with -XX:ReservedCodeCacheSize=
# This output file may be truncated or incomplete.
#
#  Out of Memory Error (allocation.cpp:390), pid=7132, tid=0x0000000000002190
#
# JRE version: Java(TM) SE Runtime Environment (8.0_101-b13) (build 1.8.0_101-b13)
# Java VM: Java HotSpot(TM) 64-Bit Server VM (25.101-b13 mixed mode windows-amd64 compressed oops)
# Failed to write core dump. Minidumps are not enabled by default on client versions of Windows
#

---------------  T H R E A D  ---------------

Current thread (0x0000000015198800):  JavaThread "C2 CompilerThread1" daemon [_thread_in_native, id=8592, stack(0x0000000016bb0000,0x0000000016cb0000)]

Stack: [0x0000000016bb0000,0x0000000016cb0000]
[error occurred during error reporting (printing stack bounds), id 0xc0000005]

Native frames: (J=compiled Java code, j=interpreted, Vv=VM code, C=native code)


Current CompileTask:
C2:   3989 1031       4       com.android.dx.ssa.SCCP::simulatePhi (169 bytes)


---------------  P R O C E S S  ---------------

Java Threads: ( => current thread )
  0x0000000016715000 JavaThread "pool-2-thread-4" [_thread_in_Java, id=7640, stack(0x00000000173b0000,0x00000000174b0000)]
  0x000000001667d800 JavaThread "pool-2-thread-3" [_thread_blocked, id=3508, stack(0x00000000172b0000,0x00000000173b0000)]
  0x000000001666f800 JavaThread "pool-2-thread-2" [_thread_blocked, id=5876, stack(0x00000000171b0000,0x00000000172b0000)]
  0x0000000016665800 JavaThread "pool-3-thread-1" [_thread_blocked, id=956, stack(0x00000000170b0000,0x00000000171b0000)]
  0x0000000016665000 JavaThread "pool-2-thread-1" [_thread_in_Java, id=2320, stack(0x0000000016fb0000,0x00000000170b0000)]
  0x0000000016512000 JavaThread "Service Thread" daemon [_thread_blocked, id=2804, stack(0x0000000016db0000,0x0000000016eb0000)]
  0x000000001650c000 JavaThread "C1 CompilerThread2" daemon [_thread_blocked, id=8684, stack(0x0000000016cb0000,0x0000000016db0000)]
=>0x0000000015198800 JavaThread "C2 CompilerThread1" daemon [_thread_in_native, id=8592, stack(0x0000000016bb0000,0x0000000016cb0000)]
  0x0000000015151800 JavaThread "C2 CompilerThread0" daemon [_thread_blocked, id=680, stack(0x0000000016ab0000,0x0000000016bb0000)]
  0x000000001515c800 JavaThread "Attach Listener" daemon [_thread_blocked, id=9460, stack(0x00000000169b0000,0x0000000016ab0000)]
  0x000000001515b800 JavaThread "Signal Dispatcher" daemon [_thread_blocked, id=4060, stack(0x00000000168b0000,0x00000000169b0000)]
  0x0000000002a64800 JavaThread "Finalizer" daemon [_thread_blocked, id=3636, stack(0x00000000163b0000,0x00000000164b0000)]
  0x0000000002a5f800 JavaThread "Reference Handler" daemon [_thread_blocked, id=5124, stack(0x00000000162b0000,0x00000000163b0000)]
  0x0000000000d0e000 JavaThread "main" [_thread_in_Java, id=9404, stack(0x0000000002870000,0x0000000002970000)]

Other Threads:
  0x0000000015108000 VMThread [stack: 0x00000000161b0000,0x00000000162b0000] [id=6712]
  0x0000000016574800 WatcherThread [stack: 0x0000000016eb0000,0x0000000016fb0000] [id=4944]

VM state:not at safepoint (normal execution)

VM Mutex/Monitor currently owned by a thread: None

Heap:
 PSYoungGen      total 38400K, used 26648K [0x00000000eab00000, 0x00000000ed580000, 0x0000000100000000)
  eden space 33280K, 80% used [0x00000000eab00000,0x00000000ec506248,0x00000000ecb80000)
  from space 5120K, 0% used [0x00000000ed080000,0x00000000ed080000,0x00000000ed580000)
  to   space 5120K, 0% used [0x00000000ecb80000,0x00000000ecb80000,0x00000000ed080000)
 ParOldGen       total 87552K, used 0K [0x00000000c0000000, 0x00000000c5580000, 0x00000000eab00000)
  object space 87552K, 0% used [0x00000000c0000000,0x00000000c0000000,0x00000000c5580000)
 Metaspace       used 5948K, capacity 6840K, committed 7040K, reserved 1056768K
  class space    used 604K, capacity 624K, committed 640K, reserved 1048576K

Card table byte_map: [0x0000000011e30000,0x0000000012040000] byte_map_base: 0x0000000011830000

Marking Bits: (ParMarkBitMap*) 0x000000006bc3a6d0
 Begin Bits: [0x00000000125a0000, 0x00000000135a0000)
 End Bits:   [0x00000000135a0000, 0x00000000145a0000)

Polling page: 0x0000000000900000

CodeCache: size=245760Kb used=4253Kb max_used=4272Kb free=241506Kb
 bounds [0x0000000002a70000, 0x0000000002eb0000, 0x0000000011a70000]
 total_blobs=1334 nmethods=1062 adapters=184
 compilation: disabled (not enough contiguous free space left)

Compilation events (10 events):
Event: 3.911 Thread 0x0000000015151800 nmethod 1028 0x0000000002e946d0 code [0x0000000002e94960, 0x0000000002e963a0]
Event: 3.911 Thread 0x0000000015151800 1048       4       com.android.dx.ssa.back.LivenessAnalyzer::handleTailRecursion (94 bytes)
Event: 3.913 Thread 0x000000001650c000 nmethod 1064 0x0000000002e9a110 code [0x0000000002e9a500, 0x0000000002e9c8c8]
Event: 3.931 Thread 0x000000001650c000 1065       3       com.android.dx.util.LabeledList::getMaxLabel (47 bytes)
Event: 3.931 Thread 0x000000001650c000 nmethod 1065 0x0000000002e90450 code [0x0000000002e905e0, 0x0000000002e90a58]
Event: 3.931 Thread 0x000000001650c000 1066       3       com.android.dx.util.IntList::shrink (42 bytes)
Event: 3.932 Thread 0x000000001650c000 nmethod 1066 0x0000000002e8fb90 code [0x0000000002e8fd40, 0x0000000002e90268]
Event: 3.932 Thread 0x000000001650c000 1068       3       com.android.dx.ssa.Dominators::run (506 bytes)
Event: 3.938 Thread 0x000000001650c000 

Event: 3.983 Thread 0x0000000015151800 


GC Heap History (0 events):
No events

Deoptimization events (7 events):
Event: 3.467 Thread 0x000000001667d800 Uncommon trap: reason=unstable_if action=reinterpret pc=0x0000000002d0b8f0 method=java.util.BitSet.ensureCapacity(I)V @ 6
Event: 3.476 Thread 0x000000001666f800 Uncommon trap: reason=class_check action=maybe_recompile pc=0x0000000002d0bdb0 method=com.android.dx.ssa.NormalSsaInsn.accept(Lcom/android/dx/ssa/SsaInsn$Visitor;)V @ 9
Event: 3.482 Thread 0x0000000000d0e000 Uncommon trap: reason=unstable_if action=reinterpret pc=0x0000000002cf3434 method=java.util.BitSet.ensureCapacity(I)V @ 6
Event: 3.483 Thread 0x0000000000d0e000 Uncommon trap: reason=unstable_if action=reinterpret pc=0x0000000002cad970 method=java.util.BitSet.nextSetBit(I)I @ 87
Event: 3.777 Thread 0x000000001666f800 Uncommon trap: reason=class_check action=maybe_recompile pc=0x0000000002d0bdb0 method=com.android.dx.ssa.NormalSsaInsn.accept(Lcom/android/dx/ssa/SsaInsn$Visitor;)V @ 9
Event: 3.777 Thread 0x000000001666f800 Uncommon trap: reason=class_check action=maybe_recompile pc=0x0000000002cef4b0 method=com.android.dx.ssa.NormalSsaInsn.accept(Lcom/android/dx/ssa/SsaInsn$Visitor;)V @ 9
Event: 3.777 Thread 0x000000001666f800 Uncommon trap: reason=class_check action=maybe_recompile pc=0x0000000002cef4b0 method=com.android.dx.ssa.NormalSsaInsn.accept(Lcom/android/dx/ssa/SsaInsn$Visitor;)V @ 9

Internal exceptions (2 events):
Event: 0.105 Thread 0x0000000000d0e000 Exception <a 'java/lang/NoSuchMethodError': Method sun.misc.Unsafe.defineClass(Ljava/lang/String;[BII)Ljava/lang/Class; name or signature does not match> (0x00000000eab07cc0) thrown at [C:\re\workspace\8-2-build-windows-amd64-cygwin\jdk8u101\7261\hotspot\s—Œç˛Ã∫?
Event: 0.105 Thread 0x0000000000d0e000 Exception <a 'java/lang/NoSuchMethodError': Method sun.misc.Unsafe.prefetchRead(Ljava/lang/Object;J)V name or signature does not match> (0x00000000eab07fa8) thrown at [C:\re\workspace\8-2-build-windows-amd64-cygwin\jdk8u101\7261\hotspot\src\share\vm\prims\

Events (10 events):
Event: 3.777 Thread 0x000000001666f800 Uncommon trap: trap_request=0xffffffde fr.pc=0x0000000002cef4b0
Event: 3.777 Thread 0x000000001666f800 DEOPT PACKING pc=0x0000000002cef4b0 sp=0x00000000172aeb40
Event: 3.777 Thread 0x000000001666f800 DEOPT UNPACKING pc=0x0000000002ab582a sp=0x00000000172aeae0 mode 2
Event: 3.777 Thread 0x000000001666f800 Uncommon trap: trap_request=0xffffffde fr.pc=0x0000000002cef4b0
Event: 3.777 Thread 0x000000001666f800 DEOPT PACKING pc=0x0000000002cef4b0 sp=0x00000000172aeb40
Event: 3.777 Thread 0x000000001666f800 DEOPT UNPACKING pc=0x0000000002ab582a sp=0x00000000172aeae0 mode 2
Event: 3.813 loading class com/android/dx/cf/code/SwitchList
Event: 3.813 loading class com/android/dx/cf/code/SwitchList done
Event: 3.975 loading class java/util/DualPivotQuicksort
Event: 3.975 loading class java/util/DualPivotQuicksort done


Dynamic libraries:
0x00007ff728c90000 - 0x00007ff728cc7000 	C:\Program Files\Java\jdk1.8.0_101\bin\java.exe
0x00007fff6d1b0000 - 0x00007fff6d371000 	C:\WINDOWS\SYSTEM32\ntdll.dll
0x00007fff6cc70000 - 0x00007fff6cd1d000 	C:\WINDOWS\system32\KERNEL32.DLL
0x00007fff6a1f0000 - 0x00007fff6a3d8000 	C:\WINDOWS\system32\KERNELBASE.dll
0x00007fff6a680000 - 0x00007fff6a727000 	C:\WINDOWS\system32\ADVAPI32.dll
0x00007fff6cf80000 - 0x00007fff6d01d000 	C:\WINDOWS\system32\msvcrt.dll
0x00007fff6a610000 - 0x00007fff6a66b000 	C:\WINDOWS\system32\sechost.dll
0x00007fff6cdf0000 - 0x00007fff6cf0c000 	C:\WINDOWS\system32\RPCRT4.dll
0x00007fff6c9d0000 - 0x00007fff6cb26000 	C:\WINDOWS\system32\USER32.dll
0x00007fff6d020000 - 0x00007fff6d1a6000 	C:\WINDOWS\system32\GDI32.dll
0x00007fff61ca0000 - 0x00007fff61f14000 	C:\WINDOWS\WinSxS\amd64_microsoft.windows.common-controls_6595b64144ccf1df_6.0.10586.494_none_a2d8b04ea53e3145\COMCTL32.dll
0x00007fff6c5a0000 - 0x00007fff6c81d000 	C:\WINDOWS\system32\combase.dll
0x00007fff69860000 - 0x00007fff698ca000 	C:\WINDOWS\system32\bcryptPrimitives.dll
0x00007fff6cc30000 - 0x00007fff6cc6b000 	C:\WINDOWS\system32\IMM32.DLL
0x00007fff696c0000 - 0x00007fff696f2000 	C:\windows\system32\nvinitx.dll
0x00007fff696b0000 - 0x00007fff696ba000 	C:\WINDOWS\SYSTEM32\VERSION.dll
0x000000006ac30000 - 0x000000006ad02000 	C:\Program Files\Java\jdk1.8.0_101\jre\bin\msvcr100.dll
0x000000006b420000 - 0x000000006bcba000 	C:\Program Files\Java\jdk1.8.0_101\jre\bin\server\jvm.dll
0x00007fff6adc0000 - 0x00007fff6adc8000 	C:\WINDOWS\system32\PSAPI.DLL
0x00007fff5c520000 - 0x00007fff5c529000 	C:\WINDOWS\SYSTEM32\WSOCK32.dll
0x00007fff6cbc0000 - 0x00007fff6cc2b000 	C:\WINDOWS\system32\WS2_32.dll
0x00007fff67eb0000 - 0x00007fff67ed3000 	C:\WINDOWS\SYSTEM32\WINMM.dll
0x00007fff67e50000 - 0x00007fff67e7c000 	C:\WINDOWS\SYSTEM32\WINMMBASE.dll
0x00007fff69980000 - 0x00007fff699c3000 	C:\WINDOWS\system32\cfgmgr32.dll
0x000000006b410000 - 0x000000006b41f000 	C:\Program Files\Java\jdk1.8.0_101\jre\bin\verify.dll
0x000000006b3e0000 - 0x000000006b409000 	C:\Program Files\Java\jdk1.8.0_101\jre\bin\java.dll
0x000000006b3c0000 - 0x000000006b3d6000 	C:\Program Files\Java\jdk1.8.0_101\jre\bin\zip.dll
0x00007fff6aee0000 - 0x00007fff6c43c000 	C:\WINDOWS\system32\SHELL32.dll
0x00007fff699d0000 - 0x00007fff6a015000 	C:\WINDOWS\system32\windows.storage.dll
0x00007fff6a5b0000 - 0x00007fff6a602000 	C:\WINDOWS\system32\shlwapi.dll
0x00007fff69850000 - 0x00007fff6985f000 	C:\WINDOWS\system32\kernel.appcore.dll
0x00007fff6a3e0000 - 0x00007fff6a495000 	C:\WINDOWS\system32\shcore.dll
0x00007fff697f0000 - 0x00007fff6983b000 	C:\WINDOWS\system32\powrprof.dll
0x00007fff697d0000 - 0x00007fff697e4000 	C:\WINDOWS\system32\profapi.dll

VM Arguments:
jvm_args: -Djava.awt.headless=true -Xmx1024M -Dfile.encoding=GBK -Duser.country=CN -Duser.language=zh -Duser.variant 
java_command: com.android.dx.command.Main --dex --force-jumbo --num-threads=4 --multi-dex --output C:\Android\Android\Project\mobilesafe\app\build\intermediates\transforms\dex\debug\folders\1000\10\com.android.support-support-core-utils-24.2.0_2b4ca7ee8f7c3b0ebe426fcc4f9ed03c06715544 C:\Android\Android\Project\mobilesafe\app\build\intermediates\exploded-aar\com.android.support\support-core-utils\24.2.0\jars\classes.jar
java_class_path (initial): C:\Android\Android\sdk\build-tools\24.0.1\lib\dx.jar
Launcher Type: SUN_STANDARD

Environment Variables:
JAVA_HOME=C:\Program Files\Java\jdk1.8.0_101
CLASSPATH=.;C:\Program Files\Java\jdk1.8.0_101\lib\dt.jar;C:\Program Files\Java\jdk1.8.0_101\lib\tools.jar
PATH=C:\ProgramData\Oracle\Java\javapath;C:\Program Files (x86)\Intel\iCLS Client\;C:\Program Files\Intel\iCLS Client\;C:\windows\system32;C:\windows;C:\windows\System32\Wbem;C:\windows\System32\WindowsPowerShell\v1.0\;C:\Program Files\Intel\Intel(R) Management Engine Components\DAL;C:\Program Files\Intel\Intel(R) Management Engine Components\IPT;C:\Program Files (x86)\Intel\Intel(R) Management Engine Components\DAL;C:\Program Files (x86)\Intel\Intel(R) Management Engine Components\IPT;C:\Program Files (x86)\Lenovo\Lenovo Home\;C:\Program Files (x86)\NVIDIA Corporation\PhysX\Common;C:\WINDOWS\system32;C:\WINDOWS;C:\WINDOWS\System32\Wbem;C:\WINDOWS\System32\WindowsPowerShell\v1.0\;C:\Program Files\Java\jdk1.8.0_101\bin;C:\Program Files\Java\jdk1.8.0_101\jre\bin;C:\Android\MySQL Server 5.5\bin;C:\Android\Android\sdk\tools;C:\Android\Android\sdk\platform-tools;C:\Android\TortoiseSVN\bin
USERNAME=Abner
OS=Windows_NT
PROCESSOR_IDENTIFIER=Intel64 Family 6 Model 60 Stepping 3, GenuineIntel



---------------  S Y S T E M  ---------------

OS: Windows 10.0 , 64 bit Build 10586 (10.0.10586.0)

CPU:total 4 (2 cores per cpu, 2 threads per core) family 6 model 60 stepping 3, cmov, cx8, fxsr, mmx, sse, sse2, sse3, ssse3, sse4.1, sse4.2, popcnt, avx, avx2, aes, clmul, erms, lzcnt, ht, tsc, tscinvbit, bmi1, bmi2

Memory: 4k page, physical 8298776k(1763156k free), swap 9347352k(3564k free)

vm_info: Java HotSpot(TM) 64-Bit Server VM (25.101-b13) for windows-amd64 JRE (1.8.0_101-b13), built on Jun 22 2016 01:21:29 by "java_re" with MS VC++ 10.0 (VS2010)

time: Tue Aug 23 21:40:56 2016
elapsed time: 3 seconds (0d 0h 0m 3s)

