#
# There is insufficient memory for the Java Runtime Environment to continue.
# Native memory allocation (malloc) failed to allocate 1448 bytes for AllocateHeap
# Possible reasons:
#   The system is out of physical RAM or swap space
#   In 32 bit mode, the process size limit was hit
# Possible solutions:
#   Reduce memory load on the system
#   Increase physical memory or swap space
#   Check if swap backing store is full
#   Use 64 bit Java on a 64 bit OS
#   Decrease Java heap size (-Xmx/-Xms)
#   Decrease number of Java threads
#   Decrease Java thread stack sizes (-Xss)
#   Set larger code cache with -XX:ReservedCodeCacheSize=
# This output file may be truncated or incomplete.
#
#  Out of Memory Error (memory/allocation.inline.hpp:61), pid=9700, tid=0x000000000000083c
#
# JRE version: Java(TM) SE Runtime Environment (8.0_101-b13) (build 1.8.0_101-b13)
# Java VM: Java HotSpot(TM) 64-Bit Server VM (25.101-b13 mixed mode windows-amd64 compressed oops)
# Failed to write core dump. Minidumps are not enabled by default on client versions of Windows
#

---------------  T H R E A D  ---------------

Current thread (0x0000000016a3d000):  JavaThread "C1 CompilerThread2" daemon [_thread_in_vm, id=2108, stack(0x0000000016ee0000,0x0000000016fe0000)]

Stack: [0x0000000016ee0000,0x0000000016fe0000]
[error occurred during error reporting (printing stack bounds), id 0xc0000005]

Native frames: (J=compiled Java code, j=interpreted, Vv=VM code, C=native code)


Current CompileTask:
C1:   1759 1264       3       java.util.Arrays::rangeCheck (74 bytes)


---------------  P R O C E S S  ---------------

Java Threads: ( => current thread )
  0x0000000016a4b800 JavaThread "Service Thread" daemon [_thread_blocked, id=6716, stack(0x0000000016fe0000,0x00000000170e0000)]
=>0x0000000016a3d000 JavaThread "C1 CompilerThread2" daemon [_thread_in_vm, id=2108, stack(0x0000000016ee0000,0x0000000016fe0000)]
  0x00000000169e1000 JavaThread "C2 CompilerThread1" daemon [_thread_blocked, id=11000, stack(0x0000000016de0000,0x0000000016ee0000)]
  0x000000001537c000 JavaThread "C2 CompilerThread0" daemon [_thread_in_vm, id=2536, stack(0x00000000168e0000,0x00000000169e0000)]
  0x000000001537a000 JavaThread "Attach Listener" daemon [_thread_blocked, id=5816, stack(0x00000000167e0000,0x00000000168e0000)]
  0x0000000015379800 JavaThread "Signal Dispatcher" daemon [_thread_blocked, id=7296, stack(0x00000000166e0000,0x00000000167e0000)]
  0x000000001530a800 JavaThread "Finalizer" daemon [_thread_blocked, id=9040, stack(0x0000000016580000,0x0000000016680000)]
  0x00000000152e9000 JavaThread "Reference Handler" daemon [_thread_blocked, id=7740, stack(0x0000000016480000,0x0000000016580000)]
  0x0000000002b53000 JavaThread "main" [_thread_blocked, id=4484, stack(0x0000000002a50000,0x0000000002b50000)]

Other Threads:
  0x00000000152e7800 VMThread [stack: 0x0000000016380000,0x0000000016480000] [id=4780]
  0x0000000016a95000 WatcherThread [stack: 0x00000000170e0000,0x00000000171e0000] [id=5712]

VM state:not at safepoint (normal execution)

VM Mutex/Monitor currently owned by a thread:  ([mutex/lock_event])
[0x00000000026abcc0] CodeCache_lock - owner thread: 0x0000000016a3d000
[0x0000000002b51450] Compile_lock - owner thread: 0x0000000016a3d000
[0x0000000002b507d0] MethodCompileQueue_lock - owner thread: 0x0000000016a3d000

Heap:
 PSYoungGen      total 38400K, used 28939K [0x00000000eab00000, 0x00000000ed580000, 0x0000000100000000)
  eden space 33280K, 86% used [0x00000000eab00000,0x00000000ec742fa0,0x00000000ecb80000)
  from space 5120K, 0% used [0x00000000ed080000,0x00000000ed080000,0x00000000ed580000)
  to   space 5120K, 0% used [0x00000000ecb80000,0x00000000ecb80000,0x00000000ed080000)
 ParOldGen       total 87552K, used 0K [0x00000000c0000000, 0x00000000c5580000, 0x00000000eab00000)
  object space 87552K, 0% used [0x00000000c0000000,0x00000000c0000000,0x00000000c5580000)
 Metaspace       used 6120K, capacity 7000K, committed 7168K, reserved 1056768K
  class space    used 610K, capacity 656K, committed 768K, reserved 1048576K

Card table byte_map: [0x0000000012010000,0x0000000012220000] byte_map_base: 0x0000000011a10000

Marking Bits: (ParMarkBitMap*) 0x00000000732ba6d0
 Begin Bits: [0x0000000012780000, 0x0000000013780000)
 End Bits:   [0x0000000013780000, 0x0000000014780000)

Polling page: 0x0000000002690000

CodeCache: size=245760Kb used=5156Kb max_used=5156Kb free=240603Kb
 bounds [0x0000000002c50000, 0x0000000003160000, 0x0000000011c50000]
 total_blobs=1535 nmethods=1263 adapters=184
 compilation: enabled

Compilation events (10 events):
Event: 1.755 Thread 0x0000000016a3d000 1260       3       java.util.TreeMap$Entry::hashCode (42 bytes)
Event: 1.755 Thread 0x0000000016a3d000 nmethod 1260 0x000000000315c8d0 code [0x000000000315ca60, 0x000000000315cdf8]
Event: 1.755 Thread 0x0000000016a3d000 1261  s    3       com.android.dx.dex.file.TypeIdsSection::intern (60 bytes)
Event: 1.756 Thread 0x0000000016a3d000 nmethod 1261 0x00000000031590d0 code [0x00000000031592e0, 0x0000000003159f88]
Event: 1.756 Thread 0x0000000016a3d000 1262       3       com.android.dx.rop.type.Prototype::compareTo (120 bytes)
Event: 1.757 Thread 0x0000000016a3d000 nmethod 1262 0x0000000003157910 code [0x0000000003157b20, 0x00000000031589b8]
Event: 1.757 Thread 0x0000000016a3d000 1263       1       com.android.dx.dex.file.DexFile::getWordData (5 bytes)
Event: 1.757 Thread 0x0000000016a3d000 nmethod 1263 0x000000000315c610 code [0x000000000315c760, 0x000000000315c870]
Event: 1.757 Thread 0x0000000016a3d000 1264       3       java.util.Arrays::rangeCheck (74 bytes)
Event: 1.757 Thread 0x000000001537c000 1270       4       java.util.AbstractSet::<init> (5 bytes)

GC Heap History (0 events):
No events

Deoptimization events (10 events):
Event: 1.127 Thread 0x0000000016bc0800 Uncommon trap: reason=unstable_if action=reinterpret pc=0x0000000002e715c4 method=java.util.HashMap.getNode(ILjava/lang/Object;)Ljava/util/HashMap$Node; @ 62
Event: 1.201 Thread 0x0000000016c0b800 Uncommon trap: reason=unstable_if action=reinterpret pc=0x0000000002eb9670 method=java.util.BitSet.nextSetBit(I)I @ 87
Event: 1.414 Thread 0x0000000016bc4000 Uncommon trap: reason=unstable_if action=reinterpret pc=0x0000000002ee69f0 method=java.util.HashMap.getNode(ILjava/lang/Object;)Ljava/util/HashMap$Node; @ 62
Event: 1.429 Thread 0x0000000016bc4000 Uncommon trap: reason=null_check action=make_not_entrant pc=0x0000000002f809e8 method=com.android.dx.rop.type.Type.equals(Ljava/lang/Object;)Z @ 8
Event: 1.436 Thread 0x0000000016bc4000 Uncommon trap: reason=unstable_if action=reinterpret pc=0x0000000002f18ab4 method=java.util.BitSet.ensureCapacity(I)V @ 6
Event: 1.751 Thread 0x0000000002b53000 Uncommon trap: reason=bimorphic action=maybe_recompile pc=0x0000000002ffaa4c method=java.util.HashMap.getNode(ILjava/lang/Object;)Ljava/util/HashMap$Node; @ 126
Event: 1.753 Thread 0x0000000002b53000 Uncommon trap: reason=bimorphic action=maybe_recompile pc=0x0000000002ffaa4c method=java.util.HashMap.getNode(ILjava/lang/Object;)Ljava/util/HashMap$Node; @ 126
Event: 1.753 Thread 0x0000000002b53000 Uncommon trap: reason=bimorphic action=maybe_recompile pc=0x0000000002ffaa4c method=java.util.HashMap.getNode(ILjava/lang/Object;)Ljava/util/HashMap$Node; @ 126
Event: 1.753 Thread 0x0000000002b53000 Uncommon trap: reason=bimorphic action=maybe_recompile pc=0x0000000002ffaa4c method=java.util.HashMap.getNode(ILjava/lang/Object;)Ljava/util/HashMap$Node; @ 126
Event: 1.757 Thread 0x0000000002b53000 Uncommon trap: reason=class_check action=maybe_recompile pc=0x0000000003144948 method=java.util.HashMap.putVal(ILjava/lang/Object;Ljava/lang/Object;ZZ)Ljava/lang/Object; @ 203

Internal exceptions (3 events):
Event: 0.110 Thread 0x0000000002b53000 Exception <a 'java/lang/NoSuchMethodError': Method sun.misc.Unsafe.defineClass(Ljava/lang/String;[BII)Ljava/lang/Class; name or signature does not match> (0x00000000eab07cc0) thrown at [C:\re\workspace\8-2-build-windows-amd64-cygwin\jdk8u101\7261\hotspot\s3CŒ!¼?
Event: 0.110 Thread 0x0000000002b53000 Exception <a 'java/lang/NoSuchMethodError': Method sun.misc.Unsafe.prefetchRead(Ljava/lang/Object;J)V name or signature does not match> (0x00000000eab07fa8) thrown at [C:\re\workspace\8-2-build-windows-amd64-cygwin\jdk8u101\7261\hotspot\src\share\vm\prims\i‚&}Ûö?
Event: 1.429 Thread 0x0000000016bc4000 Implicit null exception at 0x0000000002f808e2 to 0x0000000002f809da

Events (10 events):
Event: 1.753 Thread 0x0000000002b53000 DEOPT UNPACKING pc=0x0000000002c9582a sp=0x0000000002b4eb70 mode 2
Event: 1.753 Thread 0x0000000002b53000 Uncommon trap: trap_request=0xffffffc6 fr.pc=0x0000000002ffaa4c
Event: 1.753 Thread 0x0000000002b53000 DEOPT PACKING pc=0x0000000002ffaa4c sp=0x0000000002b4ebf0
Event: 1.753 Thread 0x0000000002b53000 DEOPT UNPACKING pc=0x0000000002c9582a sp=0x0000000002b4eb70 mode 2
Event: 1.753 Thread 0x0000000002b53000 Uncommon trap: trap_request=0xffffffc6 fr.pc=0x0000000002ffaa4c
Event: 1.753 Thread 0x0000000002b53000 DEOPT PACKING pc=0x0000000002ffaa4c sp=0x0000000002b4ebf0
Event: 1.753 Thread 0x0000000002b53000 DEOPT UNPACKING pc=0x0000000002c9582a sp=0x0000000002b4eb70 mode 2
Event: 1.757 Thread 0x0000000002b53000 Uncommon trap: trap_request=0xffffffde fr.pc=0x0000000003144948
Event: 1.757 Thread 0x0000000002b53000 DEOPT PACKING pc=0x0000000003144948 sp=0x0000000002b4ec10
Event: 1.757 Thread 0x0000000002b53000 DEOPT UNPACKING pc=0x0000000002c9582a sp=0x0000000002b4eb48 mode 2


Dynamic libraries:
0x00007ff675020000 - 0x00007ff675057000 	C:\Program Files\Java\jdk1.8.0_101\bin\java.exe
0x00007ff95bd60000 - 0x00007ff95bf21000 	C:\WINDOWS\SYSTEM32\ntdll.dll
0x00007ff95b720000 - 0x00007ff95b7cd000 	C:\WINDOWS\system32\KERNEL32.DLL
0x00007ff958e30000 - 0x00007ff959018000 	C:\WINDOWS\system32\KERNELBASE.dll
0x00007ff959c70000 - 0x00007ff959d17000 	C:\WINDOWS\system32\ADVAPI32.dll
0x00007ff95bca0000 - 0x00007ff95bd3d000 	C:\WINDOWS\system32\msvcrt.dll
0x00007ff9592c0000 - 0x00007ff95931b000 	C:\WINDOWS\system32\sechost.dll
0x00007ff959990000 - 0x00007ff959aac000 	C:\WINDOWS\system32\RPCRT4.dll
0x00007ff959160000 - 0x00007ff9592b6000 	C:\WINDOWS\system32\USER32.dll
0x00007ff95b590000 - 0x00007ff95b716000 	C:\WINDOWS\system32\GDI32.dll
0x00007ff950530000 - 0x00007ff9507a4000 	C:\WINDOWS\WinSxS\amd64_microsoft.windows.common-controls_6595b64144ccf1df_6.0.10586.494_none_a2d8b04ea53e3145\COMCTL32.dll
0x00007ff95b810000 - 0x00007ff95ba8d000 	C:\WINDOWS\system32\combase.dll
0x00007ff959020000 - 0x00007ff95908a000 	C:\WINDOWS\system32\bcryptPrimitives.dll
0x00007ff95b7d0000 - 0x00007ff95b80b000 	C:\WINDOWS\system32\IMM32.DLL
0x00007ff958270000 - 0x00007ff9582a2000 	C:\windows\system32\nvinitx.dll
0x00007ff958260000 - 0x00007ff95826a000 	C:\WINDOWS\SYSTEM32\VERSION.dll
0x00000000725e0000 - 0x00000000726b2000 	C:\Program Files\Java\jdk1.8.0_101\jre\bin\msvcr100.dll
0x0000000072aa0000 - 0x000000007333a000 	C:\Program Files\Java\jdk1.8.0_101\jre\bin\server\jvm.dll
0x00007ff959390000 - 0x00007ff959398000 	C:\WINDOWS\system32\PSAPI.DLL
0x00007ff94b090000 - 0x00007ff94b099000 	C:\WINDOWS\SYSTEM32\WSOCK32.dll
0x00007ff959d20000 - 0x00007ff959d8b000 	C:\WINDOWS\system32\WS2_32.dll
0x00007ff956580000 - 0x00007ff9565a3000 	C:\WINDOWS\SYSTEM32\WINMM.dll
0x00007ff956550000 - 0x00007ff95657c000 	C:\WINDOWS\SYSTEM32\WINMMBASE.dll
0x00007ff959110000 - 0x00007ff959153000 	C:\WINDOWS\system32\cfgmgr32.dll
0x0000000073480000 - 0x000000007348f000 	C:\Program Files\Java\jdk1.8.0_101\jre\bin\verify.dll
0x0000000072a70000 - 0x0000000072a99000 	C:\Program Files\Java\jdk1.8.0_101\jre\bin\java.dll
0x0000000072a50000 - 0x0000000072a66000 	C:\Program Files\Java\jdk1.8.0_101\jre\bin\zip.dll
0x00007ff959d90000 - 0x00007ff95b2ec000 	C:\WINDOWS\system32\SHELL32.dll
0x00007ff958410000 - 0x00007ff958a55000 	C:\WINDOWS\system32\windows.storage.dll
0x00007ff95ba90000 - 0x00007ff95bae2000 	C:\WINDOWS\system32\shlwapi.dll
0x00007ff9583b0000 - 0x00007ff9583bf000 	C:\WINDOWS\system32\kernel.appcore.dll
0x00007ff958d70000 - 0x00007ff958e25000 	C:\WINDOWS\system32\shcore.dll
0x00007ff9583c0000 - 0x00007ff95840b000 	C:\WINDOWS\system32\powrprof.dll
0x00007ff958380000 - 0x00007ff958394000 	C:\WINDOWS\system32\profapi.dll

VM Arguments:
jvm_args: -Djava.awt.headless=true -Xmx1024M -Dfile.encoding=GBK -Duser.country=CN -Duser.language=zh -Duser.variant 
java_command: com.android.dx.command.Main --dex --num-threads=4 --output C:\Android\Android\Project\mobilesafe\app\build\intermediates\pre-dexed\debug\internal_impl-24.2.0_7935305643571846cc8418b2b38d21bc6fb651b0.jar C:\Android\Android\Project\mobilesafe\app\build\intermediates\exploded-aar\com.android.support\support-media-compat\24.2.0\jars\libs\internal_impl-24.2.0.jar
java_class_path (initial): C:\Android\Android\sdk\build-tools\24.0.1\lib\dx.jar
Launcher Type: SUN_STANDARD

Environment Variables:
JAVA_HOME=C:\Program Files\Java\jdk1.8.0_101
CLASSPATH=.;C:\Program Files\Java\jdk1.8.0_101\lib\dt.jar;C:\Program Files\Java\jdk1.8.0_101\lib\tools.jar
PATH=C:\ProgramData\Oracle\Java\javapath;C:\Program Files (x86)\Intel\iCLS Client\;C:\Program Files\Intel\iCLS Client\;C:\windows\system32;C:\windows;C:\windows\System32\Wbem;C:\windows\System32\WindowsPowerShell\v1.0\;C:\Program Files\Intel\Intel(R) Management Engine Components\DAL;C:\Program Files\Intel\Intel(R) Management Engine Components\IPT;C:\Program Files (x86)\Intel\Intel(R) Management Engine Components\DAL;C:\Program Files (x86)\Intel\Intel(R) Management Engine Components\IPT;C:\Program Files (x86)\Lenovo\Lenovo Home\;C:\Program Files (x86)\NVIDIA Corporation\PhysX\Common;C:\WINDOWS\system32;C:\WINDOWS;C:\WINDOWS\System32\Wbem;C:\WINDOWS\System32\WindowsPowerShell\v1.0\;C:\Program Files\Java\jdk1.8.0_101\bin;C:\Program Files\Java\jdk1.8.0_101\jre\bin;C:\Android\MySQL Server 5.5\bin;C:\Android\Android\sdk\tools;C:\Android\Android\sdk\platform-tools
USERNAME=Abner
OS=Windows_NT
PROCESSOR_IDENTIFIER=Intel64 Family 6 Model 60 Stepping 3, GenuineIntel



---------------  S Y S T E M  ---------------

OS: Windows 10.0 , 64 bit Build 10586 (10.0.10586.0)

CPU:total 4 (2 cores per cpu, 2 threads per core) family 6 model 60 stepping 3, cmov, cx8, fxsr, mmx, sse, sse2, sse3, ssse3, sse4.1, sse4.2, popcnt, avx, avx2, aes, clmul, erms, lzcnt, ht, tsc, tscinvbit, bmi1, bmi2

Memory: 4k page, physical 8298776k(1505224k free), swap 9347352k(3172k free)

vm_info: Java HotSpot(TM) 64-Bit Server VM (25.101-b13) for windows-amd64 JRE (1.8.0_101-b13), built on Jun 22 2016 01:21:29 by "java_re" with MS VC++ 10.0 (VS2010)

time: Tue Aug 23 17:41:27 2016
elapsed time: 1 seconds (0d 0h 0m 1s)

